2026-01-08 15:30:30 [INFO] 2025-10-01 已执行完成删除 dwd_user_capture_detail  的数据
2026-01-08 15:30:31 [INFO] 已写入 29682 行到 dwd_user_capture_detail
2026-01-08 15:30:31 [INFO] 2025-10-02 已执行完成删除 dwd_user_capture_detail  的数据
2026-01-08 15:30:32 [INFO] 已写入 29221 行到 dwd_user_capture_detail
2026-01-08 15:30:32 [INFO] 2025-10-03 已执行完成删除 dwd_user_capture_detail  的数据
2026-01-08 15:30:33 [INFO] 已写入 29573 行到 dwd_user_capture_detail
2026-01-08 15:30:33 [INFO] 2025-10-04 已执行完成删除 dwd_user_capture_detail  的数据
2026-01-08 15:30:33 [INFO] 已写入 29211 行到 dwd_user_capture_detail
2026-01-08 15:30:33 [INFO] 2025-10-05 已执行完成删除 dwd_user_capture_detail  的数据
2026-01-08 15:30:34 [INFO] 已写入 29666 行到 dwd_user_capture_detail
2026-01-08 15:30:34 [INFO] 2025-10-06 已执行完成删除 dwd_user_capture_detail  的数据
2026-01-08 15:30:35 [INFO] 已写入 29393 行到 dwd_user_capture_detail
2026-01-08 15:30:35 [INFO] 2025-10-07 已执行完成删除 dwd_user_capture_detail  的数据
2026-01-08 15:30:35 [INFO] 已写入 29570 行到 dwd_user_capture_detail
2026-01-08 15:30:35 [INFO] 2025-10-08 已执行完成删除 dwd_user_capture_detail  的数据
2026-01-08 15:30:36 [INFO] 已写入 29344 行到 dwd_user_capture_detail
2026-01-08 15:30:36 [INFO] 2025-10-09 已执行完成删除 dwd_user_capture_detail  的数据
2026-01-08 15:30:37 [INFO] 已写入 29546 行到 dwd_user_capture_detail
2026-01-08 15:30:37 [INFO] 2025-10-10 已执行完成删除 dwd_user_capture_detail  的数据
2026-01-08 15:30:38 [INFO] 已写入 29756 行到 dwd_user_capture_detail
2026-01-08 15:30:38 [INFO] 2025-10-11 已执行完成删除 dwd_user_capture_detail  的数据
2026-01-08 15:30:38 [INFO] 已写入 29164 行到 dwd_user_capture_detail
2026-01-08 15:30:38 [INFO] 2025-10-12 已执行完成删除 dwd_user_capture_detail  的数据
2026-01-08 15:30:39 [INFO] 已写入 29777 行到 dwd_user_capture_detail
2026-01-08 15:30:39 [INFO] 2025-10-13 已执行完成删除 dwd_user_capture_detail  的数据
2026-01-08 15:30:40 [INFO] 已写入 28942 行到 dwd_user_capture_detail
2026-01-08 15:30:40 [INFO] 2025-10-14 已执行完成删除 dwd_user_capture_detail  的数据
2026-01-08 15:30:41 [INFO] 已写入 29696 行到 dwd_user_capture_detail
2026-01-08 15:30:41 [INFO] 2025-10-15 已执行完成删除 dwd_user_capture_detail  的数据
2026-01-08 15:30:42 [INFO] 已写入 29634 行到 dwd_user_capture_detail
2026-01-08 15:30:42 [INFO] 2025-10-16 已执行完成删除 dwd_user_capture_detail  的数据
2026-01-08 15:30:42 [INFO] 已写入 29149 行到 dwd_user_capture_detail
2026-01-08 15:30:42 [INFO] 2025-10-17 已执行完成删除 dwd_user_capture_detail  的数据
2026-01-08 15:30:43 [INFO] 已写入 29780 行到 dwd_user_capture_detail
2026-01-08 15:30:43 [INFO] 2025-10-18 已执行完成删除 dwd_user_capture_detail  的数据
2026-01-08 15:30:44 [INFO] 已写入 29342 行到 dwd_user_capture_detail
2026-01-08 15:30:44 [INFO] 2025-10-19 已执行完成删除 dwd_user_capture_detail  的数据
2026-01-08 15:30:45 [INFO] 已写入 29429 行到 dwd_user_capture_detail
2026-01-08 15:30:45 [INFO] 2025-10-20 已执行完成删除 dwd_user_capture_detail  的数据
2026-01-08 15:30:45 [INFO] 已写入 29434 行到 dwd_user_capture_detail
2026-01-08 15:30:46 [INFO] 2025-10-21 已执行完成删除 dwd_user_capture_detail  的数据
2026-01-08 15:30:46 [INFO] 已写入 29299 行到 dwd_user_capture_detail
2026-01-08 15:30:46 [INFO] 2025-10-22 已执行完成删除 dwd_user_capture_detail  的数据
2026-01-08 15:30:47 [INFO] 已写入 29508 行到 dwd_user_capture_detail
2026-01-08 15:30:47 [INFO] 2025-10-23 已执行完成删除 dwd_user_capture_detail  的数据
2026-01-08 15:30:48 [INFO] 已写入 29778 行到 dwd_user_capture_detail
2026-01-08 15:30:48 [INFO] 2025-10-24 已执行完成删除 dwd_user_capture_detail  的数据
2026-01-08 15:30:49 [INFO] 已写入 29327 行到 dwd_user_capture_detail
2026-01-08 15:30:49 [INFO] 2025-10-25 已执行完成删除 dwd_user_capture_detail  的数据
2026-01-08 15:30:50 [INFO] 已写入 29452 行到 dwd_user_capture_detail
2026-01-08 15:30:50 [INFO] 2025-10-26 已执行完成删除 dwd_user_capture_detail  的数据
2026-01-08 15:30:50 [INFO] 已写入 29492 行到 dwd_user_capture_detail
2026-01-08 15:30:50 [INFO] 2025-10-27 已执行完成删除 dwd_user_capture_detail  的数据
2026-01-08 15:30:51 [INFO] 已写入 29742 行到 dwd_user_capture_detail
2026-01-08 15:30:51 [INFO] 2025-10-28 已执行完成删除 dwd_user_capture_detail  的数据
2026-01-08 15:30:52 [INFO] 已写入 29225 行到 dwd_user_capture_detail
2026-01-08 15:30:52 [INFO] 2025-10-29 已执行完成删除 dwd_user_capture_detail  的数据
2026-01-08 15:30:53 [INFO] 已写入 29344 行到 dwd_user_capture_detail
2026-01-08 15:30:53 [INFO] 2025-10-30 已执行完成删除 dwd_user_capture_detail  的数据
2026-01-08 15:30:54 [INFO] 已写入 29264 行到 dwd_user_capture_detail
2026-01-08 15:30:54 [INFO] 2025-10-31 已执行完成删除 dwd_user_capture_detail  的数据
2026-01-08 15:30:54 [INFO] 已写入 22049 行到 dwd_user_capture_detail
2026-01-08 15:31:03 [INFO] 2025-10-01 已执行完成删除 dwd_user_capture_detail  的数据
2026-01-08 15:31:04 [INFO]  执行成功 ，已经写入  dwd_user_capture_detail
2026-01-08 15:31:04 [INFO] 2025-10-02 已执行完成删除 dwd_user_capture_detail  的数据
2026-01-08 15:31:04 [INFO]  执行成功 ，已经写入  dwd_user_capture_detail
2026-01-08 15:31:04 [INFO] 2025-10-03 已执行完成删除 dwd_user_capture_detail  的数据
2026-01-08 15:31:04 [INFO]  执行成功 ，已经写入  dwd_user_capture_detail
2026-01-08 15:31:04 [INFO] 2025-10-04 已执行完成删除 dwd_user_capture_detail  的数据
2026-01-08 15:31:05 [INFO]  执行成功 ，已经写入  dwd_user_capture_detail
2026-01-08 15:31:05 [INFO] 2025-10-05 已执行完成删除 dwd_user_capture_detail  的数据
2026-01-08 15:31:05 [INFO]  执行成功 ，已经写入  dwd_user_capture_detail
2026-01-08 15:31:05 [INFO] 2025-10-06 已执行完成删除 dwd_user_capture_detail  的数据
2026-01-08 15:31:05 [INFO]  执行成功 ，已经写入  dwd_user_capture_detail
2026-01-08 15:31:05 [INFO] 2025-10-07 已执行完成删除 dwd_user_capture_detail  的数据
2026-01-08 15:31:05 [INFO]  执行成功 ，已经写入  dwd_user_capture_detail
2026-01-08 15:31:05 [INFO] 2025-10-08 已执行完成删除 dwd_user_capture_detail  的数据
2026-01-08 15:31:06 [INFO]  执行成功 ，已经写入  dwd_user_capture_detail
2026-01-08 15:31:06 [INFO] 2025-10-09 已执行完成删除 dwd_user_capture_detail  的数据
2026-01-08 15:31:06 [INFO]  执行成功 ，已经写入  dwd_user_capture_detail
2026-01-08 15:31:06 [INFO] 2025-10-10 已执行完成删除 dwd_user_capture_detail  的数据
2026-01-08 15:31:06 [INFO]  执行成功 ，已经写入  dwd_user_capture_detail
2026-01-08 15:31:06 [INFO] 2025-10-11 已执行完成删除 dwd_user_capture_detail  的数据
2026-01-08 15:31:06 [INFO]  执行成功 ，已经写入  dwd_user_capture_detail
2026-01-08 15:31:07 [INFO] 2025-10-12 已执行完成删除 dwd_user_capture_detail  的数据
2026-01-08 15:31:07 [INFO]  执行成功 ，已经写入  dwd_user_capture_detail
2026-01-08 15:31:07 [INFO] 2025-10-13 已执行完成删除 dwd_user_capture_detail  的数据
2026-01-08 15:31:07 [INFO]  执行成功 ，已经写入  dwd_user_capture_detail
2026-01-08 15:31:07 [INFO] 2025-10-14 已执行完成删除 dwd_user_capture_detail  的数据
2026-01-08 15:31:07 [INFO]  执行成功 ，已经写入  dwd_user_capture_detail
2026-01-08 15:31:07 [INFO] 2025-10-15 已执行完成删除 dwd_user_capture_detail  的数据
2026-01-08 15:31:08 [INFO]  执行成功 ，已经写入  dwd_user_capture_detail
2026-01-08 15:31:08 [INFO] 2025-10-16 已执行完成删除 dwd_user_capture_detail  的数据
2026-01-08 15:31:08 [INFO]  执行成功 ，已经写入  dwd_user_capture_detail
2026-01-08 15:31:08 [INFO] 2025-10-17 已执行完成删除 dwd_user_capture_detail  的数据
2026-01-08 15:31:08 [INFO]  执行成功 ，已经写入  dwd_user_capture_detail
2026-01-08 15:31:08 [INFO] 2025-10-18 已执行完成删除 dwd_user_capture_detail  的数据
2026-01-08 15:31:09 [INFO]  执行成功 ，已经写入  dwd_user_capture_detail
2026-01-08 15:31:09 [INFO] 2025-10-19 已执行完成删除 dwd_user_capture_detail  的数据
2026-01-08 15:31:09 [INFO]  执行成功 ，已经写入  dwd_user_capture_detail
2026-01-08 15:31:09 [INFO] 2025-10-20 已执行完成删除 dwd_user_capture_detail  的数据
2026-01-08 15:31:09 [INFO]  执行成功 ，已经写入  dwd_user_capture_detail
2026-01-08 15:31:09 [INFO] 2025-10-21 已执行完成删除 dwd_user_capture_detail  的数据
2026-01-08 15:31:09 [INFO]  执行成功 ，已经写入  dwd_user_capture_detail
2026-01-08 15:31:09 [INFO] 2025-10-22 已执行完成删除 dwd_user_capture_detail  的数据
2026-01-08 15:31:10 [INFO]  执行成功 ，已经写入  dwd_user_capture_detail
2026-01-08 15:31:10 [INFO] 2025-10-23 已执行完成删除 dwd_user_capture_detail  的数据
2026-01-08 15:31:10 [INFO]  执行成功 ，已经写入  dwd_user_capture_detail
2026-01-08 15:31:10 [INFO] 2025-10-24 已执行完成删除 dwd_user_capture_detail  的数据
2026-01-08 15:31:10 [INFO]  执行成功 ，已经写入  dwd_user_capture_detail
2026-01-08 15:31:10 [INFO] 2025-10-25 已执行完成删除 dwd_user_capture_detail  的数据
2026-01-08 15:31:11 [INFO]  执行成功 ，已经写入  dwd_user_capture_detail
2026-01-08 15:31:11 [INFO] 2025-10-26 已执行完成删除 dwd_user_capture_detail  的数据
2026-01-08 15:31:11 [INFO]  执行成功 ，已经写入  dwd_user_capture_detail
2026-01-08 15:31:11 [INFO] 2025-10-27 已执行完成删除 dwd_user_capture_detail  的数据
2026-01-08 15:31:11 [INFO]  执行成功 ，已经写入  dwd_user_capture_detail
2026-01-08 15:31:11 [INFO] 2025-10-28 已执行完成删除 dwd_user_capture_detail  的数据
2026-01-08 15:31:12 [INFO]  执行成功 ，已经写入  dwd_user_capture_detail
2026-01-08 15:31:12 [INFO] 2025-10-29 已执行完成删除 dwd_user_capture_detail  的数据
2026-01-08 15:31:12 [INFO]  执行成功 ，已经写入  dwd_user_capture_detail
2026-01-08 15:31:12 [INFO] 2025-10-30 已执行完成删除 dwd_user_capture_detail  的数据
2026-01-08 15:31:12 [INFO]  执行成功 ，已经写入  dwd_user_capture_detail
2026-01-08 15:31:12 [INFO] 2025-10-31 已执行完成删除 dwd_user_capture_detail  的数据
2026-01-08 15:31:12 [INFO]  执行成功 ，已经写入  dwd_user_capture_detail
2026-01-08 16:15:28 [INFO] 2025-10-01 已执行完成删除 dwd_user_capture_detail  的数据
2026-01-08 16:15:29 [INFO]  执行成功 ，已经写入  dwd_user_capture_detail
2026-01-08 16:15:29 [INFO] 2025-10-02 已执行完成删除 dwd_user_capture_detail  的数据
2026-01-08 16:15:29 [INFO]  执行成功 ，已经写入  dwd_user_capture_detail
2026-01-08 16:15:29 [INFO] 2025-10-03 已执行完成删除 dwd_user_capture_detail  的数据
2026-01-08 16:15:29 [INFO]  执行成功 ，已经写入  dwd_user_capture_detail
2026-01-08 16:15:29 [INFO] 2025-10-04 已执行完成删除 dwd_user_capture_detail  的数据
2026-01-08 16:15:29 [INFO]  执行成功 ，已经写入  dwd_user_capture_detail
2026-01-08 16:15:30 [INFO] 2025-10-05 已执行完成删除 dwd_user_capture_detail  的数据
2026-01-08 16:15:30 [INFO]  执行成功 ，已经写入  dwd_user_capture_detail
2026-01-08 16:15:30 [INFO] 2025-10-06 已执行完成删除 dwd_user_capture_detail  的数据
2026-01-08 16:15:30 [INFO]  执行成功 ，已经写入  dwd_user_capture_detail
2026-01-08 16:15:30 [INFO] 2025-10-07 已执行完成删除 dwd_user_capture_detail  的数据
2026-01-08 16:15:30 [INFO]  执行成功 ，已经写入  dwd_user_capture_detail
2026-01-08 16:15:30 [INFO] 2025-10-08 已执行完成删除 dwd_user_capture_detail  的数据
2026-01-08 16:15:31 [INFO]  执行成功 ，已经写入  dwd_user_capture_detail
2026-01-08 16:15:31 [INFO] 2025-10-09 已执行完成删除 dwd_user_capture_detail  的数据
2026-01-08 16:15:31 [INFO]  执行成功 ，已经写入  dwd_user_capture_detail
2026-01-08 16:15:31 [INFO] 2025-10-10 已执行完成删除 dwd_user_capture_detail  的数据
2026-01-08 16:15:31 [INFO]  执行成功 ，已经写入  dwd_user_capture_detail
2026-01-08 16:15:31 [INFO] 2025-10-11 已执行完成删除 dwd_user_capture_detail  的数据
2026-01-08 16:15:31 [INFO]  执行成功 ，已经写入  dwd_user_capture_detail
2026-01-08 16:15:31 [INFO] 2025-10-12 已执行完成删除 dwd_user_capture_detail  的数据
2026-01-08 16:15:32 [INFO]  执行成功 ，已经写入  dwd_user_capture_detail
2026-01-08 16:15:32 [INFO] 2025-10-13 已执行完成删除 dwd_user_capture_detail  的数据
2026-01-08 16:15:32 [INFO]  执行成功 ，已经写入  dwd_user_capture_detail
2026-01-08 16:15:32 [INFO] 2025-10-14 已执行完成删除 dwd_user_capture_detail  的数据
2026-01-08 16:15:32 [INFO]  执行成功 ，已经写入  dwd_user_capture_detail
2026-01-08 16:15:32 [INFO] 2025-10-15 已执行完成删除 dwd_user_capture_detail  的数据
2026-01-08 16:15:33 [INFO]  执行成功 ，已经写入  dwd_user_capture_detail
2026-01-08 16:15:33 [INFO] 2025-10-16 已执行完成删除 dwd_user_capture_detail  的数据
2026-01-08 16:15:33 [INFO]  执行成功 ，已经写入  dwd_user_capture_detail
2026-01-08 16:15:33 [INFO] 2025-10-17 已执行完成删除 dwd_user_capture_detail  的数据
2026-01-08 16:15:33 [INFO]  执行成功 ，已经写入  dwd_user_capture_detail
2026-01-08 16:15:33 [INFO] 2025-10-18 已执行完成删除 dwd_user_capture_detail  的数据
2026-01-08 16:15:33 [INFO]  执行成功 ，已经写入  dwd_user_capture_detail
2026-01-08 16:15:34 [INFO] 2025-10-19 已执行完成删除 dwd_user_capture_detail  的数据
2026-01-08 16:15:34 [INFO]  执行成功 ，已经写入  dwd_user_capture_detail
2026-01-08 16:15:34 [INFO] 2025-10-20 已执行完成删除 dwd_user_capture_detail  的数据
2026-01-08 16:15:34 [INFO]  执行成功 ，已经写入  dwd_user_capture_detail
2026-01-08 16:15:34 [INFO] 2025-10-21 已执行完成删除 dwd_user_capture_detail  的数据
2026-01-08 16:15:34 [INFO]  执行成功 ，已经写入  dwd_user_capture_detail
2026-01-08 16:15:34 [INFO] 2025-10-22 已执行完成删除 dwd_user_capture_detail  的数据
2026-01-08 16:15:35 [INFO]  执行成功 ，已经写入  dwd_user_capture_detail
2026-01-08 16:15:35 [INFO] 2025-10-23 已执行完成删除 dwd_user_capture_detail  的数据
2026-01-08 16:15:35 [INFO]  执行成功 ，已经写入  dwd_user_capture_detail
2026-01-08 16:15:35 [INFO] 2025-10-24 已执行完成删除 dwd_user_capture_detail  的数据
2026-01-08 16:15:35 [INFO]  执行成功 ，已经写入  dwd_user_capture_detail
2026-01-08 16:15:35 [INFO] 2025-10-25 已执行完成删除 dwd_user_capture_detail  的数据
2026-01-08 16:15:35 [INFO]  执行成功 ，已经写入  dwd_user_capture_detail
2026-01-08 16:15:35 [INFO] 2025-10-26 已执行完成删除 dwd_user_capture_detail  的数据
2026-01-08 16:15:36 [INFO]  执行成功 ，已经写入  dwd_user_capture_detail
2026-01-08 16:15:36 [INFO] 2025-10-27 已执行完成删除 dwd_user_capture_detail  的数据
2026-01-08 16:15:36 [INFO]  执行成功 ，已经写入  dwd_user_capture_detail
2026-01-08 16:15:36 [INFO] 2025-10-28 已执行完成删除 dwd_user_capture_detail  的数据
2026-01-08 16:15:36 [INFO]  执行成功 ，已经写入  dwd_user_capture_detail
2026-01-08 16:15:36 [INFO] 2025-10-29 已执行完成删除 dwd_user_capture_detail  的数据
2026-01-08 16:15:37 [INFO]  执行成功 ，已经写入  dwd_user_capture_detail
2026-01-08 16:15:37 [INFO] 2025-10-30 已执行完成删除 dwd_user_capture_detail  的数据
2026-01-08 16:15:37 [INFO]  执行成功 ，已经写入  dwd_user_capture_detail
2026-01-08 16:15:37 [INFO] 2025-10-31 已执行完成删除 dwd_user_capture_detail  的数据
2026-01-08 16:15:37 [INFO]  执行成功 ，已经写入  dwd_user_capture_detail
2026-01-08 16:44:38 [INFO] 2025-08-01 已执行完成删除 dwd_user_capture_detail  的数据
2026-01-08 16:44:38 [INFO]  执行成功 ，已经写入  dwd_user_capture_detail
2026-01-08 16:44:38 [INFO] 2025-08-02 已执行完成删除 dwd_user_capture_detail  的数据
2026-01-08 16:44:39 [INFO]  执行成功 ，已经写入  dwd_user_capture_detail
2026-01-08 16:44:39 [INFO] 2025-08-03 已执行完成删除 dwd_user_capture_detail  的数据
2026-01-08 16:44:39 [INFO]  执行成功 ，已经写入  dwd_user_capture_detail
2026-01-08 16:44:39 [INFO] 2025-08-04 已执行完成删除 dwd_user_capture_detail  的数据
2026-01-08 16:44:39 [INFO]  执行成功 ，已经写入  dwd_user_capture_detail
2026-01-08 16:44:39 [INFO] 2025-08-05 已执行完成删除 dwd_user_capture_detail  的数据
2026-01-08 16:44:40 [INFO]  执行成功 ，已经写入  dwd_user_capture_detail
2026-01-08 16:44:40 [INFO] 2025-08-06 已执行完成删除 dwd_user_capture_detail  的数据
2026-01-08 16:44:40 [INFO]  执行成功 ，已经写入  dwd_user_capture_detail
2026-01-08 16:44:40 [INFO] 2025-08-07 已执行完成删除 dwd_user_capture_detail  的数据
2026-01-08 16:44:40 [INFO]  执行成功 ，已经写入  dwd_user_capture_detail
2026-01-08 16:44:40 [INFO] 2025-08-08 已执行完成删除 dwd_user_capture_detail  的数据
2026-01-08 16:44:40 [INFO]  执行成功 ，已经写入  dwd_user_capture_detail
2026-01-08 16:44:41 [INFO] 2025-08-09 已执行完成删除 dwd_user_capture_detail  的数据
2026-01-08 16:44:41 [INFO]  执行成功 ，已经写入  dwd_user_capture_detail
2026-01-08 16:44:41 [INFO] 2025-08-10 已执行完成删除 dwd_user_capture_detail  的数据
2026-01-08 16:44:41 [INFO]  执行成功 ，已经写入  dwd_user_capture_detail
2026-01-08 16:44:41 [INFO] 2025-08-11 已执行完成删除 dwd_user_capture_detail  的数据
2026-01-08 16:44:41 [INFO]  执行成功 ，已经写入  dwd_user_capture_detail
2026-01-08 16:44:41 [INFO] 2025-08-12 已执行完成删除 dwd_user_capture_detail  的数据
2026-01-08 16:44:42 [INFO]  执行成功 ，已经写入  dwd_user_capture_detail
2026-01-08 16:44:42 [INFO] 2025-08-13 已执行完成删除 dwd_user_capture_detail  的数据
2026-01-08 16:44:42 [INFO]  执行成功 ，已经写入  dwd_user_capture_detail
2026-01-08 16:44:42 [INFO] 2025-08-14 已执行完成删除 dwd_user_capture_detail  的数据
2026-01-08 16:44:42 [INFO]  执行成功 ，已经写入  dwd_user_capture_detail
2026-01-08 16:44:42 [INFO] 2025-08-15 已执行完成删除 dwd_user_capture_detail  的数据
2026-01-08 16:44:43 [INFO]  执行成功 ，已经写入  dwd_user_capture_detail
2026-01-08 16:44:43 [INFO] 2025-08-16 已执行完成删除 dwd_user_capture_detail  的数据
2026-01-08 16:44:43 [INFO]  执行成功 ，已经写入  dwd_user_capture_detail
2026-01-08 16:44:43 [INFO] 2025-08-17 已执行完成删除 dwd_user_capture_detail  的数据
2026-01-08 16:44:43 [INFO]  执行成功 ，已经写入  dwd_user_capture_detail
2026-01-08 16:44:43 [INFO] 2025-08-18 已执行完成删除 dwd_user_capture_detail  的数据
2026-01-08 16:44:44 [INFO]  执行成功 ，已经写入  dwd_user_capture_detail
2026-01-08 16:44:44 [INFO] 2025-08-19 已执行完成删除 dwd_user_capture_detail  的数据
2026-01-08 16:44:44 [INFO]  执行成功 ，已经写入  dwd_user_capture_detail
2026-01-08 16:44:44 [INFO] 2025-08-20 已执行完成删除 dwd_user_capture_detail  的数据
2026-01-08 16:44:44 [INFO]  执行成功 ，已经写入  dwd_user_capture_detail
2026-01-08 16:44:44 [INFO] 2025-08-21 已执行完成删除 dwd_user_capture_detail  的数据
2026-01-08 16:44:44 [INFO]  执行成功 ，已经写入  dwd_user_capture_detail
2026-01-08 16:44:45 [INFO] 2025-08-22 已执行完成删除 dwd_user_capture_detail  的数据
2026-01-08 16:44:45 [INFO]  执行成功 ，已经写入  dwd_user_capture_detail
2026-01-08 16:44:45 [INFO] 2025-08-23 已执行完成删除 dwd_user_capture_detail  的数据
2026-01-08 16:44:45 [INFO]  执行成功 ，已经写入  dwd_user_capture_detail
2026-01-08 16:44:45 [INFO] 2025-08-24 已执行完成删除 dwd_user_capture_detail  的数据
2026-01-08 16:44:45 [INFO]  执行成功 ，已经写入  dwd_user_capture_detail
2026-01-08 16:44:45 [INFO] 2025-08-25 已执行完成删除 dwd_user_capture_detail  的数据
2026-01-08 16:44:46 [INFO]  执行成功 ，已经写入  dwd_user_capture_detail
2026-01-08 16:44:46 [INFO] 2025-08-26 已执行完成删除 dwd_user_capture_detail  的数据
2026-01-08 16:44:46 [INFO]  执行成功 ，已经写入  dwd_user_capture_detail
2026-01-08 16:44:46 [INFO] 2025-08-27 已执行完成删除 dwd_user_capture_detail  的数据
2026-01-08 16:44:46 [INFO]  执行成功 ，已经写入  dwd_user_capture_detail
2026-01-08 16:44:46 [INFO] 2025-08-28 已执行完成删除 dwd_user_capture_detail  的数据
2026-01-08 16:44:47 [INFO]  执行成功 ，已经写入  dwd_user_capture_detail
2026-01-08 16:44:47 [INFO] 2025-08-29 已执行完成删除 dwd_user_capture_detail  的数据
2026-01-08 16:44:47 [INFO]  执行成功 ，已经写入  dwd_user_capture_detail
2026-01-08 16:44:47 [INFO] 2025-08-30 已执行完成删除 dwd_user_capture_detail  的数据
2026-01-08 16:44:47 [INFO]  执行成功 ，已经写入  dwd_user_capture_detail
2026-01-08 16:44:47 [INFO] 2025-08-31 已执行完成删除 dwd_user_capture_detail  的数据
2026-01-08 16:44:48 [INFO]  执行成功 ，已经写入  dwd_user_capture_detail
2026-01-08 16:44:48 [INFO] 2025-09-01 已执行完成删除 dwd_user_capture_detail  的数据
2026-01-08 16:44:48 [INFO]  执行成功 ，已经写入  dwd_user_capture_detail
2026-01-08 16:44:48 [INFO] 2025-09-02 已执行完成删除 dwd_user_capture_detail  的数据
2026-01-08 16:44:48 [INFO]  执行成功 ，已经写入  dwd_user_capture_detail
2026-01-08 16:44:48 [INFO] 2025-09-03 已执行完成删除 dwd_user_capture_detail  的数据
2026-01-08 16:44:49 [INFO]  执行成功 ，已经写入  dwd_user_capture_detail
2026-01-08 16:44:49 [INFO] 2025-09-04 已执行完成删除 dwd_user_capture_detail  的数据
2026-01-08 16:44:49 [INFO]  执行成功 ，已经写入  dwd_user_capture_detail
2026-01-08 16:44:49 [INFO] 2025-09-05 已执行完成删除 dwd_user_capture_detail  的数据
2026-01-08 16:44:49 [INFO]  执行成功 ，已经写入  dwd_user_capture_detail
2026-01-08 16:44:49 [INFO] 2025-09-06 已执行完成删除 dwd_user_capture_detail  的数据
2026-01-08 16:44:49 [INFO]  执行成功 ，已经写入  dwd_user_capture_detail
2026-01-08 16:44:50 [INFO] 2025-09-07 已执行完成删除 dwd_user_capture_detail  的数据
2026-01-08 16:44:50 [INFO]  执行成功 ，已经写入  dwd_user_capture_detail
2026-01-08 16:44:50 [INFO] 2025-09-08 已执行完成删除 dwd_user_capture_detail  的数据
2026-01-08 16:44:50 [INFO]  执行成功 ，已经写入  dwd_user_capture_detail
2026-01-08 16:44:50 [INFO] 2025-09-09 已执行完成删除 dwd_user_capture_detail  的数据
2026-01-08 16:44:50 [INFO]  执行成功 ，已经写入  dwd_user_capture_detail
2026-01-08 16:44:50 [INFO] 2025-09-10 已执行完成删除 dwd_user_capture_detail  的数据
2026-01-08 16:44:51 [INFO]  执行成功 ，已经写入  dwd_user_capture_detail
2026-01-08 16:44:51 [INFO] 2025-09-11 已执行完成删除 dwd_user_capture_detail  的数据
2026-01-08 16:44:51 [INFO]  执行成功 ，已经写入  dwd_user_capture_detail
2026-01-08 16:44:51 [INFO] 2025-09-12 已执行完成删除 dwd_user_capture_detail  的数据
2026-01-08 16:44:51 [INFO]  执行成功 ，已经写入  dwd_user_capture_detail
2026-01-08 16:44:51 [INFO] 2025-09-13 已执行完成删除 dwd_user_capture_detail  的数据
2026-01-08 16:44:52 [INFO]  执行成功 ，已经写入  dwd_user_capture_detail
2026-01-08 16:44:52 [INFO] 2025-09-14 已执行完成删除 dwd_user_capture_detail  的数据
2026-01-08 16:44:52 [INFO]  执行成功 ，已经写入  dwd_user_capture_detail
2026-01-08 16:44:52 [INFO] 2025-09-15 已执行完成删除 dwd_user_capture_detail  的数据
2026-01-08 16:44:52 [INFO]  执行成功 ，已经写入  dwd_user_capture_detail
2026-01-08 16:44:52 [INFO] 2025-09-16 已执行完成删除 dwd_user_capture_detail  的数据
2026-01-08 16:44:53 [INFO]  执行成功 ，已经写入  dwd_user_capture_detail
2026-01-08 16:44:53 [INFO] 2025-09-17 已执行完成删除 dwd_user_capture_detail  的数据
2026-01-08 16:44:53 [INFO]  执行成功 ，已经写入  dwd_user_capture_detail
2026-01-08 16:44:53 [INFO] 2025-09-18 已执行完成删除 dwd_user_capture_detail  的数据
2026-01-08 16:44:53 [INFO]  执行成功 ，已经写入  dwd_user_capture_detail
2026-01-08 16:44:53 [INFO] 2025-09-19 已执行完成删除 dwd_user_capture_detail  的数据
2026-01-08 16:44:53 [INFO]  执行成功 ，已经写入  dwd_user_capture_detail
2026-01-08 16:44:54 [INFO] 2025-09-20 已执行完成删除 dwd_user_capture_detail  的数据
2026-01-08 16:44:54 [INFO]  执行成功 ，已经写入  dwd_user_capture_detail
2026-01-08 16:44:54 [INFO] 2025-09-21 已执行完成删除 dwd_user_capture_detail  的数据
2026-01-08 16:44:54 [INFO]  执行成功 ，已经写入  dwd_user_capture_detail
2026-01-08 16:44:54 [INFO] 2025-09-22 已执行完成删除 dwd_user_capture_detail  的数据
2026-01-08 16:44:54 [INFO]  执行成功 ，已经写入  dwd_user_capture_detail
2026-01-08 16:44:54 [INFO] 2025-09-23 已执行完成删除 dwd_user_capture_detail  的数据
2026-01-08 16:44:55 [INFO]  执行成功 ，已经写入  dwd_user_capture_detail
2026-01-08 16:44:55 [INFO] 2025-09-24 已执行完成删除 dwd_user_capture_detail  的数据
2026-01-08 16:44:55 [INFO]  执行成功 ，已经写入  dwd_user_capture_detail
2026-01-08 16:44:55 [INFO] 2025-09-25 已执行完成删除 dwd_user_capture_detail  的数据
2026-01-08 16:44:55 [INFO]  执行成功 ，已经写入  dwd_user_capture_detail
2026-01-08 16:44:55 [INFO] 2025-09-26 已执行完成删除 dwd_user_capture_detail  的数据
2026-01-08 16:44:56 [INFO]  执行成功 ，已经写入  dwd_user_capture_detail
2026-01-08 16:44:56 [INFO] 2025-09-27 已执行完成删除 dwd_user_capture_detail  的数据
2026-01-08 16:44:56 [INFO]  执行成功 ，已经写入  dwd_user_capture_detail
2026-01-08 16:44:56 [INFO] 2025-09-28 已执行完成删除 dwd_user_capture_detail  的数据
2026-01-08 16:44:56 [INFO]  执行成功 ，已经写入  dwd_user_capture_detail
2026-01-08 16:44:56 [INFO] 2025-09-29 已执行完成删除 dwd_user_capture_detail  的数据
2026-01-08 16:44:56 [INFO]  执行成功 ，已经写入  dwd_user_capture_detail
2026-01-08 16:44:57 [INFO] 2025-09-30 已执行完成删除 dwd_user_capture_detail  的数据
2026-01-08 16:44:57 [INFO]  执行成功 ，已经写入  dwd_user_capture_detail
2026-01-12 11:11:28 [INFO] 2025-08-01 已执行完成删除 dwd_user_capture_detail  的数据
2026-01-12 11:11:28 [INFO]  执行成功 ，已经写入  dwd_user_capture_detail
2026-01-12 11:11:28 [INFO] 2025-08-02 已执行完成删除 dwd_user_capture_detail  的数据
2026-01-12 11:11:29 [INFO]  执行成功 ，已经写入  dwd_user_capture_detail
2026-01-12 11:11:29 [INFO] 2025-08-03 已执行完成删除 dwd_user_capture_detail  的数据
2026-01-12 11:11:29 [INFO]  执行成功 ，已经写入  dwd_user_capture_detail
2026-01-12 11:11:29 [INFO] 2025-08-04 已执行完成删除 dwd_user_capture_detail  的数据
2026-01-12 11:11:29 [INFO]  执行成功 ，已经写入  dwd_user_capture_detail
2026-01-12 11:11:29 [INFO] 2025-08-05 已执行完成删除 dwd_user_capture_detail  的数据
2026-01-12 11:11:30 [INFO]  执行成功 ，已经写入  dwd_user_capture_detail
2026-01-12 11:11:30 [INFO] 2025-08-06 已执行完成删除 dwd_user_capture_detail  的数据
2026-01-12 11:11:30 [INFO]  执行成功 ，已经写入  dwd_user_capture_detail
2026-01-12 11:11:30 [INFO] 2025-08-07 已执行完成删除 dwd_user_capture_detail  的数据
2026-01-12 11:11:30 [INFO]  执行成功 ，已经写入  dwd_user_capture_detail
2026-01-12 11:11:30 [INFO] 2025-08-08 已执行完成删除 dwd_user_capture_detail  的数据
2026-01-12 11:11:31 [INFO]  执行成功 ，已经写入  dwd_user_capture_detail
2026-01-12 11:11:31 [INFO] 2025-08-09 已执行完成删除 dwd_user_capture_detail  的数据
2026-01-12 11:11:31 [INFO]  执行成功 ，已经写入  dwd_user_capture_detail
2026-01-12 11:11:31 [INFO] 2025-08-10 已执行完成删除 dwd_user_capture_detail  的数据
2026-01-12 11:11:32 [INFO]  执行成功 ，已经写入  dwd_user_capture_detail
2026-01-12 11:11:32 [INFO] 2025-08-11 已执行完成删除 dwd_user_capture_detail  的数据
2026-01-12 11:11:32 [INFO]  执行成功 ，已经写入  dwd_user_capture_detail
2026-01-12 11:11:32 [INFO] 2025-08-12 已执行完成删除 dwd_user_capture_detail  的数据
2026-01-12 11:11:32 [INFO]  执行成功 ，已经写入  dwd_user_capture_detail
2026-01-12 11:11:32 [INFO] 2025-08-13 已执行完成删除 dwd_user_capture_detail  的数据
2026-01-12 11:11:33 [INFO]  执行成功 ，已经写入  dwd_user_capture_detail
2026-01-12 11:11:33 [INFO] 2025-08-14 已执行完成删除 dwd_user_capture_detail  的数据
2026-01-12 11:11:33 [INFO]  执行成功 ，已经写入  dwd_user_capture_detail
2026-01-12 11:11:33 [INFO] 2025-08-15 已执行完成删除 dwd_user_capture_detail  的数据
2026-01-12 11:11:34 [INFO]  执行成功 ，已经写入  dwd_user_capture_detail
2026-01-12 11:11:34 [INFO] 2025-08-16 已执行完成删除 dwd_user_capture_detail  的数据
2026-01-12 11:11:34 [INFO]  执行成功 ，已经写入  dwd_user_capture_detail
2026-01-12 11:11:34 [INFO] 2025-08-17 已执行完成删除 dwd_user_capture_detail  的数据
2026-01-12 11:11:34 [INFO]  执行成功 ，已经写入  dwd_user_capture_detail
2026-01-12 11:11:34 [INFO] 2025-08-18 已执行完成删除 dwd_user_capture_detail  的数据
2026-01-12 11:11:35 [INFO]  执行成功 ，已经写入  dwd_user_capture_detail
2026-01-12 11:11:35 [INFO] 2025-08-19 已执行完成删除 dwd_user_capture_detail  的数据
2026-01-12 11:11:35 [INFO]  执行成功 ，已经写入  dwd_user_capture_detail
2026-01-12 11:11:35 [INFO] 2025-08-20 已执行完成删除 dwd_user_capture_detail  的数据
2026-01-12 11:11:36 [INFO]  执行成功 ，已经写入  dwd_user_capture_detail
2026-01-12 11:11:36 [INFO] 2025-08-21 已执行完成删除 dwd_user_capture_detail  的数据
2026-01-12 11:11:36 [INFO]  执行成功 ，已经写入  dwd_user_capture_detail
2026-01-12 11:11:36 [INFO] 2025-08-22 已执行完成删除 dwd_user_capture_detail  的数据
2026-01-12 11:11:36 [INFO]  执行成功 ，已经写入  dwd_user_capture_detail
2026-01-12 11:11:36 [INFO] 2025-08-23 已执行完成删除 dwd_user_capture_detail  的数据
2026-01-12 11:11:37 [INFO]  执行成功 ，已经写入  dwd_user_capture_detail
2026-01-12 11:11:37 [INFO] 2025-08-24 已执行完成删除 dwd_user_capture_detail  的数据
2026-01-12 11:11:37 [INFO]  执行成功 ，已经写入  dwd_user_capture_detail
2026-01-12 11:11:37 [INFO] 2025-08-25 已执行完成删除 dwd_user_capture_detail  的数据
2026-01-12 11:11:37 [INFO]  执行成功 ，已经写入  dwd_user_capture_detail
2026-01-12 11:11:38 [INFO] 2025-08-26 已执行完成删除 dwd_user_capture_detail  的数据
2026-01-12 11:11:38 [INFO]  执行成功 ，已经写入  dwd_user_capture_detail
2026-01-12 11:11:38 [INFO] 2025-08-27 已执行完成删除 dwd_user_capture_detail  的数据
2026-01-12 11:11:38 [INFO]  执行成功 ，已经写入  dwd_user_capture_detail
2026-01-12 11:11:38 [INFO] 2025-08-28 已执行完成删除 dwd_user_capture_detail  的数据
2026-01-12 11:11:39 [INFO]  执行成功 ，已经写入  dwd_user_capture_detail
2026-01-12 11:11:39 [INFO] 2025-08-29 已执行完成删除 dwd_user_capture_detail  的数据
2026-01-12 11:11:39 [INFO]  执行成功 ，已经写入  dwd_user_capture_detail
2026-01-12 11:11:39 [INFO] 2025-08-30 已执行完成删除 dwd_user_capture_detail  的数据
2026-01-12 11:11:39 [INFO]  执行成功 ，已经写入  dwd_user_capture_detail
2026-01-12 11:11:39 [INFO] 2025-08-31 已执行完成删除 dwd_user_capture_detail  的数据
2026-01-12 11:11:40 [INFO]  执行成功 ，已经写入  dwd_user_capture_detail
2026-01-12 11:25:17 [INFO] 2025-08-01 已执行完成删除 dwd_user_capture_detail  的数据
2026-01-12 11:25:17 [INFO]  执行成功 ，已经写入  dwd_user_capture_detail
2026-01-12 11:25:17 [INFO] 2025-08-02 已执行完成删除 dwd_user_capture_detail  的数据
2026-01-12 11:25:18 [INFO]  执行成功 ，已经写入  dwd_user_capture_detail
2026-01-12 11:25:18 [INFO] 2025-08-03 已执行完成删除 dwd_user_capture_detail  的数据
2026-01-12 11:25:18 [INFO]  执行成功 ，已经写入  dwd_user_capture_detail
2026-01-12 11:25:18 [INFO] 2025-08-04 已执行完成删除 dwd_user_capture_detail  的数据
2026-01-12 11:25:18 [INFO]  执行成功 ，已经写入  dwd_user_capture_detail
2026-01-12 11:25:18 [INFO] 2025-08-05 已执行完成删除 dwd_user_capture_detail  的数据
2026-01-12 11:25:19 [INFO]  执行成功 ，已经写入  dwd_user_capture_detail
2026-01-12 11:25:19 [INFO] 2025-08-06 已执行完成删除 dwd_user_capture_detail  的数据
2026-01-12 11:25:19 [INFO]  执行成功 ，已经写入  dwd_user_capture_detail
2026-01-12 11:25:19 [INFO] 2025-08-07 已执行完成删除 dwd_user_capture_detail  的数据
2026-01-12 11:25:19 [INFO]  执行成功 ，已经写入  dwd_user_capture_detail
2026-01-12 11:25:19 [INFO] 2025-08-08 已执行完成删除 dwd_user_capture_detail  的数据
2026-01-12 11:25:20 [INFO]  执行成功 ，已经写入  dwd_user_capture_detail
2026-01-12 11:25:20 [INFO] 2025-08-09 已执行完成删除 dwd_user_capture_detail  的数据
2026-01-12 11:25:20 [INFO]  执行成功 ，已经写入  dwd_user_capture_detail
2026-01-12 11:25:20 [INFO] 2025-08-10 已执行完成删除 dwd_user_capture_detail  的数据
2026-01-12 11:25:21 [INFO]  执行成功 ，已经写入  dwd_user_capture_detail
2026-01-12 11:25:21 [INFO] 2025-08-11 已执行完成删除 dwd_user_capture_detail  的数据
2026-01-12 11:25:21 [INFO]  执行成功 ，已经写入  dwd_user_capture_detail
2026-01-12 11:25:21 [INFO] 2025-08-12 已执行完成删除 dwd_user_capture_detail  的数据
2026-01-12 11:25:21 [INFO]  执行成功 ，已经写入  dwd_user_capture_detail
2026-01-12 11:25:21 [INFO] 2025-08-13 已执行完成删除 dwd_user_capture_detail  的数据
2026-01-12 11:25:22 [INFO]  执行成功 ，已经写入  dwd_user_capture_detail
2026-01-12 11:25:22 [INFO] 2025-08-14 已执行完成删除 dwd_user_capture_detail  的数据
2026-01-12 11:25:22 [INFO]  执行成功 ，已经写入  dwd_user_capture_detail
2026-01-12 11:25:22 [INFO] 2025-08-15 已执行完成删除 dwd_user_capture_detail  的数据
2026-01-12 11:25:22 [INFO]  执行成功 ，已经写入  dwd_user_capture_detail
2026-01-12 11:25:22 [INFO] 2025-08-16 已执行完成删除 dwd_user_capture_detail  的数据
2026-01-12 11:25:23 [INFO]  执行成功 ，已经写入  dwd_user_capture_detail
2026-01-12 11:25:23 [INFO] 2025-08-17 已执行完成删除 dwd_user_capture_detail  的数据
2026-01-12 11:25:23 [INFO]  执行成功 ，已经写入  dwd_user_capture_detail
2026-01-12 11:25:23 [INFO] 2025-08-18 已执行完成删除 dwd_user_capture_detail  的数据
2026-01-12 11:25:23 [INFO]  执行成功 ，已经写入  dwd_user_capture_detail
2026-01-12 11:25:23 [INFO] 2025-08-19 已执行完成删除 dwd_user_capture_detail  的数据
2026-01-12 11:25:24 [INFO]  执行成功 ，已经写入  dwd_user_capture_detail
2026-01-12 11:25:24 [INFO] 2025-08-20 已执行完成删除 dwd_user_capture_detail  的数据
2026-01-12 11:25:24 [INFO]  执行成功 ，已经写入  dwd_user_capture_detail
2026-01-12 11:25:24 [INFO] 2025-08-21 已执行完成删除 dwd_user_capture_detail  的数据
2026-01-12 11:25:24 [INFO]  执行成功 ，已经写入  dwd_user_capture_detail
2026-01-12 11:25:25 [INFO] 2025-08-22 已执行完成删除 dwd_user_capture_detail  的数据
2026-01-12 11:25:25 [INFO]  执行成功 ，已经写入  dwd_user_capture_detail
2026-01-12 11:25:25 [INFO] 2025-08-23 已执行完成删除 dwd_user_capture_detail  的数据
2026-01-12 11:25:25 [INFO]  执行成功 ，已经写入  dwd_user_capture_detail
2026-01-12 11:25:25 [INFO] 2025-08-24 已执行完成删除 dwd_user_capture_detail  的数据
2026-01-12 11:25:26 [INFO]  执行成功 ，已经写入  dwd_user_capture_detail
2026-01-12 11:25:26 [INFO] 2025-08-25 已执行完成删除 dwd_user_capture_detail  的数据
2026-01-12 11:25:26 [INFO]  执行成功 ，已经写入  dwd_user_capture_detail
2026-01-12 11:25:26 [INFO] 2025-08-26 已执行完成删除 dwd_user_capture_detail  的数据
2026-01-12 11:25:26 [INFO]  执行成功 ，已经写入  dwd_user_capture_detail
2026-01-12 11:25:26 [INFO] 2025-08-27 已执行完成删除 dwd_user_capture_detail  的数据
2026-01-12 11:25:27 [INFO]  执行成功 ，已经写入  dwd_user_capture_detail
2026-01-12 11:25:27 [INFO] 2025-08-28 已执行完成删除 dwd_user_capture_detail  的数据
2026-01-12 11:25:27 [INFO]  执行成功 ，已经写入  dwd_user_capture_detail
2026-01-12 11:25:27 [INFO] 2025-08-29 已执行完成删除 dwd_user_capture_detail  的数据
2026-01-12 11:25:27 [INFO]  执行成功 ，已经写入  dwd_user_capture_detail
2026-01-12 11:25:27 [INFO] 2025-08-30 已执行完成删除 dwd_user_capture_detail  的数据
2026-01-12 11:25:28 [INFO]  执行成功 ，已经写入  dwd_user_capture_detail
2026-01-12 11:25:28 [INFO] 2025-08-31 已执行完成删除 dwd_user_capture_detail  的数据
2026-01-12 11:25:28 [INFO]  执行成功 ，已经写入  dwd_user_capture_detail
2026-01-12 12:00:00 [INFO] 2025-08-01 已执行完成删除 dwd_user_capture_detail  的数据
2026-01-12 12:00:00 [INFO]  执行成功 ，已经写入  dwd_user_capture_detail
2026-01-12 12:00:00 [INFO] 2025-08-02 已执行完成删除 dwd_user_capture_detail  的数据
2026-01-12 12:00:00 [INFO]  执行成功 ，已经写入  dwd_user_capture_detail
2026-01-12 12:00:00 [INFO] 2025-08-03 已执行完成删除 dwd_user_capture_detail  的数据
2026-01-12 12:00:01 [INFO]  执行成功 ，已经写入  dwd_user_capture_detail
2026-01-12 12:00:01 [INFO] 2025-08-04 已执行完成删除 dwd_user_capture_detail  的数据
2026-01-12 12:00:01 [INFO]  执行成功 ，已经写入  dwd_user_capture_detail
2026-01-12 12:00:01 [INFO] 2025-08-05 已执行完成删除 dwd_user_capture_detail  的数据
2026-01-12 12:00:02 [INFO]  执行成功 ，已经写入  dwd_user_capture_detail
2026-01-12 12:00:02 [INFO] 2025-08-06 已执行完成删除 dwd_user_capture_detail  的数据
2026-01-12 12:00:02 [INFO]  执行成功 ，已经写入  dwd_user_capture_detail
2026-01-12 12:00:02 [INFO] 2025-08-07 已执行完成删除 dwd_user_capture_detail  的数据
2026-01-12 12:00:02 [INFO]  执行成功 ，已经写入  dwd_user_capture_detail
2026-01-12 12:00:03 [INFO] 2025-08-08 已执行完成删除 dwd_user_capture_detail  的数据
2026-01-12 12:00:03 [INFO]  执行成功 ，已经写入  dwd_user_capture_detail
2026-01-12 12:00:03 [INFO] 2025-08-09 已执行完成删除 dwd_user_capture_detail  的数据
2026-01-12 12:00:03 [INFO]  执行成功 ，已经写入  dwd_user_capture_detail
2026-01-12 12:00:03 [INFO] 2025-08-10 已执行完成删除 dwd_user_capture_detail  的数据
2026-01-12 12:00:03 [INFO]  执行成功 ，已经写入  dwd_user_capture_detail
2026-01-12 12:00:04 [INFO] 2025-08-11 已执行完成删除 dwd_user_capture_detail  的数据
2026-01-12 12:00:04 [INFO]  执行成功 ，已经写入  dwd_user_capture_detail
2026-01-12 12:00:04 [INFO] 2025-08-12 已执行完成删除 dwd_user_capture_detail  的数据
2026-01-12 12:00:04 [INFO]  执行成功 ，已经写入  dwd_user_capture_detail
2026-01-12 12:00:04 [INFO] 2025-08-13 已执行完成删除 dwd_user_capture_detail  的数据
2026-01-12 12:00:04 [INFO]  执行成功 ，已经写入  dwd_user_capture_detail
2026-01-12 12:00:04 [INFO] 2025-08-14 已执行完成删除 dwd_user_capture_detail  的数据
2026-01-12 12:00:04 [INFO]  执行成功 ，已经写入  dwd_user_capture_detail
2026-01-12 12:00:04 [INFO] 2025-08-15 已执行完成删除 dwd_user_capture_detail  的数据
2026-01-12 12:00:05 [INFO]  执行成功 ，已经写入  dwd_user_capture_detail
2026-01-12 12:00:05 [INFO] 2025-08-16 已执行完成删除 dwd_user_capture_detail  的数据
2026-01-12 12:00:05 [INFO]  执行成功 ，已经写入  dwd_user_capture_detail
2026-01-12 12:00:05 [INFO] 2025-08-17 已执行完成删除 dwd_user_capture_detail  的数据
2026-01-12 12:00:05 [INFO]  执行成功 ，已经写入  dwd_user_capture_detail
2026-01-12 12:00:05 [INFO] 2025-08-18 已执行完成删除 dwd_user_capture_detail  的数据
2026-01-12 12:00:05 [INFO]  执行成功 ，已经写入  dwd_user_capture_detail
2026-01-12 12:00:05 [INFO] 2025-08-19 已执行完成删除 dwd_user_capture_detail  的数据
2026-01-12 12:00:05 [INFO]  执行成功 ，已经写入  dwd_user_capture_detail
2026-01-12 12:00:05 [INFO] 2025-08-20 已执行完成删除 dwd_user_capture_detail  的数据
2026-01-12 12:00:06 [INFO]  执行成功 ，已经写入  dwd_user_capture_detail
2026-01-12 12:00:06 [INFO] 2025-08-21 已执行完成删除 dwd_user_capture_detail  的数据
2026-01-12 12:00:06 [INFO]  执行成功 ，已经写入  dwd_user_capture_detail
2026-01-12 12:00:06 [INFO] 2025-08-22 已执行完成删除 dwd_user_capture_detail  的数据
2026-01-12 12:00:06 [INFO]  执行成功 ，已经写入  dwd_user_capture_detail
2026-01-12 12:00:06 [INFO] 2025-08-23 已执行完成删除 dwd_user_capture_detail  的数据
2026-01-12 12:00:06 [INFO]  执行成功 ，已经写入  dwd_user_capture_detail
2026-01-12 12:00:06 [INFO] 2025-08-24 已执行完成删除 dwd_user_capture_detail  的数据
2026-01-12 12:00:06 [INFO]  执行成功 ，已经写入  dwd_user_capture_detail
2026-01-12 12:00:07 [INFO] 2025-08-25 已执行完成删除 dwd_user_capture_detail  的数据
2026-01-12 12:00:07 [INFO]  执行成功 ，已经写入  dwd_user_capture_detail
2026-01-12 12:00:07 [INFO] 2025-08-26 已执行完成删除 dwd_user_capture_detail  的数据
2026-01-12 12:00:07 [INFO]  执行成功 ，已经写入  dwd_user_capture_detail
2026-01-12 12:00:07 [INFO] 2025-08-27 已执行完成删除 dwd_user_capture_detail  的数据
2026-01-12 12:00:07 [INFO]  执行成功 ，已经写入  dwd_user_capture_detail
2026-01-12 12:00:07 [INFO] 2025-08-28 已执行完成删除 dwd_user_capture_detail  的数据
2026-01-12 12:00:07 [INFO]  执行成功 ，已经写入  dwd_user_capture_detail
2026-01-12 12:00:07 [INFO] 2025-08-29 已执行完成删除 dwd_user_capture_detail  的数据
2026-01-12 12:00:08 [INFO]  执行成功 ，已经写入  dwd_user_capture_detail
2026-01-12 12:00:08 [INFO] 2025-08-30 已执行完成删除 dwd_user_capture_detail  的数据
2026-01-12 12:00:08 [INFO]  执行成功 ，已经写入  dwd_user_capture_detail
2026-01-12 12:00:08 [INFO] 2025-08-31 已执行完成删除 dwd_user_capture_detail  的数据
2026-01-12 12:00:08 [INFO]  执行成功 ，已经写入  dwd_user_capture_detail
2026-01-14 10:21:14 [INFO] 2025-08-01 已执行完成删除 dwd_user_capture_detail  的数据
2026-01-14 10:21:14 [INFO]  执行成功 ，已经写入  dwd_user_capture_detail
2026-01-14 10:21:37 [INFO] 2025-08-01 已执行完成删除 dwd_user_capture_detail  的数据
2026-01-14 10:21:38 [INFO] 已写入 10000 行到 dwd_user_capture_detail
2026-01-14 10:21:38 [INFO] 已写入 6036 行到 dwd_user_capture_detail
2026-01-14 10:22:11 [INFO] 2025-08-01 已执行完成删除 dwd_user_capture_detail  的数据
2026-01-14 10:22:12 [INFO] 已写入 10000 行到 dwd_user_capture_detail
2026-01-14 10:22:12 [INFO] 已写入 10000 行到 dwd_user_capture_detail
2026-01-14 10:22:12 [INFO] 已写入 10000 行到 dwd_user_capture_detail
2026-01-14 10:22:12 [INFO] 已写入 10000 行到 dwd_user_capture_detail
2026-01-14 10:22:13 [INFO] 已写入 10000 行到 dwd_user_capture_detail
2026-01-14 10:22:13 [INFO] 已写入 10000 行到 dwd_user_capture_detail
2026-01-14 10:22:13 [INFO] 已写入 10000 行到 dwd_user_capture_detail
2026-01-14 10:22:14 [INFO] 已写入 10000 行到 dwd_user_capture_detail
2026-01-14 10:22:14 [INFO] 已写入 10000 行到 dwd_user_capture_detail
2026-01-14 10:22:14 [INFO] 已写入 10000 行到 dwd_user_capture_detail
2026-01-14 10:22:14 [INFO] 已写入 10000 行到 dwd_user_capture_detail
2026-01-14 10:22:14 [INFO] 已写入 10000 行到 dwd_user_capture_detail
2026-01-14 10:22:14 [INFO] 已写入 10000 行到 dwd_user_capture_detail
2026-01-14 10:22:15 [INFO] 已写入 10000 行到 dwd_user_capture_detail
2026-01-14 10:22:15 [INFO] 已写入 10000 行到 dwd_user_capture_detail
2026-01-14 10:22:15 [INFO] 已写入 10000 行到 dwd_user_capture_detail
2026-01-14 10:22:15 [INFO] 已写入 10000 行到 dwd_user_capture_detail
2026-01-14 10:22:16 [INFO] 已写入 10000 行到 dwd_user_capture_detail
2026-01-14 10:22:16 [INFO] 已写入 10000 行到 dwd_user_capture_detail
2026-01-14 10:22:16 [INFO] 已写入 10000 行到 dwd_user_capture_detail
2026-01-14 10:22:16 [INFO] 已写入 10000 行到 dwd_user_capture_detail
2026-01-14 10:22:17 [INFO] 已写入 10000 行到 dwd_user_capture_detail
2026-01-14 10:22:17 [INFO] 已写入 10000 行到 dwd_user_capture_detail
2026-01-14 10:22:17 [INFO] 已写入 10000 行到 dwd_user_capture_detail
2026-01-14 10:22:17 [INFO] 已写入 10000 行到 dwd_user_capture_detail
2026-01-14 10:22:17 [INFO] 已写入 10000 行到 dwd_user_capture_detail
2026-01-14 10:22:18 [INFO] 已写入 10000 行到 dwd_user_capture_detail
2026-01-14 10:22:18 [INFO] 已写入 10000 行到 dwd_user_capture_detail
2026-01-14 10:22:18 [INFO] 已写入 10000 行到 dwd_user_capture_detail
2026-01-14 10:22:18 [INFO] 已写入 10000 行到 dwd_user_capture_detail
2026-01-14 10:22:19 [INFO] 已写入 10000 行到 dwd_user_capture_detail
2026-01-14 10:22:19 [INFO] 已写入 10000 行到 dwd_user_capture_detail
2026-01-14 10:22:19 [INFO] 已写入 10000 行到 dwd_user_capture_detail
2026-01-14 10:22:19 [INFO] 已写入 10000 行到 dwd_user_capture_detail
2026-01-14 10:22:19 [INFO] 已写入 736 行到 dwd_user_capture_detail
2026-01-14 10:55:58 [INFO] 2025-08-01 已执行完成删除 dwd_user_capture_detail 的数据
2026-01-14 10:55:59 [INFO] 已写入 10000 行到 dwd_user_capture_detail
2026-01-14 10:56:00 [INFO] 已写入 10000 行到 dwd_user_capture_detail
2026-01-14 10:56:00 [INFO] 已写入 10000 行到 dwd_user_capture_detail
2026-01-14 10:56:00 [INFO] 已写入 10000 行到 dwd_user_capture_detail
2026-01-14 10:56:00 [INFO] 已写入 10000 行到 dwd_user_capture_detail
2026-01-14 10:56:00 [INFO] 已写入 10000 行到 dwd_user_capture_detail
2026-01-14 10:56:01 [INFO] 已写入 10000 行到 dwd_user_capture_detail
2026-01-14 10:56:01 [INFO] 已写入 10000 行到 dwd_user_capture_detail
2026-01-14 10:56:01 [INFO] 已写入 10000 行到 dwd_user_capture_detail
2026-01-14 10:56:01 [INFO] 已写入 10000 行到 dwd_user_capture_detail
2026-01-14 10:56:02 [INFO] 已写入 10000 行到 dwd_user_capture_detail
2026-01-14 10:56:02 [INFO] 已写入 10000 行到 dwd_user_capture_detail
2026-01-14 10:56:02 [INFO] 已写入 10000 行到 dwd_user_capture_detail
2026-01-14 10:56:02 [INFO] 已写入 10000 行到 dwd_user_capture_detail
2026-01-14 10:56:03 [INFO] 已写入 10000 行到 dwd_user_capture_detail
2026-01-14 10:56:03 [INFO] 已写入 10000 行到 dwd_user_capture_detail
2026-01-14 10:56:03 [INFO] 已写入 10000 行到 dwd_user_capture_detail
2026-01-14 10:56:03 [INFO] 已写入 10000 行到 dwd_user_capture_detail
2026-01-14 10:56:03 [INFO] 已写入 10000 行到 dwd_user_capture_detail
2026-01-14 10:56:04 [INFO] 已写入 10000 行到 dwd_user_capture_detail
2026-01-14 10:56:04 [INFO] 已写入 10000 行到 dwd_user_capture_detail
2026-01-14 10:56:04 [INFO] 已写入 10000 行到 dwd_user_capture_detail
2026-01-14 10:56:04 [INFO] 已写入 10000 行到 dwd_user_capture_detail
2026-01-14 10:56:05 [INFO] 已写入 10000 行到 dwd_user_capture_detail
2026-01-14 10:56:05 [INFO] 已写入 10000 行到 dwd_user_capture_detail
2026-01-14 10:56:05 [INFO] 已写入 10000 行到 dwd_user_capture_detail
2026-01-14 10:56:05 [INFO] 已写入 10000 行到 dwd_user_capture_detail
2026-01-14 10:56:06 [INFO] 已写入 10000 行到 dwd_user_capture_detail
2026-01-14 10:56:06 [INFO] 已写入 10000 行到 dwd_user_capture_detail
2026-01-14 10:56:06 [INFO] 已写入 10000 行到 dwd_user_capture_detail
2026-01-14 10:56:06 [INFO] 已写入 10000 行到 dwd_user_capture_detail
2026-01-14 10:56:06 [INFO] 已写入 10000 行到 dwd_user_capture_detail
2026-01-14 10:56:07 [INFO] 已写入 10000 行到 dwd_user_capture_detail
2026-01-14 10:56:07 [INFO] 已写入 10000 行到 dwd_user_capture_detail
2026-01-14 10:56:07 [INFO] 已写入 736 行到 dwd_user_capture_detail
2026-01-14 10:56:14 [INFO] ✅ 2025-08-01 数据清理完成 (Table: dwd_user_capture_detail)
2026-01-14 10:56:15 [INFO] 📦 已成功批量写入 10000 行
2026-01-14 10:56:16 [INFO] 📦 已成功批量写入 10000 行
2026-01-14 10:56:16 [INFO] 📦 已成功批量写入 10000 行
2026-01-14 10:56:16 [INFO] 📦 已成功批量写入 10000 行
2026-01-14 10:56:16 [INFO] 📦 已成功批量写入 10000 行
2026-01-14 10:56:16 [INFO] 📦 已成功批量写入 10000 行
2026-01-14 10:56:17 [INFO] 📦 已成功批量写入 10000 行
2026-01-14 10:56:17 [INFO] 📦 已成功批量写入 10000 行
2026-01-14 10:56:17 [INFO] 📦 已成功批量写入 10000 行
2026-01-14 10:56:17 [INFO] 📦 已成功批量写入 10000 行
2026-01-14 10:56:18 [INFO] 📦 已成功批量写入 10000 行
2026-01-14 10:56:18 [INFO] 📦 已成功批量写入 10000 行
2026-01-14 10:56:18 [INFO] 📦 已成功批量写入 10000 行
2026-01-14 10:56:19 [INFO] 📦 已成功批量写入 10000 行
2026-01-14 10:56:19 [INFO] 📦 已成功批量写入 10000 行
2026-01-14 10:56:19 [INFO] 📦 已成功批量写入 10000 行
2026-01-14 10:56:19 [INFO] 📦 已成功批量写入 10000 行
2026-01-14 10:56:19 [INFO] 📦 已成功批量写入 10000 行
2026-01-14 10:56:19 [INFO] 📦 已成功批量写入 10000 行
2026-01-14 10:56:20 [INFO] 📦 已成功批量写入 10000 行
2026-01-14 10:56:20 [INFO] 📦 已成功批量写入 10000 行
2026-01-14 10:56:20 [INFO] 📦 已成功批量写入 10000 行
2026-01-14 10:56:20 [INFO] 📦 已成功批量写入 10000 行
2026-01-14 10:56:21 [INFO] 📦 已成功批量写入 10000 行
2026-01-14 10:56:21 [INFO] 📦 已成功批量写入 10000 行
2026-01-14 10:56:21 [INFO] 📦 已成功批量写入 10000 行
2026-01-14 10:56:21 [INFO] 📦 已成功批量写入 10000 行
2026-01-14 10:56:22 [INFO] 📦 已成功批量写入 10000 行
2026-01-14 10:56:22 [INFO] 📦 已成功批量写入 10000 行
2026-01-14 10:56:22 [INFO] 📦 已成功批量写入 10000 行
2026-01-14 10:56:22 [INFO] 📦 已成功批量写入 10000 行
2026-01-14 10:56:22 [INFO] 📦 已成功批量写入 10000 行
2026-01-14 10:56:23 [INFO] 📦 已成功批量写入 10000 行
2026-01-14 10:56:23 [INFO] 📦 已成功批量写入 10000 行
2026-01-14 10:56:23 [INFO] 📦 已成功批量写入 736 行
2026-01-14 11:15:23 [INFO] 2025-08-01 已执行完成删除 dwd_user_capture_detail 的数据
2026-01-14 11:15:24 [INFO] 已写入 10000 行到 dwd_user_capture_detail
2026-01-14 11:15:24 [INFO] 已写入 10000 行到 dwd_user_capture_detail
2026-01-14 11:15:25 [INFO] 已写入 10000 行到 dwd_user_capture_detail
2026-01-14 11:15:25 [INFO] 已写入 10000 行到 dwd_user_capture_detail
2026-01-14 11:15:25 [INFO] 已写入 10000 行到 dwd_user_capture_detail
2026-01-14 11:15:25 [INFO] 已写入 10000 行到 dwd_user_capture_detail
2026-01-14 11:15:26 [INFO] 已写入 10000 行到 dwd_user_capture_detail
2026-01-14 11:15:26 [INFO] 已写入 10000 行到 dwd_user_capture_detail
2026-01-14 11:15:26 [INFO] 已写入 10000 行到 dwd_user_capture_detail
2026-01-14 11:15:27 [INFO] 已写入 10000 行到 dwd_user_capture_detail
2026-01-14 11:15:27 [INFO] 已写入 10000 行到 dwd_user_capture_detail
2026-01-14 11:15:27 [INFO] 已写入 10000 行到 dwd_user_capture_detail
2026-01-14 11:15:27 [INFO] 已写入 10000 行到 dwd_user_capture_detail
2026-01-14 11:15:28 [INFO] 已写入 10000 行到 dwd_user_capture_detail
2026-01-14 11:15:28 [INFO] 已写入 10000 行到 dwd_user_capture_detail
2026-01-14 11:15:28 [INFO] 已写入 10000 行到 dwd_user_capture_detail
2026-01-14 11:15:28 [INFO] 已写入 10000 行到 dwd_user_capture_detail
2026-01-14 11:15:28 [INFO] 已写入 10000 行到 dwd_user_capture_detail
2026-01-14 11:15:29 [INFO] 已写入 10000 行到 dwd_user_capture_detail
2026-01-14 11:15:29 [INFO] 已写入 10000 行到 dwd_user_capture_detail
2026-01-14 11:15:29 [INFO] 已写入 10000 行到 dwd_user_capture_detail
2026-01-14 11:15:30 [INFO] 已写入 10000 行到 dwd_user_capture_detail
2026-01-14 11:15:30 [INFO] 已写入 10000 行到 dwd_user_capture_detail
2026-01-14 11:15:30 [INFO] 已写入 10000 行到 dwd_user_capture_detail
2026-01-14 11:15:30 [INFO] 已写入 10000 行到 dwd_user_capture_detail
2026-01-14 11:15:30 [INFO] 已写入 10000 行到 dwd_user_capture_detail
2026-01-14 11:15:31 [INFO] 已写入 10000 行到 dwd_user_capture_detail
2026-01-14 11:15:31 [INFO] 已写入 10000 行到 dwd_user_capture_detail
2026-01-14 11:15:31 [INFO] 已写入 10000 行到 dwd_user_capture_detail
2026-01-14 11:15:31 [INFO] 已写入 10000 行到 dwd_user_capture_detail
2026-01-14 11:15:31 [INFO] 已写入 10000 行到 dwd_user_capture_detail
2026-01-14 11:15:32 [INFO] 已写入 10000 行到 dwd_user_capture_detail
2026-01-14 11:15:32 [INFO] 已写入 10000 行到 dwd_user_capture_detail
2026-01-14 11:15:32 [INFO] 已写入 10000 行到 dwd_user_capture_detail
2026-01-14 11:15:32 [INFO] 已写入 736 行到 dwd_user_capture_detail
2026-01-14 11:15:43 [INFO] ✅ 2025-08-01 数据清理完成 (Table: dwd_user_capture_detail)
2026-01-14 11:15:43 [INFO] 🚀 INSERT INTO SELECT 任务完成: 2025-08-01
2026-01-14 11:31:23 [INFO] 2025-08-01 已执行完成删除 dwd_user_capture_detail 的数据
2026-01-14 11:31:24 [INFO] 执行成功，已经写入 dwd_user_capture_detail
2026-01-15 10:48:46 [INFO] 2025-08-01 已执行完成删除 dwd_user_capture_detail 的数据
2026-01-15 10:48:46 [INFO] 执行成功，已经写入 dwd_user_capture_detail
2026-01-15 10:48:46 [INFO] 2025-08-02 已执行完成删除 dwd_user_capture_detail 的数据
2026-01-15 10:48:47 [INFO] 执行成功，已经写入 dwd_user_capture_detail
2026-01-15 10:48:47 [INFO] 2025-08-03 已执行完成删除 dwd_user_capture_detail 的数据
2026-01-15 10:48:47 [INFO] 执行成功，已经写入 dwd_user_capture_detail
2026-01-15 10:48:47 [INFO] 2025-08-04 已执行完成删除 dwd_user_capture_detail 的数据
2026-01-15 10:48:47 [INFO] 执行成功，已经写入 dwd_user_capture_detail
2026-01-15 10:48:47 [INFO] 2025-08-05 已执行完成删除 dwd_user_capture_detail 的数据
2026-01-15 10:48:48 [INFO] 执行成功，已经写入 dwd_user_capture_detail
2026-01-15 10:48:48 [INFO] 2025-08-06 已执行完成删除 dwd_user_capture_detail 的数据
2026-01-15 10:48:48 [INFO] 执行成功，已经写入 dwd_user_capture_detail
2026-01-15 10:48:48 [INFO] 2025-08-07 已执行完成删除 dwd_user_capture_detail 的数据
2026-01-15 10:48:48 [INFO] 执行成功，已经写入 dwd_user_capture_detail
2026-01-15 10:48:48 [INFO] 2025-08-08 已执行完成删除 dwd_user_capture_detail 的数据
2026-01-15 10:48:49 [INFO] 执行成功，已经写入 dwd_user_capture_detail
2026-01-15 10:48:49 [INFO] 2025-08-09 已执行完成删除 dwd_user_capture_detail 的数据
2026-01-15 10:48:49 [INFO] 执行成功，已经写入 dwd_user_capture_detail
2026-01-15 10:48:49 [INFO] 2025-08-10 已执行完成删除 dwd_user_capture_detail 的数据
2026-01-15 10:48:49 [INFO] 执行成功，已经写入 dwd_user_capture_detail
2026-01-15 10:48:49 [INFO] 2025-08-11 已执行完成删除 dwd_user_capture_detail 的数据
2026-01-15 10:48:50 [INFO] 执行成功，已经写入 dwd_user_capture_detail
2026-01-15 10:48:50 [INFO] 2025-08-12 已执行完成删除 dwd_user_capture_detail 的数据
2026-01-15 10:48:50 [INFO] 执行成功，已经写入 dwd_user_capture_detail
2026-01-15 10:48:50 [INFO] 2025-08-13 已执行完成删除 dwd_user_capture_detail 的数据
2026-01-15 10:48:50 [INFO] 执行成功，已经写入 dwd_user_capture_detail
2026-01-15 10:48:50 [INFO] 2025-08-14 已执行完成删除 dwd_user_capture_detail 的数据
2026-01-15 10:48:51 [INFO] 执行成功，已经写入 dwd_user_capture_detail
2026-01-15 10:48:51 [INFO] 2025-08-15 已执行完成删除 dwd_user_capture_detail 的数据
2026-01-15 10:48:51 [INFO] 执行成功，已经写入 dwd_user_capture_detail
2026-01-15 10:48:51 [INFO] 2025-08-16 已执行完成删除 dwd_user_capture_detail 的数据
2026-01-15 10:48:51 [INFO] 执行成功，已经写入 dwd_user_capture_detail
2026-01-15 10:48:51 [INFO] 2025-08-17 已执行完成删除 dwd_user_capture_detail 的数据
2026-01-15 10:48:51 [INFO] 执行成功，已经写入 dwd_user_capture_detail
2026-01-15 10:48:52 [INFO] 2025-08-18 已执行完成删除 dwd_user_capture_detail 的数据
2026-01-15 10:48:52 [INFO] 执行成功，已经写入 dwd_user_capture_detail
2026-01-15 10:48:52 [INFO] 2025-08-19 已执行完成删除 dwd_user_capture_detail 的数据
2026-01-15 10:48:52 [INFO] 执行成功，已经写入 dwd_user_capture_detail
2026-01-15 10:48:52 [INFO] 2025-08-20 已执行完成删除 dwd_user_capture_detail 的数据
2026-01-15 10:48:52 [INFO] 执行成功，已经写入 dwd_user_capture_detail
2026-01-15 10:48:53 [INFO] 2025-08-21 已执行完成删除 dwd_user_capture_detail 的数据
2026-01-15 10:48:53 [INFO] 执行成功，已经写入 dwd_user_capture_detail
2026-01-15 10:48:53 [INFO] 2025-08-22 已执行完成删除 dwd_user_capture_detail 的数据
2026-01-15 10:48:53 [INFO] 执行成功，已经写入 dwd_user_capture_detail
2026-01-15 10:48:53 [INFO] 2025-08-23 已执行完成删除 dwd_user_capture_detail 的数据
2026-01-15 10:48:53 [INFO] 执行成功，已经写入 dwd_user_capture_detail
2026-01-15 10:48:53 [INFO] 2025-08-24 已执行完成删除 dwd_user_capture_detail 的数据
2026-01-15 10:48:54 [INFO] 执行成功，已经写入 dwd_user_capture_detail
2026-01-15 10:48:54 [INFO] 2025-08-25 已执行完成删除 dwd_user_capture_detail 的数据
2026-01-15 10:48:54 [INFO] 执行成功，已经写入 dwd_user_capture_detail
2026-01-15 10:48:54 [INFO] 2025-08-26 已执行完成删除 dwd_user_capture_detail 的数据
2026-01-15 10:48:54 [INFO] 执行成功，已经写入 dwd_user_capture_detail
2026-01-15 10:48:54 [INFO] 2025-08-27 已执行完成删除 dwd_user_capture_detail 的数据
2026-01-15 10:48:55 [INFO] 执行成功，已经写入 dwd_user_capture_detail
2026-01-15 10:48:55 [INFO] 2025-08-28 已执行完成删除 dwd_user_capture_detail 的数据
2026-01-15 10:48:55 [INFO] 执行成功，已经写入 dwd_user_capture_detail
2026-01-15 10:48:55 [INFO] 2025-08-29 已执行完成删除 dwd_user_capture_detail 的数据
2026-01-15 10:48:55 [INFO] 执行成功，已经写入 dwd_user_capture_detail
2026-01-15 10:48:55 [INFO] 2025-08-30 已执行完成删除 dwd_user_capture_detail 的数据
2026-01-15 10:48:56 [INFO] 执行成功，已经写入 dwd_user_capture_detail
2026-01-15 10:48:56 [INFO] 2025-08-31 已执行完成删除 dwd_user_capture_detail 的数据
2026-01-15 10:48:56 [INFO] 执行成功，已经写入 dwd_user_capture_detail
