2025-09-11 18:02:18 [INFO] 2025-08-25 已执行完成删除 dwd_user_capture_detail  的数据
2025-09-11 18:02:18 [INFO] 2025-08-25已写入 到  dwd_user_capture_detail
2025-09-11 18:02:18 [INFO] 2025-08-26 已执行完成删除 dwd_user_capture_detail  的数据
2025-09-11 18:02:18 [INFO] 2025-08-26已写入 到  dwd_user_capture_detail
2025-09-11 18:02:18 [INFO] 2025-08-27 已执行完成删除 dwd_user_capture_detail  的数据
2025-09-11 18:02:18 [INFO] 2025-08-27已写入 到  dwd_user_capture_detail
2025-09-11 18:03:08 [INFO] 2025-08-25 已执行完成删除 dwd_user_capture_detail  的数据
2025-09-11 18:03:09 [ERROR] 执行_insert_into_select出错: ServerException: Code: 62.
DB::Exception: Syntax error: failed at position 1466 (,) (line 55, col 29): ,capture_time
        ) A1 where region_id <> last_region_id order by profile_id,capture_time

    ) LIMIT 0. Expected one of: element of ORDER BY expression, expression with optional alias, element of expression with optional alias, lambda expression. Stack trace:

0. DB::Exception::Exception(DB::Exception::MessageMasked&&, int, bool) @ 0x00000000127c721b
1. DB::Exception::createDeprecated(String const&, int, bool) @ 0x0000000012a2f6ad
2. DB::parseQueryAndMovePosition(DB::IParser&, char const*&, char const*, String const&, bool, unsigned long, unsigned long, unsigned long) @ 0x0000000019087672
3. DB::executeQueryImpl(char const*, char const*, std::shared_ptr<DB::Context>, DB::QueryFlags, DB::QueryProcessingStage::Enum, DB::ReadBuffer*, std::shared_ptr<DB::IAST>&, std::shared_ptr<DB::ImplicitTransactionControlExecutor>) @ 0x000000001708f2e0
4. DB::executeQuery(String const&, std::shared_ptr<DB::Context>, DB::QueryFlags, DB::QueryProcessingStage::Enum) @ 0x000000001708e480
5. DB::TCPHandler::runImpl() @ 0x000000001851f0cc
6. DB::TCPHandler::run() @ 0x000000001853eab8
7. Poco::Net::TCPServerConnection::start() @ 0x000000001d89cb27
8. Poco::Net::TCPServerDispatcher::run() @ 0x000000001d89cf79
9. Poco::PooledThread::run() @ 0x000000001d868207
10. Poco::ThreadImpl::runnableEntry(void*) @ 0x000000001d8667a1
11. ? @ 0x0000000000094ac3
12. ? @ 0x0000000000125a04

2025-09-11 18:03:09 [INFO] 2025-08-26 已执行完成删除 dwd_user_capture_detail  的数据
2025-09-11 18:03:09 [ERROR] 执行_insert_into_select出错: ServerException: Code: 62.
DB::Exception: Syntax error: failed at position 1466 (,) (line 55, col 29): ,capture_time
        ) A1 where region_id <> last_region_id order by profile_id,capture_time

    ) LIMIT 0. Expected one of: element of ORDER BY expression, expression with optional alias, element of expression with optional alias, lambda expression. Stack trace:

0. DB::Exception::Exception(DB::Exception::MessageMasked&&, int, bool) @ 0x00000000127c721b
1. DB::Exception::createDeprecated(String const&, int, bool) @ 0x0000000012a2f6ad
2. DB::parseQueryAndMovePosition(DB::IParser&, char const*&, char const*, String const&, bool, unsigned long, unsigned long, unsigned long) @ 0x0000000019087672
3. DB::executeQueryImpl(char const*, char const*, std::shared_ptr<DB::Context>, DB::QueryFlags, DB::QueryProcessingStage::Enum, DB::ReadBuffer*, std::shared_ptr<DB::IAST>&, std::shared_ptr<DB::ImplicitTransactionControlExecutor>) @ 0x000000001708f2e0
4. DB::executeQuery(String const&, std::shared_ptr<DB::Context>, DB::QueryFlags, DB::QueryProcessingStage::Enum) @ 0x000000001708e480
5. DB::TCPHandler::runImpl() @ 0x000000001851f0cc
6. DB::TCPHandler::run() @ 0x000000001853eab8
7. Poco::Net::TCPServerConnection::start() @ 0x000000001d89cb27
8. Poco::Net::TCPServerDispatcher::run() @ 0x000000001d89cf79
9. Poco::PooledThread::run() @ 0x000000001d868207
10. Poco::ThreadImpl::runnableEntry(void*) @ 0x000000001d8667a1
11. ? @ 0x0000000000094ac3
12. ? @ 0x0000000000125a04

2025-09-11 18:03:09 [INFO] 2025-08-27 已执行完成删除 dwd_user_capture_detail  的数据
2025-09-11 18:03:09 [ERROR] 执行_insert_into_select出错: ServerException: Code: 62.
DB::Exception: Syntax error: failed at position 1466 (,) (line 55, col 29): ,capture_time
        ) A1 where region_id <> last_region_id order by profile_id,capture_time

    ) LIMIT 0. Expected one of: element of ORDER BY expression, expression with optional alias, element of expression with optional alias, lambda expression. Stack trace:

0. DB::Exception::Exception(DB::Exception::MessageMasked&&, int, bool) @ 0x00000000127c721b
1. DB::Exception::createDeprecated(String const&, int, bool) @ 0x0000000012a2f6ad
2. DB::parseQueryAndMovePosition(DB::IParser&, char const*&, char const*, String const&, bool, unsigned long, unsigned long, unsigned long) @ 0x0000000019087672
3. DB::executeQueryImpl(char const*, char const*, std::shared_ptr<DB::Context>, DB::QueryFlags, DB::QueryProcessingStage::Enum, DB::ReadBuffer*, std::shared_ptr<DB::IAST>&, std::shared_ptr<DB::ImplicitTransactionControlExecutor>) @ 0x000000001708f2e0
4. DB::executeQuery(String const&, std::shared_ptr<DB::Context>, DB::QueryFlags, DB::QueryProcessingStage::Enum) @ 0x000000001708e480
5. DB::TCPHandler::runImpl() @ 0x000000001851f0cc
6. DB::TCPHandler::run() @ 0x000000001853eab8
7. Poco::Net::TCPServerConnection::start() @ 0x000000001d89cb27
8. Poco::Net::TCPServerDispatcher::run() @ 0x000000001d89cf79
9. Poco::PooledThread::run() @ 0x000000001d868207
10. Poco::ThreadImpl::runnableEntry(void*) @ 0x000000001d8667a1
11. ? @ 0x0000000000094ac3
12. ? @ 0x0000000000125a04

2025-09-11 18:04:05 [INFO] 2025-08-25 已执行完成删除 dwd_user_capture_detail  的数据
2025-09-11 18:04:05 [INFO] 2025-08-25已写入 到  dwd_user_capture_detail
2025-09-11 18:04:05 [INFO] 2025-08-26 已执行完成删除 dwd_user_capture_detail  的数据
2025-09-11 18:04:05 [INFO] 2025-08-26已写入 到  dwd_user_capture_detail
2025-09-11 18:04:05 [INFO] 2025-08-27 已执行完成删除 dwd_user_capture_detail  的数据
2025-09-11 18:04:05 [INFO] 2025-08-27已写入 到  dwd_user_capture_detail
2025-09-11 18:21:00 [INFO] 2025-08-25 已执行完成删除 dwd_user_capture_detail  的数据
2025-09-11 18:21:01 [INFO] 2025-08-25已写入 到  dwd_user_capture_detail
2025-09-11 18:21:01 [INFO] 2025-08-26 已执行完成删除 dwd_user_capture_detail  的数据
2025-09-11 18:21:01 [INFO] 2025-08-26已写入 到  dwd_user_capture_detail
2025-09-11 18:21:01 [INFO] 2025-08-27 已执行完成删除 dwd_user_capture_detail  的数据
2025-09-11 18:21:01 [INFO] 2025-08-27已写入 到  dwd_user_capture_detail
2025-09-18 15:38:52 [INFO] 2025-08-25 已执行完成删除 dwd_user_capture_detail  的数据
2025-09-18 15:39:10 [INFO] 2025-08-25 已执行完成删除 dwd_user_capture_detail  的数据
2025-09-18 15:39:10 [INFO] 已写入 10000 行到 dwd_user_capture_detail
2025-09-18 15:39:11 [INFO] 已写入 3599 行到 dwd_user_capture_detail
2025-09-18 15:39:11 [INFO] 2025-08-26 已执行完成删除 dwd_user_capture_detail  的数据
2025-09-18 15:39:11 [INFO] 已写入 10000 行到 dwd_user_capture_detail
2025-09-18 15:39:11 [INFO] 已写入 3407 行到 dwd_user_capture_detail
2025-09-18 15:39:11 [INFO] 2025-08-27 已执行完成删除 dwd_user_capture_detail  的数据
2025-09-18 15:39:12 [INFO] 已写入 10000 行到 dwd_user_capture_detail
2025-09-18 15:39:12 [INFO] 已写入 3650 行到 dwd_user_capture_detail
2025-09-18 15:52:08 [INFO] 2025-08-25 已执行完成删除 dwd_user_capture_detail  的数据
2025-09-18 15:52:08 [INFO] 已写入 10000 行到 dwd_user_capture_detail
2025-09-18 15:52:09 [INFO] 已写入 3599 行到 dwd_user_capture_detail
2025-09-18 15:52:09 [INFO] 2025-08-26 已执行完成删除 dwd_user_capture_detail  的数据
2025-09-18 15:52:09 [INFO] 已写入 10000 行到 dwd_user_capture_detail
2025-09-18 15:52:09 [INFO] 已写入 3407 行到 dwd_user_capture_detail
2025-09-18 15:52:09 [INFO] 2025-08-27 已执行完成删除 dwd_user_capture_detail  的数据
2025-09-18 15:52:10 [INFO] 已写入 10000 行到 dwd_user_capture_detail
2025-09-18 15:52:10 [INFO] 已写入 3650 行到 dwd_user_capture_detail
2025-09-22 14:57:12 [INFO] 2025-08-25 已执行完成删除 dwd_user_capture_detail  的数据
2025-09-22 14:57:12 [INFO] 已写入 10000 行到 dwd_user_capture_detail
2025-09-22 14:57:12 [INFO] 已写入 3599 行到 dwd_user_capture_detail
2025-09-22 14:57:12 [INFO] 2025-08-26 已执行完成删除 dwd_user_capture_detail  的数据
2025-09-22 14:57:13 [INFO] 已写入 10000 行到 dwd_user_capture_detail
2025-09-22 14:57:13 [INFO] 已写入 3407 行到 dwd_user_capture_detail
2025-09-22 14:57:13 [INFO] 2025-08-27 已执行完成删除 dwd_user_capture_detail  的数据
2025-09-22 14:57:13 [INFO] 已写入 10000 行到 dwd_user_capture_detail
2025-09-22 14:57:13 [INFO] 已写入 3650 行到 dwd_user_capture_detail
2025-09-26 15:19:59 [INFO] 2025-08-25 已执行完成删除 dwd_user_capture_detail  的数据
2025-09-26 15:19:59 [INFO] 已写入 10000 行到 dwd_user_capture_detail
2025-09-26 15:19:59 [INFO] 已写入 3599 行到 dwd_user_capture_detail
2025-09-26 15:19:59 [INFO] 2025-08-26 已执行完成删除 dwd_user_capture_detail  的数据
2025-09-26 15:20:00 [INFO] 已写入 10000 行到 dwd_user_capture_detail
2025-09-26 15:20:00 [INFO] 已写入 3407 行到 dwd_user_capture_detail
2025-09-26 15:20:00 [INFO] 2025-08-27 已执行完成删除 dwd_user_capture_detail  的数据
2025-09-26 15:20:00 [INFO] 已写入 10000 行到 dwd_user_capture_detail
2025-09-26 15:20:01 [INFO] 已写入 3650 行到 dwd_user_capture_detail
2025-09-26 15:20:27 [INFO] 2025-08-25 已执行完成删除 dwd_user_capture_detail  的数据
2025-09-26 15:20:28 [INFO] 已写入 10000 行到 dwd_user_capture_detail
2025-09-26 15:20:28 [INFO] 已写入 3599 行到 dwd_user_capture_detail
2025-09-26 15:20:28 [INFO] 2025-08-26 已执行完成删除 dwd_user_capture_detail  的数据
2025-09-26 15:20:28 [INFO] 已写入 10000 行到 dwd_user_capture_detail
2025-09-26 15:20:28 [INFO] 已写入 3407 行到 dwd_user_capture_detail
2025-09-26 15:20:28 [INFO] 2025-08-27 已执行完成删除 dwd_user_capture_detail  的数据
2025-09-26 15:20:29 [INFO] 已写入 10000 行到 dwd_user_capture_detail
2025-09-26 15:20:29 [INFO] 已写入 3650 行到 dwd_user_capture_detail
2025-09-26 15:35:47 [INFO] 2025-08-25 已执行完成删除 dwd_user_capture_detail  的数据
2025-09-26 15:35:47 [INFO] 已写入 10000 行到 dwd_user_capture_detail
2025-09-26 15:35:48 [INFO] 已写入 3599 行到 dwd_user_capture_detail
2025-09-26 15:35:48 [INFO] 2025-08-26 已执行完成删除 dwd_user_capture_detail  的数据
2025-09-26 15:35:48 [INFO] 已写入 10000 行到 dwd_user_capture_detail
2025-09-26 15:35:48 [INFO] 已写入 3407 行到 dwd_user_capture_detail
2025-09-26 15:35:48 [INFO] 2025-08-27 已执行完成删除 dwd_user_capture_detail  的数据
2025-09-26 15:35:49 [INFO] 已写入 10000 行到 dwd_user_capture_detail
2025-09-26 15:35:49 [INFO] 已写入 3650 行到 dwd_user_capture_detail
2025-09-26 15:38:25 [INFO] 2025-08-25 已执行完成删除 dwd_user_capture_detail  的数据
2025-09-26 15:38:26 [INFO] 已写入 10000 行到 dwd_user_capture_detail
2025-09-26 15:38:26 [INFO] 已写入 3599 行到 dwd_user_capture_detail
2025-09-26 15:38:26 [INFO] 2025-08-26 已执行完成删除 dwd_user_capture_detail  的数据
2025-09-26 15:38:26 [INFO] 已写入 10000 行到 dwd_user_capture_detail
2025-09-26 15:38:26 [INFO] 已写入 3407 行到 dwd_user_capture_detail
2025-09-26 15:38:26 [INFO] 2025-08-27 已执行完成删除 dwd_user_capture_detail  的数据
2025-09-26 15:38:27 [INFO] 已写入 10000 行到 dwd_user_capture_detail
2025-09-26 15:38:27 [INFO] 已写入 3650 行到 dwd_user_capture_detail
2025-09-26 15:43:40 [INFO] 2025-08-25 已执行完成删除 dwd_user_capture_detail  的数据
2025-09-26 15:43:41 [INFO] 已写入 10000 行到 dwd_user_capture_detail
2025-09-26 15:43:41 [INFO] 已写入 3599 行到 dwd_user_capture_detail
2025-09-26 15:43:41 [INFO] 2025-08-26 已执行完成删除 dwd_user_capture_detail  的数据
2025-09-26 15:43:42 [INFO] 已写入 10000 行到 dwd_user_capture_detail
2025-09-26 15:43:42 [INFO] 已写入 3407 行到 dwd_user_capture_detail
2025-09-26 15:43:42 [INFO] 2025-08-27 已执行完成删除 dwd_user_capture_detail  的数据
2025-09-26 15:43:42 [INFO] 已写入 10000 行到 dwd_user_capture_detail
2025-09-26 15:43:42 [INFO] 已写入 3650 行到 dwd_user_capture_detail
2025-09-26 15:45:40 [INFO] 2025-08-25 已执行完成删除 dwd_user_capture_detail  的数据
2025-09-26 15:45:40 [INFO] 已写入 10000 行到 dwd_user_capture_detail
2025-09-26 15:45:41 [INFO] 已写入 3599 行到 dwd_user_capture_detail
2025-09-26 15:45:41 [INFO] 2025-08-26 已执行完成删除 dwd_user_capture_detail  的数据
2025-09-26 15:45:41 [INFO] 已写入 10000 行到 dwd_user_capture_detail
2025-09-26 15:45:41 [INFO] 已写入 3407 行到 dwd_user_capture_detail
2025-09-26 15:45:41 [INFO] 2025-08-27 已执行完成删除 dwd_user_capture_detail  的数据
2025-09-26 15:45:42 [INFO] 已写入 10000 行到 dwd_user_capture_detail
2025-09-26 15:45:42 [INFO] 已写入 3650 行到 dwd_user_capture_detail
2025-09-26 16:43:13 [INFO] 2025-08-25 已执行完成删除 dwd_user_capture_detail  的数据
2025-09-26 16:43:14 [INFO] 已写入 10000 行到 dwd_user_capture_detail
2025-09-26 16:43:14 [INFO] 已写入 3599 行到 dwd_user_capture_detail
2025-09-26 16:43:14 [INFO] 2025-08-26 已执行完成删除 dwd_user_capture_detail  的数据
2025-09-26 16:43:14 [INFO] 已写入 10000 行到 dwd_user_capture_detail
2025-09-26 16:43:14 [INFO] 已写入 3407 行到 dwd_user_capture_detail
2025-09-26 16:43:14 [INFO] 2025-08-27 已执行完成删除 dwd_user_capture_detail  的数据
2025-09-26 16:43:15 [INFO] 已写入 10000 行到 dwd_user_capture_detail
2025-09-26 16:43:15 [INFO] 已写入 3650 行到 dwd_user_capture_detail
2025-09-26 17:44:57 [INFO] 2025-08-25 已执行完成删除 dwd_user_capture_detail  的数据
2025-09-26 17:44:57 [INFO] 已写入 10000 行到 dwd_user_capture_detail
2025-09-26 17:44:57 [INFO] 已写入 3599 行到 dwd_user_capture_detail
2025-09-26 17:44:57 [INFO] 2025-08-26 已执行完成删除 dwd_user_capture_detail  的数据
2025-09-26 17:44:58 [INFO] 已写入 10000 行到 dwd_user_capture_detail
2025-09-26 17:44:58 [INFO] 已写入 3407 行到 dwd_user_capture_detail
2025-09-26 17:44:58 [INFO] 2025-08-27 已执行完成删除 dwd_user_capture_detail  的数据
2025-09-26 17:44:58 [INFO] 已写入 10000 行到 dwd_user_capture_detail
2025-09-26 17:44:58 [INFO] 已写入 3650 行到 dwd_user_capture_detail
2025-09-26 17:45:31 [INFO] 2025-08-25 已执行完成删除 dwd_user_capture_detail  的数据
2025-09-26 17:45:31 [INFO] 已写入 10000 行到 dwd_user_capture_detail
2025-09-26 17:45:31 [INFO] 已写入 3599 行到 dwd_user_capture_detail
2025-09-26 17:45:31 [INFO] 2025-08-26 已执行完成删除 dwd_user_capture_detail  的数据
2025-09-26 17:45:32 [INFO] 已写入 10000 行到 dwd_user_capture_detail
2025-09-26 17:45:32 [INFO] 已写入 3407 行到 dwd_user_capture_detail
2025-09-26 17:45:32 [INFO] 2025-08-27 已执行完成删除 dwd_user_capture_detail  的数据
2025-09-26 17:45:32 [INFO] 已写入 10000 行到 dwd_user_capture_detail
2025-09-26 17:45:32 [INFO] 已写入 3650 行到 dwd_user_capture_detail
2025-09-26 17:46:48 [INFO] 2025-08-25 已执行完成删除 dwd_user_capture_detail  的数据
2025-09-26 17:46:48 [INFO] 已写入 10000 行到 dwd_user_capture_detail
2025-09-26 17:46:48 [INFO] 已写入 3599 行到 dwd_user_capture_detail
2025-09-26 17:46:48 [INFO] 2025-08-26 已执行完成删除 dwd_user_capture_detail  的数据
2025-09-26 17:46:49 [INFO] 已写入 10000 行到 dwd_user_capture_detail
2025-09-26 17:46:49 [INFO] 已写入 3407 行到 dwd_user_capture_detail
2025-09-26 17:46:49 [INFO] 2025-08-27 已执行完成删除 dwd_user_capture_detail  的数据
2025-09-26 17:46:49 [INFO] 已写入 10000 行到 dwd_user_capture_detail
2025-09-26 17:46:50 [INFO] 已写入 3650 行到 dwd_user_capture_detail
2025-09-28 10:29:04 [INFO] 2025-08-25 已执行完成删除 dwd_user_capture_detail  的数据
2025-09-28 10:29:05 [INFO] 已写入 10000 行到 dwd_user_capture_detail
2025-09-28 10:29:05 [INFO] 已写入 8801 行到 dwd_user_capture_detail
2025-09-28 10:29:05 [INFO] 2025-08-26 已执行完成删除 dwd_user_capture_detail  的数据
2025-09-28 10:29:05 [INFO] 已写入 10000 行到 dwd_user_capture_detail
2025-09-28 10:29:06 [INFO] 已写入 8179 行到 dwd_user_capture_detail
2025-09-28 10:29:06 [INFO] 2025-08-27 已执行完成删除 dwd_user_capture_detail  的数据
2025-09-28 10:29:06 [INFO] 已写入 10000 行到 dwd_user_capture_detail
2025-09-28 10:29:06 [INFO] 已写入 7916 行到 dwd_user_capture_detail
2025-09-28 11:11:18 [INFO] 2025-08-25 已执行完成删除 dwd_user_capture_detail  的数据
2025-09-28 11:11:19 [INFO] 已写入 10000 行到 dwd_user_capture_detail
2025-09-28 11:11:19 [INFO] 已写入 10000 行到 dwd_user_capture_detail
2025-09-28 11:11:20 [INFO] 已写入 10000 行到 dwd_user_capture_detail
2025-09-28 11:11:20 [INFO] 已写入 10000 行到 dwd_user_capture_detail
2025-09-28 11:11:20 [INFO] 已写入 10000 行到 dwd_user_capture_detail
2025-09-28 11:11:20 [INFO] 已写入 10000 行到 dwd_user_capture_detail
2025-09-28 11:11:21 [INFO] 已写入 10000 行到 dwd_user_capture_detail
2025-09-28 11:11:21 [INFO] 已写入 10000 行到 dwd_user_capture_detail
2025-09-28 11:11:21 [INFO] 已写入 10000 行到 dwd_user_capture_detail
2025-09-28 11:11:21 [INFO] 已写入 10000 行到 dwd_user_capture_detail
2025-09-28 11:11:22 [INFO] 已写入 10000 行到 dwd_user_capture_detail
2025-09-28 11:11:22 [INFO] 已写入 10000 行到 dwd_user_capture_detail
2025-09-28 11:11:22 [INFO] 已写入 10000 行到 dwd_user_capture_detail
2025-09-28 11:11:23 [INFO] 已写入 10000 行到 dwd_user_capture_detail
2025-09-28 11:11:23 [INFO] 已写入 10000 行到 dwd_user_capture_detail
2025-09-28 11:11:23 [INFO] 已写入 10000 行到 dwd_user_capture_detail
2025-09-28 11:11:23 [INFO] 已写入 10000 行到 dwd_user_capture_detail
2025-09-28 11:11:23 [INFO] 已写入 10000 行到 dwd_user_capture_detail
2025-09-28 11:11:24 [INFO] 已写入 10000 行到 dwd_user_capture_detail
2025-09-28 11:11:24 [INFO] 已写入 5570 行到 dwd_user_capture_detail
2025-09-28 11:11:24 [INFO] 2025-08-26 已执行完成删除 dwd_user_capture_detail  的数据
2025-09-28 11:11:25 [INFO] 已写入 10000 行到 dwd_user_capture_detail
2025-09-28 11:11:25 [INFO] 已写入 10000 行到 dwd_user_capture_detail
2025-09-28 11:11:25 [INFO] 已写入 10000 行到 dwd_user_capture_detail
2025-09-28 11:11:25 [INFO] 已写入 10000 行到 dwd_user_capture_detail
2025-09-28 11:11:25 [INFO] 已写入 10000 行到 dwd_user_capture_detail
2025-09-28 11:11:26 [INFO] 已写入 10000 行到 dwd_user_capture_detail
2025-09-28 11:11:26 [INFO] 已写入 10000 行到 dwd_user_capture_detail
2025-09-28 11:11:26 [INFO] 已写入 10000 行到 dwd_user_capture_detail
2025-09-28 11:11:27 [INFO] 已写入 10000 行到 dwd_user_capture_detail
2025-09-28 11:11:27 [INFO] 已写入 10000 行到 dwd_user_capture_detail
2025-09-28 11:11:27 [INFO] 已写入 10000 行到 dwd_user_capture_detail
2025-09-28 11:11:27 [INFO] 已写入 10000 行到 dwd_user_capture_detail
2025-09-28 11:11:27 [INFO] 已写入 10000 行到 dwd_user_capture_detail
2025-09-28 11:11:28 [INFO] 已写入 10000 行到 dwd_user_capture_detail
2025-09-28 11:11:28 [INFO] 已写入 10000 行到 dwd_user_capture_detail
2025-09-28 11:11:28 [INFO] 已写入 10000 行到 dwd_user_capture_detail
2025-09-28 11:11:29 [INFO] 已写入 10000 行到 dwd_user_capture_detail
2025-09-28 11:11:29 [INFO] 已写入 10000 行到 dwd_user_capture_detail
2025-09-28 11:11:29 [INFO] 已写入 10000 行到 dwd_user_capture_detail
2025-09-28 11:11:29 [INFO] 已写入 1163 行到 dwd_user_capture_detail
2025-09-28 11:11:29 [INFO] 2025-08-27 已执行完成删除 dwd_user_capture_detail  的数据
2025-09-28 11:11:30 [INFO] 已写入 10000 行到 dwd_user_capture_detail
2025-09-28 11:11:30 [INFO] 已写入 10000 行到 dwd_user_capture_detail
2025-09-28 11:11:30 [INFO] 已写入 10000 行到 dwd_user_capture_detail
2025-09-28 11:11:30 [INFO] 已写入 10000 行到 dwd_user_capture_detail
2025-09-28 11:11:31 [INFO] 已写入 10000 行到 dwd_user_capture_detail
2025-09-28 11:11:31 [INFO] 已写入 10000 行到 dwd_user_capture_detail
2025-09-28 11:11:31 [INFO] 已写入 10000 行到 dwd_user_capture_detail
2025-09-28 11:11:32 [INFO] 已写入 10000 行到 dwd_user_capture_detail
2025-09-28 11:11:32 [INFO] 已写入 10000 行到 dwd_user_capture_detail
2025-09-28 11:11:32 [INFO] 已写入 10000 行到 dwd_user_capture_detail
2025-09-28 11:11:32 [INFO] 已写入 10000 行到 dwd_user_capture_detail
2025-09-28 11:11:32 [INFO] 已写入 10000 行到 dwd_user_capture_detail
2025-09-28 11:11:33 [INFO] 已写入 10000 行到 dwd_user_capture_detail
2025-09-28 11:11:33 [INFO] 已写入 10000 行到 dwd_user_capture_detail
2025-09-28 11:11:33 [INFO] 已写入 10000 行到 dwd_user_capture_detail
2025-09-28 11:11:34 [INFO] 已写入 10000 行到 dwd_user_capture_detail
2025-09-28 11:11:34 [INFO] 已写入 10000 行到 dwd_user_capture_detail
2025-09-28 11:11:34 [INFO] 已写入 10000 行到 dwd_user_capture_detail
2025-09-28 11:11:34 [INFO] 已写入 10000 行到 dwd_user_capture_detail
2025-09-28 11:11:34 [INFO] 已写入 8369 行到 dwd_user_capture_detail
2025-09-28 14:40:09 [INFO] 2025-08-25 已执行完成删除 dwd_user_capture_detail  的数据
2025-09-28 14:40:10 [INFO] 已写入 10000 行到 dwd_user_capture_detail
2025-09-28 14:40:10 [INFO] 已写入 10000 行到 dwd_user_capture_detail
2025-09-28 14:40:10 [INFO] 已写入 10000 行到 dwd_user_capture_detail
2025-09-28 14:40:10 [INFO] 已写入 10000 行到 dwd_user_capture_detail
2025-09-28 14:40:10 [INFO] 已写入 10000 行到 dwd_user_capture_detail
2025-09-28 14:40:10 [INFO] 已写入 4235 行到 dwd_user_capture_detail
2025-09-28 14:40:10 [INFO] 2025-08-26 已执行完成删除 dwd_user_capture_detail  的数据
2025-09-28 14:40:11 [INFO] 已写入 10000 行到 dwd_user_capture_detail
2025-09-28 14:40:11 [INFO] 已写入 10000 行到 dwd_user_capture_detail
2025-09-28 14:40:12 [INFO] 已写入 10000 行到 dwd_user_capture_detail
2025-09-28 14:40:12 [INFO] 已写入 10000 行到 dwd_user_capture_detail
2025-09-28 14:40:12 [INFO] 已写入 10000 行到 dwd_user_capture_detail
2025-09-28 14:40:12 [INFO] 已写入 2775 行到 dwd_user_capture_detail
2025-09-28 14:40:12 [INFO] 2025-08-27 已执行完成删除 dwd_user_capture_detail  的数据
2025-09-28 14:40:13 [INFO] 已写入 10000 行到 dwd_user_capture_detail
2025-09-28 14:40:13 [INFO] 已写入 10000 行到 dwd_user_capture_detail
2025-09-28 14:40:13 [INFO] 已写入 10000 行到 dwd_user_capture_detail
2025-09-28 14:40:13 [INFO] 已写入 10000 行到 dwd_user_capture_detail
2025-09-28 14:40:14 [INFO] 已写入 10000 行到 dwd_user_capture_detail
2025-09-28 14:40:14 [INFO] 已写入 1046 行到 dwd_user_capture_detail
2025-09-28 14:51:58 [INFO] 2025-08-25 已执行完成删除 dwd_user_capture_detail  的数据
2025-09-28 14:51:59 [INFO] 已写入 10000 行到 dwd_user_capture_detail
2025-09-28 14:51:59 [INFO] 已写入 10000 行到 dwd_user_capture_detail
2025-09-28 14:52:00 [INFO] 已写入 10000 行到 dwd_user_capture_detail
2025-09-28 14:52:00 [INFO] 已写入 10000 行到 dwd_user_capture_detail
2025-09-28 14:52:00 [INFO] 已写入 10000 行到 dwd_user_capture_detail
2025-09-28 14:52:00 [INFO] 已写入 10000 行到 dwd_user_capture_detail
2025-09-28 14:52:01 [INFO] 已写入 10000 行到 dwd_user_capture_detail
2025-09-28 14:52:01 [INFO] 已写入 10000 行到 dwd_user_capture_detail
2025-09-28 14:52:01 [INFO] 已写入 10000 行到 dwd_user_capture_detail
2025-09-28 14:52:01 [INFO] 已写入 10000 行到 dwd_user_capture_detail
2025-09-28 14:52:02 [INFO] 已写入 10000 行到 dwd_user_capture_detail
2025-09-28 14:52:02 [INFO] 已写入 10000 行到 dwd_user_capture_detail
2025-09-28 14:52:02 [INFO] 已写入 10000 行到 dwd_user_capture_detail
2025-09-28 14:52:03 [INFO] 已写入 10000 行到 dwd_user_capture_detail
2025-09-28 14:52:03 [INFO] 已写入 10000 行到 dwd_user_capture_detail
2025-09-28 14:52:03 [INFO] 已写入 10000 行到 dwd_user_capture_detail
2025-09-28 14:52:03 [INFO] 已写入 10000 行到 dwd_user_capture_detail
2025-09-28 14:52:03 [INFO] 已写入 10000 行到 dwd_user_capture_detail
2025-09-28 14:52:04 [INFO] 已写入 10000 行到 dwd_user_capture_detail
2025-09-28 14:52:04 [INFO] 已写入 10000 行到 dwd_user_capture_detail
2025-09-28 14:52:04 [INFO] 已写入 10000 行到 dwd_user_capture_detail
2025-09-28 14:52:05 [INFO] 已写入 10000 行到 dwd_user_capture_detail
2025-09-28 14:52:05 [INFO] 已写入 10000 行到 dwd_user_capture_detail
2025-09-28 14:52:05 [INFO] 已写入 3351 行到 dwd_user_capture_detail
2025-09-28 14:52:05 [INFO] 2025-08-26 已执行完成删除 dwd_user_capture_detail  的数据
2025-09-28 14:52:06 [INFO] 已写入 10000 行到 dwd_user_capture_detail
2025-09-28 14:52:06 [INFO] 已写入 10000 行到 dwd_user_capture_detail
2025-09-28 14:52:06 [INFO] 已写入 10000 行到 dwd_user_capture_detail
2025-09-28 14:52:06 [INFO] 已写入 10000 行到 dwd_user_capture_detail
2025-09-28 14:52:07 [INFO] 已写入 10000 行到 dwd_user_capture_detail
2025-09-28 14:52:07 [INFO] 已写入 10000 行到 dwd_user_capture_detail
2025-09-28 14:52:07 [INFO] 已写入 10000 行到 dwd_user_capture_detail
2025-09-28 14:52:08 [INFO] 已写入 10000 行到 dwd_user_capture_detail
2025-09-28 14:52:08 [INFO] 已写入 10000 行到 dwd_user_capture_detail
2025-09-28 14:52:08 [INFO] 已写入 10000 行到 dwd_user_capture_detail
2025-09-28 14:52:08 [INFO] 已写入 10000 行到 dwd_user_capture_detail
2025-09-28 14:52:08 [INFO] 已写入 10000 行到 dwd_user_capture_detail
2025-09-28 14:52:08 [INFO] 已写入 10000 行到 dwd_user_capture_detail
2025-09-28 14:52:09 [INFO] 已写入 10000 行到 dwd_user_capture_detail
2025-09-28 14:52:09 [INFO] 已写入 10000 行到 dwd_user_capture_detail
2025-09-28 14:52:09 [INFO] 已写入 10000 行到 dwd_user_capture_detail
2025-09-28 14:52:10 [INFO] 已写入 10000 行到 dwd_user_capture_detail
2025-09-28 14:52:10 [INFO] 已写入 10000 行到 dwd_user_capture_detail
2025-09-28 14:52:10 [INFO] 已写入 10000 行到 dwd_user_capture_detail
2025-09-28 14:52:11 [INFO] 已写入 10000 行到 dwd_user_capture_detail
2025-09-28 14:52:11 [INFO] 已写入 10000 行到 dwd_user_capture_detail
2025-09-28 14:52:11 [INFO] 已写入 10000 行到 dwd_user_capture_detail
2025-09-28 14:52:11 [INFO] 已写入 10000 行到 dwd_user_capture_detail
2025-09-28 14:52:11 [INFO] 已写入 4051 行到 dwd_user_capture_detail
2025-09-28 14:52:11 [INFO] 2025-08-27 已执行完成删除 dwd_user_capture_detail  的数据
2025-09-28 14:52:12 [INFO] 已写入 10000 行到 dwd_user_capture_detail
2025-09-28 14:52:12 [INFO] 已写入 10000 行到 dwd_user_capture_detail
2025-09-28 14:52:13 [INFO] 已写入 10000 行到 dwd_user_capture_detail
2025-09-28 14:52:13 [INFO] 已写入 10000 行到 dwd_user_capture_detail
2025-09-28 14:52:13 [INFO] 已写入 10000 行到 dwd_user_capture_detail
2025-09-28 14:52:13 [INFO] 已写入 10000 行到 dwd_user_capture_detail
2025-09-28 14:52:14 [INFO] 已写入 10000 行到 dwd_user_capture_detail
2025-09-28 14:52:14 [INFO] 已写入 10000 行到 dwd_user_capture_detail
2025-09-28 14:52:14 [INFO] 已写入 10000 行到 dwd_user_capture_detail
2025-09-28 14:52:14 [INFO] 已写入 10000 行到 dwd_user_capture_detail
2025-09-28 14:52:15 [INFO] 已写入 10000 行到 dwd_user_capture_detail
2025-09-28 14:52:15 [INFO] 已写入 10000 行到 dwd_user_capture_detail
2025-09-28 14:52:15 [INFO] 已写入 10000 行到 dwd_user_capture_detail
2025-09-28 14:52:16 [INFO] 已写入 10000 行到 dwd_user_capture_detail
2025-09-28 14:52:16 [INFO] 已写入 10000 行到 dwd_user_capture_detail
2025-09-28 14:52:16 [INFO] 已写入 10000 行到 dwd_user_capture_detail
2025-09-28 14:52:16 [INFO] 已写入 10000 行到 dwd_user_capture_detail
2025-09-28 14:52:16 [INFO] 已写入 10000 行到 dwd_user_capture_detail
2025-09-28 14:52:17 [INFO] 已写入 10000 行到 dwd_user_capture_detail
2025-09-28 14:52:17 [INFO] 已写入 10000 行到 dwd_user_capture_detail
2025-09-28 14:52:17 [INFO] 已写入 10000 行到 dwd_user_capture_detail
2025-09-28 14:52:17 [INFO] 已写入 10000 行到 dwd_user_capture_detail
2025-09-28 14:52:18 [INFO] 已写入 10000 行到 dwd_user_capture_detail
2025-09-28 14:52:18 [INFO] 已写入 9168 行到 dwd_user_capture_detail
2025-09-28 15:19:28 [INFO] 2025-08-25 已执行完成删除 dwd_user_capture_detail  的数据
2025-09-28 15:19:29 [INFO] 已写入 10000 行到 dwd_user_capture_detail
2025-09-28 15:19:29 [INFO] 已写入 10000 行到 dwd_user_capture_detail
2025-09-28 15:19:29 [INFO] 已写入 10000 行到 dwd_user_capture_detail
2025-09-28 15:19:29 [INFO] 已写入 10000 行到 dwd_user_capture_detail
2025-09-28 15:19:29 [INFO] 已写入 10000 行到 dwd_user_capture_detail
2025-09-28 15:19:30 [INFO] 已写入 10000 行到 dwd_user_capture_detail
2025-09-28 15:19:30 [INFO] 已写入 10000 行到 dwd_user_capture_detail
2025-09-28 15:19:30 [INFO] 已写入 10000 行到 dwd_user_capture_detail
2025-09-28 15:19:31 [INFO] 已写入 10000 行到 dwd_user_capture_detail
2025-09-28 15:19:31 [INFO] 已写入 10000 行到 dwd_user_capture_detail
2025-09-28 15:19:31 [INFO] 已写入 10000 行到 dwd_user_capture_detail
2025-09-28 15:19:31 [INFO] 已写入 10000 行到 dwd_user_capture_detail
2025-09-28 15:19:31 [INFO] 已写入 10000 行到 dwd_user_capture_detail
2025-09-28 15:19:32 [INFO] 已写入 10000 行到 dwd_user_capture_detail
2025-09-28 15:19:32 [INFO] 已写入 10000 行到 dwd_user_capture_detail
2025-09-28 15:19:32 [INFO] 已写入 10000 行到 dwd_user_capture_detail
2025-09-28 15:19:32 [INFO] 已写入 10000 行到 dwd_user_capture_detail
2025-09-28 15:19:33 [INFO] 已写入 10000 行到 dwd_user_capture_detail
2025-09-28 15:19:33 [INFO] 已写入 1956 行到 dwd_user_capture_detail
2025-09-28 15:19:33 [INFO] 2025-08-26 已执行完成删除 dwd_user_capture_detail  的数据
2025-09-28 15:19:34 [INFO] 已写入 10000 行到 dwd_user_capture_detail
2025-09-28 15:19:34 [INFO] 已写入 10000 行到 dwd_user_capture_detail
2025-09-28 15:19:34 [INFO] 已写入 10000 行到 dwd_user_capture_detail
2025-09-28 15:19:34 [INFO] 已写入 10000 行到 dwd_user_capture_detail
2025-09-28 15:19:34 [INFO] 已写入 10000 行到 dwd_user_capture_detail
2025-09-28 15:19:35 [INFO] 已写入 10000 行到 dwd_user_capture_detail
2025-09-28 15:19:35 [INFO] 已写入 10000 行到 dwd_user_capture_detail
2025-09-28 15:19:35 [INFO] 已写入 10000 行到 dwd_user_capture_detail
2025-09-28 15:19:36 [INFO] 已写入 10000 行到 dwd_user_capture_detail
2025-09-28 15:19:36 [INFO] 已写入 10000 行到 dwd_user_capture_detail
2025-09-28 15:19:36 [INFO] 已写入 10000 行到 dwd_user_capture_detail
2025-09-28 15:19:36 [INFO] 已写入 10000 行到 dwd_user_capture_detail
2025-09-28 15:19:36 [INFO] 已写入 10000 行到 dwd_user_capture_detail
2025-09-28 15:19:37 [INFO] 已写入 10000 行到 dwd_user_capture_detail
2025-09-28 15:19:37 [INFO] 已写入 10000 行到 dwd_user_capture_detail
2025-09-28 15:19:37 [INFO] 已写入 10000 行到 dwd_user_capture_detail
2025-09-28 15:19:38 [INFO] 已写入 10000 行到 dwd_user_capture_detail
2025-09-28 15:19:38 [INFO] 已写入 10000 行到 dwd_user_capture_detail
2025-09-28 15:19:38 [INFO] 已写入 9202 行到 dwd_user_capture_detail
2025-09-28 15:19:38 [INFO] 2025-08-27 已执行完成删除 dwd_user_capture_detail  的数据
2025-09-28 15:19:39 [INFO] 已写入 10000 行到 dwd_user_capture_detail
2025-09-28 15:19:39 [INFO] 已写入 10000 行到 dwd_user_capture_detail
2025-09-28 15:19:39 [INFO] 已写入 10000 行到 dwd_user_capture_detail
2025-09-28 15:19:39 [INFO] 已写入 10000 行到 dwd_user_capture_detail
2025-09-28 15:19:40 [INFO] 已写入 10000 行到 dwd_user_capture_detail
2025-09-28 15:19:40 [INFO] 已写入 10000 行到 dwd_user_capture_detail
2025-09-28 15:19:40 [INFO] 已写入 10000 行到 dwd_user_capture_detail
2025-09-28 15:19:41 [INFO] 已写入 10000 行到 dwd_user_capture_detail
2025-09-28 15:19:41 [INFO] 已写入 10000 行到 dwd_user_capture_detail
2025-09-28 15:19:41 [INFO] 已写入 10000 行到 dwd_user_capture_detail
2025-09-28 15:19:41 [INFO] 已写入 10000 行到 dwd_user_capture_detail
2025-09-28 15:19:41 [INFO] 已写入 10000 行到 dwd_user_capture_detail
2025-09-28 15:19:42 [INFO] 已写入 10000 行到 dwd_user_capture_detail
2025-09-28 15:19:42 [INFO] 已写入 10000 行到 dwd_user_capture_detail
2025-09-28 15:19:42 [INFO] 已写入 10000 行到 dwd_user_capture_detail
2025-09-28 15:19:42 [INFO] 已写入 10000 行到 dwd_user_capture_detail
2025-09-28 15:19:43 [INFO] 已写入 10000 行到 dwd_user_capture_detail
2025-09-28 15:19:43 [INFO] 已写入 10000 行到 dwd_user_capture_detail
2025-09-28 15:19:43 [INFO] 已写入 2874 行到 dwd_user_capture_detail
2025-09-28 18:13:27 [INFO] 2025-08-25 已执行完成删除 dwd_user_capture_detail  的数据
2025-09-28 18:13:29 [INFO] 已写入 100000 行到 dwd_user_capture_detail
2025-09-28 18:13:30 [INFO] 已写入 81956 行到 dwd_user_capture_detail
2025-09-28 18:13:30 [INFO] 2025-08-26 已执行完成删除 dwd_user_capture_detail  的数据
2025-09-28 18:13:32 [INFO] 已写入 100000 行到 dwd_user_capture_detail
2025-09-28 18:13:33 [INFO] 已写入 89202 行到 dwd_user_capture_detail
2025-09-28 18:13:33 [INFO] 2025-08-27 已执行完成删除 dwd_user_capture_detail  的数据
2025-09-28 18:13:35 [INFO] 已写入 100000 行到 dwd_user_capture_detail
2025-09-28 18:13:36 [INFO] 已写入 82874 行到 dwd_user_capture_detail
