2025-10-22 18:38:28 [ERROR] 执行delete语句出错: ServerException: Code: 47.
DB::Exception: Missing columns: 'date' while processing: 'isZeroOrNull(date = '2025-08-25'), _block_number, _part_offset, _disk_name, _sample_factor, _block_offset, _part_uuid, _part_starting_offset, _part_index, _part, _part_granule_offset, visitor_num, region_id, member_tier, date_casino_hour, region_type, profile_type, batch_time, Age_range, _part_data_version, region_name, _partition_id, date_casino, gender', required columns: '_block_number' '_part_index' '_part' '_part_uuid' '_block_offset' '_part_granule_offset' '_part_offset' 'visitor_num' 'date' 'region_id' 'member_tier' 'date_casino_hour' '_sample_factor' '_partition_id' 'profile_type' 'region_type' 'batch_time' 'gender' 'region_name' '_part_starting_offset' '_part_data_version' 'Age_range' 'date_casino' '_disk_name', maybe you meant: 'visitor_num', 'region_id', 'member_tier', 'date_casino_hour', 'profile_type', 'region_type', 'batch_time', 'gender', 'region_name', 'Age_range' or 'date_casino'. Stack trace:

0. DB::Exception::Exception(DB::Exception::MessageMasked&&, int, bool) @ 0x00000000127c721b
1. DB::Exception::Exception(PreformattedMessage&&, int) @ 0x000000000bfd62cc
2. DB::TreeRewriterResult::collectUsedColumns(std::shared_ptr<DB::IAST> const&, bool, bool) @ 0x0000000016ff7fa0
3. DB::TreeRewriter::analyze(std::shared_ptr<DB::IAST>&, DB::NamesAndTypesList const&, std::shared_ptr<DB::IStorage const>, std::shared_ptr<DB::StorageSnapshot> const&, bool, bool, bool, bool) const @ 0x0000000017002c77
4. DB::MutationsInterpreter::prepareMutationStages(std::vector<DB::MutationsInterpreter::Stage, std::allocator<DB::MutationsInterpreter::Stage>>&, bool) @ 0x0000000016d912bb
5. DB::MutationsInterpreter::prepare(bool) @ 0x0000000016d8c317
6. DB::MutationsInterpreter::MutationsInterpreter(std::shared_ptr<DB::IStorage>, std::shared_ptr<DB::StorageInMemoryMetadata const>, DB::MutationCommands, std::shared_ptr<DB::Context const>, DB::MutationsInterpreter::Settings) @ 0x0000000016d8291b
7. DB::InterpreterAlterQuery::executeToTable(DB::ASTAlterQuery const&) @ 0x0000000016c4ecca
8. DB::InterpreterAlterQuery::execute() @ 0x0000000016c4baad
9. DB::executeQueryImpl(char const*, char const*, std::shared_ptr<DB::Context>, DB::QueryFlags, DB::QueryProcessingStage::Enum, DB::ReadBuffer*, std::shared_ptr<DB::IAST>&, std::shared_ptr<DB::ImplicitTransactionControlExecutor>) @ 0x0000000017094b13
10. DB::executeQuery(String const&, std::shared_ptr<DB::Context>, DB::QueryFlags, DB::QueryProcessingStage::Enum) @ 0x000000001708e480
11. DB::TCPHandler::runImpl() @ 0x000000001851f0cc
12. DB::TCPHandler::run() @ 0x000000001853eab8
13. Poco::Net::TCPServerConnection::start() @ 0x000000001d89cb27
14. Poco::Net::TCPServerDispatcher::run() @ 0x000000001d89cf79
15. Poco::PooledThread::run() @ 0x000000001d868207
16. Poco::ThreadImpl::runnableEntry(void*) @ 0x000000001d8667a1
17. ? @ 0x0000000000094ac3
18. ? @ 0x0000000000125a04

2025-10-22 18:38:29 [INFO] 已写入 3227 行到 dws_visitation_hourly_casino
2025-10-22 18:38:29 [ERROR] 执行delete语句出错: ServerException: Code: 47.
DB::Exception: Missing columns: 'date' while processing: 'isZeroOrNull(date = '2025-08-26'), _block_number, _part_offset, _disk_name, _sample_factor, _block_offset, _part_uuid, _part_starting_offset, _part_index, _part, _part_granule_offset, visitor_num, region_id, member_tier, date_casino_hour, region_type, profile_type, batch_time, Age_range, _part_data_version, region_name, _partition_id, date_casino, gender', required columns: '_block_number' '_part_index' '_part' '_part_uuid' '_block_offset' '_part_granule_offset' '_part_offset' 'visitor_num' 'date' 'region_id' 'member_tier' 'date_casino_hour' '_sample_factor' '_partition_id' 'profile_type' 'region_type' 'batch_time' 'gender' 'region_name' '_part_starting_offset' '_part_data_version' 'Age_range' 'date_casino' '_disk_name', maybe you meant: 'visitor_num', 'region_id', 'member_tier', 'date_casino_hour', 'profile_type', 'region_type', 'batch_time', 'gender', 'region_name', 'Age_range' or 'date_casino'. Stack trace:

0. DB::Exception::Exception(DB::Exception::MessageMasked&&, int, bool) @ 0x00000000127c721b
1. DB::Exception::Exception(PreformattedMessage&&, int) @ 0x000000000bfd62cc
2. DB::TreeRewriterResult::collectUsedColumns(std::shared_ptr<DB::IAST> const&, bool, bool) @ 0x0000000016ff7fa0
3. DB::TreeRewriter::analyze(std::shared_ptr<DB::IAST>&, DB::NamesAndTypesList const&, std::shared_ptr<DB::IStorage const>, std::shared_ptr<DB::StorageSnapshot> const&, bool, bool, bool, bool) const @ 0x0000000017002c77
4. DB::MutationsInterpreter::prepareMutationStages(std::vector<DB::MutationsInterpreter::Stage, std::allocator<DB::MutationsInterpreter::Stage>>&, bool) @ 0x0000000016d912bb
5. DB::MutationsInterpreter::prepare(bool) @ 0x0000000016d8c317
6. DB::MutationsInterpreter::MutationsInterpreter(std::shared_ptr<DB::IStorage>, std::shared_ptr<DB::StorageInMemoryMetadata const>, DB::MutationCommands, std::shared_ptr<DB::Context const>, DB::MutationsInterpreter::Settings) @ 0x0000000016d8291b
7. DB::InterpreterAlterQuery::executeToTable(DB::ASTAlterQuery const&) @ 0x0000000016c4ecca
8. DB::InterpreterAlterQuery::execute() @ 0x0000000016c4baad
9. DB::executeQueryImpl(char const*, char const*, std::shared_ptr<DB::Context>, DB::QueryFlags, DB::QueryProcessingStage::Enum, DB::ReadBuffer*, std::shared_ptr<DB::IAST>&, std::shared_ptr<DB::ImplicitTransactionControlExecutor>) @ 0x0000000017094b13
10. DB::executeQuery(String const&, std::shared_ptr<DB::Context>, DB::QueryFlags, DB::QueryProcessingStage::Enum) @ 0x000000001708e480
11. DB::TCPHandler::runImpl() @ 0x000000001851f0cc
12. DB::TCPHandler::run() @ 0x000000001853eab8
13. Poco::Net::TCPServerConnection::start() @ 0x000000001d89cb27
14. Poco::Net::TCPServerDispatcher::run() @ 0x000000001d89cf79
15. Poco::PooledThread::run() @ 0x000000001d868207
16. Poco::ThreadImpl::runnableEntry(void*) @ 0x000000001d8667a1
17. ? @ 0x0000000000094ac3
18. ? @ 0x0000000000125a04

2025-10-22 18:38:29 [INFO] 已写入 3064 行到 dws_visitation_hourly_casino
2025-10-22 18:38:29 [ERROR] 执行delete语句出错: ServerException: Code: 47.
DB::Exception: Missing columns: 'date' while processing: 'isZeroOrNull(date = '2025-08-27'), _block_number, _part_offset, _disk_name, _sample_factor, _block_offset, _part_uuid, _part_starting_offset, _part_index, _part, _part_granule_offset, visitor_num, region_id, member_tier, date_casino_hour, region_type, profile_type, batch_time, Age_range, _part_data_version, region_name, _partition_id, date_casino, gender', required columns: '_block_number' '_part_index' '_part' '_part_uuid' '_block_offset' '_part_granule_offset' '_part_offset' 'visitor_num' 'date' 'region_id' 'member_tier' 'date_casino_hour' '_sample_factor' '_partition_id' 'profile_type' 'region_type' 'batch_time' 'gender' 'region_name' '_part_starting_offset' '_part_data_version' 'Age_range' 'date_casino' '_disk_name', maybe you meant: 'visitor_num', 'region_id', 'member_tier', 'date_casino_hour', 'profile_type', 'region_type', 'batch_time', 'gender', 'region_name', 'Age_range' or 'date_casino'. Stack trace:

0. DB::Exception::Exception(DB::Exception::MessageMasked&&, int, bool) @ 0x00000000127c721b
1. DB::Exception::Exception(PreformattedMessage&&, int) @ 0x000000000bfd62cc
2. DB::TreeRewriterResult::collectUsedColumns(std::shared_ptr<DB::IAST> const&, bool, bool) @ 0x0000000016ff7fa0
3. DB::TreeRewriter::analyze(std::shared_ptr<DB::IAST>&, DB::NamesAndTypesList const&, std::shared_ptr<DB::IStorage const>, std::shared_ptr<DB::StorageSnapshot> const&, bool, bool, bool, bool) const @ 0x0000000017002c77
4. DB::MutationsInterpreter::prepareMutationStages(std::vector<DB::MutationsInterpreter::Stage, std::allocator<DB::MutationsInterpreter::Stage>>&, bool) @ 0x0000000016d912bb
5. DB::MutationsInterpreter::prepare(bool) @ 0x0000000016d8c317
6. DB::MutationsInterpreter::MutationsInterpreter(std::shared_ptr<DB::IStorage>, std::shared_ptr<DB::StorageInMemoryMetadata const>, DB::MutationCommands, std::shared_ptr<DB::Context const>, DB::MutationsInterpreter::Settings) @ 0x0000000016d8291b
7. DB::InterpreterAlterQuery::executeToTable(DB::ASTAlterQuery const&) @ 0x0000000016c4ecca
8. DB::InterpreterAlterQuery::execute() @ 0x0000000016c4baad
9. DB::executeQueryImpl(char const*, char const*, std::shared_ptr<DB::Context>, DB::QueryFlags, DB::QueryProcessingStage::Enum, DB::ReadBuffer*, std::shared_ptr<DB::IAST>&, std::shared_ptr<DB::ImplicitTransactionControlExecutor>) @ 0x0000000017094b13
10. DB::executeQuery(String const&, std::shared_ptr<DB::Context>, DB::QueryFlags, DB::QueryProcessingStage::Enum) @ 0x000000001708e480
11. DB::TCPHandler::runImpl() @ 0x000000001851f0cc
12. DB::TCPHandler::run() @ 0x000000001853eab8
13. Poco::Net::TCPServerConnection::start() @ 0x000000001d89cb27
14. Poco::Net::TCPServerDispatcher::run() @ 0x000000001d89cf79
15. Poco::PooledThread::run() @ 0x000000001d868207
16. Poco::ThreadImpl::runnableEntry(void*) @ 0x000000001d8667a1
17. ? @ 0x0000000000094ac3
18. ? @ 0x0000000000125a04

2025-10-22 18:38:29 [INFO] 已写入 2680 行到 dws_visitation_hourly_casino
2025-10-22 18:39:20 [INFO] 2025-08-25 已执行完成删除 dws_visitation_hourly_casino  的数据
2025-10-22 18:39:20 [INFO] 已写入 3227 行到 dws_visitation_hourly_casino
2025-10-22 18:39:20 [INFO] 2025-08-26 已执行完成删除 dws_visitation_hourly_casino  的数据
2025-10-22 18:39:21 [INFO] 已写入 3064 行到 dws_visitation_hourly_casino
2025-10-22 18:39:21 [INFO] 2025-08-27 已执行完成删除 dws_visitation_hourly_casino  的数据
2025-10-22 18:39:21 [INFO] 已写入 2680 行到 dws_visitation_hourly_casino
2025-10-23 10:38:36 [INFO] 2025-08-25 已执行完成删除 dws_visitation_hourly_casino  的数据
2025-10-23 10:38:36 [INFO] 已写入 3227 行到 dws_visitation_hourly_casino
2025-10-23 10:38:36 [INFO] 2025-08-26 已执行完成删除 dws_visitation_hourly_casino  的数据
2025-10-23 10:38:37 [INFO] 已写入 3064 行到 dws_visitation_hourly_casino
2025-10-23 10:38:37 [INFO] 2025-08-27 已执行完成删除 dws_visitation_hourly_casino  的数据
2025-10-23 10:38:37 [INFO] 已写入 2680 行到 dws_visitation_hourly_casino
2025-10-23 11:24:44 [INFO] 2025-08-25 已执行完成删除 dws_visitation_hourly_casino  的数据
2025-10-23 11:24:44 [INFO] 已写入 3227 行到 dws_visitation_hourly_casino
2025-10-23 11:24:44 [INFO] 2025-08-26 已执行完成删除 dws_visitation_hourly_casino  的数据
2025-10-23 11:24:44 [INFO] 已写入 3064 行到 dws_visitation_hourly_casino
2025-10-23 11:24:45 [INFO] 2025-08-27 已执行完成删除 dws_visitation_hourly_casino  的数据
2025-10-23 11:24:45 [INFO] 已写入 2680 行到 dws_visitation_hourly_casino
