2025-09-11 18:19:51 [INFO] 2025-08-25 已执行完成删除 dws_visitation_analytics_and_casino_entrances  的数据
2025-09-11 18:19:51 [INFO] 2025-08-25已写入 到  dws_visitation_analytics_and_casino_entrances
2025-09-11 18:19:51 [INFO] 2025-08-26 已执行完成删除 dws_visitation_analytics_and_casino_entrances  的数据
2025-09-11 18:19:52 [INFO] 2025-08-26已写入 到  dws_visitation_analytics_and_casino_entrances
2025-09-11 18:19:52 [INFO] 2025-08-27 已执行完成删除 dws_visitation_analytics_and_casino_entrances  的数据
2025-09-11 18:19:52 [INFO] 2025-08-27已写入 到  dws_visitation_analytics_and_casino_entrances
2025-09-11 18:20:49 [INFO] 2025-08-25 已执行完成删除 dws_visitation_analytics_and_casino_entrances  的数据
2025-09-11 18:20:49 [INFO] 2025-08-25已写入 到  dws_visitation_analytics_and_casino_entrances
2025-09-11 18:20:49 [INFO] 2025-08-26 已执行完成删除 dws_visitation_analytics_and_casino_entrances  的数据
2025-09-11 18:20:49 [INFO] 2025-08-26已写入 到  dws_visitation_analytics_and_casino_entrances
2025-09-11 18:20:49 [INFO] 2025-08-27 已执行完成删除 dws_visitation_analytics_and_casino_entrances  的数据
2025-09-11 18:20:49 [INFO] 2025-08-27已写入 到  dws_visitation_analytics_and_casino_entrances
2025-09-18 17:37:03 [INFO] 2025-08-25 已执行完成删除 dws_visitation_analytics_and_casino_entrances  的数据
2025-09-18 17:37:10 [INFO] 2025-08-25 已执行完成删除 dws_visitation_analytics_and_casino_entrances  的数据
2025-09-18 17:37:10 [INFO] 已写入 310 行到 dws_visitation_analytics_and_casino_entrances
2025-09-18 17:37:10 [INFO] 2025-08-26 已执行完成删除 dws_visitation_analytics_and_casino_entrances  的数据
2025-09-18 17:37:10 [INFO] 已写入 310 行到 dws_visitation_analytics_and_casino_entrances
2025-09-18 17:37:11 [INFO] 2025-08-27 已执行完成删除 dws_visitation_analytics_and_casino_entrances  的数据
2025-09-18 17:37:11 [INFO] 已写入 312 行到 dws_visitation_analytics_and_casino_entrances
2025-09-22 14:58:05 [INFO] 2025-08-25 已执行完成删除 dws_visitation_analytics_and_casino_entrances  的数据
2025-09-22 14:58:06 [INFO] 已写入 310 行到 dws_visitation_analytics_and_casino_entrances
2025-09-22 14:58:06 [INFO] 2025-08-26 已执行完成删除 dws_visitation_analytics_and_casino_entrances  的数据
2025-09-22 14:58:06 [INFO] 已写入 310 行到 dws_visitation_analytics_and_casino_entrances
2025-09-22 14:58:06 [INFO] 2025-08-27 已执行完成删除 dws_visitation_analytics_and_casino_entrances  的数据
2025-09-22 14:58:06 [INFO] 已写入 312 行到 dws_visitation_analytics_and_casino_entrances
2025-09-25 18:03:19 [INFO] 2025-08-25 已执行完成删除 dws_visitation_analytics_and_casino_entrances  的数据
2025-09-25 18:03:39 [INFO] 2025-08-25 已执行完成删除 dws_visitation_analytics_and_casino_entrances  的数据
2025-09-25 18:03:54 [INFO] 2025-08-25 已执行完成删除 dws_visitation_analytics_and_casino_entrances  的数据
2025-09-25 18:03:55 [ERROR] 执行_insert_batch出错: ServerException: Code: 16.
DB::Exception: No such column t1.profile_id in table Facial.dws_visitation_analytics_and_casino_entrances (297f95cf-b598-4ccc-9865-f91d0d83f91b). Stack trace:

0. DB::Exception::Exception(DB::Exception::MessageMasked&&, int, bool) @ 0x00000000127c721b
1. DB::Exception::Exception(PreformattedMessage&&, int) @ 0x000000000bfd62cc
2. DB::Exception::Exception<String const&, String>(int, FormatStringHelperImpl<std::type_identity<String const&>::type, std::type_identity<String>::type>, String const&, String&&) @ 0x000000000cefe50b
3. DB::InterpreterInsertQuery::getSampleBlock(DB::ASTInsertQuery const&, std::shared_ptr<DB::IStorage> const&, std::shared_ptr<DB::StorageInMemoryMetadata const> const&, std::shared_ptr<DB::Context const>, bool, bool) @ 0x0000000016cb4517
4. DB::InterpreterInsertQuery::execute() @ 0x0000000016cb8f6c
5. DB::executeQueryImpl(char const*, char const*, std::shared_ptr<DB::Context>, DB::QueryFlags, DB::QueryProcessingStage::Enum, DB::ReadBuffer*, std::shared_ptr<DB::IAST>&, std::shared_ptr<DB::ImplicitTransactionControlExecutor>) @ 0x0000000017094b13
6. DB::executeQuery(String const&, std::shared_ptr<DB::Context>, DB::QueryFlags, DB::QueryProcessingStage::Enum) @ 0x000000001708e480
7. DB::TCPHandler::runImpl() @ 0x000000001851f0cc
8. DB::TCPHandler::run() @ 0x000000001853eab8
9. Poco::Net::TCPServerConnection::start() @ 0x000000001d89cb27
10. Poco::Net::TCPServerDispatcher::run() @ 0x000000001d89cf79
11. Poco::PooledThread::run() @ 0x000000001d868207
12. Poco::ThreadImpl::runnableEntry(void*) @ 0x000000001d8667a1
13. ? @ 0x0000000000094ac3
14. ? @ 0x0000000000125a04

2025-09-25 18:03:55 [ERROR] 执行_insert_batch出错: ServerException: Code: 16.
DB::Exception: No such column t1.profile_id in table Facial.dws_visitation_analytics_and_casino_entrances (297f95cf-b598-4ccc-9865-f91d0d83f91b). Stack trace:

0. DB::Exception::Exception(DB::Exception::MessageMasked&&, int, bool) @ 0x00000000127c721b
1. DB::Exception::Exception(PreformattedMessage&&, int) @ 0x000000000bfd62cc
2. DB::Exception::Exception<String const&, String>(int, FormatStringHelperImpl<std::type_identity<String const&>::type, std::type_identity<String>::type>, String const&, String&&) @ 0x000000000cefe50b
3. DB::InterpreterInsertQuery::getSampleBlock(DB::ASTInsertQuery const&, std::shared_ptr<DB::IStorage> const&, std::shared_ptr<DB::StorageInMemoryMetadata const> const&, std::shared_ptr<DB::Context const>, bool, bool) @ 0x0000000016cb4517
4. DB::InterpreterInsertQuery::execute() @ 0x0000000016cb8f6c
5. DB::executeQueryImpl(char const*, char const*, std::shared_ptr<DB::Context>, DB::QueryFlags, DB::QueryProcessingStage::Enum, DB::ReadBuffer*, std::shared_ptr<DB::IAST>&, std::shared_ptr<DB::ImplicitTransactionControlExecutor>) @ 0x0000000017094b13
6. DB::executeQuery(String const&, std::shared_ptr<DB::Context>, DB::QueryFlags, DB::QueryProcessingStage::Enum) @ 0x000000001708e480
7. DB::TCPHandler::runImpl() @ 0x000000001851f0cc
8. DB::TCPHandler::run() @ 0x000000001853eab8
9. Poco::Net::TCPServerConnection::start() @ 0x000000001d89cb27
10. Poco::Net::TCPServerDispatcher::run() @ 0x000000001d89cf79
11. Poco::PooledThread::run() @ 0x000000001d868207
12. Poco::ThreadImpl::runnableEntry(void*) @ 0x000000001d8667a1
13. ? @ 0x0000000000094ac3
14. ? @ 0x0000000000125a04

2025-09-25 18:03:55 [INFO] 2025-08-26 已执行完成删除 dws_visitation_analytics_and_casino_entrances  的数据
2025-09-25 18:03:55 [ERROR] 执行_insert_batch出错: ServerException: Code: 16.
DB::Exception: No such column t1.profile_id in table Facial.dws_visitation_analytics_and_casino_entrances (297f95cf-b598-4ccc-9865-f91d0d83f91b). Stack trace:

0. DB::Exception::Exception(DB::Exception::MessageMasked&&, int, bool) @ 0x00000000127c721b
1. DB::Exception::Exception(PreformattedMessage&&, int) @ 0x000000000bfd62cc
2. DB::Exception::Exception<String const&, String>(int, FormatStringHelperImpl<std::type_identity<String const&>::type, std::type_identity<String>::type>, String const&, String&&) @ 0x000000000cefe50b
3. DB::InterpreterInsertQuery::getSampleBlock(DB::ASTInsertQuery const&, std::shared_ptr<DB::IStorage> const&, std::shared_ptr<DB::StorageInMemoryMetadata const> const&, std::shared_ptr<DB::Context const>, bool, bool) @ 0x0000000016cb4517
4. DB::InterpreterInsertQuery::execute() @ 0x0000000016cb8f6c
5. DB::executeQueryImpl(char const*, char const*, std::shared_ptr<DB::Context>, DB::QueryFlags, DB::QueryProcessingStage::Enum, DB::ReadBuffer*, std::shared_ptr<DB::IAST>&, std::shared_ptr<DB::ImplicitTransactionControlExecutor>) @ 0x0000000017094b13
6. DB::executeQuery(String const&, std::shared_ptr<DB::Context>, DB::QueryFlags, DB::QueryProcessingStage::Enum) @ 0x000000001708e480
7. DB::TCPHandler::runImpl() @ 0x000000001851f0cc
8. DB::TCPHandler::run() @ 0x000000001853eab8
9. Poco::Net::TCPServerConnection::start() @ 0x000000001d89cb27
10. Poco::Net::TCPServerDispatcher::run() @ 0x000000001d89cf79
11. Poco::PooledThread::run() @ 0x000000001d868207
12. Poco::ThreadImpl::runnableEntry(void*) @ 0x000000001d8667a1
13. ? @ 0x0000000000094ac3
14. ? @ 0x0000000000125a04

2025-09-25 18:03:55 [ERROR] 执行_insert_batch出错: ServerException: Code: 16.
DB::Exception: No such column t1.profile_id in table Facial.dws_visitation_analytics_and_casino_entrances (297f95cf-b598-4ccc-9865-f91d0d83f91b). Stack trace:

0. DB::Exception::Exception(DB::Exception::MessageMasked&&, int, bool) @ 0x00000000127c721b
1. DB::Exception::Exception(PreformattedMessage&&, int) @ 0x000000000bfd62cc
2. DB::Exception::Exception<String const&, String>(int, FormatStringHelperImpl<std::type_identity<String const&>::type, std::type_identity<String>::type>, String const&, String&&) @ 0x000000000cefe50b
3. DB::InterpreterInsertQuery::getSampleBlock(DB::ASTInsertQuery const&, std::shared_ptr<DB::IStorage> const&, std::shared_ptr<DB::StorageInMemoryMetadata const> const&, std::shared_ptr<DB::Context const>, bool, bool) @ 0x0000000016cb4517
4. DB::InterpreterInsertQuery::execute() @ 0x0000000016cb8f6c
5. DB::executeQueryImpl(char const*, char const*, std::shared_ptr<DB::Context>, DB::QueryFlags, DB::QueryProcessingStage::Enum, DB::ReadBuffer*, std::shared_ptr<DB::IAST>&, std::shared_ptr<DB::ImplicitTransactionControlExecutor>) @ 0x0000000017094b13
6. DB::executeQuery(String const&, std::shared_ptr<DB::Context>, DB::QueryFlags, DB::QueryProcessingStage::Enum) @ 0x000000001708e480
7. DB::TCPHandler::runImpl() @ 0x000000001851f0cc
8. DB::TCPHandler::run() @ 0x000000001853eab8
9. Poco::Net::TCPServerConnection::start() @ 0x000000001d89cb27
10. Poco::Net::TCPServerDispatcher::run() @ 0x000000001d89cf79
11. Poco::PooledThread::run() @ 0x000000001d868207
12. Poco::ThreadImpl::runnableEntry(void*) @ 0x000000001d8667a1
13. ? @ 0x0000000000094ac3
14. ? @ 0x0000000000125a04

2025-09-25 18:03:55 [INFO] 2025-08-27 已执行完成删除 dws_visitation_analytics_and_casino_entrances  的数据
2025-09-25 18:03:56 [ERROR] 执行_insert_batch出错: ServerException: Code: 16.
DB::Exception: No such column t1.profile_id in table Facial.dws_visitation_analytics_and_casino_entrances (297f95cf-b598-4ccc-9865-f91d0d83f91b). Stack trace:

0. DB::Exception::Exception(DB::Exception::MessageMasked&&, int, bool) @ 0x00000000127c721b
1. DB::Exception::Exception(PreformattedMessage&&, int) @ 0x000000000bfd62cc
2. DB::Exception::Exception<String const&, String>(int, FormatStringHelperImpl<std::type_identity<String const&>::type, std::type_identity<String>::type>, String const&, String&&) @ 0x000000000cefe50b
3. DB::InterpreterInsertQuery::getSampleBlock(DB::ASTInsertQuery const&, std::shared_ptr<DB::IStorage> const&, std::shared_ptr<DB::StorageInMemoryMetadata const> const&, std::shared_ptr<DB::Context const>, bool, bool) @ 0x0000000016cb4517
4. DB::InterpreterInsertQuery::execute() @ 0x0000000016cb8f6c
5. DB::executeQueryImpl(char const*, char const*, std::shared_ptr<DB::Context>, DB::QueryFlags, DB::QueryProcessingStage::Enum, DB::ReadBuffer*, std::shared_ptr<DB::IAST>&, std::shared_ptr<DB::ImplicitTransactionControlExecutor>) @ 0x0000000017094b13
6. DB::executeQuery(String const&, std::shared_ptr<DB::Context>, DB::QueryFlags, DB::QueryProcessingStage::Enum) @ 0x000000001708e480
7. DB::TCPHandler::runImpl() @ 0x000000001851f0cc
8. DB::TCPHandler::run() @ 0x000000001853eab8
9. Poco::Net::TCPServerConnection::start() @ 0x000000001d89cb27
10. Poco::Net::TCPServerDispatcher::run() @ 0x000000001d89cf79
11. Poco::PooledThread::run() @ 0x000000001d868207
12. Poco::ThreadImpl::runnableEntry(void*) @ 0x000000001d8667a1
13. ? @ 0x0000000000094ac3
14. ? @ 0x0000000000125a04

2025-09-25 18:03:56 [ERROR] 执行_insert_batch出错: ServerException: Code: 16.
DB::Exception: No such column t1.profile_id in table Facial.dws_visitation_analytics_and_casino_entrances (297f95cf-b598-4ccc-9865-f91d0d83f91b). Stack trace:

0. DB::Exception::Exception(DB::Exception::MessageMasked&&, int, bool) @ 0x00000000127c721b
1. DB::Exception::Exception(PreformattedMessage&&, int) @ 0x000000000bfd62cc
2. DB::Exception::Exception<String const&, String>(int, FormatStringHelperImpl<std::type_identity<String const&>::type, std::type_identity<String>::type>, String const&, String&&) @ 0x000000000cefe50b
3. DB::InterpreterInsertQuery::getSampleBlock(DB::ASTInsertQuery const&, std::shared_ptr<DB::IStorage> const&, std::shared_ptr<DB::StorageInMemoryMetadata const> const&, std::shared_ptr<DB::Context const>, bool, bool) @ 0x0000000016cb4517
4. DB::InterpreterInsertQuery::execute() @ 0x0000000016cb8f6c
5. DB::executeQueryImpl(char const*, char const*, std::shared_ptr<DB::Context>, DB::QueryFlags, DB::QueryProcessingStage::Enum, DB::ReadBuffer*, std::shared_ptr<DB::IAST>&, std::shared_ptr<DB::ImplicitTransactionControlExecutor>) @ 0x0000000017094b13
6. DB::executeQuery(String const&, std::shared_ptr<DB::Context>, DB::QueryFlags, DB::QueryProcessingStage::Enum) @ 0x000000001708e480
7. DB::TCPHandler::runImpl() @ 0x000000001851f0cc
8. DB::TCPHandler::run() @ 0x000000001853eab8
9. Poco::Net::TCPServerConnection::start() @ 0x000000001d89cb27
10. Poco::Net::TCPServerDispatcher::run() @ 0x000000001d89cf79
11. Poco::PooledThread::run() @ 0x000000001d868207
12. Poco::ThreadImpl::runnableEntry(void*) @ 0x000000001d8667a1
13. ? @ 0x0000000000094ac3
14. ? @ 0x0000000000125a04

2025-09-25 18:08:08 [INFO] 2025-08-25 已执行完成删除 dws_visitation_analytics_and_casino_entrances  的数据
2025-09-25 18:08:09 [ERROR] 执行_insert_batch出错: TypeMismatchError: Code: 53. Type mismatch in VALUES section. Repeat query with types_check=True for detailed info. Column stay_time: required argument is not an integer
2025-09-25 18:08:09 [ERROR] 执行_insert_batch出错: TypeMismatchError: Code: 53. Type mismatch in VALUES section. Repeat query with types_check=True for detailed info. Column stay_time: required argument is not an integer
2025-09-25 18:08:09 [INFO] 2025-08-26 已执行完成删除 dws_visitation_analytics_and_casino_entrances  的数据
2025-09-25 18:08:09 [ERROR] 执行_insert_batch出错: TypeMismatchError: Code: 53. Type mismatch in VALUES section. Repeat query with types_check=True for detailed info. Column stay_time: required argument is not an integer
2025-09-25 18:08:09 [ERROR] 执行_insert_batch出错: TypeMismatchError: Code: 53. Type mismatch in VALUES section. Repeat query with types_check=True for detailed info. Column stay_time: required argument is not an integer
2025-09-25 18:08:10 [INFO] 2025-08-27 已执行完成删除 dws_visitation_analytics_and_casino_entrances  的数据
2025-09-25 18:08:10 [ERROR] 执行_insert_batch出错: TypeMismatchError: Code: 53. Type mismatch in VALUES section. Repeat query with types_check=True for detailed info. Column stay_time: required argument is not an integer
2025-09-25 18:08:10 [ERROR] 执行_insert_batch出错: TypeMismatchError: Code: 53. Type mismatch in VALUES section. Repeat query with types_check=True for detailed info. Column stay_time: required argument is not an integer
2025-09-25 18:09:36 [INFO] 2025-08-25 已执行完成删除 dws_visitation_analytics_and_casino_entrances  的数据
2025-09-25 18:09:37 [ERROR] 执行_insert_batch出错: TypeMismatchError: Code: 53. Type mismatch in VALUES section. Repeat query with types_check=True for detailed info. Column is_less15min_visitor: required argument is not an integer
2025-09-25 18:09:37 [ERROR] 执行_insert_batch出错: TypeMismatchError: Code: 53. Type mismatch in VALUES section. Repeat query with types_check=True for detailed info. Column is_less15min_visitor: required argument is not an integer
2025-09-25 18:09:37 [INFO] 2025-08-26 已执行完成删除 dws_visitation_analytics_and_casino_entrances  的数据
2025-09-25 18:09:37 [ERROR] 执行_insert_batch出错: TypeMismatchError: Code: 53. Type mismatch in VALUES section. Repeat query with types_check=True for detailed info. Column is_less15min_visitor: required argument is not an integer
2025-09-25 18:09:38 [ERROR] 执行_insert_batch出错: TypeMismatchError: Code: 53. Type mismatch in VALUES section. Repeat query with types_check=True for detailed info. Column is_less15min_visitor: required argument is not an integer
2025-09-25 18:09:38 [INFO] 2025-08-27 已执行完成删除 dws_visitation_analytics_and_casino_entrances  的数据
2025-09-25 18:09:38 [ERROR] 执行_insert_batch出错: TypeMismatchError: Code: 53. Type mismatch in VALUES section. Repeat query with types_check=True for detailed info. Column is_less15min_visitor: required argument is not an integer
2025-09-25 18:09:38 [ERROR] 执行_insert_batch出错: TypeMismatchError: Code: 53. Type mismatch in VALUES section. Repeat query with types_check=True for detailed info. Column is_less15min_visitor: required argument is not an integer
2025-09-25 18:15:38 [INFO] 2025-08-25 已执行完成删除 dws_visitation_analytics_and_casino_entrances  的数据
2025-09-25 18:15:39 [ERROR] 执行_insert_batch出错: TypeMismatchError: Code: 53. Type mismatch in VALUES section. Repeat query with types_check=True for detailed info. Column is_less15min_visitor: required argument is not an integer
2025-09-25 18:15:39 [ERROR] 执行_insert_batch出错: TypeMismatchError: Code: 53. Type mismatch in VALUES section. Repeat query with types_check=True for detailed info. Column is_less15min_visitor: required argument is not an integer
2025-09-25 18:15:39 [INFO] 2025-08-26 已执行完成删除 dws_visitation_analytics_and_casino_entrances  的数据
2025-09-25 18:15:40 [ERROR] 执行_insert_batch出错: TypeMismatchError: Code: 53. Type mismatch in VALUES section. Repeat query with types_check=True for detailed info. Column is_less15min_visitor: required argument is not an integer
2025-09-25 18:15:40 [ERROR] 执行_insert_batch出错: TypeMismatchError: Code: 53. Type mismatch in VALUES section. Repeat query with types_check=True for detailed info. Column is_less15min_visitor: required argument is not an integer
2025-09-25 18:15:40 [INFO] 2025-08-27 已执行完成删除 dws_visitation_analytics_and_casino_entrances  的数据
2025-09-25 18:15:40 [ERROR] 执行_insert_batch出错: TypeMismatchError: Code: 53. Type mismatch in VALUES section. Repeat query with types_check=True for detailed info. Column is_less15min_visitor: required argument is not an integer
2025-09-25 18:15:41 [ERROR] 执行_insert_batch出错: TypeMismatchError: Code: 53. Type mismatch in VALUES section. Repeat query with types_check=True for detailed info. Column is_less15min_visitor: required argument is not an integer
2025-09-25 18:16:53 [INFO] 2025-08-25 已执行完成删除 dws_visitation_analytics_and_casino_entrances  的数据
2025-09-25 18:16:54 [INFO] 已写入 10000 行到 dws_visitation_analytics_and_casino_entrances
2025-09-25 18:16:54 [INFO] 已写入 6155 行到 dws_visitation_analytics_and_casino_entrances
2025-09-25 18:16:54 [INFO] 2025-08-26 已执行完成删除 dws_visitation_analytics_and_casino_entrances  的数据
2025-09-25 18:16:55 [INFO] 已写入 10000 行到 dws_visitation_analytics_and_casino_entrances
2025-09-25 18:16:55 [INFO] 已写入 5939 行到 dws_visitation_analytics_and_casino_entrances
2025-09-25 18:16:55 [INFO] 2025-08-27 已执行完成删除 dws_visitation_analytics_and_casino_entrances  的数据
2025-09-25 18:16:56 [INFO] 已写入 10000 行到 dws_visitation_analytics_and_casino_entrances
2025-09-25 18:16:56 [INFO] 已写入 6238 行到 dws_visitation_analytics_and_casino_entrances
2025-09-26 16:05:47 [INFO] 2025-08-25 已执行完成删除 dws_visitation_analytics_and_casino_entrances  的数据
2025-09-26 16:06:25 [INFO] 2025-08-25 已执行完成删除 dws_visitation_analytics_and_casino_entrances  的数据
2025-09-26 16:06:26 [INFO] 已写入 10000 行到 dws_visitation_analytics_and_casino_entrances
2025-09-26 16:06:26 [INFO] 已写入 6155 行到 dws_visitation_analytics_and_casino_entrances
2025-09-26 16:06:26 [INFO] 2025-08-26 已执行完成删除 dws_visitation_analytics_and_casino_entrances  的数据
2025-09-26 16:06:27 [INFO] 已写入 10000 行到 dws_visitation_analytics_and_casino_entrances
2025-09-26 16:06:27 [INFO] 已写入 5939 行到 dws_visitation_analytics_and_casino_entrances
2025-09-26 16:06:27 [INFO] 2025-08-27 已执行完成删除 dws_visitation_analytics_and_casino_entrances  的数据
2025-09-26 16:06:28 [INFO] 已写入 10000 行到 dws_visitation_analytics_and_casino_entrances
2025-09-26 16:06:28 [INFO] 已写入 6238 行到 dws_visitation_analytics_and_casino_entrances
2025-09-26 16:43:18 [INFO] 2025-08-25 已执行完成删除 dws_visitation_analytics_and_casino_entrances  的数据
2025-09-26 16:43:19 [INFO] 已写入 10000 行到 dws_visitation_analytics_and_casino_entrances
2025-09-26 16:43:19 [INFO] 已写入 6155 行到 dws_visitation_analytics_and_casino_entrances
2025-09-26 16:43:19 [INFO] 2025-08-26 已执行完成删除 dws_visitation_analytics_and_casino_entrances  的数据
2025-09-26 16:43:19 [INFO] 已写入 10000 行到 dws_visitation_analytics_and_casino_entrances
2025-09-26 16:43:20 [INFO] 已写入 5939 行到 dws_visitation_analytics_and_casino_entrances
2025-09-26 16:43:20 [INFO] 2025-08-27 已执行完成删除 dws_visitation_analytics_and_casino_entrances  的数据
2025-09-26 16:43:20 [INFO] 已写入 10000 行到 dws_visitation_analytics_and_casino_entrances
2025-09-26 16:43:20 [INFO] 已写入 6238 行到 dws_visitation_analytics_and_casino_entrances
2025-09-26 17:45:02 [INFO] 2025-08-25 已执行完成删除 dws_visitation_analytics_and_casino_entrances  的数据
2025-09-26 17:45:02 [INFO] 已写入 10000 行到 dws_visitation_analytics_and_casino_entrances
2025-09-26 17:45:02 [INFO] 已写入 6155 行到 dws_visitation_analytics_and_casino_entrances
2025-09-26 17:45:02 [INFO] 2025-08-26 已执行完成删除 dws_visitation_analytics_and_casino_entrances  的数据
2025-09-26 17:45:03 [INFO] 已写入 10000 行到 dws_visitation_analytics_and_casino_entrances
2025-09-26 17:45:03 [INFO] 已写入 5939 行到 dws_visitation_analytics_and_casino_entrances
2025-09-26 17:45:03 [INFO] 2025-08-27 已执行完成删除 dws_visitation_analytics_and_casino_entrances  的数据
2025-09-26 17:45:04 [INFO] 已写入 10000 行到 dws_visitation_analytics_and_casino_entrances
2025-09-26 17:45:04 [INFO] 已写入 6238 行到 dws_visitation_analytics_and_casino_entrances
2025-09-26 17:45:36 [INFO] 2025-08-25 已执行完成删除 dws_visitation_analytics_and_casino_entrances  的数据
2025-09-26 17:45:36 [INFO] 已写入 10000 行到 dws_visitation_analytics_and_casino_entrances
2025-09-26 17:45:36 [INFO] 已写入 6155 行到 dws_visitation_analytics_and_casino_entrances
2025-09-26 17:45:36 [INFO] 2025-08-26 已执行完成删除 dws_visitation_analytics_and_casino_entrances  的数据
2025-09-26 17:45:37 [INFO] 已写入 10000 行到 dws_visitation_analytics_and_casino_entrances
2025-09-26 17:45:37 [INFO] 已写入 5939 行到 dws_visitation_analytics_and_casino_entrances
2025-09-26 17:45:37 [INFO] 2025-08-27 已执行完成删除 dws_visitation_analytics_and_casino_entrances  的数据
2025-09-26 17:45:38 [INFO] 已写入 10000 行到 dws_visitation_analytics_and_casino_entrances
2025-09-26 17:45:38 [INFO] 已写入 6238 行到 dws_visitation_analytics_and_casino_entrances
2025-09-26 17:46:53 [INFO] 2025-08-25 已执行完成删除 dws_visitation_analytics_and_casino_entrances  的数据
2025-09-26 17:46:53 [INFO] 已写入 10000 行到 dws_visitation_analytics_and_casino_entrances
2025-09-26 17:46:54 [INFO] 已写入 6155 行到 dws_visitation_analytics_and_casino_entrances
2025-09-26 17:46:54 [INFO] 2025-08-26 已执行完成删除 dws_visitation_analytics_and_casino_entrances  的数据
2025-09-26 17:46:54 [INFO] 已写入 10000 行到 dws_visitation_analytics_and_casino_entrances
2025-09-26 17:46:54 [INFO] 已写入 5939 行到 dws_visitation_analytics_and_casino_entrances
2025-09-26 17:46:54 [INFO] 2025-08-27 已执行完成删除 dws_visitation_analytics_and_casino_entrances  的数据
2025-09-26 17:46:55 [INFO] 已写入 10000 行到 dws_visitation_analytics_and_casino_entrances
2025-09-26 17:46:55 [INFO] 已写入 6238 行到 dws_visitation_analytics_and_casino_entrances
2025-09-28 10:29:10 [INFO] 2025-08-25 已执行完成删除 dws_visitation_analytics_and_casino_entrances  的数据
2025-09-28 10:29:10 [INFO] 已写入 10000 行到 dws_visitation_analytics_and_casino_entrances
2025-09-28 10:29:11 [INFO] 已写入 10000 行到 dws_visitation_analytics_and_casino_entrances
2025-09-28 10:29:11 [INFO] 已写入 2317 行到 dws_visitation_analytics_and_casino_entrances
2025-09-28 10:29:11 [INFO] 2025-08-26 已执行完成删除 dws_visitation_analytics_and_casino_entrances  的数据
2025-09-28 10:29:12 [INFO] 已写入 10000 行到 dws_visitation_analytics_and_casino_entrances
2025-09-28 10:29:12 [INFO] 已写入 10000 行到 dws_visitation_analytics_and_casino_entrances
2025-09-28 10:29:12 [INFO] 已写入 1586 行到 dws_visitation_analytics_and_casino_entrances
2025-09-28 10:29:12 [INFO] 2025-08-27 已执行完成删除 dws_visitation_analytics_and_casino_entrances  的数据
2025-09-28 10:29:13 [INFO] 已写入 10000 行到 dws_visitation_analytics_and_casino_entrances
2025-09-28 10:29:13 [INFO] 已写入 10000 行到 dws_visitation_analytics_and_casino_entrances
2025-09-28 10:29:13 [INFO] 已写入 1322 行到 dws_visitation_analytics_and_casino_entrances
2025-09-28 11:11:38 [INFO] 2025-08-25 已执行完成删除 dws_visitation_analytics_and_casino_entrances  的数据
2025-09-28 11:11:38 [INFO] 已写入 10000 行到 dws_visitation_analytics_and_casino_entrances
2025-09-28 11:11:39 [INFO] 已写入 10000 行到 dws_visitation_analytics_and_casino_entrances
2025-09-28 11:11:39 [INFO] 已写入 10000 行到 dws_visitation_analytics_and_casino_entrances
2025-09-28 11:11:39 [INFO] 已写入 10000 行到 dws_visitation_analytics_and_casino_entrances
2025-09-28 11:11:40 [INFO] 已写入 10000 行到 dws_visitation_analytics_and_casino_entrances
2025-09-28 11:11:40 [INFO] 已写入 10000 行到 dws_visitation_analytics_and_casino_entrances
2025-09-28 11:11:41 [INFO] 已写入 10000 行到 dws_visitation_analytics_and_casino_entrances
2025-09-28 11:11:41 [INFO] 已写入 10000 行到 dws_visitation_analytics_and_casino_entrances
2025-09-28 11:11:41 [INFO] 已写入 10000 行到 dws_visitation_analytics_and_casino_entrances
2025-09-28 11:11:42 [INFO] 已写入 10000 行到 dws_visitation_analytics_and_casino_entrances
2025-09-28 11:11:42 [INFO] 已写入 10000 行到 dws_visitation_analytics_and_casino_entrances
2025-09-28 11:11:42 [INFO] 已写入 10000 行到 dws_visitation_analytics_and_casino_entrances
2025-09-28 11:11:43 [INFO] 已写入 10000 行到 dws_visitation_analytics_and_casino_entrances
2025-09-28 11:11:43 [INFO] 已写入 10000 行到 dws_visitation_analytics_and_casino_entrances
2025-09-28 11:11:44 [INFO] 已写入 10000 行到 dws_visitation_analytics_and_casino_entrances
2025-09-28 11:11:44 [INFO] 已写入 10000 行到 dws_visitation_analytics_and_casino_entrances
2025-09-28 11:11:44 [INFO] 已写入 10000 行到 dws_visitation_analytics_and_casino_entrances
2025-09-28 11:11:45 [INFO] 已写入 10000 行到 dws_visitation_analytics_and_casino_entrances
2025-09-28 11:11:45 [INFO] 已写入 10000 行到 dws_visitation_analytics_and_casino_entrances
2025-09-28 11:11:45 [INFO] 已写入 6461 行到 dws_visitation_analytics_and_casino_entrances
2025-09-28 11:11:45 [INFO] 2025-08-26 已执行完成删除 dws_visitation_analytics_and_casino_entrances  的数据
2025-09-28 11:11:46 [INFO] 已写入 10000 行到 dws_visitation_analytics_and_casino_entrances
2025-09-28 11:11:46 [INFO] 已写入 10000 行到 dws_visitation_analytics_and_casino_entrances
2025-09-28 11:11:47 [INFO] 已写入 10000 行到 dws_visitation_analytics_and_casino_entrances
2025-09-28 11:11:47 [INFO] 已写入 10000 行到 dws_visitation_analytics_and_casino_entrances
2025-09-28 11:11:47 [INFO] 已写入 10000 行到 dws_visitation_analytics_and_casino_entrances
2025-09-28 11:11:48 [INFO] 已写入 10000 行到 dws_visitation_analytics_and_casino_entrances
2025-09-28 11:11:48 [INFO] 已写入 10000 行到 dws_visitation_analytics_and_casino_entrances
2025-09-28 11:11:49 [INFO] 已写入 10000 行到 dws_visitation_analytics_and_casino_entrances
2025-09-28 11:11:49 [INFO] 已写入 10000 行到 dws_visitation_analytics_and_casino_entrances
2025-09-28 11:11:49 [INFO] 已写入 10000 行到 dws_visitation_analytics_and_casino_entrances
2025-09-28 11:11:50 [INFO] 已写入 10000 行到 dws_visitation_analytics_and_casino_entrances
2025-09-28 11:11:50 [INFO] 已写入 10000 行到 dws_visitation_analytics_and_casino_entrances
2025-09-28 11:11:51 [INFO] 已写入 10000 行到 dws_visitation_analytics_and_casino_entrances
2025-09-28 11:11:51 [INFO] 已写入 10000 行到 dws_visitation_analytics_and_casino_entrances
2025-09-28 11:11:51 [INFO] 已写入 10000 行到 dws_visitation_analytics_and_casino_entrances
2025-09-28 11:11:52 [INFO] 已写入 10000 行到 dws_visitation_analytics_and_casino_entrances
2025-09-28 11:11:52 [INFO] 已写入 10000 行到 dws_visitation_analytics_and_casino_entrances
2025-09-28 11:11:52 [INFO] 已写入 10000 行到 dws_visitation_analytics_and_casino_entrances
2025-09-28 11:11:53 [INFO] 已写入 10000 行到 dws_visitation_analytics_and_casino_entrances
2025-09-28 11:11:53 [INFO] 已写入 2041 行到 dws_visitation_analytics_and_casino_entrances
2025-09-28 11:11:53 [INFO] 2025-08-27 已执行完成删除 dws_visitation_analytics_and_casino_entrances  的数据
2025-09-28 11:11:53 [INFO] 已写入 10000 行到 dws_visitation_analytics_and_casino_entrances
2025-09-28 11:11:54 [INFO] 已写入 10000 行到 dws_visitation_analytics_and_casino_entrances
2025-09-28 11:11:54 [INFO] 已写入 10000 行到 dws_visitation_analytics_and_casino_entrances
2025-09-28 11:11:55 [INFO] 已写入 10000 行到 dws_visitation_analytics_and_casino_entrances
2025-09-28 11:11:55 [INFO] 已写入 10000 行到 dws_visitation_analytics_and_casino_entrances
2025-09-28 11:11:55 [INFO] 已写入 10000 行到 dws_visitation_analytics_and_casino_entrances
2025-09-28 11:11:56 [INFO] 已写入 10000 行到 dws_visitation_analytics_and_casino_entrances
2025-09-28 11:11:56 [INFO] 已写入 10000 行到 dws_visitation_analytics_and_casino_entrances
2025-09-28 11:11:56 [INFO] 已写入 10000 行到 dws_visitation_analytics_and_casino_entrances
2025-09-28 11:11:57 [INFO] 已写入 10000 行到 dws_visitation_analytics_and_casino_entrances
2025-09-28 11:11:57 [INFO] 已写入 10000 行到 dws_visitation_analytics_and_casino_entrances
2025-09-28 11:11:58 [INFO] 已写入 10000 行到 dws_visitation_analytics_and_casino_entrances
2025-09-28 11:11:58 [INFO] 已写入 10000 行到 dws_visitation_analytics_and_casino_entrances
2025-09-28 11:11:58 [INFO] 已写入 10000 行到 dws_visitation_analytics_and_casino_entrances
2025-09-28 11:11:59 [INFO] 已写入 10000 行到 dws_visitation_analytics_and_casino_entrances
2025-09-28 11:11:59 [INFO] 已写入 10000 行到 dws_visitation_analytics_and_casino_entrances
2025-09-28 11:11:59 [INFO] 已写入 10000 行到 dws_visitation_analytics_and_casino_entrances
2025-09-28 11:12:00 [INFO] 已写入 10000 行到 dws_visitation_analytics_and_casino_entrances
2025-09-28 11:12:00 [INFO] 已写入 10000 行到 dws_visitation_analytics_and_casino_entrances
2025-09-28 11:12:01 [INFO] 已写入 9285 行到 dws_visitation_analytics_and_casino_entrances
2025-09-28 14:40:17 [INFO] 2025-08-25 已执行完成删除 dws_visitation_analytics_and_casino_entrances  的数据
2025-09-28 14:40:18 [INFO] 已写入 10000 行到 dws_visitation_analytics_and_casino_entrances
2025-09-28 14:40:18 [INFO] 已写入 10000 行到 dws_visitation_analytics_and_casino_entrances
2025-09-28 14:40:18 [INFO] 已写入 10000 行到 dws_visitation_analytics_and_casino_entrances
2025-09-28 14:40:19 [INFO] 已写入 10000 行到 dws_visitation_analytics_and_casino_entrances
2025-09-28 14:40:19 [INFO] 已写入 10000 行到 dws_visitation_analytics_and_casino_entrances
2025-09-28 14:40:20 [INFO] 已写入 7829 行到 dws_visitation_analytics_and_casino_entrances
2025-09-28 14:40:20 [INFO] 2025-08-26 已执行完成删除 dws_visitation_analytics_and_casino_entrances  的数据
2025-09-28 14:40:20 [INFO] 已写入 10000 行到 dws_visitation_analytics_and_casino_entrances
2025-09-28 14:40:20 [INFO] 已写入 10000 行到 dws_visitation_analytics_and_casino_entrances
2025-09-28 14:40:21 [INFO] 已写入 10000 行到 dws_visitation_analytics_and_casino_entrances
2025-09-28 14:40:21 [INFO] 已写入 10000 行到 dws_visitation_analytics_and_casino_entrances
2025-09-28 14:40:22 [INFO] 已写入 10000 行到 dws_visitation_analytics_and_casino_entrances
2025-09-28 14:40:22 [INFO] 已写入 6260 行到 dws_visitation_analytics_and_casino_entrances
2025-09-28 14:40:22 [INFO] 2025-08-27 已执行完成删除 dws_visitation_analytics_and_casino_entrances  的数据
2025-09-28 14:40:23 [INFO] 已写入 10000 行到 dws_visitation_analytics_and_casino_entrances
2025-09-28 14:40:23 [INFO] 已写入 10000 行到 dws_visitation_analytics_and_casino_entrances
2025-09-28 14:40:23 [INFO] 已写入 10000 行到 dws_visitation_analytics_and_casino_entrances
2025-09-28 14:40:24 [INFO] 已写入 10000 行到 dws_visitation_analytics_and_casino_entrances
2025-09-28 14:40:24 [INFO] 已写入 10000 行到 dws_visitation_analytics_and_casino_entrances
2025-09-28 14:40:24 [INFO] 已写入 4407 行到 dws_visitation_analytics_and_casino_entrances
2025-09-28 14:52:22 [INFO] 2025-08-25 已执行完成删除 dws_visitation_analytics_and_casino_entrances  的数据
2025-09-28 14:52:23 [INFO] 已写入 10000 行到 dws_visitation_analytics_and_casino_entrances
2025-09-28 14:52:23 [INFO] 已写入 10000 行到 dws_visitation_analytics_and_casino_entrances
2025-09-28 14:52:23 [INFO] 已写入 10000 行到 dws_visitation_analytics_and_casino_entrances
2025-09-28 14:52:24 [INFO] 已写入 10000 行到 dws_visitation_analytics_and_casino_entrances
2025-09-28 14:52:24 [INFO] 已写入 10000 行到 dws_visitation_analytics_and_casino_entrances
2025-09-28 14:52:24 [INFO] 已写入 10000 行到 dws_visitation_analytics_and_casino_entrances
2025-09-28 14:52:25 [INFO] 已写入 10000 行到 dws_visitation_analytics_and_casino_entrances
2025-09-28 14:52:25 [INFO] 已写入 10000 行到 dws_visitation_analytics_and_casino_entrances
2025-09-28 14:52:25 [INFO] 已写入 10000 行到 dws_visitation_analytics_and_casino_entrances
2025-09-28 14:52:26 [INFO] 已写入 10000 行到 dws_visitation_analytics_and_casino_entrances
2025-09-28 14:52:26 [INFO] 已写入 10000 行到 dws_visitation_analytics_and_casino_entrances
2025-09-28 14:52:27 [INFO] 已写入 10000 行到 dws_visitation_analytics_and_casino_entrances
2025-09-28 14:52:27 [INFO] 已写入 10000 行到 dws_visitation_analytics_and_casino_entrances
2025-09-28 14:52:27 [INFO] 已写入 10000 行到 dws_visitation_analytics_and_casino_entrances
2025-09-28 14:52:28 [INFO] 已写入 10000 行到 dws_visitation_analytics_and_casino_entrances
2025-09-28 14:52:28 [INFO] 已写入 10000 行到 dws_visitation_analytics_and_casino_entrances
2025-09-28 14:52:28 [INFO] 已写入 10000 行到 dws_visitation_analytics_and_casino_entrances
2025-09-28 14:52:29 [INFO] 已写入 10000 行到 dws_visitation_analytics_and_casino_entrances
2025-09-28 14:52:29 [INFO] 已写入 10000 行到 dws_visitation_analytics_and_casino_entrances
2025-09-28 14:52:30 [INFO] 已写入 10000 行到 dws_visitation_analytics_and_casino_entrances
2025-09-28 14:52:30 [INFO] 已写入 10000 行到 dws_visitation_analytics_and_casino_entrances
2025-09-28 14:52:30 [INFO] 已写入 10000 行到 dws_visitation_analytics_and_casino_entrances
2025-09-28 14:52:31 [INFO] 已写入 10000 行到 dws_visitation_analytics_and_casino_entrances
2025-09-28 14:52:31 [INFO] 已写入 10000 行到 dws_visitation_analytics_and_casino_entrances
2025-09-28 14:52:31 [INFO] 已写入 10000 行到 dws_visitation_analytics_and_casino_entrances
2025-09-28 14:52:32 [INFO] 已写入 10000 行到 dws_visitation_analytics_and_casino_entrances
2025-09-28 14:52:32 [INFO] 已写入 10000 行到 dws_visitation_analytics_and_casino_entrances
2025-09-28 14:52:33 [INFO] 已写入 10000 行到 dws_visitation_analytics_and_casino_entrances
2025-09-28 14:52:33 [INFO] 已写入 10000 行到 dws_visitation_analytics_and_casino_entrances
2025-09-28 14:52:33 [INFO] 已写入 10000 行到 dws_visitation_analytics_and_casino_entrances
2025-09-28 14:52:34 [INFO] 已写入 10000 行到 dws_visitation_analytics_and_casino_entrances
2025-09-28 14:52:34 [INFO] 已写入 10000 行到 dws_visitation_analytics_and_casino_entrances
2025-09-28 14:52:34 [INFO] 已写入 10000 行到 dws_visitation_analytics_and_casino_entrances
2025-09-28 14:52:35 [INFO] 已写入 10000 行到 dws_visitation_analytics_and_casino_entrances
2025-09-28 14:52:35 [INFO] 已写入 10000 行到 dws_visitation_analytics_and_casino_entrances
2025-09-28 14:52:36 [INFO] 已写入 10000 行到 dws_visitation_analytics_and_casino_entrances
2025-09-28 14:52:36 [INFO] 已写入 10000 行到 dws_visitation_analytics_and_casino_entrances
2025-09-28 14:52:36 [INFO] 已写入 10000 行到 dws_visitation_analytics_and_casino_entrances
2025-09-28 14:52:37 [INFO] 已写入 10000 行到 dws_visitation_analytics_and_casino_entrances
2025-09-28 14:52:37 [INFO] 已写入 10000 行到 dws_visitation_analytics_and_casino_entrances
2025-09-28 14:52:37 [INFO] 已写入 10000 行到 dws_visitation_analytics_and_casino_entrances
2025-09-28 14:52:38 [INFO] 已写入 10000 行到 dws_visitation_analytics_and_casino_entrances
2025-09-28 14:52:38 [INFO] 已写入 10000 行到 dws_visitation_analytics_and_casino_entrances
2025-09-28 14:52:39 [INFO] 已写入 10000 行到 dws_visitation_analytics_and_casino_entrances
2025-09-28 14:52:39 [INFO] 已写入 10000 行到 dws_visitation_analytics_and_casino_entrances
2025-09-28 14:52:39 [INFO] 已写入 10000 行到 dws_visitation_analytics_and_casino_entrances
2025-09-28 14:52:40 [INFO] 已写入 10000 行到 dws_visitation_analytics_and_casino_entrances
2025-09-28 14:52:40 [INFO] 已写入 10000 行到 dws_visitation_analytics_and_casino_entrances
2025-09-28 14:52:40 [INFO] 已写入 10000 行到 dws_visitation_analytics_and_casino_entrances
2025-09-28 14:52:40 [INFO] 已写入 10000 行到 dws_visitation_analytics_and_casino_entrances
2025-09-28 14:52:41 [INFO] 已写入 10000 行到 dws_visitation_analytics_and_casino_entrances
2025-09-28 14:52:41 [INFO] 已写入 10000 行到 dws_visitation_analytics_and_casino_entrances
2025-09-28 14:52:42 [INFO] 已写入 10000 行到 dws_visitation_analytics_and_casino_entrances
2025-09-28 14:52:42 [INFO] 已写入 10000 行到 dws_visitation_analytics_and_casino_entrances
2025-09-28 14:52:42 [INFO] 已写入 10000 行到 dws_visitation_analytics_and_casino_entrances
2025-09-28 14:52:43 [INFO] 已写入 10000 行到 dws_visitation_analytics_and_casino_entrances
2025-09-28 14:52:43 [INFO] 已写入 10000 行到 dws_visitation_analytics_and_casino_entrances
2025-09-28 14:52:43 [INFO] 已写入 10000 行到 dws_visitation_analytics_and_casino_entrances
2025-09-28 14:52:44 [INFO] 已写入 10000 行到 dws_visitation_analytics_and_casino_entrances
2025-09-28 14:52:44 [INFO] 已写入 10000 行到 dws_visitation_analytics_and_casino_entrances
2025-09-28 14:52:45 [INFO] 已写入 10000 行到 dws_visitation_analytics_and_casino_entrances
2025-09-28 14:52:45 [INFO] 已写入 10000 行到 dws_visitation_analytics_and_casino_entrances
2025-09-28 14:52:45 [INFO] 已写入 10000 行到 dws_visitation_analytics_and_casino_entrances
2025-09-28 14:52:46 [INFO] 已写入 10000 行到 dws_visitation_analytics_and_casino_entrances
2025-09-28 14:52:46 [INFO] 已写入 10000 行到 dws_visitation_analytics_and_casino_entrances
2025-09-28 14:52:47 [INFO] 已写入 10000 行到 dws_visitation_analytics_and_casino_entrances
2025-09-28 14:52:47 [INFO] 已写入 10000 行到 dws_visitation_analytics_and_casino_entrances
2025-09-28 14:52:47 [INFO] 已写入 10000 行到 dws_visitation_analytics_and_casino_entrances
2025-09-28 14:52:48 [INFO] 已写入 10000 行到 dws_visitation_analytics_and_casino_entrances
2025-09-28 14:52:48 [INFO] 已写入 10000 行到 dws_visitation_analytics_and_casino_entrances
2025-09-28 14:52:48 [INFO] 已写入 10000 行到 dws_visitation_analytics_and_casino_entrances
2025-09-28 14:52:49 [INFO] 已写入 10000 行到 dws_visitation_analytics_and_casino_entrances
2025-09-28 14:52:49 [INFO] 已写入 10000 行到 dws_visitation_analytics_and_casino_entrances
2025-09-28 14:52:49 [INFO] 已写入 10000 行到 dws_visitation_analytics_and_casino_entrances
2025-09-28 14:52:50 [INFO] 已写入 10000 行到 dws_visitation_analytics_and_casino_entrances
2025-09-28 14:52:50 [INFO] 已写入 10000 行到 dws_visitation_analytics_and_casino_entrances
2025-09-28 14:52:50 [INFO] 已写入 10000 行到 dws_visitation_analytics_and_casino_entrances
2025-09-28 14:52:51 [INFO] 已写入 10000 行到 dws_visitation_analytics_and_casino_entrances
2025-09-28 14:52:51 [INFO] 已写入 10000 行到 dws_visitation_analytics_and_casino_entrances
2025-09-28 14:52:51 [INFO] 已写入 10000 行到 dws_visitation_analytics_and_casino_entrances
2025-09-28 14:52:52 [INFO] 已写入 10000 行到 dws_visitation_analytics_and_casino_entrances
2025-09-28 14:52:52 [INFO] 已写入 10000 行到 dws_visitation_analytics_and_casino_entrances
2025-09-28 14:52:53 [INFO] 已写入 10000 行到 dws_visitation_analytics_and_casino_entrances
2025-09-28 14:52:53 [INFO] 已写入 10000 行到 dws_visitation_analytics_and_casino_entrances
2025-09-28 14:52:53 [INFO] 已写入 907 行到 dws_visitation_analytics_and_casino_entrances
2025-09-28 14:52:53 [INFO] 2025-08-26 已执行完成删除 dws_visitation_analytics_and_casino_entrances  的数据
2025-09-28 14:52:54 [INFO] 已写入 10000 行到 dws_visitation_analytics_and_casino_entrances
2025-09-28 14:52:54 [INFO] 已写入 10000 行到 dws_visitation_analytics_and_casino_entrances
2025-09-28 14:52:54 [INFO] 已写入 10000 行到 dws_visitation_analytics_and_casino_entrances
2025-09-28 14:52:55 [INFO] 已写入 10000 行到 dws_visitation_analytics_and_casino_entrances
2025-09-28 14:52:55 [INFO] 已写入 10000 行到 dws_visitation_analytics_and_casino_entrances
2025-09-28 14:52:56 [INFO] 已写入 10000 行到 dws_visitation_analytics_and_casino_entrances
2025-09-28 14:52:56 [INFO] 已写入 10000 行到 dws_visitation_analytics_and_casino_entrances
2025-09-28 14:52:57 [INFO] 已写入 10000 行到 dws_visitation_analytics_and_casino_entrances
2025-09-28 14:52:57 [INFO] 已写入 10000 行到 dws_visitation_analytics_and_casino_entrances
2025-09-28 14:52:57 [INFO] 已写入 10000 行到 dws_visitation_analytics_and_casino_entrances
2025-09-28 14:52:58 [INFO] 已写入 10000 行到 dws_visitation_analytics_and_casino_entrances
2025-09-28 14:52:58 [INFO] 已写入 10000 行到 dws_visitation_analytics_and_casino_entrances
2025-09-28 14:52:58 [INFO] 已写入 10000 行到 dws_visitation_analytics_and_casino_entrances
2025-09-28 14:52:59 [INFO] 已写入 10000 行到 dws_visitation_analytics_and_casino_entrances
2025-09-28 14:52:59 [INFO] 已写入 10000 行到 dws_visitation_analytics_and_casino_entrances
2025-09-28 14:52:59 [INFO] 已写入 10000 行到 dws_visitation_analytics_and_casino_entrances
2025-09-28 14:53:00 [INFO] 已写入 10000 行到 dws_visitation_analytics_and_casino_entrances
2025-09-28 14:53:00 [INFO] 已写入 10000 行到 dws_visitation_analytics_and_casino_entrances
2025-09-28 14:53:01 [INFO] 已写入 10000 行到 dws_visitation_analytics_and_casino_entrances
2025-09-28 14:53:01 [INFO] 已写入 10000 行到 dws_visitation_analytics_and_casino_entrances
2025-09-28 14:53:01 [INFO] 已写入 10000 行到 dws_visitation_analytics_and_casino_entrances
2025-09-28 14:53:02 [INFO] 已写入 10000 行到 dws_visitation_analytics_and_casino_entrances
2025-09-28 14:53:02 [INFO] 已写入 10000 行到 dws_visitation_analytics_and_casino_entrances
2025-09-28 14:53:02 [INFO] 已写入 10000 行到 dws_visitation_analytics_and_casino_entrances
2025-09-28 14:53:03 [INFO] 已写入 10000 行到 dws_visitation_analytics_and_casino_entrances
2025-09-28 14:53:03 [INFO] 已写入 10000 行到 dws_visitation_analytics_and_casino_entrances
2025-09-28 14:53:03 [INFO] 已写入 10000 行到 dws_visitation_analytics_and_casino_entrances
2025-09-28 14:53:04 [INFO] 已写入 10000 行到 dws_visitation_analytics_and_casino_entrances
2025-09-28 14:53:04 [INFO] 已写入 10000 行到 dws_visitation_analytics_and_casino_entrances
2025-09-28 14:53:05 [INFO] 已写入 10000 行到 dws_visitation_analytics_and_casino_entrances
2025-09-28 14:53:05 [INFO] 已写入 10000 行到 dws_visitation_analytics_and_casino_entrances
2025-09-28 14:53:06 [INFO] 已写入 10000 行到 dws_visitation_analytics_and_casino_entrances
2025-09-28 14:53:06 [INFO] 已写入 10000 行到 dws_visitation_analytics_and_casino_entrances
2025-09-28 14:53:06 [INFO] 已写入 10000 行到 dws_visitation_analytics_and_casino_entrances
2025-09-28 14:53:06 [INFO] 已写入 10000 行到 dws_visitation_analytics_and_casino_entrances
2025-09-28 14:53:07 [INFO] 已写入 10000 行到 dws_visitation_analytics_and_casino_entrances
2025-09-28 14:53:07 [INFO] 已写入 10000 行到 dws_visitation_analytics_and_casino_entrances
2025-09-28 14:53:08 [INFO] 已写入 10000 行到 dws_visitation_analytics_and_casino_entrances
2025-09-28 14:53:08 [INFO] 已写入 10000 行到 dws_visitation_analytics_and_casino_entrances
2025-09-28 14:53:09 [INFO] 已写入 10000 行到 dws_visitation_analytics_and_casino_entrances
2025-09-28 14:53:09 [INFO] 已写入 10000 行到 dws_visitation_analytics_and_casino_entrances
2025-09-28 14:53:09 [INFO] 已写入 10000 行到 dws_visitation_analytics_and_casino_entrances
2025-09-28 14:53:10 [INFO] 已写入 10000 行到 dws_visitation_analytics_and_casino_entrances
2025-09-28 14:53:10 [INFO] 已写入 10000 行到 dws_visitation_analytics_and_casino_entrances
2025-09-28 14:53:10 [INFO] 已写入 10000 行到 dws_visitation_analytics_and_casino_entrances
2025-09-28 14:53:11 [INFO] 已写入 10000 行到 dws_visitation_analytics_and_casino_entrances
2025-09-28 14:53:11 [INFO] 已写入 10000 行到 dws_visitation_analytics_and_casino_entrances
2025-09-28 14:53:12 [INFO] 已写入 10000 行到 dws_visitation_analytics_and_casino_entrances
2025-09-28 14:53:12 [INFO] 已写入 10000 行到 dws_visitation_analytics_and_casino_entrances
2025-09-28 14:53:13 [INFO] 已写入 10000 行到 dws_visitation_analytics_and_casino_entrances
2025-09-28 14:53:13 [INFO] 已写入 10000 行到 dws_visitation_analytics_and_casino_entrances
2025-09-28 14:53:13 [INFO] 已写入 10000 行到 dws_visitation_analytics_and_casino_entrances
2025-09-28 14:53:13 [INFO] 已写入 10000 行到 dws_visitation_analytics_and_casino_entrances
2025-09-28 14:53:14 [INFO] 已写入 10000 行到 dws_visitation_analytics_and_casino_entrances
2025-09-28 14:53:14 [INFO] 已写入 10000 行到 dws_visitation_analytics_and_casino_entrances
2025-09-28 14:53:14 [INFO] 已写入 10000 行到 dws_visitation_analytics_and_casino_entrances
2025-09-28 14:53:15 [INFO] 已写入 10000 行到 dws_visitation_analytics_and_casino_entrances
2025-09-28 14:53:15 [INFO] 已写入 10000 行到 dws_visitation_analytics_and_casino_entrances
2025-09-28 14:53:16 [INFO] 已写入 10000 行到 dws_visitation_analytics_and_casino_entrances
2025-09-28 14:53:16 [INFO] 已写入 10000 行到 dws_visitation_analytics_and_casino_entrances
2025-09-28 14:53:16 [INFO] 已写入 10000 行到 dws_visitation_analytics_and_casino_entrances
2025-09-28 14:53:17 [INFO] 已写入 10000 行到 dws_visitation_analytics_and_casino_entrances
2025-09-28 14:53:17 [INFO] 已写入 10000 行到 dws_visitation_analytics_and_casino_entrances
2025-09-28 14:53:17 [INFO] 已写入 10000 行到 dws_visitation_analytics_and_casino_entrances
2025-09-28 14:53:18 [INFO] 已写入 10000 行到 dws_visitation_analytics_and_casino_entrances
2025-09-28 14:53:18 [INFO] 已写入 10000 行到 dws_visitation_analytics_and_casino_entrances
2025-09-28 14:53:19 [INFO] 已写入 10000 行到 dws_visitation_analytics_and_casino_entrances
2025-09-28 14:53:19 [INFO] 已写入 10000 行到 dws_visitation_analytics_and_casino_entrances
2025-09-28 14:53:20 [INFO] 已写入 10000 行到 dws_visitation_analytics_and_casino_entrances
2025-09-28 14:53:20 [INFO] 已写入 10000 行到 dws_visitation_analytics_and_casino_entrances
2025-09-28 14:53:20 [INFO] 已写入 10000 行到 dws_visitation_analytics_and_casino_entrances
2025-09-28 14:53:21 [INFO] 已写入 10000 行到 dws_visitation_analytics_and_casino_entrances
2025-09-28 14:53:21 [INFO] 已写入 10000 行到 dws_visitation_analytics_and_casino_entrances
2025-09-28 14:53:21 [INFO] 已写入 10000 行到 dws_visitation_analytics_and_casino_entrances
2025-09-28 14:53:22 [INFO] 已写入 10000 行到 dws_visitation_analytics_and_casino_entrances
2025-09-28 14:53:22 [INFO] 已写入 10000 行到 dws_visitation_analytics_and_casino_entrances
2025-09-28 14:53:22 [INFO] 已写入 10000 行到 dws_visitation_analytics_and_casino_entrances
2025-09-28 14:53:23 [INFO] 已写入 10000 行到 dws_visitation_analytics_and_casino_entrances
2025-09-28 14:53:23 [INFO] 已写入 10000 行到 dws_visitation_analytics_and_casino_entrances
2025-09-28 14:53:24 [INFO] 已写入 10000 行到 dws_visitation_analytics_and_casino_entrances
2025-09-28 14:53:24 [INFO] 已写入 10000 行到 dws_visitation_analytics_and_casino_entrances
2025-09-28 14:53:24 [INFO] 已写入 10000 行到 dws_visitation_analytics_and_casino_entrances
2025-09-28 14:53:25 [INFO] 已写入 10000 行到 dws_visitation_analytics_and_casino_entrances
2025-09-28 14:53:25 [INFO] 已写入 9107 行到 dws_visitation_analytics_and_casino_entrances
2025-09-28 14:53:25 [INFO] 2025-08-27 已执行完成删除 dws_visitation_analytics_and_casino_entrances  的数据
2025-09-28 14:53:26 [INFO] 已写入 10000 行到 dws_visitation_analytics_and_casino_entrances
2025-09-28 14:53:26 [INFO] 已写入 10000 行到 dws_visitation_analytics_and_casino_entrances
2025-09-28 14:53:26 [INFO] 已写入 10000 行到 dws_visitation_analytics_and_casino_entrances
2025-09-28 14:53:27 [INFO] 已写入 10000 行到 dws_visitation_analytics_and_casino_entrances
2025-09-28 14:53:27 [INFO] 已写入 10000 行到 dws_visitation_analytics_and_casino_entrances
2025-09-28 14:53:27 [INFO] 已写入 10000 行到 dws_visitation_analytics_and_casino_entrances
2025-09-28 14:53:28 [INFO] 已写入 10000 行到 dws_visitation_analytics_and_casino_entrances
2025-09-28 14:53:28 [INFO] 已写入 10000 行到 dws_visitation_analytics_and_casino_entrances
2025-09-28 14:53:29 [INFO] 已写入 10000 行到 dws_visitation_analytics_and_casino_entrances
2025-09-28 14:53:29 [INFO] 已写入 10000 行到 dws_visitation_analytics_and_casino_entrances
2025-09-28 14:53:29 [INFO] 已写入 10000 行到 dws_visitation_analytics_and_casino_entrances
2025-09-28 14:53:30 [INFO] 已写入 10000 行到 dws_visitation_analytics_and_casino_entrances
2025-09-28 14:53:30 [INFO] 已写入 10000 行到 dws_visitation_analytics_and_casino_entrances
2025-09-28 14:53:31 [INFO] 已写入 10000 行到 dws_visitation_analytics_and_casino_entrances
2025-09-28 14:53:31 [INFO] 已写入 10000 行到 dws_visitation_analytics_and_casino_entrances
2025-09-28 14:53:31 [INFO] 已写入 10000 行到 dws_visitation_analytics_and_casino_entrances
2025-09-28 14:53:31 [INFO] 已写入 10000 行到 dws_visitation_analytics_and_casino_entrances
2025-09-28 14:53:32 [INFO] 已写入 10000 行到 dws_visitation_analytics_and_casino_entrances
2025-09-28 14:53:33 [INFO] 已写入 10000 行到 dws_visitation_analytics_and_casino_entrances
2025-09-28 14:53:33 [INFO] 已写入 10000 行到 dws_visitation_analytics_and_casino_entrances
2025-09-28 14:53:33 [INFO] 已写入 10000 行到 dws_visitation_analytics_and_casino_entrances
2025-09-28 14:53:33 [INFO] 已写入 10000 行到 dws_visitation_analytics_and_casino_entrances
2025-09-28 14:53:34 [INFO] 已写入 10000 行到 dws_visitation_analytics_and_casino_entrances
2025-09-28 14:53:34 [INFO] 已写入 10000 行到 dws_visitation_analytics_and_casino_entrances
2025-09-28 14:53:35 [INFO] 已写入 10000 行到 dws_visitation_analytics_and_casino_entrances
2025-09-28 14:53:35 [INFO] 已写入 10000 行到 dws_visitation_analytics_and_casino_entrances
2025-09-28 14:53:35 [INFO] 已写入 10000 行到 dws_visitation_analytics_and_casino_entrances
2025-09-28 14:53:35 [INFO] 已写入 10000 行到 dws_visitation_analytics_and_casino_entrances
2025-09-28 14:53:36 [INFO] 已写入 10000 行到 dws_visitation_analytics_and_casino_entrances
2025-09-28 14:53:36 [INFO] 已写入 10000 行到 dws_visitation_analytics_and_casino_entrances
2025-09-28 14:53:37 [INFO] 已写入 10000 行到 dws_visitation_analytics_and_casino_entrances
2025-09-28 14:53:37 [INFO] 已写入 10000 行到 dws_visitation_analytics_and_casino_entrances
2025-09-28 14:53:37 [INFO] 已写入 10000 行到 dws_visitation_analytics_and_casino_entrances
2025-09-28 14:53:38 [INFO] 已写入 10000 行到 dws_visitation_analytics_and_casino_entrances
2025-09-28 14:53:38 [INFO] 已写入 10000 行到 dws_visitation_analytics_and_casino_entrances
2025-09-28 14:53:39 [INFO] 已写入 10000 行到 dws_visitation_analytics_and_casino_entrances
2025-09-28 14:53:39 [INFO] 已写入 10000 行到 dws_visitation_analytics_and_casino_entrances
2025-09-28 14:53:39 [INFO] 已写入 10000 行到 dws_visitation_analytics_and_casino_entrances
2025-09-28 14:53:40 [INFO] 已写入 10000 行到 dws_visitation_analytics_and_casino_entrances
2025-09-28 14:53:40 [INFO] 已写入 10000 行到 dws_visitation_analytics_and_casino_entrances
2025-09-28 14:53:40 [INFO] 已写入 10000 行到 dws_visitation_analytics_and_casino_entrances
2025-09-28 14:53:41 [INFO] 已写入 10000 行到 dws_visitation_analytics_and_casino_entrances
2025-09-28 14:53:41 [INFO] 已写入 10000 行到 dws_visitation_analytics_and_casino_entrances
2025-09-28 14:53:41 [INFO] 已写入 10000 行到 dws_visitation_analytics_and_casino_entrances
2025-09-28 14:53:42 [INFO] 已写入 10000 行到 dws_visitation_analytics_and_casino_entrances
2025-09-28 14:53:42 [INFO] 已写入 10000 行到 dws_visitation_analytics_and_casino_entrances
2025-09-28 14:53:43 [INFO] 已写入 10000 行到 dws_visitation_analytics_and_casino_entrances
2025-09-28 14:53:43 [INFO] 已写入 10000 行到 dws_visitation_analytics_and_casino_entrances
2025-09-28 14:53:44 [INFO] 已写入 10000 行到 dws_visitation_analytics_and_casino_entrances
2025-09-28 14:53:44 [INFO] 已写入 10000 行到 dws_visitation_analytics_and_casino_entrances
2025-09-28 14:53:44 [INFO] 已写入 10000 行到 dws_visitation_analytics_and_casino_entrances
2025-09-28 14:53:44 [INFO] 已写入 10000 行到 dws_visitation_analytics_and_casino_entrances
2025-09-28 14:53:45 [INFO] 已写入 10000 行到 dws_visitation_analytics_and_casino_entrances
2025-09-28 14:53:45 [INFO] 已写入 10000 行到 dws_visitation_analytics_and_casino_entrances
2025-09-28 14:53:46 [INFO] 已写入 10000 行到 dws_visitation_analytics_and_casino_entrances
2025-09-28 14:53:46 [INFO] 已写入 10000 行到 dws_visitation_analytics_and_casino_entrances
2025-09-28 14:53:46 [INFO] 已写入 10000 行到 dws_visitation_analytics_and_casino_entrances
2025-09-28 14:53:47 [INFO] 已写入 10000 行到 dws_visitation_analytics_and_casino_entrances
2025-09-28 14:53:47 [INFO] 已写入 10000 行到 dws_visitation_analytics_and_casino_entrances
2025-09-28 14:53:47 [INFO] 已写入 10000 行到 dws_visitation_analytics_and_casino_entrances
2025-09-28 14:53:48 [INFO] 已写入 10000 行到 dws_visitation_analytics_and_casino_entrances
2025-09-28 14:53:48 [INFO] 已写入 10000 行到 dws_visitation_analytics_and_casino_entrances
2025-09-28 14:53:49 [INFO] 已写入 10000 行到 dws_visitation_analytics_and_casino_entrances
2025-09-28 14:53:49 [INFO] 已写入 10000 行到 dws_visitation_analytics_and_casino_entrances
2025-09-28 14:53:49 [INFO] 已写入 10000 行到 dws_visitation_analytics_and_casino_entrances
2025-09-28 14:53:50 [INFO] 已写入 10000 行到 dws_visitation_analytics_and_casino_entrances
2025-09-28 14:53:50 [INFO] 已写入 10000 行到 dws_visitation_analytics_and_casino_entrances
2025-09-28 14:53:50 [INFO] 已写入 10000 行到 dws_visitation_analytics_and_casino_entrances
2025-09-28 14:53:51 [INFO] 已写入 10000 行到 dws_visitation_analytics_and_casino_entrances
2025-09-28 14:53:51 [INFO] 已写入 10000 行到 dws_visitation_analytics_and_casino_entrances
2025-09-28 14:53:52 [INFO] 已写入 10000 行到 dws_visitation_analytics_and_casino_entrances
2025-09-28 14:53:52 [INFO] 已写入 10000 行到 dws_visitation_analytics_and_casino_entrances
2025-09-28 14:53:53 [INFO] 已写入 10000 行到 dws_visitation_analytics_and_casino_entrances
2025-09-28 14:53:53 [INFO] 已写入 10000 行到 dws_visitation_analytics_and_casino_entrances
2025-09-28 14:53:53 [INFO] 已写入 10000 行到 dws_visitation_analytics_and_casino_entrances
2025-09-28 14:53:53 [INFO] 已写入 10000 行到 dws_visitation_analytics_and_casino_entrances
2025-09-28 14:53:54 [INFO] 已写入 10000 行到 dws_visitation_analytics_and_casino_entrances
2025-09-28 14:53:54 [INFO] 已写入 10000 行到 dws_visitation_analytics_and_casino_entrances
2025-09-28 14:53:55 [INFO] 已写入 10000 行到 dws_visitation_analytics_and_casino_entrances
2025-09-28 14:53:55 [INFO] 已写入 10000 行到 dws_visitation_analytics_and_casino_entrances
2025-09-28 14:53:56 [INFO] 已写入 10000 行到 dws_visitation_analytics_and_casino_entrances
2025-09-28 14:53:56 [INFO] 已写入 10000 行到 dws_visitation_analytics_and_casino_entrances
2025-09-28 14:53:56 [INFO] 已写入 10000 行到 dws_visitation_analytics_and_casino_entrances
2025-09-28 14:53:56 [INFO] 已写入 10000 行到 dws_visitation_analytics_and_casino_entrances
2025-09-28 14:53:57 [INFO] 已写入 1103 行到 dws_visitation_analytics_and_casino_entrances
2025-09-28 15:19:46 [INFO] 2025-08-25 已执行完成删除 dws_visitation_analytics_and_casino_entrances  的数据
2025-09-28 15:19:49 [INFO] 已写入 100000 行到 dws_visitation_analytics_and_casino_entrances
2025-09-28 15:19:52 [INFO] 已写入 83297 行到 dws_visitation_analytics_and_casino_entrances
2025-09-28 15:19:52 [INFO] 2025-08-26 已执行完成删除 dws_visitation_analytics_and_casino_entrances  的数据
2025-09-28 15:19:55 [INFO] 已写入 100000 行到 dws_visitation_analytics_and_casino_entrances
2025-09-28 15:19:57 [INFO] 已写入 90586 行到 dws_visitation_analytics_and_casino_entrances
2025-09-28 15:19:57 [INFO] 2025-08-27 已执行完成删除 dws_visitation_analytics_and_casino_entrances  的数据
2025-09-28 15:20:00 [INFO] 已写入 100000 行到 dws_visitation_analytics_and_casino_entrances
2025-09-28 15:20:02 [INFO] 已写入 84212 行到 dws_visitation_analytics_and_casino_entrances
2025-09-28 18:13:40 [INFO] 2025-08-25 已执行完成删除 dws_visitation_analytics_and_casino_entrances  的数据
2025-09-28 18:13:43 [INFO] 已写入 100000 行到 dws_visitation_analytics_and_casino_entrances
2025-09-28 18:13:45 [INFO] 已写入 83297 行到 dws_visitation_analytics_and_casino_entrances
2025-09-28 18:13:45 [INFO] 2025-08-26 已执行完成删除 dws_visitation_analytics_and_casino_entrances  的数据
2025-09-28 18:13:48 [INFO] 已写入 100000 行到 dws_visitation_analytics_and_casino_entrances
2025-09-28 18:13:50 [INFO] 已写入 90586 行到 dws_visitation_analytics_and_casino_entrances
2025-09-28 18:13:50 [INFO] 2025-08-27 已执行完成删除 dws_visitation_analytics_and_casino_entrances  的数据
2025-09-28 18:13:53 [INFO] 已写入 100000 行到 dws_visitation_analytics_and_casino_entrances
2025-09-28 18:13:55 [INFO] 已写入 84212 行到 dws_visitation_analytics_and_casino_entrances
