2025-10-17 16:29:07 [INFO] dws_visitor_path_track_heatmap  2025-08-25 已删除 181956 行
2025-10-17 16:29:10 [INFO] dws_visitor_path_track_heatmap 2025-08-25 第 1 批写入 100000 行，累计 100000/2224029 行
2025-10-17 16:29:11 [INFO] dws_visitor_path_track_heatmap 2025-08-25 第 2 批写入 100000 行，累计 200000/2224029 行
2025-10-17 16:29:13 [INFO] dws_visitor_path_track_heatmap 2025-08-25 第 3 批写入 100000 行，累计 300000/2224029 行
2025-10-17 16:29:14 [INFO] dws_visitor_path_track_heatmap 2025-08-25 第 4 批写入 100000 行，累计 400000/2224029 行
2025-10-17 16:29:16 [INFO] dws_visitor_path_track_heatmap 2025-08-25 第 5 批写入 100000 行，累计 500000/2224029 行
2025-10-17 16:29:17 [INFO] dws_visitor_path_track_heatmap 2025-08-25 第 6 批写入 100000 行，累计 600000/2224029 行
2025-10-17 16:29:19 [INFO] dws_visitor_path_track_heatmap 2025-08-25 第 7 批写入 100000 行，累计 700000/2224029 行
2025-10-17 16:29:20 [INFO] dws_visitor_path_track_heatmap 2025-08-25 第 8 批写入 100000 行，累计 800000/2224029 行
2025-10-17 16:29:21 [INFO] dws_visitor_path_track_heatmap 2025-08-25 第 9 批写入 100000 行，累计 900000/2224029 行
2025-10-17 16:29:23 [INFO] dws_visitor_path_track_heatmap 2025-08-25 第 10 批写入 100000 行，累计 1000000/2224029 行
2025-10-17 16:29:24 [INFO] dws_visitor_path_track_heatmap 2025-08-25 第 11 批写入 100000 行，累计 1100000/2224029 行
2025-10-17 16:29:26 [INFO] dws_visitor_path_track_heatmap 2025-08-25 第 12 批写入 100000 行，累计 1200000/2224029 行
2025-10-17 16:29:27 [INFO] dws_visitor_path_track_heatmap 2025-08-25 第 13 批写入 100000 行，累计 1300000/2224029 行
2025-10-17 16:29:28 [INFO] dws_visitor_path_track_heatmap 2025-08-25 第 14 批写入 100000 行，累计 1400000/2224029 行
2025-10-17 16:29:29 [INFO] dws_visitor_path_track_heatmap 2025-08-25 第 15 批写入 100000 行，累计 1500000/2224029 行
2025-10-17 16:29:31 [INFO] dws_visitor_path_track_heatmap 2025-08-25 第 16 批写入 100000 行，累计 1600000/2224029 行
2025-10-17 16:29:32 [INFO] dws_visitor_path_track_heatmap 2025-08-25 第 17 批写入 100000 行，累计 1700000/2224029 行
2025-10-17 16:29:33 [INFO] dws_visitor_path_track_heatmap 2025-08-25 第 18 批写入 100000 行，累计 1800000/2224029 行
2025-10-17 16:29:35 [INFO] dws_visitor_path_track_heatmap 2025-08-25 第 19 批写入 100000 行，累计 1900000/2224029 行
2025-10-17 16:29:36 [INFO] dws_visitor_path_track_heatmap 2025-08-25 第 20 批写入 100000 行，累计 2000000/2224029 行
2025-10-17 16:29:38 [INFO] dws_visitor_path_track_heatmap 2025-08-25 第 21 批写入 100000 行，累计 2100000/2224029 行
2025-10-17 16:29:39 [INFO] dws_visitor_path_track_heatmap 2025-08-25 第 22 批写入 100000 行，累计 2200000/2224029 行
2025-10-17 16:29:39 [INFO] dws_visitor_path_track_heatmap 2025-08-25 第 23 批写入 24029 行，累计 2224029/2224029 行
2025-10-17 16:29:39 [INFO] dws_visitor_path_track_heatmap 2025-08-25 总条数写入 2224029 行
2025-10-17 16:31:14 [INFO] dws_visitor_path_track_heatmap  2025-08-26 已删除 189202 行
2025-10-17 16:31:16 [INFO] dws_visitor_path_track_heatmap 2025-08-26 第 1 批写入 100000 行，累计 100000/2318188 行
2025-10-17 16:31:18 [INFO] dws_visitor_path_track_heatmap 2025-08-26 第 2 批写入 100000 行，累计 200000/2318188 行
2025-10-17 16:31:19 [INFO] dws_visitor_path_track_heatmap 2025-08-26 第 3 批写入 100000 行，累计 300000/2318188 行
2025-10-17 16:31:20 [INFO] dws_visitor_path_track_heatmap 2025-08-26 第 4 批写入 100000 行，累计 400000/2318188 行
2025-10-17 16:31:22 [INFO] dws_visitor_path_track_heatmap 2025-08-26 第 5 批写入 100000 行，累计 500000/2318188 行
2025-10-17 16:31:23 [INFO] dws_visitor_path_track_heatmap 2025-08-26 第 6 批写入 100000 行，累计 600000/2318188 行
2025-10-17 16:31:25 [INFO] dws_visitor_path_track_heatmap 2025-08-26 第 7 批写入 100000 行，累计 700000/2318188 行
2025-10-17 16:31:27 [INFO] dws_visitor_path_track_heatmap 2025-08-26 第 8 批写入 100000 行，累计 800000/2318188 行
2025-10-17 16:31:28 [INFO] dws_visitor_path_track_heatmap 2025-08-26 第 9 批写入 100000 行，累计 900000/2318188 行
2025-10-17 16:31:29 [INFO] dws_visitor_path_track_heatmap 2025-08-26 第 10 批写入 100000 行，累计 1000000/2318188 行
2025-10-17 16:31:31 [INFO] dws_visitor_path_track_heatmap 2025-08-26 第 11 批写入 100000 行，累计 1100000/2318188 行
2025-10-17 16:31:32 [INFO] dws_visitor_path_track_heatmap 2025-08-26 第 12 批写入 100000 行，累计 1200000/2318188 行
2025-10-17 16:31:34 [INFO] dws_visitor_path_track_heatmap 2025-08-26 第 13 批写入 100000 行，累计 1300000/2318188 行
2025-10-17 16:31:35 [INFO] dws_visitor_path_track_heatmap 2025-08-26 第 14 批写入 100000 行，累计 1400000/2318188 行
2025-10-17 16:31:37 [INFO] dws_visitor_path_track_heatmap 2025-08-26 第 15 批写入 100000 行，累计 1500000/2318188 行
2025-10-17 16:31:38 [INFO] dws_visitor_path_track_heatmap 2025-08-26 第 16 批写入 100000 行，累计 1600000/2318188 行
2025-10-17 16:31:40 [INFO] dws_visitor_path_track_heatmap 2025-08-26 第 17 批写入 100000 行，累计 1700000/2318188 行
2025-10-17 16:31:41 [INFO] dws_visitor_path_track_heatmap 2025-08-26 第 18 批写入 100000 行，累计 1800000/2318188 行
2025-10-17 16:31:43 [INFO] dws_visitor_path_track_heatmap 2025-08-26 第 19 批写入 100000 行，累计 1900000/2318188 行
2025-10-17 16:31:45 [INFO] dws_visitor_path_track_heatmap 2025-08-26 第 20 批写入 100000 行，累计 2000000/2318188 行
2025-10-17 16:31:46 [INFO] dws_visitor_path_track_heatmap 2025-08-26 第 21 批写入 100000 行，累计 2100000/2318188 行
2025-10-17 16:31:48 [INFO] dws_visitor_path_track_heatmap 2025-08-26 第 22 批写入 100000 行，累计 2200000/2318188 行
2025-10-17 16:31:49 [INFO] dws_visitor_path_track_heatmap 2025-08-26 第 23 批写入 100000 行，累计 2300000/2318188 行
2025-10-17 16:31:49 [INFO] dws_visitor_path_track_heatmap 2025-08-26 第 24 批写入 18188 行，累计 2318188/2318188 行
2025-10-17 16:31:49 [INFO] dws_visitor_path_track_heatmap 2025-08-26 总条数写入 2318188 行
2025-10-17 16:33:34 [INFO] dws_visitor_path_track_heatmap  2025-08-27 已删除 182874 行
2025-10-17 16:33:36 [INFO] dws_visitor_path_track_heatmap 2025-08-27 第 1 批写入 100000 行，累计 100000/2236547 行
2025-10-17 16:33:37 [INFO] dws_visitor_path_track_heatmap 2025-08-27 第 2 批写入 100000 行，累计 200000/2236547 行
2025-10-17 16:33:39 [INFO] dws_visitor_path_track_heatmap 2025-08-27 第 3 批写入 100000 行，累计 300000/2236547 行
2025-10-17 16:33:40 [INFO] dws_visitor_path_track_heatmap 2025-08-27 第 4 批写入 100000 行，累计 400000/2236547 行
2025-10-17 16:33:41 [INFO] dws_visitor_path_track_heatmap 2025-08-27 第 5 批写入 100000 行，累计 500000/2236547 行
2025-10-17 16:33:43 [INFO] dws_visitor_path_track_heatmap 2025-08-27 第 6 批写入 100000 行，累计 600000/2236547 行
2025-10-17 16:33:44 [INFO] dws_visitor_path_track_heatmap 2025-08-27 第 7 批写入 100000 行，累计 700000/2236547 行
2025-10-17 16:33:46 [INFO] dws_visitor_path_track_heatmap 2025-08-27 第 8 批写入 100000 行，累计 800000/2236547 行
2025-10-17 16:33:47 [INFO] dws_visitor_path_track_heatmap 2025-08-27 第 9 批写入 100000 行，累计 900000/2236547 行
2025-10-17 16:33:49 [INFO] dws_visitor_path_track_heatmap 2025-08-27 第 10 批写入 100000 行，累计 1000000/2236547 行
2025-10-17 16:33:51 [INFO] dws_visitor_path_track_heatmap 2025-08-27 第 11 批写入 100000 行，累计 1100000/2236547 行
2025-10-17 16:33:53 [INFO] dws_visitor_path_track_heatmap 2025-08-27 第 12 批写入 100000 行，累计 1200000/2236547 行
2025-10-17 16:33:54 [INFO] dws_visitor_path_track_heatmap 2025-08-27 第 13 批写入 100000 行，累计 1300000/2236547 行
2025-10-17 16:33:56 [INFO] dws_visitor_path_track_heatmap 2025-08-27 第 14 批写入 100000 行，累计 1400000/2236547 行
2025-10-17 16:33:57 [INFO] dws_visitor_path_track_heatmap 2025-08-27 第 15 批写入 100000 行，累计 1500000/2236547 行
2025-10-17 16:33:59 [INFO] dws_visitor_path_track_heatmap 2025-08-27 第 16 批写入 100000 行，累计 1600000/2236547 行
2025-10-17 16:34:00 [INFO] dws_visitor_path_track_heatmap 2025-08-27 第 17 批写入 100000 行，累计 1700000/2236547 行
2025-10-17 16:34:01 [INFO] dws_visitor_path_track_heatmap 2025-08-27 第 18 批写入 100000 行，累计 1800000/2236547 行
2025-10-17 16:34:03 [INFO] dws_visitor_path_track_heatmap 2025-08-27 第 19 批写入 100000 行，累计 1900000/2236547 行
2025-10-17 16:34:04 [INFO] dws_visitor_path_track_heatmap 2025-08-27 第 20 批写入 100000 行，累计 2000000/2236547 行
2025-10-17 16:34:05 [INFO] dws_visitor_path_track_heatmap 2025-08-27 第 21 批写入 100000 行，累计 2100000/2236547 行
2025-10-17 16:34:07 [INFO] dws_visitor_path_track_heatmap 2025-08-27 第 22 批写入 100000 行，累计 2200000/2236547 行
2025-10-17 16:34:07 [INFO] dws_visitor_path_track_heatmap 2025-08-27 第 23 批写入 36547 行，累计 2236547/2236547 行
2025-10-17 16:34:07 [INFO] dws_visitor_path_track_heatmap 2025-08-27 总条数写入 2236547 行
2025-10-23 17:45:43 [INFO] 2025-08-25 已执行完成删除 dws_visitor_path_track_heatmap  的数据
2025-10-23 17:45:52 [INFO] 2025-08-25 已执行完成删除 dws_visitor_path_track_heatmap  的数据
2025-10-23 17:46:04 [INFO] 2025-08-25 已执行完成删除 dws_visitor_path_track_heatmap  的数据
2025-10-23 17:46:09 [ERROR] 执行_insert_batch出错: AttributeError: 'str' object has no attribute 'tzinfo'
2025-10-23 17:46:09 [ERROR] 执行_insert_batch出错: AttributeError: 'str' object has no attribute 'tzinfo'
2025-10-23 17:46:09 [INFO] 2025-08-26 已执行完成删除 dws_visitor_path_track_heatmap  的数据
2025-10-23 17:46:15 [ERROR] 执行_insert_batch出错: AttributeError: 'str' object has no attribute 'tzinfo'
2025-10-23 17:46:15 [ERROR] 执行_insert_batch出错: AttributeError: 'str' object has no attribute 'tzinfo'
2025-10-23 17:46:16 [INFO] 2025-08-27 已执行完成删除 dws_visitor_path_track_heatmap  的数据
2025-10-23 17:46:22 [ERROR] 执行_insert_batch出错: AttributeError: 'str' object has no attribute 'tzinfo'
2025-10-23 17:46:22 [ERROR] 执行_insert_batch出错: AttributeError: 'str' object has no attribute 'tzinfo'
2025-10-23 17:47:36 [INFO] 2025-08-25 已执行完成删除 dws_visitor_path_track_heatmap  的数据
2025-10-23 17:47:43 [INFO] 已写入 200000 行到 dws_visitor_path_track_heatmap
2025-10-23 17:47:44 [INFO] 已写入 135418 行到 dws_visitor_path_track_heatmap
2025-10-23 17:47:44 [INFO] 2025-08-26 已执行完成删除 dws_visitor_path_track_heatmap  的数据
2025-10-23 17:47:51 [INFO] 已写入 200000 行到 dws_visitor_path_track_heatmap
2025-10-23 17:47:52 [INFO] 已写入 141108 行到 dws_visitor_path_track_heatmap
2025-10-23 17:47:52 [INFO] 2025-08-27 已执行完成删除 dws_visitor_path_track_heatmap  的数据
2025-10-23 17:47:59 [INFO] 已写入 200000 行到 dws_visitor_path_track_heatmap
2025-10-23 17:48:00 [INFO] 已写入 144280 行到 dws_visitor_path_track_heatmap
2025-10-24 14:24:30 [INFO] 2025-08-25 已执行完成删除 dws_visitor_path_track_heatmap  的数据
2025-10-24 14:24:36 [INFO] 已写入 200000 行到 dws_visitor_path_track_heatmap
2025-10-24 14:24:37 [INFO] 已写入 135418 行到 dws_visitor_path_track_heatmap
2025-10-24 14:24:37 [INFO] 2025-08-26 已执行完成删除 dws_visitor_path_track_heatmap  的数据
2025-10-24 14:24:43 [INFO] 已写入 200000 行到 dws_visitor_path_track_heatmap
2025-10-24 14:24:45 [INFO] 已写入 141108 行到 dws_visitor_path_track_heatmap
2025-10-24 14:24:45 [INFO] 2025-08-27 已执行完成删除 dws_visitor_path_track_heatmap  的数据
2025-10-24 14:24:51 [INFO] 已写入 200000 行到 dws_visitor_path_track_heatmap
2025-10-24 14:24:52 [INFO] 已写入 144280 行到 dws_visitor_path_track_heatmap
2025-10-29 11:00:11 [INFO] 2025-10-26 已执行完成删除 dws_visitor_path_track_heatmap  的数据
2025-10-29 11:00:16 [INFO] 已写入 200000 行到 dws_visitor_path_track_heatmap
2025-10-29 11:00:18 [INFO] 已写入 132821 行到 dws_visitor_path_track_heatmap
2025-10-29 11:00:18 [INFO] 2025-10-27 已执行完成删除 dws_visitor_path_track_heatmap  的数据
2025-10-29 11:00:24 [INFO] 已写入 200000 行到 dws_visitor_path_track_heatmap
2025-10-29 11:00:25 [INFO] 已写入 138737 行到 dws_visitor_path_track_heatmap
2025-10-29 11:00:25 [INFO] 2025-10-28 已执行完成删除 dws_visitor_path_track_heatmap  的数据
2025-10-29 11:00:32 [INFO] 已写入 200000 行到 dws_visitor_path_track_heatmap
2025-10-29 11:00:34 [INFO] 已写入 134241 行到 dws_visitor_path_track_heatmap
