2025-10-21 14:58:49 [INFO] 2025-08-25 已执行完成删除 dws_profileid_index  的数据
2025-10-21 14:58:52 [INFO] 已写入 100000 行到 dws_profileid_index
2025-10-21 14:58:54 [INFO] 已写入 83297 行到 dws_profileid_index
2025-10-21 14:58:54 [INFO] 2025-08-26 已执行完成删除 dws_profileid_index  的数据
2025-10-21 14:58:57 [INFO] 已写入 100000 行到 dws_profileid_index
2025-10-21 14:58:59 [INFO] 已写入 90586 行到 dws_profileid_index
2025-10-21 14:58:59 [INFO] 2025-08-27 已执行完成删除 dws_profileid_index  的数据
2025-10-21 14:59:02 [INFO] 已写入 100000 行到 dws_profileid_index
2025-10-21 14:59:04 [INFO] 已写入 84212 行到 dws_profileid_index
2025-10-21 15:06:43 [INFO] 2025-08-25 已执行完成删除 dws_profileid_index  的数据
2025-10-21 15:09:39 [INFO] 2025-08-25 已执行完成删除 dws_profileid_index  的数据
2025-10-21 15:09:39 [ERROR] 执行_insert_into_select出错: ServerException: Code: 62.
DB::Exception: Syntax error: failed at position 13 ([) (line 1, col 13): ['dwd_user_capture_detail', 'dws_profileid_group', 'dws_profileid_NewOrReturn_visitor', 'dws_profileid_staytime', 'dws_profileid_index'] (date_hour, date_casino... Expected one of: TABLE, FUNCTION, identifier. Stack trace:

0. DB::Exception::Exception(DB::Exception::MessageMasked&&, int, bool) @ 0x00000000127c721b
1. DB::Exception::createDeprecated(String const&, int, bool) @ 0x0000000012a2f6ad
2. DB::parseQueryAndMovePosition(DB::IParser&, char const*&, char const*, String const&, bool, unsigned long, unsigned long, unsigned long) @ 0x0000000019087672
3. DB::executeQueryImpl(char const*, char const*, std::shared_ptr<DB::Context>, DB::QueryFlags, DB::QueryProcessingStage::Enum, DB::ReadBuffer*, std::shared_ptr<DB::IAST>&, std::shared_ptr<DB::ImplicitTransactionControlExecutor>) @ 0x000000001708f2e0
4. DB::executeQuery(String const&, std::shared_ptr<DB::Context>, DB::QueryFlags, DB::QueryProcessingStage::Enum) @ 0x000000001708e480
5. DB::TCPHandler::runImpl() @ 0x000000001851f0cc
6. DB::TCPHandler::run() @ 0x000000001853eab8
7. Poco::Net::TCPServerConnection::start() @ 0x000000001d89cb27
8. Poco::Net::TCPServerDispatcher::run() @ 0x000000001d89cf79
9. Poco::PooledThread::run() @ 0x000000001d868207
10. Poco::ThreadImpl::runnableEntry(void*) @ 0x000000001d8667a1
11. ? @ 0x0000000000094ac3
12. ? @ 0x0000000000125a04

2025-10-21 15:09:39 [INFO] 2025-08-26 已执行完成删除 dws_profileid_index  的数据
2025-10-21 15:09:39 [ERROR] 执行_insert_into_select出错: ServerException: Code: 62.
DB::Exception: Syntax error: failed at position 13 ([) (line 1, col 13): ['dwd_user_capture_detail', 'dws_profileid_group', 'dws_profileid_NewOrReturn_visitor', 'dws_profileid_staytime', 'dws_profileid_index'] (date_hour, date_casino... Expected one of: TABLE, FUNCTION, identifier. Stack trace:

0. DB::Exception::Exception(DB::Exception::MessageMasked&&, int, bool) @ 0x00000000127c721b
1. DB::Exception::createDeprecated(String const&, int, bool) @ 0x0000000012a2f6ad
2. DB::parseQueryAndMovePosition(DB::IParser&, char const*&, char const*, String const&, bool, unsigned long, unsigned long, unsigned long) @ 0x0000000019087672
3. DB::executeQueryImpl(char const*, char const*, std::shared_ptr<DB::Context>, DB::QueryFlags, DB::QueryProcessingStage::Enum, DB::ReadBuffer*, std::shared_ptr<DB::IAST>&, std::shared_ptr<DB::ImplicitTransactionControlExecutor>) @ 0x000000001708f2e0
4. DB::executeQuery(String const&, std::shared_ptr<DB::Context>, DB::QueryFlags, DB::QueryProcessingStage::Enum) @ 0x000000001708e480
5. DB::TCPHandler::runImpl() @ 0x000000001851f0cc
6. DB::TCPHandler::run() @ 0x000000001853eab8
7. Poco::Net::TCPServerConnection::start() @ 0x000000001d89cb27
8. Poco::Net::TCPServerDispatcher::run() @ 0x000000001d89cf79
9. Poco::PooledThread::run() @ 0x000000001d868207
10. Poco::ThreadImpl::runnableEntry(void*) @ 0x000000001d8667a1
11. ? @ 0x0000000000094ac3
12. ? @ 0x0000000000125a04

2025-10-21 15:09:39 [INFO] 2025-08-27 已执行完成删除 dws_profileid_index  的数据
2025-10-21 15:09:40 [ERROR] 执行_insert_into_select出错: ServerException: Code: 62.
DB::Exception: Syntax error: failed at position 13 ([) (line 1, col 13): ['dwd_user_capture_detail', 'dws_profileid_group', 'dws_profileid_NewOrReturn_visitor', 'dws_profileid_staytime', 'dws_profileid_index'] (date_hour, date_casino... Expected one of: TABLE, FUNCTION, identifier. Stack trace:

0. DB::Exception::Exception(DB::Exception::MessageMasked&&, int, bool) @ 0x00000000127c721b
1. DB::Exception::createDeprecated(String const&, int, bool) @ 0x0000000012a2f6ad
2. DB::parseQueryAndMovePosition(DB::IParser&, char const*&, char const*, String const&, bool, unsigned long, unsigned long, unsigned long) @ 0x0000000019087672
3. DB::executeQueryImpl(char const*, char const*, std::shared_ptr<DB::Context>, DB::QueryFlags, DB::QueryProcessingStage::Enum, DB::ReadBuffer*, std::shared_ptr<DB::IAST>&, std::shared_ptr<DB::ImplicitTransactionControlExecutor>) @ 0x000000001708f2e0
4. DB::executeQuery(String const&, std::shared_ptr<DB::Context>, DB::QueryFlags, DB::QueryProcessingStage::Enum) @ 0x000000001708e480
5. DB::TCPHandler::runImpl() @ 0x000000001851f0cc
6. DB::TCPHandler::run() @ 0x000000001853eab8
7. Poco::Net::TCPServerConnection::start() @ 0x000000001d89cb27
8. Poco::Net::TCPServerDispatcher::run() @ 0x000000001d89cf79
9. Poco::PooledThread::run() @ 0x000000001d868207
10. Poco::ThreadImpl::runnableEntry(void*) @ 0x000000001d8667a1
11. ? @ 0x0000000000094ac3
12. ? @ 0x0000000000125a04

2025-10-21 15:11:30 [INFO] 2025-08-25 已执行完成删除 dws_profileid_index  的数据
2025-10-21 15:11:30 [ERROR] 执行_insert_into_select出错: ServerException: Code: 62.
DB::Exception: Syntax error: failed at position 13 ([) (line 1, col 13): ['dwd_user_capture_detail', 'dws_profileid_group', 'dws_profileid_NewOrReturn_visitor', 'dws_profileid_staytime', 'dws_profileid_index'] (date_hour, date_casino... Expected one of: TABLE, FUNCTION, identifier. Stack trace:

0. DB::Exception::Exception(DB::Exception::MessageMasked&&, int, bool) @ 0x00000000127c721b
1. DB::Exception::createDeprecated(String const&, int, bool) @ 0x0000000012a2f6ad
2. DB::parseQueryAndMovePosition(DB::IParser&, char const*&, char const*, String const&, bool, unsigned long, unsigned long, unsigned long) @ 0x0000000019087672
3. DB::executeQueryImpl(char const*, char const*, std::shared_ptr<DB::Context>, DB::QueryFlags, DB::QueryProcessingStage::Enum, DB::ReadBuffer*, std::shared_ptr<DB::IAST>&, std::shared_ptr<DB::ImplicitTransactionControlExecutor>) @ 0x000000001708f2e0
4. DB::executeQuery(String const&, std::shared_ptr<DB::Context>, DB::QueryFlags, DB::QueryProcessingStage::Enum) @ 0x000000001708e480
5. DB::TCPHandler::runImpl() @ 0x000000001851f0cc
6. DB::TCPHandler::run() @ 0x000000001853eab8
7. Poco::Net::TCPServerConnection::start() @ 0x000000001d89cb27
8. Poco::Net::TCPServerDispatcher::run() @ 0x000000001d89cf79
9. Poco::PooledThread::run() @ 0x000000001d868207
10. Poco::ThreadImpl::runnableEntry(void*) @ 0x000000001d8667a1
11. ? @ 0x0000000000094ac3
12. ? @ 0x0000000000125a04
，报错SQL：INSERT INTO ['dwd_user_capture_detail', 'dws_profileid_group', 'dws_profileid_NewOrReturn_visitor', 'dws_profileid_staytime', 'dws_profileid_index'] (date_hour, date_casino_hour, profile_id, region_type, region_id, region_name, gender, Age_range, profile_type, member_tier, capture_time, hour_diff, corrected_start, corrected_end, group_id, stay_time, is_less15min_visitor, is_return_casino, is_return_zone, batch_time) 
                    
                 
    with 
    tab_split as (
        select
    
             profile_id
            ,region_type
            ,region_id
            ,region_name
            ,gender
            , case when age between 0 and 20 then '0-20'
                                     when age between 21 and 39 then '21-39'
                                     when age between 40 and 65 then '40-65'
                                     when age >65 then  '65+'
                               end  Age_range
            ,profile_type
            ,member_tier
            ,capture_time
            ,coalesce(next_capture_time,capture_time)
            ,dateDiff('hour',capture_time,coalesce(next_capture_time,capture_time)) hour_diff
            ,range(0, hour_diff + 1) AS split_indexes
            ,split_index
    
             ,if(
                split_index = 0,
                capture_time,
                toStartOfHour(capture_time) + split_index * 3600  -- 整点时间（秒为单位累加）
            ) AS corrected_start
            -- 修正后的结束时间：
            -- - 最后1行（index=hour_diff）用原始end_time
            -- - 中间行用下一小时的整点时间
            ,if(
                split_index = hour_diff,
                coalesce(next_capture_time,capture_time),
                toStartOfHour(capture_time) + (split_index + 1) * 3600  -- 下一小时整点
            ) AS corrected_end
    
    
        from dwd_user_capture_detail  t1
         ARRAY JOIN  split_indexes as split_index
        where  toDate(t1.capture_time)= %(date)s
    
    
        )
    
    
    select
    
           toDateTime(formatDateTime(corrected_start,'%%Y-%%m-%%d %%H:00:00')) date_hour
         , toDateTime(formatDateTime(corrected_start-21600,'%%Y-%%m-%%d %%H:00:00')) date_casino_hour
         , t1.profile_id profile_id
         , t1.region_type region_type
         , t1.region_id region_id
         , t1.region_name region_name
         , t1.gender gender
         , t1.Age_range Age_range
         , t1.profile_type profile_type
         , t1.member_tier member_tier
         , t1.capture_time capture_time
         , t1.hour_diff hour_diff
         , t1.corrected_start corrected_start
         , t1.corrected_end corrected_end
         , t2.group_id  group_id
         , t3.stay_time stay_time
         , t4.is_less15min_visitor is_less15min_visitor
         , t4.is_return_casino is_return_casino
         , t4.is_return_zone is_return_zone
         , now() batch_time
    from tab_split t1
    left join dws_profileid_group t2 on t1.corrected_start=t2.capture_time
                                              and t1.profile_id=t2.profile_id
                                              and t1.region_id=t2.region_id
    left join dws_profileid_staytime t3 on toDate(t1.corrected_start) = t3.date
                                              and toDate(t1.corrected_start - 21600) = t3.date_casino
                                              and t1.profile_id=t3.profile_id
                                              and t1.region_id=t3.region_id
    left join dws_profileid_NewOrReturn_visitor t4 on toDate(t1.corrected_start) = t4.date
                                              and toDate(t1.corrected_start - 21600) = t4.date_casino
                                              and t1.profile_id=t4.profile_id
                                              and t1.region_id=t4.region_id
    
       
                    
                               
    
        
2025-10-21 15:11:30 [INFO] 2025-08-26 已执行完成删除 dws_profileid_index  的数据
2025-10-21 15:11:30 [ERROR] 执行_insert_into_select出错: ServerException: Code: 62.
DB::Exception: Syntax error: failed at position 13 ([) (line 1, col 13): ['dwd_user_capture_detail', 'dws_profileid_group', 'dws_profileid_NewOrReturn_visitor', 'dws_profileid_staytime', 'dws_profileid_index'] (date_hour, date_casino... Expected one of: TABLE, FUNCTION, identifier. Stack trace:

0. DB::Exception::Exception(DB::Exception::MessageMasked&&, int, bool) @ 0x00000000127c721b
1. DB::Exception::createDeprecated(String const&, int, bool) @ 0x0000000012a2f6ad
2. DB::parseQueryAndMovePosition(DB::IParser&, char const*&, char const*, String const&, bool, unsigned long, unsigned long, unsigned long) @ 0x0000000019087672
3. DB::executeQueryImpl(char const*, char const*, std::shared_ptr<DB::Context>, DB::QueryFlags, DB::QueryProcessingStage::Enum, DB::ReadBuffer*, std::shared_ptr<DB::IAST>&, std::shared_ptr<DB::ImplicitTransactionControlExecutor>) @ 0x000000001708f2e0
4. DB::executeQuery(String const&, std::shared_ptr<DB::Context>, DB::QueryFlags, DB::QueryProcessingStage::Enum) @ 0x000000001708e480
5. DB::TCPHandler::runImpl() @ 0x000000001851f0cc
6. DB::TCPHandler::run() @ 0x000000001853eab8
7. Poco::Net::TCPServerConnection::start() @ 0x000000001d89cb27
8. Poco::Net::TCPServerDispatcher::run() @ 0x000000001d89cf79
9. Poco::PooledThread::run() @ 0x000000001d868207
10. Poco::ThreadImpl::runnableEntry(void*) @ 0x000000001d8667a1
11. ? @ 0x0000000000094ac3
12. ? @ 0x0000000000125a04
，报错SQL：INSERT INTO ['dwd_user_capture_detail', 'dws_profileid_group', 'dws_profileid_NewOrReturn_visitor', 'dws_profileid_staytime', 'dws_profileid_index'] (date_hour, date_casino_hour, profile_id, region_type, region_id, region_name, gender, Age_range, profile_type, member_tier, capture_time, hour_diff, corrected_start, corrected_end, group_id, stay_time, is_less15min_visitor, is_return_casino, is_return_zone, batch_time) 
                    
                 
    with 
    tab_split as (
        select
    
             profile_id
            ,region_type
            ,region_id
            ,region_name
            ,gender
            , case when age between 0 and 20 then '0-20'
                                     when age between 21 and 39 then '21-39'
                                     when age between 40 and 65 then '40-65'
                                     when age >65 then  '65+'
                               end  Age_range
            ,profile_type
            ,member_tier
            ,capture_time
            ,coalesce(next_capture_time,capture_time)
            ,dateDiff('hour',capture_time,coalesce(next_capture_time,capture_time)) hour_diff
            ,range(0, hour_diff + 1) AS split_indexes
            ,split_index
    
             ,if(
                split_index = 0,
                capture_time,
                toStartOfHour(capture_time) + split_index * 3600  -- 整点时间（秒为单位累加）
            ) AS corrected_start
            -- 修正后的结束时间：
            -- - 最后1行（index=hour_diff）用原始end_time
            -- - 中间行用下一小时的整点时间
            ,if(
                split_index = hour_diff,
                coalesce(next_capture_time,capture_time),
                toStartOfHour(capture_time) + (split_index + 1) * 3600  -- 下一小时整点
            ) AS corrected_end
    
    
        from dwd_user_capture_detail  t1
         ARRAY JOIN  split_indexes as split_index
        where  toDate(t1.capture_time)= %(date)s
    
    
        )
    
    
    select
    
           toDateTime(formatDateTime(corrected_start,'%%Y-%%m-%%d %%H:00:00')) date_hour
         , toDateTime(formatDateTime(corrected_start-21600,'%%Y-%%m-%%d %%H:00:00')) date_casino_hour
         , t1.profile_id profile_id
         , t1.region_type region_type
         , t1.region_id region_id
         , t1.region_name region_name
         , t1.gender gender
         , t1.Age_range Age_range
         , t1.profile_type profile_type
         , t1.member_tier member_tier
         , t1.capture_time capture_time
         , t1.hour_diff hour_diff
         , t1.corrected_start corrected_start
         , t1.corrected_end corrected_end
         , t2.group_id  group_id
         , t3.stay_time stay_time
         , t4.is_less15min_visitor is_less15min_visitor
         , t4.is_return_casino is_return_casino
         , t4.is_return_zone is_return_zone
         , now() batch_time
    from tab_split t1
    left join dws_profileid_group t2 on t1.corrected_start=t2.capture_time
                                              and t1.profile_id=t2.profile_id
                                              and t1.region_id=t2.region_id
    left join dws_profileid_staytime t3 on toDate(t1.corrected_start) = t3.date
                                              and toDate(t1.corrected_start - 21600) = t3.date_casino
                                              and t1.profile_id=t3.profile_id
                                              and t1.region_id=t3.region_id
    left join dws_profileid_NewOrReturn_visitor t4 on toDate(t1.corrected_start) = t4.date
                                              and toDate(t1.corrected_start - 21600) = t4.date_casino
                                              and t1.profile_id=t4.profile_id
                                              and t1.region_id=t4.region_id
    
       
                    
                               
    
        
2025-10-21 15:11:30 [INFO] 2025-08-27 已执行完成删除 dws_profileid_index  的数据
2025-10-21 15:11:30 [ERROR] 执行_insert_into_select出错: ServerException: Code: 62.
DB::Exception: Syntax error: failed at position 13 ([) (line 1, col 13): ['dwd_user_capture_detail', 'dws_profileid_group', 'dws_profileid_NewOrReturn_visitor', 'dws_profileid_staytime', 'dws_profileid_index'] (date_hour, date_casino... Expected one of: TABLE, FUNCTION, identifier. Stack trace:

0. DB::Exception::Exception(DB::Exception::MessageMasked&&, int, bool) @ 0x00000000127c721b
1. DB::Exception::createDeprecated(String const&, int, bool) @ 0x0000000012a2f6ad
2. DB::parseQueryAndMovePosition(DB::IParser&, char const*&, char const*, String const&, bool, unsigned long, unsigned long, unsigned long) @ 0x0000000019087672
3. DB::executeQueryImpl(char const*, char const*, std::shared_ptr<DB::Context>, DB::QueryFlags, DB::QueryProcessingStage::Enum, DB::ReadBuffer*, std::shared_ptr<DB::IAST>&, std::shared_ptr<DB::ImplicitTransactionControlExecutor>) @ 0x000000001708f2e0
4. DB::executeQuery(String const&, std::shared_ptr<DB::Context>, DB::QueryFlags, DB::QueryProcessingStage::Enum) @ 0x000000001708e480
5. DB::TCPHandler::runImpl() @ 0x000000001851f0cc
6. DB::TCPHandler::run() @ 0x000000001853eab8
7. Poco::Net::TCPServerConnection::start() @ 0x000000001d89cb27
8. Poco::Net::TCPServerDispatcher::run() @ 0x000000001d89cf79
9. Poco::PooledThread::run() @ 0x000000001d868207
10. Poco::ThreadImpl::runnableEntry(void*) @ 0x000000001d8667a1
11. ? @ 0x0000000000094ac3
12. ? @ 0x0000000000125a04
，报错SQL：INSERT INTO ['dwd_user_capture_detail', 'dws_profileid_group', 'dws_profileid_NewOrReturn_visitor', 'dws_profileid_staytime', 'dws_profileid_index'] (date_hour, date_casino_hour, profile_id, region_type, region_id, region_name, gender, Age_range, profile_type, member_tier, capture_time, hour_diff, corrected_start, corrected_end, group_id, stay_time, is_less15min_visitor, is_return_casino, is_return_zone, batch_time) 
                    
                 
    with 
    tab_split as (
        select
    
             profile_id
            ,region_type
            ,region_id
            ,region_name
            ,gender
            , case when age between 0 and 20 then '0-20'
                                     when age between 21 and 39 then '21-39'
                                     when age between 40 and 65 then '40-65'
                                     when age >65 then  '65+'
                               end  Age_range
            ,profile_type
            ,member_tier
            ,capture_time
            ,coalesce(next_capture_time,capture_time)
            ,dateDiff('hour',capture_time,coalesce(next_capture_time,capture_time)) hour_diff
            ,range(0, hour_diff + 1) AS split_indexes
            ,split_index
    
             ,if(
                split_index = 0,
                capture_time,
                toStartOfHour(capture_time) + split_index * 3600  -- 整点时间（秒为单位累加）
            ) AS corrected_start
            -- 修正后的结束时间：
            -- - 最后1行（index=hour_diff）用原始end_time
            -- - 中间行用下一小时的整点时间
            ,if(
                split_index = hour_diff,
                coalesce(next_capture_time,capture_time),
                toStartOfHour(capture_time) + (split_index + 1) * 3600  -- 下一小时整点
            ) AS corrected_end
    
    
        from dwd_user_capture_detail  t1
         ARRAY JOIN  split_indexes as split_index
        where  toDate(t1.capture_time)= %(date)s
    
    
        )
    
    
    select
    
           toDateTime(formatDateTime(corrected_start,'%%Y-%%m-%%d %%H:00:00')) date_hour
         , toDateTime(formatDateTime(corrected_start-21600,'%%Y-%%m-%%d %%H:00:00')) date_casino_hour
         , t1.profile_id profile_id
         , t1.region_type region_type
         , t1.region_id region_id
         , t1.region_name region_name
         , t1.gender gender
         , t1.Age_range Age_range
         , t1.profile_type profile_type
         , t1.member_tier member_tier
         , t1.capture_time capture_time
         , t1.hour_diff hour_diff
         , t1.corrected_start corrected_start
         , t1.corrected_end corrected_end
         , t2.group_id  group_id
         , t3.stay_time stay_time
         , t4.is_less15min_visitor is_less15min_visitor
         , t4.is_return_casino is_return_casino
         , t4.is_return_zone is_return_zone
         , now() batch_time
    from tab_split t1
    left join dws_profileid_group t2 on t1.corrected_start=t2.capture_time
                                              and t1.profile_id=t2.profile_id
                                              and t1.region_id=t2.region_id
    left join dws_profileid_staytime t3 on toDate(t1.corrected_start) = t3.date
                                              and toDate(t1.corrected_start - 21600) = t3.date_casino
                                              and t1.profile_id=t3.profile_id
                                              and t1.region_id=t3.region_id
    left join dws_profileid_NewOrReturn_visitor t4 on toDate(t1.corrected_start) = t4.date
                                              and toDate(t1.corrected_start - 21600) = t4.date_casino
                                              and t1.profile_id=t4.profile_id
                                              and t1.region_id=t4.region_id
    
       
                    
                               
    
        
2025-10-21 15:12:22 [INFO] 2025-08-25 已执行完成删除 dws_profileid_index  的数据
2025-10-21 15:12:22 [INFO]  INSERT INTO dws_profileid_index (date_hour, date_casino_hour, profile_id, region_type, region_id, region_name, gender, Age_range, profile_type, member_tier, capture_time, hour_diff, corrected_start, corrected_end, group_id, stay_time, is_less15min_visitor, is_return_casino, is_return_zone, batch_time) 
                    
                 
    with 
    tab_split as (
        select
    
             profile_id
            ,region_type
            ,region_id
            ,region_name
            ,gender
            , case when age between 0 and 20 then '0-20'
                                     when age between 21 and 39 then '21-39'
                                     when age between 40 and 65 then '40-65'
                                     when age >65 then  '65+'
                               end  Age_range
            ,profile_type
            ,member_tier
            ,capture_time
            ,coalesce(next_capture_time,capture_time)
            ,dateDiff('hour',capture_time,coalesce(next_capture_time,capture_time)) hour_diff
            ,range(0, hour_diff + 1) AS split_indexes
            ,split_index
    
             ,if(
                split_index = 0,
                capture_time,
                toStartOfHour(capture_time) + split_index * 3600  -- 整点时间（秒为单位累加）
            ) AS corrected_start
            -- 修正后的结束时间：
            -- - 最后1行（index=hour_diff）用原始end_time
            -- - 中间行用下一小时的整点时间
            ,if(
                split_index = hour_diff,
                coalesce(next_capture_time,capture_time),
                toStartOfHour(capture_time) + (split_index + 1) * 3600  -- 下一小时整点
            ) AS corrected_end
    
    
        from dwd_user_capture_detail  t1
         ARRAY JOIN  split_indexes as split_index
        where  toDate(t1.capture_time)= %(date)s
    
    
        )
    
    
    select
    
           toDateTime(formatDateTime(corrected_start,'%%Y-%%m-%%d %%H:00:00')) date_hour
         , toDateTime(formatDateTime(corrected_start-21600,'%%Y-%%m-%%d %%H:00:00')) date_casino_hour
         , t1.profile_id profile_id
         , t1.region_type region_type
         , t1.region_id region_id
         , t1.region_name region_name
         , t1.gender gender
         , t1.Age_range Age_range
         , t1.profile_type profile_type
         , t1.member_tier member_tier
         , t1.capture_time capture_time
         , t1.hour_diff hour_diff
         , t1.corrected_start corrected_start
         , t1.corrected_end corrected_end
         , t2.group_id  group_id
         , t3.stay_time stay_time
         , t4.is_less15min_visitor is_less15min_visitor
         , t4.is_return_casino is_return_casino
         , t4.is_return_zone is_return_zone
         , now() batch_time
    from tab_split t1
    left join dws_profileid_group t2 on t1.corrected_start=t2.capture_time
                                              and t1.profile_id=t2.profile_id
                                              and t1.region_id=t2.region_id
    left join dws_profileid_staytime t3 on toDate(t1.corrected_start) = t3.date
                                              and toDate(t1.corrected_start - 21600) = t3.date_casino
                                              and t1.profile_id=t3.profile_id
                                              and t1.region_id=t3.region_id
    left join dws_profileid_NewOrReturn_visitor t4 on toDate(t1.corrected_start) = t4.date
                                              and toDate(t1.corrected_start - 21600) = t4.date_casino
                                              and t1.profile_id=t4.profile_id
                                              and t1.region_id=t4.region_id
    
       
                    
                               
    
         已经写入  dws_profileid_index
2025-10-21 15:12:22 [INFO] 2025-08-26 已执行完成删除 dws_profileid_index  的数据
2025-10-21 15:12:23 [INFO]  INSERT INTO dws_profileid_index (date_hour, date_casino_hour, profile_id, region_type, region_id, region_name, gender, Age_range, profile_type, member_tier, capture_time, hour_diff, corrected_start, corrected_end, group_id, stay_time, is_less15min_visitor, is_return_casino, is_return_zone, batch_time) 
                    
                 
    with 
    tab_split as (
        select
    
             profile_id
            ,region_type
            ,region_id
            ,region_name
            ,gender
            , case when age between 0 and 20 then '0-20'
                                     when age between 21 and 39 then '21-39'
                                     when age between 40 and 65 then '40-65'
                                     when age >65 then  '65+'
                               end  Age_range
            ,profile_type
            ,member_tier
            ,capture_time
            ,coalesce(next_capture_time,capture_time)
            ,dateDiff('hour',capture_time,coalesce(next_capture_time,capture_time)) hour_diff
            ,range(0, hour_diff + 1) AS split_indexes
            ,split_index
    
             ,if(
                split_index = 0,
                capture_time,
                toStartOfHour(capture_time) + split_index * 3600  -- 整点时间（秒为单位累加）
            ) AS corrected_start
            -- 修正后的结束时间：
            -- - 最后1行（index=hour_diff）用原始end_time
            -- - 中间行用下一小时的整点时间
            ,if(
                split_index = hour_diff,
                coalesce(next_capture_time,capture_time),
                toStartOfHour(capture_time) + (split_index + 1) * 3600  -- 下一小时整点
            ) AS corrected_end
    
    
        from dwd_user_capture_detail  t1
         ARRAY JOIN  split_indexes as split_index
        where  toDate(t1.capture_time)= %(date)s
    
    
        )
    
    
    select
    
           toDateTime(formatDateTime(corrected_start,'%%Y-%%m-%%d %%H:00:00')) date_hour
         , toDateTime(formatDateTime(corrected_start-21600,'%%Y-%%m-%%d %%H:00:00')) date_casino_hour
         , t1.profile_id profile_id
         , t1.region_type region_type
         , t1.region_id region_id
         , t1.region_name region_name
         , t1.gender gender
         , t1.Age_range Age_range
         , t1.profile_type profile_type
         , t1.member_tier member_tier
         , t1.capture_time capture_time
         , t1.hour_diff hour_diff
         , t1.corrected_start corrected_start
         , t1.corrected_end corrected_end
         , t2.group_id  group_id
         , t3.stay_time stay_time
         , t4.is_less15min_visitor is_less15min_visitor
         , t4.is_return_casino is_return_casino
         , t4.is_return_zone is_return_zone
         , now() batch_time
    from tab_split t1
    left join dws_profileid_group t2 on t1.corrected_start=t2.capture_time
                                              and t1.profile_id=t2.profile_id
                                              and t1.region_id=t2.region_id
    left join dws_profileid_staytime t3 on toDate(t1.corrected_start) = t3.date
                                              and toDate(t1.corrected_start - 21600) = t3.date_casino
                                              and t1.profile_id=t3.profile_id
                                              and t1.region_id=t3.region_id
    left join dws_profileid_NewOrReturn_visitor t4 on toDate(t1.corrected_start) = t4.date
                                              and toDate(t1.corrected_start - 21600) = t4.date_casino
                                              and t1.profile_id=t4.profile_id
                                              and t1.region_id=t4.region_id
    
       
                    
                               
    
         已经写入  dws_profileid_index
2025-10-21 15:12:23 [INFO] 2025-08-27 已执行完成删除 dws_profileid_index  的数据
2025-10-21 15:12:23 [INFO]  INSERT INTO dws_profileid_index (date_hour, date_casino_hour, profile_id, region_type, region_id, region_name, gender, Age_range, profile_type, member_tier, capture_time, hour_diff, corrected_start, corrected_end, group_id, stay_time, is_less15min_visitor, is_return_casino, is_return_zone, batch_time) 
                    
                 
    with 
    tab_split as (
        select
    
             profile_id
            ,region_type
            ,region_id
            ,region_name
            ,gender
            , case when age between 0 and 20 then '0-20'
                                     when age between 21 and 39 then '21-39'
                                     when age between 40 and 65 then '40-65'
                                     when age >65 then  '65+'
                               end  Age_range
            ,profile_type
            ,member_tier
            ,capture_time
            ,coalesce(next_capture_time,capture_time)
            ,dateDiff('hour',capture_time,coalesce(next_capture_time,capture_time)) hour_diff
            ,range(0, hour_diff + 1) AS split_indexes
            ,split_index
    
             ,if(
                split_index = 0,
                capture_time,
                toStartOfHour(capture_time) + split_index * 3600  -- 整点时间（秒为单位累加）
            ) AS corrected_start
            -- 修正后的结束时间：
            -- - 最后1行（index=hour_diff）用原始end_time
            -- - 中间行用下一小时的整点时间
            ,if(
                split_index = hour_diff,
                coalesce(next_capture_time,capture_time),
                toStartOfHour(capture_time) + (split_index + 1) * 3600  -- 下一小时整点
            ) AS corrected_end
    
    
        from dwd_user_capture_detail  t1
         ARRAY JOIN  split_indexes as split_index
        where  toDate(t1.capture_time)= %(date)s
    
    
        )
    
    
    select
    
           toDateTime(formatDateTime(corrected_start,'%%Y-%%m-%%d %%H:00:00')) date_hour
         , toDateTime(formatDateTime(corrected_start-21600,'%%Y-%%m-%%d %%H:00:00')) date_casino_hour
         , t1.profile_id profile_id
         , t1.region_type region_type
         , t1.region_id region_id
         , t1.region_name region_name
         , t1.gender gender
         , t1.Age_range Age_range
         , t1.profile_type profile_type
         , t1.member_tier member_tier
         , t1.capture_time capture_time
         , t1.hour_diff hour_diff
         , t1.corrected_start corrected_start
         , t1.corrected_end corrected_end
         , t2.group_id  group_id
         , t3.stay_time stay_time
         , t4.is_less15min_visitor is_less15min_visitor
         , t4.is_return_casino is_return_casino
         , t4.is_return_zone is_return_zone
         , now() batch_time
    from tab_split t1
    left join dws_profileid_group t2 on t1.corrected_start=t2.capture_time
                                              and t1.profile_id=t2.profile_id
                                              and t1.region_id=t2.region_id
    left join dws_profileid_staytime t3 on toDate(t1.corrected_start) = t3.date
                                              and toDate(t1.corrected_start - 21600) = t3.date_casino
                                              and t1.profile_id=t3.profile_id
                                              and t1.region_id=t3.region_id
    left join dws_profileid_NewOrReturn_visitor t4 on toDate(t1.corrected_start) = t4.date
                                              and toDate(t1.corrected_start - 21600) = t4.date_casino
                                              and t1.profile_id=t4.profile_id
                                              and t1.region_id=t4.region_id
    
       
                    
                               
    
         已经写入  dws_profileid_index
2025-10-21 15:13:03 [INFO] 2025-08-25 已执行完成删除 dws_profileid_index  的数据
2025-10-21 15:13:03 [INFO]  执行成功 ，已经写入  dws_profileid_index
2025-10-21 15:13:03 [INFO] 2025-08-26 已执行完成删除 dws_profileid_index  的数据
2025-10-21 15:13:04 [INFO]  执行成功 ，已经写入  dws_profileid_index
2025-10-21 15:13:04 [INFO] 2025-08-27 已执行完成删除 dws_profileid_index  的数据
2025-10-21 15:13:04 [INFO]  执行成功 ，已经写入  dws_profileid_index
