2025-11-04 10:09:16 [INFO] 2025-09-21 已执行完成删除 dws_visitation_daily_casino  的数据
2025-11-04 10:09:16 [INFO] 已写入 338 行到 dws_visitation_daily_casino
2025-11-04 10:09:16 [INFO] 2025-09-22 已执行完成删除 dws_visitation_daily_casino  的数据
2025-11-04 10:09:16 [INFO] 已写入 376 行到 dws_visitation_daily_casino
2025-11-04 10:09:16 [INFO] 2025-09-23 已执行完成删除 dws_visitation_daily_casino  的数据
2025-11-04 10:09:16 [INFO] 已写入 363 行到 dws_visitation_daily_casino
2025-11-04 10:09:16 [INFO] 2025-09-24 已执行完成删除 dws_visitation_daily_casino  的数据
2025-11-04 10:09:17 [INFO] 已写入 344 行到 dws_visitation_daily_casino
2025-11-04 10:09:17 [INFO] 2025-09-25 已执行完成删除 dws_visitation_daily_casino  的数据
2025-11-04 10:09:17 [INFO] 已写入 350 行到 dws_visitation_daily_casino
2025-11-04 10:09:17 [INFO] 2025-09-26 已执行完成删除 dws_visitation_daily_casino  的数据
2025-11-04 10:09:29 [INFO] dws_visitor_path_track_heatmap  2025-09-21 已删除 33866 行
2025-11-04 10:09:31 [INFO] dws_visitor_path_track_heatmap 2025-09-21 第 1 批写入 82320 行，累计 82320/82320 行
2025-11-04 10:09:31 [INFO] dws_visitor_path_track_heatmap 2025-09-21 总条数写入 82320 行
2025-11-04 10:09:42 [INFO] dws_visitor_path_track_heatmap  2025-09-22 已删除 34505 行
2025-11-04 10:09:43 [INFO] dws_visitor_path_track_heatmap 2025-09-22 第 1 批写入 83518 行，累计 83518/83518 行
2025-11-04 10:09:43 [INFO] dws_visitor_path_track_heatmap 2025-09-22 总条数写入 83518 行
2025-11-04 10:09:54 [INFO] dws_visitor_path_track_heatmap  2025-09-23 已删除 35091 行
2025-11-04 10:09:55 [INFO] dws_visitor_path_track_heatmap 2025-09-23 第 1 批写入 82888 行，累计 82888/82888 行
2025-11-04 10:09:55 [INFO] dws_visitor_path_track_heatmap 2025-09-23 总条数写入 82888 行
2025-11-04 10:10:06 [INFO] dws_visitor_path_track_heatmap  2025-09-24 已删除 33912 行
2025-11-04 10:10:07 [INFO] dws_visitor_path_track_heatmap 2025-09-24 第 1 批写入 81584 行，累计 81584/81584 行
2025-11-04 10:10:07 [INFO] dws_visitor_path_track_heatmap 2025-09-24 总条数写入 81584 行
2025-11-04 10:10:17 [INFO] dws_visitor_path_track_heatmap  2025-09-25 已删除 35458 行
2025-11-04 10:10:19 [INFO] dws_visitor_path_track_heatmap 2025-09-25 第 1 批写入 85009 行，累计 85009/85009 行
2025-11-04 10:10:19 [INFO] dws_visitor_path_track_heatmap 2025-09-25 总条数写入 85009 行
2025-11-04 15:44:50 [INFO] 2025-09-21 已执行完成删除 dws_visitation_daily_casino  的数据
2025-11-04 15:44:50 [INFO] 已写入 270 行到 dws_visitation_daily_casino
2025-11-04 15:45:08 [INFO] 2025-09-21 已执行完成删除 dws_visitation_daily_casino  的数据
2025-11-04 15:45:09 [INFO] 已写入 270 行到 dws_visitation_daily_casino
2025-11-04 15:46:07 [INFO] 2025-09-21 已执行完成删除 dws_visitation_daily_casino  的数据
2025-11-04 15:46:07 [INFO] 已写入 168 行到 dws_visitation_daily_casino
2025-11-04 15:46:07 [INFO] 已写入 42 行到 dws_visitation_daily_casino
2025-11-04 15:46:07 [INFO] 2025-09-22 已执行完成删除 dws_visitation_daily_casino  的数据
2025-11-04 15:46:07 [INFO] 已写入 173 行到 dws_visitation_daily_casino
2025-11-04 15:46:08 [INFO] 已写入 44 行到 dws_visitation_daily_casino
2025-11-04 15:46:08 [INFO] 2025-09-23 已执行完成删除 dws_visitation_daily_casino  的数据
2025-11-04 15:46:08 [INFO] 已写入 168 行到 dws_visitation_daily_casino
2025-11-04 15:46:08 [INFO] 已写入 42 行到 dws_visitation_daily_casino
2025-11-04 15:46:08 [INFO] 2025-09-24 已执行完成删除 dws_visitation_daily_casino  的数据
2025-11-04 15:46:08 [INFO] 已写入 171 行到 dws_visitation_daily_casino
2025-11-04 15:46:08 [INFO] 已写入 43 行到 dws_visitation_daily_casino
2025-11-04 15:46:09 [INFO] 2025-09-25 已执行完成删除 dws_visitation_daily_casino  的数据
2025-11-04 15:46:09 [INFO] 已写入 168 行到 dws_visitation_daily_casino
2025-11-04 15:46:09 [INFO] 已写入 42 行到 dws_visitation_daily_casino
2025-11-04 15:46:09 [INFO] 2025-09-26 已执行完成删除 dws_visitation_daily_casino  的数据
2025-11-04 15:48:38 [INFO] 2025-09-21 已执行完成删除 dws_visitation_daily_casino  的数据
2025-11-04 15:48:38 [INFO] 已写入 168 行到 dws_visitation_daily_casino
2025-11-04 15:48:38 [INFO] 已写入 42 行到 dws_visitation_daily_casino
2025-11-04 15:48:38 [INFO] 2025-09-22 已执行完成删除 dws_visitation_daily_casino  的数据
2025-11-04 15:48:38 [INFO] 已写入 173 行到 dws_visitation_daily_casino
2025-11-04 15:48:39 [INFO] 已写入 44 行到 dws_visitation_daily_casino
2025-11-04 15:48:39 [INFO] 2025-09-23 已执行完成删除 dws_visitation_daily_casino  的数据
2025-11-04 15:48:39 [INFO] 已写入 168 行到 dws_visitation_daily_casino
2025-11-04 15:48:39 [INFO] 已写入 42 行到 dws_visitation_daily_casino
2025-11-04 15:48:39 [INFO] 2025-09-24 已执行完成删除 dws_visitation_daily_casino  的数据
2025-11-04 15:48:39 [INFO] 已写入 171 行到 dws_visitation_daily_casino
2025-11-04 15:48:40 [INFO] 已写入 43 行到 dws_visitation_daily_casino
2025-11-04 15:48:40 [INFO] 2025-09-25 已执行完成删除 dws_visitation_daily_casino  的数据
2025-11-04 15:48:40 [INFO] 已写入 168 行到 dws_visitation_daily_casino
2025-11-04 15:48:40 [INFO] 已写入 42 行到 dws_visitation_daily_casino
2025-11-04 15:48:40 [INFO] 2025-09-26 已执行完成删除 dws_visitation_daily_casino  的数据
2025-11-21 16:55:40 [INFO] 2025-08-01 已执行完成删除 dws_visitation_daily_casino  的数据
2025-11-21 16:55:40 [INFO] 已写入 1112 行到 dws_visitation_daily_casino
2025-11-21 16:55:40 [INFO] 已写入 56 行到 dws_visitation_daily_casino
2025-11-21 16:55:41 [INFO] 2025-08-02 已执行完成删除 dws_visitation_daily_casino  的数据
2025-11-21 16:55:41 [INFO] 已写入 1108 行到 dws_visitation_daily_casino
2025-11-21 16:55:41 [INFO] 已写入 56 行到 dws_visitation_daily_casino
2025-11-21 16:55:41 [INFO] 2025-08-03 已执行完成删除 dws_visitation_daily_casino  的数据
2025-11-21 16:55:41 [INFO] 已写入 1102 行到 dws_visitation_daily_casino
2025-11-21 16:55:42 [INFO] 已写入 56 行到 dws_visitation_daily_casino
2025-11-21 16:55:42 [INFO] 2025-08-04 已执行完成删除 dws_visitation_daily_casino  的数据
2025-11-21 16:55:42 [INFO] 已写入 1105 行到 dws_visitation_daily_casino
2025-11-21 16:55:42 [INFO] 已写入 56 行到 dws_visitation_daily_casino
2025-11-21 16:55:42 [INFO] 2025-08-05 已执行完成删除 dws_visitation_daily_casino  的数据
2025-11-21 16:55:42 [INFO] 已写入 1105 行到 dws_visitation_daily_casino
2025-11-21 16:55:43 [INFO] 已写入 56 行到 dws_visitation_daily_casino
2025-11-21 16:55:43 [INFO] 2025-08-06 已执行完成删除 dws_visitation_daily_casino  的数据
2025-11-21 16:55:43 [INFO] 已写入 1107 行到 dws_visitation_daily_casino
2025-11-21 16:55:43 [INFO] 已写入 56 行到 dws_visitation_daily_casino
2025-11-21 16:55:43 [INFO] 2025-08-07 已执行完成删除 dws_visitation_daily_casino  的数据
2025-11-21 16:55:44 [INFO] 已写入 1103 行到 dws_visitation_daily_casino
2025-11-21 16:55:44 [INFO] 已写入 56 行到 dws_visitation_daily_casino
2025-11-21 16:55:44 [INFO] 2025-08-08 已执行完成删除 dws_visitation_daily_casino  的数据
2025-11-21 16:55:44 [INFO] 已写入 1110 行到 dws_visitation_daily_casino
2025-11-21 16:55:44 [INFO] 已写入 56 行到 dws_visitation_daily_casino
2025-11-21 16:55:44 [INFO] 2025-08-09 已执行完成删除 dws_visitation_daily_casino  的数据
2025-11-21 16:55:45 [INFO] 已写入 1108 行到 dws_visitation_daily_casino
2025-11-21 16:55:45 [INFO] 已写入 56 行到 dws_visitation_daily_casino
2025-11-21 16:55:45 [INFO] 2025-08-10 已执行完成删除 dws_visitation_daily_casino  的数据
2025-11-21 16:55:45 [INFO] 已写入 1113 行到 dws_visitation_daily_casino
2025-11-21 16:55:45 [INFO] 已写入 56 行到 dws_visitation_daily_casino
2025-11-21 16:55:45 [INFO] 2025-08-11 已执行完成删除 dws_visitation_daily_casino  的数据
2025-11-21 16:55:46 [INFO] 已写入 1102 行到 dws_visitation_daily_casino
2025-11-21 16:55:46 [INFO] 已写入 56 行到 dws_visitation_daily_casino
2025-11-21 16:55:46 [INFO] 2025-08-12 已执行完成删除 dws_visitation_daily_casino  的数据
2025-11-21 16:55:46 [INFO] 已写入 1102 行到 dws_visitation_daily_casino
2025-11-21 16:55:46 [INFO] 已写入 56 行到 dws_visitation_daily_casino
2025-11-21 16:55:47 [INFO] 2025-08-13 已执行完成删除 dws_visitation_daily_casino  的数据
2025-11-21 16:55:47 [INFO] 已写入 1104 行到 dws_visitation_daily_casino
2025-11-21 16:55:47 [INFO] 已写入 56 行到 dws_visitation_daily_casino
2025-11-21 16:55:47 [INFO] 2025-08-14 已执行完成删除 dws_visitation_daily_casino  的数据
2025-11-21 16:55:47 [INFO] 已写入 1109 行到 dws_visitation_daily_casino
2025-11-21 16:55:48 [INFO] 已写入 56 行到 dws_visitation_daily_casino
2025-11-21 16:55:48 [INFO] 2025-08-15 已执行完成删除 dws_visitation_daily_casino  的数据
2025-11-21 16:55:48 [INFO] 已写入 1111 行到 dws_visitation_daily_casino
2025-11-21 16:55:48 [INFO] 已写入 56 行到 dws_visitation_daily_casino
2025-11-21 16:55:48 [INFO] 2025-08-16 已执行完成删除 dws_visitation_daily_casino  的数据
2025-11-21 16:55:48 [INFO] 已写入 1106 行到 dws_visitation_daily_casino
2025-11-21 16:55:49 [INFO] 已写入 56 行到 dws_visitation_daily_casino
2025-11-21 16:55:49 [INFO] 2025-08-17 已执行完成删除 dws_visitation_daily_casino  的数据
2025-11-21 16:55:49 [INFO] 已写入 1106 行到 dws_visitation_daily_casino
2025-11-21 16:55:49 [INFO] 已写入 56 行到 dws_visitation_daily_casino
2025-11-21 16:55:49 [INFO] 2025-08-18 已执行完成删除 dws_visitation_daily_casino  的数据
2025-11-21 16:55:50 [INFO] 已写入 1109 行到 dws_visitation_daily_casino
2025-11-21 16:55:50 [INFO] 已写入 56 行到 dws_visitation_daily_casino
2025-11-21 16:55:50 [INFO] 2025-08-19 已执行完成删除 dws_visitation_daily_casino  的数据
2025-11-21 16:55:50 [INFO] 已写入 1107 行到 dws_visitation_daily_casino
2025-11-21 16:55:50 [INFO] 已写入 56 行到 dws_visitation_daily_casino
2025-11-21 16:55:50 [INFO] 2025-08-20 已执行完成删除 dws_visitation_daily_casino  的数据
2025-11-21 16:55:51 [INFO] 已写入 1110 行到 dws_visitation_daily_casino
2025-11-21 16:55:51 [INFO] 已写入 56 行到 dws_visitation_daily_casino
2025-11-21 16:55:51 [INFO] 2025-08-21 已执行完成删除 dws_visitation_daily_casino  的数据
2025-11-21 16:55:51 [INFO] 已写入 1108 行到 dws_visitation_daily_casino
2025-11-21 16:55:51 [INFO] 已写入 56 行到 dws_visitation_daily_casino
2025-11-21 16:55:51 [INFO] 2025-08-22 已执行完成删除 dws_visitation_daily_casino  的数据
2025-11-21 16:55:52 [INFO] 已写入 1111 行到 dws_visitation_daily_casino
2025-11-21 16:55:52 [INFO] 已写入 56 行到 dws_visitation_daily_casino
2025-11-21 16:55:52 [INFO] 2025-08-23 已执行完成删除 dws_visitation_daily_casino  的数据
2025-11-21 16:55:52 [INFO] 已写入 1105 行到 dws_visitation_daily_casino
2025-11-21 16:55:52 [INFO] 已写入 56 行到 dws_visitation_daily_casino
2025-11-21 16:55:53 [INFO] 2025-08-24 已执行完成删除 dws_visitation_daily_casino  的数据
2025-11-21 16:55:53 [INFO] 已写入 1103 行到 dws_visitation_daily_casino
2025-11-21 16:55:53 [INFO] 已写入 56 行到 dws_visitation_daily_casino
2025-11-21 16:55:53 [INFO] 2025-08-25 已执行完成删除 dws_visitation_daily_casino  的数据
2025-11-21 16:55:53 [INFO] 已写入 1106 行到 dws_visitation_daily_casino
2025-11-21 16:55:53 [INFO] 已写入 56 行到 dws_visitation_daily_casino
2025-11-21 16:55:54 [INFO] 2025-08-26 已执行完成删除 dws_visitation_daily_casino  的数据
2025-11-21 16:55:54 [INFO] 已写入 1107 行到 dws_visitation_daily_casino
2025-11-21 16:55:54 [INFO] 已写入 56 行到 dws_visitation_daily_casino
2025-11-21 16:55:54 [INFO] 2025-08-27 已执行完成删除 dws_visitation_daily_casino  的数据
2025-11-21 16:55:54 [INFO] 已写入 1104 行到 dws_visitation_daily_casino
2025-11-21 16:55:55 [INFO] 已写入 56 行到 dws_visitation_daily_casino
2025-11-21 16:55:55 [INFO] 2025-08-28 已执行完成删除 dws_visitation_daily_casino  的数据
2025-11-21 16:55:55 [INFO] 已写入 1112 行到 dws_visitation_daily_casino
2025-11-21 16:55:55 [INFO] 已写入 56 行到 dws_visitation_daily_casino
2025-11-21 16:55:55 [INFO] 2025-08-29 已执行完成删除 dws_visitation_daily_casino  的数据
2025-11-21 16:55:55 [INFO] 已写入 1107 行到 dws_visitation_daily_casino
2025-11-21 16:55:56 [INFO] 已写入 56 行到 dws_visitation_daily_casino
2025-11-21 16:55:56 [INFO] 2025-08-30 已执行完成删除 dws_visitation_daily_casino  的数据
2025-11-21 16:55:56 [INFO] 已写入 1110 行到 dws_visitation_daily_casino
2025-11-21 16:55:56 [INFO] 已写入 56 行到 dws_visitation_daily_casino
2025-11-21 16:55:56 [INFO] 2025-08-31 已执行完成删除 dws_visitation_daily_casino  的数据
2025-11-21 16:55:57 [INFO] 已写入 1092 行到 dws_visitation_daily_casino
2025-11-21 16:55:57 [INFO] 已写入 56 行到 dws_visitation_daily_casino
2025-11-21 16:56:59 [INFO] dws_visitor_path_track_heatmap  2025-08-01 已删除 29618 行
2025-11-21 16:57:03 [INFO] dws_visitor_path_track_heatmap 2025-08-01 第 1 批写入 48726 行，累计 48726/48726 行
2025-11-21 16:57:03 [INFO] dws_visitor_path_track_heatmap 2025-08-01 总条数写入 48726 行
2025-11-21 16:57:35 [INFO] dws_visitor_path_track_heatmap  2025-08-02 已删除 29437 行
2025-11-21 16:57:39 [INFO] dws_visitor_path_track_heatmap 2025-08-02 第 1 批写入 48453 行，累计 48453/48453 行
2025-11-21 16:57:39 [INFO] dws_visitor_path_track_heatmap 2025-08-02 总条数写入 48453 行
2025-11-21 16:58:12 [INFO] dws_visitor_path_track_heatmap  2025-08-03 已删除 29635 行
2025-11-21 16:58:18 [INFO] dws_visitor_path_track_heatmap 2025-08-03 第 1 批写入 48755 行，累计 48755/48755 行
2025-11-21 16:58:18 [INFO] dws_visitor_path_track_heatmap 2025-08-03 总条数写入 48755 行
2025-11-21 16:58:51 [INFO] dws_visitor_path_track_heatmap  2025-08-04 已删除 29320 行
2025-11-21 16:58:56 [INFO] dws_visitor_path_track_heatmap 2025-08-04 第 1 批写入 48138 行，累计 48138/48138 行
2025-11-21 16:58:56 [INFO] dws_visitor_path_track_heatmap 2025-08-04 总条数写入 48138 行
2025-11-21 16:59:30 [INFO] dws_visitor_path_track_heatmap  2025-08-05 已删除 29563 行
2025-11-21 16:59:35 [INFO] dws_visitor_path_track_heatmap 2025-08-05 第 1 批写入 48757 行，累计 48757/48757 行
2025-11-21 16:59:35 [INFO] dws_visitor_path_track_heatmap 2025-08-05 总条数写入 48757 行
2025-11-21 17:00:10 [INFO] dws_visitor_path_track_heatmap  2025-08-06 已删除 29430 行
2025-11-21 17:00:16 [INFO] dws_visitor_path_track_heatmap 2025-08-06 第 1 批写入 48378 行，累计 48378/48378 行
2025-11-21 17:00:16 [INFO] dws_visitor_path_track_heatmap 2025-08-06 总条数写入 48378 行
2025-11-21 17:00:57 [INFO] dws_visitor_path_track_heatmap  2025-08-07 已删除 29430 行
2025-11-21 17:01:02 [INFO] dws_visitor_path_track_heatmap 2025-08-07 第 1 批写入 48342 行，累计 48342/48342 行
2025-11-21 17:01:02 [INFO] dws_visitor_path_track_heatmap 2025-08-07 总条数写入 48342 行
2025-11-21 17:02:17 [INFO] dws_visitor_path_track_heatmap  2025-08-08 已删除 29709 行
2025-11-21 17:02:25 [INFO] dws_visitor_path_track_heatmap 2025-08-08 第 1 批写入 48975 行，累计 48975/48975 行
2025-11-21 17:02:25 [INFO] dws_visitor_path_track_heatmap 2025-08-08 总条数写入 48975 行
2025-11-21 17:03:02 [INFO] dws_visitor_path_track_heatmap  2025-08-09 已删除 29448 行
2025-11-21 17:03:08 [INFO] dws_visitor_path_track_heatmap 2025-08-09 第 1 批写入 48434 行，累计 48434/48434 行
2025-11-21 17:03:08 [INFO] dws_visitor_path_track_heatmap 2025-08-09 总条数写入 48434 行
2025-11-21 17:03:44 [INFO] dws_visitor_path_track_heatmap  2025-08-10 已删除 29561 行
2025-11-21 17:03:49 [INFO] dws_visitor_path_track_heatmap 2025-08-10 第 1 批写入 48681 行，累计 48681/48681 行
2025-11-21 17:03:49 [INFO] dws_visitor_path_track_heatmap 2025-08-10 总条数写入 48681 行
2025-11-21 17:04:22 [INFO] dws_visitor_path_track_heatmap  2025-08-11 已删除 29476 行
2025-11-21 17:04:27 [INFO] dws_visitor_path_track_heatmap 2025-08-11 第 1 批写入 48486 行，累计 48486/48486 行
2025-11-21 17:04:27 [INFO] dws_visitor_path_track_heatmap 2025-08-11 总条数写入 48486 行
2025-11-21 17:05:01 [INFO] dws_visitor_path_track_heatmap  2025-08-12 已删除 29590 行
2025-11-21 17:05:07 [INFO] dws_visitor_path_track_heatmap 2025-08-12 第 1 批写入 48662 行，累计 48662/48662 行
2025-11-21 17:05:07 [INFO] dws_visitor_path_track_heatmap 2025-08-12 总条数写入 48662 行
2025-11-21 17:05:40 [INFO] dws_visitor_path_track_heatmap  2025-08-13 已删除 29519 行
2025-11-21 17:05:45 [INFO] dws_visitor_path_track_heatmap 2025-08-13 第 1 批写入 48483 行，累计 48483/48483 行
2025-11-21 17:05:45 [INFO] dws_visitor_path_track_heatmap 2025-08-13 总条数写入 48483 行
2025-11-21 17:06:18 [INFO] dws_visitor_path_track_heatmap  2025-08-14 已删除 29372 行
2025-11-21 17:06:22 [INFO] dws_visitor_path_track_heatmap 2025-08-14 第 1 批写入 48282 行，累计 48282/48282 行
2025-11-21 17:06:22 [INFO] dws_visitor_path_track_heatmap 2025-08-14 总条数写入 48282 行
2025-11-21 17:06:54 [INFO] dws_visitor_path_track_heatmap  2025-08-15 已删除 29503 行
2025-11-21 17:06:59 [INFO] dws_visitor_path_track_heatmap 2025-08-15 第 1 批写入 48539 行，累计 48539/48539 行
2025-11-21 17:06:59 [INFO] dws_visitor_path_track_heatmap 2025-08-15 总条数写入 48539 行
2025-11-21 17:07:33 [INFO] dws_visitor_path_track_heatmap  2025-08-16 已删除 29379 行
2025-11-21 17:07:38 [INFO] dws_visitor_path_track_heatmap 2025-08-16 第 1 批写入 48221 行，累计 48221/48221 行
2025-11-21 17:07:38 [INFO] dws_visitor_path_track_heatmap 2025-08-16 总条数写入 48221 行
2025-11-21 17:08:14 [INFO] dws_visitor_path_track_heatmap  2025-08-17 已删除 29443 行
2025-11-21 17:08:21 [INFO] dws_visitor_path_track_heatmap 2025-08-17 第 1 批写入 48459 行，累计 48459/48459 行
2025-11-21 17:08:21 [INFO] dws_visitor_path_track_heatmap 2025-08-17 总条数写入 48459 行
2025-11-21 17:08:56 [INFO] dws_visitor_path_track_heatmap  2025-08-18 已删除 29395 行
2025-11-21 17:09:02 [INFO] dws_visitor_path_track_heatmap 2025-08-18 第 1 批写入 48343 行，累计 48343/48343 行
2025-11-21 17:09:02 [INFO] dws_visitor_path_track_heatmap 2025-08-18 总条数写入 48343 行
2025-11-21 17:09:34 [INFO] dws_visitor_path_track_heatmap  2025-08-19 已删除 29473 行
2025-11-21 17:09:40 [INFO] dws_visitor_path_track_heatmap 2025-08-19 第 1 批写入 48439 行，累计 48439/48439 行
2025-11-21 17:09:40 [INFO] dws_visitor_path_track_heatmap 2025-08-19 总条数写入 48439 行
2025-11-21 17:10:12 [INFO] dws_visitor_path_track_heatmap  2025-08-20 已删除 29359 行
2025-11-21 17:10:17 [INFO] dws_visitor_path_track_heatmap 2025-08-20 第 1 批写入 48157 行，累计 48157/48157 行
2025-11-21 17:10:17 [INFO] dws_visitor_path_track_heatmap 2025-08-20 总条数写入 48157 行
2025-11-21 17:10:51 [INFO] dws_visitor_path_track_heatmap  2025-08-21 已删除 29500 行
2025-11-21 17:10:55 [INFO] dws_visitor_path_track_heatmap 2025-08-21 第 1 批写入 48416 行，累计 48416/48416 行
2025-11-21 17:10:55 [INFO] dws_visitor_path_track_heatmap 2025-08-21 总条数写入 48416 行
2025-11-21 17:11:28 [INFO] dws_visitor_path_track_heatmap  2025-08-22 已删除 29872 行
2025-11-21 17:11:34 [INFO] dws_visitor_path_track_heatmap 2025-08-22 第 1 批写入 49278 行，累计 49278/49278 行
2025-11-21 17:11:34 [INFO] dws_visitor_path_track_heatmap 2025-08-22 总条数写入 49278 行
2025-11-21 17:12:07 [INFO] dws_visitor_path_track_heatmap  2025-08-23 已删除 29609 行
2025-11-21 17:12:13 [INFO] dws_visitor_path_track_heatmap 2025-08-23 第 1 批写入 48737 行，累计 48737/48737 行
2025-11-21 17:12:13 [INFO] dws_visitor_path_track_heatmap 2025-08-23 总条数写入 48737 行
2025-11-21 17:12:45 [INFO] dws_visitor_path_track_heatmap  2025-08-24 已删除 29461 行
2025-11-21 17:12:50 [INFO] dws_visitor_path_track_heatmap 2025-08-24 第 1 批写入 48523 行，累计 48523/48523 行
2025-11-21 17:12:50 [INFO] dws_visitor_path_track_heatmap 2025-08-24 总条数写入 48523 行
2025-11-21 17:13:24 [INFO] dws_visitor_path_track_heatmap  2025-08-25 已删除 29492 行
2025-11-21 17:13:29 [INFO] dws_visitor_path_track_heatmap 2025-08-25 第 1 批写入 48474 行，累计 48474/48474 行
2025-11-21 17:13:29 [INFO] dws_visitor_path_track_heatmap 2025-08-25 总条数写入 48474 行
2025-11-21 17:14:15 [INFO] dws_visitor_path_track_heatmap  2025-08-26 已删除 29517 行
2025-11-21 17:14:30 [INFO] dws_visitor_path_track_heatmap 2025-08-26 第 1 批写入 48499 行，累计 48499/48499 行
2025-11-21 17:14:30 [INFO] dws_visitor_path_track_heatmap 2025-08-26 总条数写入 48499 行
2025-11-21 17:16:18 [INFO] dws_visitor_path_track_heatmap  2025-08-27 已删除 29421 行
2025-11-21 17:16:31 [INFO] dws_visitor_path_track_heatmap 2025-08-27 第 1 批写入 48303 行，累计 48303/48303 行
2025-11-21 17:16:31 [INFO] dws_visitor_path_track_heatmap 2025-08-27 总条数写入 48303 行
2025-11-21 17:18:23 [INFO] dws_visitor_path_track_heatmap  2025-08-28 已删除 29592 行
2025-11-21 17:18:37 [INFO] dws_visitor_path_track_heatmap 2025-08-28 第 1 批写入 48532 行，累计 48532/48532 行
2025-11-21 17:18:37 [INFO] dws_visitor_path_track_heatmap 2025-08-28 总条数写入 48532 行
2025-11-21 17:20:30 [INFO] dws_visitor_path_track_heatmap  2025-08-29 已删除 29691 行
2025-11-21 17:20:44 [INFO] dws_visitor_path_track_heatmap 2025-08-29 第 1 批写入 48921 行，累计 48921/48921 行
2025-11-21 17:20:44 [INFO] dws_visitor_path_track_heatmap 2025-08-29 总条数写入 48921 行
2025-11-21 17:22:28 [INFO] dws_visitor_path_track_heatmap  2025-08-30 已删除 29296 行
2025-11-21 17:22:41 [INFO] dws_visitor_path_track_heatmap 2025-08-30 第 1 批写入 48306 行，累计 48306/48306 行
2025-11-21 17:22:41 [INFO] dws_visitor_path_track_heatmap 2025-08-30 总条数写入 48306 行
2025-11-21 17:24:33 [INFO] dws_visitor_path_track_heatmap  2025-08-31 已删除 29549 行
2025-11-21 17:24:47 [INFO] dws_visitor_path_track_heatmap 2025-08-31 第 1 批写入 48601 行，累计 48601/48601 行
2025-11-21 17:24:47 [INFO] dws_visitor_path_track_heatmap 2025-08-31 总条数写入 48601 行
2025-11-27 15:12:38 [INFO] 2025-08-01 已执行完成删除 dws_visitation_daily_casino  的数据
2025-11-27 15:12:39 [INFO] 已写入 112 行到 dws_visitation_daily_casino
2025-11-27 15:12:39 [INFO] 已写入 56 行到 dws_visitation_daily_casino
2025-11-27 15:12:39 [INFO] 2025-08-02 已执行完成删除 dws_visitation_daily_casino  的数据
2025-11-27 15:12:39 [INFO] 已写入 111 行到 dws_visitation_daily_casino
2025-11-27 15:12:39 [INFO] 已写入 56 行到 dws_visitation_daily_casino
2025-11-27 15:12:39 [INFO] 2025-08-03 已执行完成删除 dws_visitation_daily_casino  的数据
2025-11-27 15:12:40 [INFO] 已写入 110 行到 dws_visitation_daily_casino
2025-11-27 15:12:40 [INFO] 已写入 56 行到 dws_visitation_daily_casino
2025-11-27 15:12:40 [INFO] 2025-08-04 已执行完成删除 dws_visitation_daily_casino  的数据
2025-11-27 15:12:40 [INFO] 已写入 111 行到 dws_visitation_daily_casino
2025-11-27 15:12:40 [INFO] 已写入 56 行到 dws_visitation_daily_casino
2025-11-27 15:12:40 [INFO] 2025-08-05 已执行完成删除 dws_visitation_daily_casino  的数据
2025-11-27 15:12:41 [INFO] 已写入 109 行到 dws_visitation_daily_casino
2025-11-27 15:12:41 [INFO] 已写入 56 行到 dws_visitation_daily_casino
2025-11-27 15:12:41 [INFO] 2025-08-06 已执行完成删除 dws_visitation_daily_casino  的数据
2025-11-27 15:12:41 [INFO] 已写入 111 行到 dws_visitation_daily_casino
2025-11-27 15:12:41 [INFO] 已写入 56 行到 dws_visitation_daily_casino
2025-11-27 15:12:41 [INFO] 2025-08-07 已执行完成删除 dws_visitation_daily_casino  的数据
2025-11-27 15:12:42 [INFO] 已写入 111 行到 dws_visitation_daily_casino
2025-11-27 15:12:42 [INFO] 已写入 56 行到 dws_visitation_daily_casino
2025-11-27 15:12:42 [INFO] 2025-08-08 已执行完成删除 dws_visitation_daily_casino  的数据
2025-11-27 15:12:42 [INFO] 已写入 111 行到 dws_visitation_daily_casino
2025-11-27 15:12:42 [INFO] 已写入 56 行到 dws_visitation_daily_casino
2025-11-27 15:12:42 [INFO] 2025-08-09 已执行完成删除 dws_visitation_daily_casino  的数据
2025-11-27 15:12:43 [INFO] 已写入 110 行到 dws_visitation_daily_casino
2025-11-27 15:12:43 [INFO] 已写入 56 行到 dws_visitation_daily_casino
2025-11-27 15:12:43 [INFO] 2025-08-10 已执行完成删除 dws_visitation_daily_casino  的数据
2025-11-27 15:12:43 [INFO] 已写入 112 行到 dws_visitation_daily_casino
2025-11-27 15:12:43 [INFO] 已写入 56 行到 dws_visitation_daily_casino
2025-11-27 15:12:43 [INFO] 2025-08-11 已执行完成删除 dws_visitation_daily_casino  的数据
2025-11-27 15:12:44 [INFO] 已写入 110 行到 dws_visitation_daily_casino
2025-11-27 15:12:44 [INFO] 已写入 56 行到 dws_visitation_daily_casino
2025-11-27 15:12:44 [INFO] 2025-08-12 已执行完成删除 dws_visitation_daily_casino  的数据
2025-11-27 15:12:44 [INFO] 已写入 111 行到 dws_visitation_daily_casino
2025-11-27 15:12:44 [INFO] 已写入 56 行到 dws_visitation_daily_casino
2025-11-27 15:12:44 [INFO] 2025-08-13 已执行完成删除 dws_visitation_daily_casino  的数据
2025-11-27 15:12:44 [INFO] 已写入 111 行到 dws_visitation_daily_casino
2025-11-27 15:12:45 [INFO] 已写入 56 行到 dws_visitation_daily_casino
2025-11-27 15:12:45 [INFO] 2025-08-14 已执行完成删除 dws_visitation_daily_casino  的数据
2025-11-27 15:12:45 [INFO] 已写入 111 行到 dws_visitation_daily_casino
2025-11-27 15:12:45 [INFO] 已写入 56 行到 dws_visitation_daily_casino
2025-11-27 15:12:45 [INFO] 2025-08-15 已执行完成删除 dws_visitation_daily_casino  的数据
2025-11-27 15:12:45 [INFO] 已写入 112 行到 dws_visitation_daily_casino
2025-11-27 15:12:46 [INFO] 已写入 56 行到 dws_visitation_daily_casino
2025-11-27 15:12:46 [INFO] 2025-08-16 已执行完成删除 dws_visitation_daily_casino  的数据
2025-11-27 15:12:46 [INFO] 已写入 111 行到 dws_visitation_daily_casino
2025-11-27 15:12:46 [INFO] 已写入 56 行到 dws_visitation_daily_casino
2025-11-27 15:12:46 [INFO] 2025-08-17 已执行完成删除 dws_visitation_daily_casino  的数据
2025-11-27 15:12:46 [INFO] 已写入 110 行到 dws_visitation_daily_casino
2025-11-27 15:12:46 [INFO] 已写入 56 行到 dws_visitation_daily_casino
2025-11-27 15:12:47 [INFO] 2025-08-18 已执行完成删除 dws_visitation_daily_casino  的数据
2025-11-27 15:12:47 [INFO] 已写入 111 行到 dws_visitation_daily_casino
2025-11-27 15:12:47 [INFO] 已写入 56 行到 dws_visitation_daily_casino
2025-11-27 15:12:47 [INFO] 2025-08-19 已执行完成删除 dws_visitation_daily_casino  的数据
2025-11-27 15:12:47 [INFO] 已写入 111 行到 dws_visitation_daily_casino
2025-11-27 15:12:47 [INFO] 已写入 56 行到 dws_visitation_daily_casino
2025-11-27 15:12:47 [INFO] 2025-08-20 已执行完成删除 dws_visitation_daily_casino  的数据
2025-11-27 15:12:48 [INFO] 已写入 112 行到 dws_visitation_daily_casino
2025-11-27 15:12:48 [INFO] 已写入 56 行到 dws_visitation_daily_casino
2025-11-27 15:12:48 [INFO] 2025-08-21 已执行完成删除 dws_visitation_daily_casino  的数据
2025-11-27 15:12:48 [INFO] 已写入 112 行到 dws_visitation_daily_casino
2025-11-27 15:12:48 [INFO] 已写入 56 行到 dws_visitation_daily_casino
2025-11-27 15:12:48 [INFO] 2025-08-22 已执行完成删除 dws_visitation_daily_casino  的数据
2025-11-27 15:12:49 [INFO] 已写入 110 行到 dws_visitation_daily_casino
2025-11-27 15:12:49 [INFO] 已写入 56 行到 dws_visitation_daily_casino
2025-11-27 15:12:49 [INFO] 2025-08-23 已执行完成删除 dws_visitation_daily_casino  的数据
2025-11-27 15:12:49 [INFO] 已写入 112 行到 dws_visitation_daily_casino
2025-11-27 15:12:49 [INFO] 已写入 56 行到 dws_visitation_daily_casino
2025-11-27 15:12:49 [INFO] 2025-08-24 已执行完成删除 dws_visitation_daily_casino  的数据
2025-11-27 15:12:49 [INFO] 已写入 112 行到 dws_visitation_daily_casino
2025-11-27 15:12:50 [INFO] 已写入 56 行到 dws_visitation_daily_casino
2025-11-27 15:12:50 [INFO] 2025-08-25 已执行完成删除 dws_visitation_daily_casino  的数据
2025-11-27 15:12:50 [INFO] 已写入 110 行到 dws_visitation_daily_casino
2025-11-27 15:12:50 [INFO] 已写入 56 行到 dws_visitation_daily_casino
2025-11-27 15:12:50 [INFO] 2025-08-26 已执行完成删除 dws_visitation_daily_casino  的数据
2025-11-27 15:12:50 [INFO] 已写入 110 行到 dws_visitation_daily_casino
2025-11-27 15:12:51 [INFO] 已写入 56 行到 dws_visitation_daily_casino
2025-11-27 15:12:51 [INFO] 2025-08-27 已执行完成删除 dws_visitation_daily_casino  的数据
2025-11-27 15:12:51 [INFO] 已写入 111 行到 dws_visitation_daily_casino
2025-11-27 15:12:51 [INFO] 已写入 56 行到 dws_visitation_daily_casino
2025-11-27 15:12:51 [INFO] 2025-08-28 已执行完成删除 dws_visitation_daily_casino  的数据
2025-11-27 15:12:51 [INFO] 已写入 109 行到 dws_visitation_daily_casino
2025-11-27 15:12:52 [INFO] 已写入 56 行到 dws_visitation_daily_casino
2025-11-27 15:12:52 [INFO] 2025-08-29 已执行完成删除 dws_visitation_daily_casino  的数据
2025-11-27 15:12:52 [INFO] 已写入 112 行到 dws_visitation_daily_casino
2025-11-27 15:12:52 [INFO] 已写入 56 行到 dws_visitation_daily_casino
2025-11-27 15:12:52 [INFO] 2025-08-30 已执行完成删除 dws_visitation_daily_casino  的数据
2025-11-27 15:12:52 [INFO] 已写入 112 行到 dws_visitation_daily_casino
2025-11-27 15:12:52 [INFO] 已写入 56 行到 dws_visitation_daily_casino
2025-11-27 15:12:53 [INFO] 2025-08-31 已执行完成删除 dws_visitation_daily_casino  的数据
2025-11-27 15:12:53 [INFO] 已写入 108 行到 dws_visitation_daily_casino
2025-11-27 15:12:53 [INFO] 已写入 56 行到 dws_visitation_daily_casino
2025-11-27 15:13:57 [INFO] dws_visitor_path_track_heatmap  2025-08-01 已删除 29618 行
2025-11-27 15:14:01 [INFO] dws_visitor_path_track_heatmap 2025-08-01 第 1 批写入 48726 行，累计 48726/48726 行
2025-11-27 15:14:01 [INFO] dws_visitor_path_track_heatmap 2025-08-01 总条数写入 48726 行
2025-11-27 15:14:32 [INFO] dws_visitor_path_track_heatmap  2025-08-02 已删除 29437 行
2025-11-27 15:14:36 [INFO] dws_visitor_path_track_heatmap 2025-08-02 第 1 批写入 48453 行，累计 48453/48453 行
2025-11-27 15:14:36 [INFO] dws_visitor_path_track_heatmap 2025-08-02 总条数写入 48453 行
2025-11-27 15:15:10 [INFO] dws_visitor_path_track_heatmap  2025-08-03 已删除 29635 行
2025-11-27 15:15:15 [INFO] dws_visitor_path_track_heatmap 2025-08-03 第 1 批写入 48755 行，累计 48755/48755 行
2025-11-27 15:15:15 [INFO] dws_visitor_path_track_heatmap 2025-08-03 总条数写入 48755 行
2025-11-27 15:15:53 [INFO] dws_visitor_path_track_heatmap  2025-08-04 已删除 29320 行
2025-11-27 15:15:59 [INFO] dws_visitor_path_track_heatmap 2025-08-04 第 1 批写入 48138 行，累计 48138/48138 行
2025-11-27 15:15:59 [INFO] dws_visitor_path_track_heatmap 2025-08-04 总条数写入 48138 行
2025-11-27 15:16:33 [INFO] dws_visitor_path_track_heatmap  2025-08-05 已删除 29563 行
2025-11-27 15:16:38 [INFO] dws_visitor_path_track_heatmap 2025-08-05 第 1 批写入 48757 行，累计 48757/48757 行
2025-11-27 15:16:38 [INFO] dws_visitor_path_track_heatmap 2025-08-05 总条数写入 48757 行
2025-11-27 15:17:21 [INFO] dws_visitor_path_track_heatmap  2025-08-06 已删除 29430 行
2025-11-27 15:17:26 [INFO] dws_visitor_path_track_heatmap 2025-08-06 第 1 批写入 48378 行，累计 48378/48378 行
2025-11-27 15:17:26 [INFO] dws_visitor_path_track_heatmap 2025-08-06 总条数写入 48378 行
2025-11-27 15:18:46 [INFO] dws_visitor_path_track_heatmap  2025-08-07 已删除 29430 行
2025-11-27 15:18:58 [INFO] dws_visitor_path_track_heatmap 2025-08-07 第 1 批写入 48342 行，累计 48342/48342 行
2025-11-27 15:18:58 [INFO] dws_visitor_path_track_heatmap 2025-08-07 总条数写入 48342 行
2025-11-27 15:20:40 [INFO] dws_visitor_path_track_heatmap  2025-08-08 已删除 29709 行
2025-11-27 15:20:53 [INFO] dws_visitor_path_track_heatmap 2025-08-08 第 1 批写入 48975 行，累计 48975/48975 行
2025-11-27 15:20:53 [INFO] dws_visitor_path_track_heatmap 2025-08-08 总条数写入 48975 行
2025-11-27 15:22:34 [INFO] dws_visitor_path_track_heatmap  2025-08-09 已删除 29448 行
2025-11-27 15:22:50 [INFO] dws_visitor_path_track_heatmap 2025-08-09 第 1 批写入 48434 行，累计 48434/48434 行
2025-11-27 15:22:50 [INFO] dws_visitor_path_track_heatmap 2025-08-09 总条数写入 48434 行
2025-11-27 15:24:31 [INFO] dws_visitor_path_track_heatmap  2025-08-10 已删除 29561 行
2025-11-27 15:24:44 [INFO] dws_visitor_path_track_heatmap 2025-08-10 第 1 批写入 48681 行，累计 48681/48681 行
2025-11-27 15:24:44 [INFO] dws_visitor_path_track_heatmap 2025-08-10 总条数写入 48681 行
2025-11-27 15:26:29 [INFO] dws_visitor_path_track_heatmap  2025-08-11 已删除 29476 行
2025-11-27 15:26:42 [INFO] dws_visitor_path_track_heatmap 2025-08-11 第 1 批写入 48486 行，累计 48486/48486 行
2025-11-27 15:26:42 [INFO] dws_visitor_path_track_heatmap 2025-08-11 总条数写入 48486 行
2025-11-27 15:28:24 [INFO] dws_visitor_path_track_heatmap  2025-08-12 已删除 29590 行
2025-11-27 15:28:37 [INFO] dws_visitor_path_track_heatmap 2025-08-12 第 1 批写入 48662 行，累计 48662/48662 行
2025-11-27 15:28:37 [INFO] dws_visitor_path_track_heatmap 2025-08-12 总条数写入 48662 行
2025-11-27 15:30:21 [INFO] dws_visitor_path_track_heatmap  2025-08-13 已删除 29519 行
2025-11-27 15:30:34 [INFO] dws_visitor_path_track_heatmap 2025-08-13 第 1 批写入 48483 行，累计 48483/48483 行
2025-11-27 15:30:34 [INFO] dws_visitor_path_track_heatmap 2025-08-13 总条数写入 48483 行
2025-11-27 15:32:16 [INFO] dws_visitor_path_track_heatmap  2025-08-14 已删除 29372 行
2025-11-27 15:32:31 [INFO] dws_visitor_path_track_heatmap 2025-08-14 第 1 批写入 48282 行，累计 48282/48282 行
2025-11-27 15:32:31 [INFO] dws_visitor_path_track_heatmap 2025-08-14 总条数写入 48282 行
2025-11-27 15:34:18 [INFO] dws_visitor_path_track_heatmap  2025-08-15 已删除 29503 行
2025-11-27 15:34:31 [INFO] dws_visitor_path_track_heatmap 2025-08-15 第 1 批写入 48539 行，累计 48539/48539 行
2025-11-27 15:34:31 [INFO] dws_visitor_path_track_heatmap 2025-08-15 总条数写入 48539 行
2025-11-27 15:36:14 [INFO] dws_visitor_path_track_heatmap  2025-08-16 已删除 29379 行
2025-11-27 15:36:28 [INFO] dws_visitor_path_track_heatmap 2025-08-16 第 1 批写入 48221 行，累计 48221/48221 行
2025-11-27 15:36:28 [INFO] dws_visitor_path_track_heatmap 2025-08-16 总条数写入 48221 行
2025-11-27 15:38:17 [INFO] dws_visitor_path_track_heatmap  2025-08-17 已删除 29443 行
2025-11-27 15:38:30 [INFO] dws_visitor_path_track_heatmap 2025-08-17 第 1 批写入 48459 行，累计 48459/48459 行
2025-11-27 15:38:30 [INFO] dws_visitor_path_track_heatmap 2025-08-17 总条数写入 48459 行
2025-11-27 15:40:18 [INFO] dws_visitor_path_track_heatmap  2025-08-18 已删除 29395 行
2025-11-27 15:40:33 [INFO] dws_visitor_path_track_heatmap 2025-08-18 第 1 批写入 48343 行，累计 48343/48343 行
2025-11-27 15:40:33 [INFO] dws_visitor_path_track_heatmap 2025-08-18 总条数写入 48343 行
2025-11-27 15:42:16 [INFO] dws_visitor_path_track_heatmap  2025-08-19 已删除 29473 行
2025-11-27 15:42:28 [INFO] dws_visitor_path_track_heatmap 2025-08-19 第 1 批写入 48439 行，累计 48439/48439 行
2025-11-27 15:42:28 [INFO] dws_visitor_path_track_heatmap 2025-08-19 总条数写入 48439 行
2025-11-27 15:43:37 [INFO] dws_visitor_path_track_heatmap  2025-08-20 已删除 29359 行
2025-11-27 15:43:43 [INFO] dws_visitor_path_track_heatmap 2025-08-20 第 1 批写入 48157 行，累计 48157/48157 行
2025-11-27 15:43:43 [INFO] dws_visitor_path_track_heatmap 2025-08-20 总条数写入 48157 行
2025-11-27 15:44:17 [INFO] dws_visitor_path_track_heatmap  2025-08-21 已删除 29500 行
2025-11-27 15:44:43 [INFO] dws_visitor_path_track_heatmap 2025-08-21 第 1 批写入 48416 行，累计 48416/48416 行
2025-11-27 15:44:43 [INFO] dws_visitor_path_track_heatmap 2025-08-21 总条数写入 48416 行
2025-11-27 15:46:41 [INFO] dws_visitor_path_track_heatmap  2025-08-22 已删除 29872 行
2025-11-27 15:46:53 [INFO] dws_visitor_path_track_heatmap 2025-08-22 第 1 批写入 49278 行，累计 49278/49278 行
2025-11-27 15:46:53 [INFO] dws_visitor_path_track_heatmap 2025-08-22 总条数写入 49278 行
2025-11-27 15:48:51 [INFO] dws_visitor_path_track_heatmap  2025-08-23 已删除 29609 行
2025-11-27 15:49:04 [INFO] dws_visitor_path_track_heatmap 2025-08-23 第 1 批写入 48737 行，累计 48737/48737 行
2025-11-27 15:49:04 [INFO] dws_visitor_path_track_heatmap 2025-08-23 总条数写入 48737 行
2025-11-27 15:50:56 [INFO] dws_visitor_path_track_heatmap  2025-08-24 已删除 29461 行
2025-11-27 15:51:11 [INFO] dws_visitor_path_track_heatmap 2025-08-24 第 1 批写入 48523 行，累计 48523/48523 行
2025-11-27 15:51:11 [INFO] dws_visitor_path_track_heatmap 2025-08-24 总条数写入 48523 行
2025-11-27 15:53:04 [INFO] dws_visitor_path_track_heatmap  2025-08-25 已删除 29492 行
2025-11-27 15:53:17 [INFO] dws_visitor_path_track_heatmap 2025-08-25 第 1 批写入 48474 行，累计 48474/48474 行
2025-11-27 15:53:17 [INFO] dws_visitor_path_track_heatmap 2025-08-25 总条数写入 48474 行
2025-11-27 15:54:55 [INFO] dws_visitor_path_track_heatmap  2025-08-26 已删除 29517 行
2025-11-27 15:55:08 [INFO] dws_visitor_path_track_heatmap 2025-08-26 第 1 批写入 48499 行，累计 48499/48499 行
2025-11-27 15:55:08 [INFO] dws_visitor_path_track_heatmap 2025-08-26 总条数写入 48499 行
2025-11-27 15:56:57 [INFO] dws_visitor_path_track_heatmap  2025-08-27 已删除 29421 行
2025-11-27 15:57:10 [INFO] dws_visitor_path_track_heatmap 2025-08-27 第 1 批写入 48303 行，累计 48303/48303 行
2025-11-27 15:57:10 [INFO] dws_visitor_path_track_heatmap 2025-08-27 总条数写入 48303 行
2025-11-27 15:59:01 [INFO] dws_visitor_path_track_heatmap  2025-08-28 已删除 29592 行
2025-11-27 15:59:15 [INFO] dws_visitor_path_track_heatmap 2025-08-28 第 1 批写入 48532 行，累计 48532/48532 行
2025-11-27 15:59:15 [INFO] dws_visitor_path_track_heatmap 2025-08-28 总条数写入 48532 行
2025-11-27 16:01:06 [INFO] dws_visitor_path_track_heatmap  2025-08-29 已删除 29691 行
2025-11-27 16:01:20 [INFO] dws_visitor_path_track_heatmap 2025-08-29 第 1 批写入 48921 行，累计 48921/48921 行
2025-11-27 16:01:20 [INFO] dws_visitor_path_track_heatmap 2025-08-29 总条数写入 48921 行
2025-11-27 16:03:10 [INFO] dws_visitor_path_track_heatmap  2025-08-30 已删除 29296 行
2025-11-27 16:03:23 [INFO] dws_visitor_path_track_heatmap 2025-08-30 第 1 批写入 48306 行，累计 48306/48306 行
2025-11-27 16:03:23 [INFO] dws_visitor_path_track_heatmap 2025-08-30 总条数写入 48306 行
2025-11-27 16:05:13 [INFO] dws_visitor_path_track_heatmap  2025-08-31 已删除 29549 行
2025-11-27 16:05:25 [INFO] dws_visitor_path_track_heatmap 2025-08-31 第 1 批写入 48601 行，累计 48601/48601 行
2025-11-27 16:05:25 [INFO] dws_visitor_path_track_heatmap 2025-08-31 总条数写入 48601 行
