2025-10-17 16:27:23 [INFO] 2025-08-25 已执行完成删除 dws_profileid_group  的数据
2025-10-17 16:27:23 [INFO] 已写入 1318 行到 dws_profileid_group
2025-10-17 16:27:23 [INFO] 2025-08-26 已执行完成删除 dws_profileid_group  的数据
2025-10-17 16:27:23 [INFO] 已写入 1344 行到 dws_profileid_group
2025-10-17 16:27:23 [INFO] 2025-08-27 已执行完成删除 dws_profileid_group  的数据
2025-10-17 16:27:23 [INFO] 已写入 1318 行到 dws_profileid_group
2025-10-22 11:59:23 [INFO] 2025-08-25 已执行完成删除 dws_profileid_group  的数据
2025-10-22 11:59:23 [INFO] 已写入 1318 行到 dws_profileid_group
2025-10-22 11:59:23 [INFO] 2025-08-26 已执行完成删除 dws_profileid_group  的数据
2025-10-22 11:59:23 [INFO] 已写入 1344 行到 dws_profileid_group
2025-10-22 11:59:23 [INFO] 2025-08-27 已执行完成删除 dws_profileid_group  的数据
2025-10-22 11:59:24 [INFO] 已写入 1318 行到 dws_profileid_group
2025-10-22 14:33:38 [INFO] 已清除dws_profileid_group 2025-08-25 的数据
2025-10-22 14:33:38 [INFO] Inserted 1320 rows into dws_profileid_group
2025-10-22 14:33:38 [INFO] Wrote 1320 rows to dws_profileid_group
2025-10-22 14:33:38 [INFO] 已清除dws_profileid_group 2025-08-26 的数据
2025-10-22 14:33:39 [INFO] Inserted 1355 rows into dws_profileid_group
2025-10-22 14:33:39 [INFO] Wrote 1355 rows to dws_profileid_group
2025-10-22 14:33:39 [INFO] 已清除dws_profileid_group 2025-08-27 的数据
2025-10-22 14:33:39 [INFO] Inserted 1350 rows into dws_profileid_group
2025-10-22 14:33:39 [INFO] Wrote 1350 rows to dws_profileid_group
2025-10-22 14:33:51 [INFO] 2025-08-25 已执行完成删除 dws_profileid_group  的数据
2025-10-22 14:33:51 [INFO] 已写入 1320 行到 dws_profileid_group
2025-10-22 14:33:51 [INFO] 2025-08-26 已执行完成删除 dws_profileid_group  的数据
2025-10-22 14:33:52 [INFO] 已写入 1355 行到 dws_profileid_group
2025-10-22 14:33:52 [INFO] 2025-08-27 已执行完成删除 dws_profileid_group  的数据
2025-10-22 14:33:52 [INFO] 已写入 1350 行到 dws_profileid_group
2025-10-22 17:45:22 [INFO] 已清除dws_profileid_group 2025-08-25 的数据
2025-10-22 17:45:23 [INFO] Inserted 1636 rows into dws_profileid_group
2025-10-22 17:45:23 [INFO] Wrote 1636 rows to dws_profileid_group
2025-10-22 17:45:23 [INFO] 已清除dws_profileid_group 2025-08-26 的数据
2025-10-22 17:45:23 [INFO] Inserted 1668 rows into dws_profileid_group
2025-10-22 17:45:23 [INFO] Wrote 1668 rows to dws_profileid_group
2025-10-22 17:45:23 [INFO] 已清除dws_profileid_group 2025-08-27 的数据
2025-10-22 17:45:24 [INFO] Inserted 1677 rows into dws_profileid_group
2025-10-22 17:45:24 [INFO] Wrote 1677 rows to dws_profileid_group
2025-10-22 17:45:29 [INFO] 2025-08-25 已执行完成删除 dws_profileid_group  的数据
2025-10-22 17:45:29 [INFO] 已写入 1636 行到 dws_profileid_group
2025-10-22 17:45:29 [INFO] 2025-08-26 已执行完成删除 dws_profileid_group  的数据
2025-10-22 17:45:30 [INFO] 已写入 1668 行到 dws_profileid_group
2025-10-22 17:45:30 [INFO] 2025-08-27 已执行完成删除 dws_profileid_group  的数据
2025-10-22 17:45:30 [INFO] 已写入 1677 行到 dws_profileid_group
2025-10-23 11:24:37 [INFO] 2025-08-25 已执行完成删除 dws_profileid_group  的数据
2025-10-23 11:24:37 [INFO] 已写入 1636 行到 dws_profileid_group
2025-10-23 11:24:37 [INFO] 2025-08-26 已执行完成删除 dws_profileid_group  的数据
2025-10-23 11:24:37 [INFO] 已写入 1668 行到 dws_profileid_group
2025-10-23 11:24:37 [INFO] 2025-08-27 已执行完成删除 dws_profileid_group  的数据
2025-10-23 11:24:38 [INFO] 已写入 1677 行到 dws_profileid_group
