2025-10-21 15:31:13 [INFO] 2025-08-25 已执行完成删除 dws_profileid_all_index  的数据
2025-10-21 15:31:13 [INFO]  执行成功 ，已经写入  dws_profileid_all_index
2025-10-21 15:31:13 [INFO] 2025-08-26 已执行完成删除 dws_profileid_all_index  的数据
2025-10-21 15:31:14 [INFO]  执行成功 ，已经写入  dws_profileid_all_index
2025-10-21 15:31:14 [INFO] 2025-08-27 已执行完成删除 dws_profileid_all_index  的数据
2025-10-21 15:31:14 [INFO]  执行成功 ，已经写入  dws_profileid_all_index
2025-10-21 16:46:23 [INFO] 2025-08-25 已执行完成删除 dws_profileid_all_index  的数据
2025-10-21 16:46:23 [ERROR] 执行_insert_into_select出错: ServerException: Code: 16.
DB::Exception: No such column t1.date_hour in table Facial.dws_profileid_all_index (49d3093c-e04f-469f-951c-90a1471caadb). Stack trace:

0. DB::Exception::Exception(DB::Exception::MessageMasked&&, int, bool) @ 0x00000000127c721b
1. DB::Exception::Exception(PreformattedMessage&&, int) @ 0x000000000bfd62cc
2. DB::Exception::Exception<String const&, String>(int, FormatStringHelperImpl<std::type_identity<String const&>::type, std::type_identity<String>::type>, String const&, String&&) @ 0x000000000cefe50b
3. DB::InterpreterInsertQuery::getSampleBlock(DB::ASTInsertQuery const&, std::shared_ptr<DB::IStorage> const&, std::shared_ptr<DB::StorageInMemoryMetadata const> const&, std::shared_ptr<DB::Context const>, bool, bool) @ 0x0000000016cb4517
4. DB::InterpreterInsertQuery::execute() @ 0x0000000016cb8f6c
5. DB::executeQueryImpl(char const*, char const*, std::shared_ptr<DB::Context>, DB::QueryFlags, DB::QueryProcessingStage::Enum, DB::ReadBuffer*, std::shared_ptr<DB::IAST>&, std::shared_ptr<DB::ImplicitTransactionControlExecutor>) @ 0x0000000017094b13
6. DB::executeQuery(String const&, std::shared_ptr<DB::Context>, DB::QueryFlags, DB::QueryProcessingStage::Enum) @ 0x000000001708e480
7. DB::TCPHandler::runImpl() @ 0x000000001851f0cc
8. DB::TCPHandler::run() @ 0x000000001853eab8
9. Poco::Net::TCPServerConnection::start() @ 0x000000001d89cb27
10. Poco::Net::TCPServerDispatcher::run() @ 0x000000001d89cf79
11. Poco::PooledThread::run() @ 0x000000001d868207
12. Poco::ThreadImpl::runnableEntry(void*) @ 0x000000001d8667a1
13. ? @ 0x0000000000094ac3
14. ? @ 0x0000000000125a04
，报错SQL：INSERT INTO dws_profileid_all_index (t1.date_hour, t1.date_casino_hour, profile_id, region_type, region_id, region_name, gender, t1.Age_range, profile_type, member_tier, capture_time, stay_time_casino, group_id, stay_time, is_less15min_visitor, is_return_casino, is_return_zone, batch_time) 
       
    select
           t1.date_hour
         , t1.date_casino_hour
         , t1.profile_id profile_id
         , t1.region_type region_type
         , t1.region_id region_id
         , t1.region_name region_name
         , t1.gender gender
         , t1.Age_range
         , t1.profile_type profile_type
         , t1.member_tier member_tier
         , t1.capture_time capture_time
         , dateDiff('second',t1.capture_time,coalesce(t1.next_capture_time,t1.capture_time)) stay_time_casino

         , t2.group_id  group_id
         , t3.stay_time stay_time
         , t4.is_less15min_visitor is_less15min_visitor
         , t4.is_return_casino is_return_casino
         , t4.is_return_zone is_return_zone
         , now() batch_time
    from (
        select
            toDateTime(formatDateTime(capture_time,'%%Y-%%m-%%d %%H:00:00')) date_hour
         , toDateTime(formatDateTime(capture_time-21600,'%%Y-%%m-%%d %%H:00:00')) date_casino_hour
         , profile_id profile_id
         , region_type region_type
         , region_id region_id
         , region_name region_name
         , gender gender
         , case when age between 0 and 20 then '0-20'
                                     when age between 21 and 39 then '21-39'
                                     when age between 40 and 65 then '40-65'
                                     when age >65 then  '65+'
                               end   Age_range
         , profile_type profile_type
         , member_tier member_tier
         , capture_time capture_time
         , next_capture_time
        from
        Facial.dwd_user_capture_detail  where  toDate(capture_time)= %(date)s) t1
    left join Facial.dws_profileid_group t2 on t1.capture_time=t2.capture_time
                                              and t1.profile_id=t2.profile_id
                                              and t1.region_id=t2.region_id

    left join Facial.dws_profileid_staytime t3 on toDate(t1.capture_time) = t3.date
                                              and toDate(t1.capture_time - 21600) = t3.date_casino
                                              and t1.profile_id=t3.profile_id
                                              and t1.region_id=t3.region_id
    left join Facial.dws_profileid_NewOrReturn_visitor t4 on toDate(t1.capture_time) = t4.date
                                              and toDate(t1.capture_time - 21600) = t4.date_casino
                                              and t1.profile_id=t4.profile_id
                                              and t1.region_id=t4.region_id
                    
                               
    
        
2025-10-21 16:46:23 [INFO] 2025-08-26 已执行完成删除 dws_profileid_all_index  的数据
2025-10-21 16:46:23 [ERROR] 执行_insert_into_select出错: ServerException: Code: 16.
DB::Exception: No such column t1.date_hour in table Facial.dws_profileid_all_index (49d3093c-e04f-469f-951c-90a1471caadb). Stack trace:

0. DB::Exception::Exception(DB::Exception::MessageMasked&&, int, bool) @ 0x00000000127c721b
1. DB::Exception::Exception(PreformattedMessage&&, int) @ 0x000000000bfd62cc
2. DB::Exception::Exception<String const&, String>(int, FormatStringHelperImpl<std::type_identity<String const&>::type, std::type_identity<String>::type>, String const&, String&&) @ 0x000000000cefe50b
3. DB::InterpreterInsertQuery::getSampleBlock(DB::ASTInsertQuery const&, std::shared_ptr<DB::IStorage> const&, std::shared_ptr<DB::StorageInMemoryMetadata const> const&, std::shared_ptr<DB::Context const>, bool, bool) @ 0x0000000016cb4517
4. DB::InterpreterInsertQuery::execute() @ 0x0000000016cb8f6c
5. DB::executeQueryImpl(char const*, char const*, std::shared_ptr<DB::Context>, DB::QueryFlags, DB::QueryProcessingStage::Enum, DB::ReadBuffer*, std::shared_ptr<DB::IAST>&, std::shared_ptr<DB::ImplicitTransactionControlExecutor>) @ 0x0000000017094b13
6. DB::executeQuery(String const&, std::shared_ptr<DB::Context>, DB::QueryFlags, DB::QueryProcessingStage::Enum) @ 0x000000001708e480
7. DB::TCPHandler::runImpl() @ 0x000000001851f0cc
8. DB::TCPHandler::run() @ 0x000000001853eab8
9. Poco::Net::TCPServerConnection::start() @ 0x000000001d89cb27
10. Poco::Net::TCPServerDispatcher::run() @ 0x000000001d89cf79
11. Poco::PooledThread::run() @ 0x000000001d868207
12. Poco::ThreadImpl::runnableEntry(void*) @ 0x000000001d8667a1
13. ? @ 0x0000000000094ac3
14. ? @ 0x0000000000125a04
，报错SQL：INSERT INTO dws_profileid_all_index (t1.date_hour, t1.date_casino_hour, profile_id, region_type, region_id, region_name, gender, t1.Age_range, profile_type, member_tier, capture_time, stay_time_casino, group_id, stay_time, is_less15min_visitor, is_return_casino, is_return_zone, batch_time) 
       
    select
           t1.date_hour
         , t1.date_casino_hour
         , t1.profile_id profile_id
         , t1.region_type region_type
         , t1.region_id region_id
         , t1.region_name region_name
         , t1.gender gender
         , t1.Age_range
         , t1.profile_type profile_type
         , t1.member_tier member_tier
         , t1.capture_time capture_time
         , dateDiff('second',t1.capture_time,coalesce(t1.next_capture_time,t1.capture_time)) stay_time_casino

         , t2.group_id  group_id
         , t3.stay_time stay_time
         , t4.is_less15min_visitor is_less15min_visitor
         , t4.is_return_casino is_return_casino
         , t4.is_return_zone is_return_zone
         , now() batch_time
    from (
        select
            toDateTime(formatDateTime(capture_time,'%%Y-%%m-%%d %%H:00:00')) date_hour
         , toDateTime(formatDateTime(capture_time-21600,'%%Y-%%m-%%d %%H:00:00')) date_casino_hour
         , profile_id profile_id
         , region_type region_type
         , region_id region_id
         , region_name region_name
         , gender gender
         , case when age between 0 and 20 then '0-20'
                                     when age between 21 and 39 then '21-39'
                                     when age between 40 and 65 then '40-65'
                                     when age >65 then  '65+'
                               end   Age_range
         , profile_type profile_type
         , member_tier member_tier
         , capture_time capture_time
         , next_capture_time
        from
        Facial.dwd_user_capture_detail  where  toDate(capture_time)= %(date)s) t1
    left join Facial.dws_profileid_group t2 on t1.capture_time=t2.capture_time
                                              and t1.profile_id=t2.profile_id
                                              and t1.region_id=t2.region_id

    left join Facial.dws_profileid_staytime t3 on toDate(t1.capture_time) = t3.date
                                              and toDate(t1.capture_time - 21600) = t3.date_casino
                                              and t1.profile_id=t3.profile_id
                                              and t1.region_id=t3.region_id
    left join Facial.dws_profileid_NewOrReturn_visitor t4 on toDate(t1.capture_time) = t4.date
                                              and toDate(t1.capture_time - 21600) = t4.date_casino
                                              and t1.profile_id=t4.profile_id
                                              and t1.region_id=t4.region_id
                    
                               
    
        
2025-10-21 16:46:23 [INFO] 2025-08-27 已执行完成删除 dws_profileid_all_index  的数据
2025-10-21 16:46:23 [ERROR] 执行_insert_into_select出错: ServerException: Code: 16.
DB::Exception: No such column t1.date_hour in table Facial.dws_profileid_all_index (49d3093c-e04f-469f-951c-90a1471caadb). Stack trace:

0. DB::Exception::Exception(DB::Exception::MessageMasked&&, int, bool) @ 0x00000000127c721b
1. DB::Exception::Exception(PreformattedMessage&&, int) @ 0x000000000bfd62cc
2. DB::Exception::Exception<String const&, String>(int, FormatStringHelperImpl<std::type_identity<String const&>::type, std::type_identity<String>::type>, String const&, String&&) @ 0x000000000cefe50b
3. DB::InterpreterInsertQuery::getSampleBlock(DB::ASTInsertQuery const&, std::shared_ptr<DB::IStorage> const&, std::shared_ptr<DB::StorageInMemoryMetadata const> const&, std::shared_ptr<DB::Context const>, bool, bool) @ 0x0000000016cb4517
4. DB::InterpreterInsertQuery::execute() @ 0x0000000016cb8f6c
5. DB::executeQueryImpl(char const*, char const*, std::shared_ptr<DB::Context>, DB::QueryFlags, DB::QueryProcessingStage::Enum, DB::ReadBuffer*, std::shared_ptr<DB::IAST>&, std::shared_ptr<DB::ImplicitTransactionControlExecutor>) @ 0x0000000017094b13
6. DB::executeQuery(String const&, std::shared_ptr<DB::Context>, DB::QueryFlags, DB::QueryProcessingStage::Enum) @ 0x000000001708e480
7. DB::TCPHandler::runImpl() @ 0x000000001851f0cc
8. DB::TCPHandler::run() @ 0x000000001853eab8
9. Poco::Net::TCPServerConnection::start() @ 0x000000001d89cb27
10. Poco::Net::TCPServerDispatcher::run() @ 0x000000001d89cf79
11. Poco::PooledThread::run() @ 0x000000001d868207
12. Poco::ThreadImpl::runnableEntry(void*) @ 0x000000001d8667a1
13. ? @ 0x0000000000094ac3
14. ? @ 0x0000000000125a04
，报错SQL：INSERT INTO dws_profileid_all_index (t1.date_hour, t1.date_casino_hour, profile_id, region_type, region_id, region_name, gender, t1.Age_range, profile_type, member_tier, capture_time, stay_time_casino, group_id, stay_time, is_less15min_visitor, is_return_casino, is_return_zone, batch_time) 
       
    select
           t1.date_hour
         , t1.date_casino_hour
         , t1.profile_id profile_id
         , t1.region_type region_type
         , t1.region_id region_id
         , t1.region_name region_name
         , t1.gender gender
         , t1.Age_range
         , t1.profile_type profile_type
         , t1.member_tier member_tier
         , t1.capture_time capture_time
         , dateDiff('second',t1.capture_time,coalesce(t1.next_capture_time,t1.capture_time)) stay_time_casino

         , t2.group_id  group_id
         , t3.stay_time stay_time
         , t4.is_less15min_visitor is_less15min_visitor
         , t4.is_return_casino is_return_casino
         , t4.is_return_zone is_return_zone
         , now() batch_time
    from (
        select
            toDateTime(formatDateTime(capture_time,'%%Y-%%m-%%d %%H:00:00')) date_hour
         , toDateTime(formatDateTime(capture_time-21600,'%%Y-%%m-%%d %%H:00:00')) date_casino_hour
         , profile_id profile_id
         , region_type region_type
         , region_id region_id
         , region_name region_name
         , gender gender
         , case when age between 0 and 20 then '0-20'
                                     when age between 21 and 39 then '21-39'
                                     when age between 40 and 65 then '40-65'
                                     when age >65 then  '65+'
                               end   Age_range
         , profile_type profile_type
         , member_tier member_tier
         , capture_time capture_time
         , next_capture_time
        from
        Facial.dwd_user_capture_detail  where  toDate(capture_time)= %(date)s) t1
    left join Facial.dws_profileid_group t2 on t1.capture_time=t2.capture_time
                                              and t1.profile_id=t2.profile_id
                                              and t1.region_id=t2.region_id

    left join Facial.dws_profileid_staytime t3 on toDate(t1.capture_time) = t3.date
                                              and toDate(t1.capture_time - 21600) = t3.date_casino
                                              and t1.profile_id=t3.profile_id
                                              and t1.region_id=t3.region_id
    left join Facial.dws_profileid_NewOrReturn_visitor t4 on toDate(t1.capture_time) = t4.date
                                              and toDate(t1.capture_time - 21600) = t4.date_casino
                                              and t1.profile_id=t4.profile_id
                                              and t1.region_id=t4.region_id
                    
                               
    
        
2025-10-21 16:47:29 [INFO] 2025-08-25 已执行完成删除 dws_profileid_all_index  的数据
2025-10-21 16:47:29 [INFO]  执行成功 ，已经写入  dws_profileid_all_index
2025-10-21 16:47:29 [INFO] 2025-08-26 已执行完成删除 dws_profileid_all_index  的数据
2025-10-21 16:47:30 [INFO]  执行成功 ，已经写入  dws_profileid_all_index
2025-10-21 16:47:30 [INFO] 2025-08-27 已执行完成删除 dws_profileid_all_index  的数据
2025-10-21 16:47:30 [INFO]  执行成功 ，已经写入  dws_profileid_all_index
2025-10-21 18:01:55 [INFO] 2025-08-25 已执行完成删除 dws_profileid_all_index  的数据
2025-10-21 18:02:16 [INFO] 2025-08-25 已执行完成删除 dws_profileid_all_index  的数据
2025-10-21 18:02:16 [INFO]  执行成功 ，已经写入  dws_profileid_all_index
2025-10-21 18:02:16 [INFO] 2025-08-26 已执行完成删除 dws_profileid_all_index  的数据
2025-10-21 18:02:17 [INFO]  执行成功 ，已经写入  dws_profileid_all_index
2025-10-21 18:02:17 [INFO] 2025-08-27 已执行完成删除 dws_profileid_all_index  的数据
2025-10-21 18:02:17 [INFO]  执行成功 ，已经写入  dws_profileid_all_index
2025-10-21 18:23:46 [INFO] 2025-08-25 已执行完成删除 dws_profileid_all_index  的数据
2025-10-21 18:23:46 [INFO]  执行成功 ，已经写入  dws_profileid_all_index
2025-10-21 18:23:47 [INFO] 2025-08-26 已执行完成删除 dws_profileid_all_index  的数据
2025-10-21 18:23:47 [INFO]  执行成功 ，已经写入  dws_profileid_all_index
2025-10-21 18:23:47 [INFO] 2025-08-27 已执行完成删除 dws_profileid_all_index  的数据
2025-10-21 18:23:47 [INFO]  执行成功 ，已经写入  dws_profileid_all_index
2025-10-22 14:34:47 [INFO] 2025-08-25 已执行完成删除 dws_profileid_all_index  的数据
2025-10-22 14:34:47 [INFO]  执行成功 ，已经写入  dws_profileid_all_index
2025-10-22 14:34:47 [INFO] 2025-08-26 已执行完成删除 dws_profileid_all_index  的数据
2025-10-22 14:34:47 [INFO]  执行成功 ，已经写入  dws_profileid_all_index
2025-10-22 14:34:47 [INFO] 2025-08-27 已执行完成删除 dws_profileid_all_index  的数据
2025-10-22 14:34:47 [INFO]  执行成功 ，已经写入  dws_profileid_all_index
2025-10-22 15:53:51 [INFO] 2025-08-25 已执行完成删除 dws_profileid_all_index  的数据
2025-10-22 15:54:40 [INFO] 2025-08-25 已执行完成删除 dws_profileid_all_index  的数据
2025-10-22 15:54:40 [INFO]  执行成功 ，已经写入  dws_profileid_all_index
2025-10-22 15:54:40 [INFO] 2025-08-26 已执行完成删除 dws_profileid_all_index  的数据
2025-10-22 15:54:41 [INFO]  执行成功 ，已经写入  dws_profileid_all_index
2025-10-22 15:54:41 [INFO] 2025-08-27 已执行完成删除 dws_profileid_all_index  的数据
2025-10-22 15:54:41 [INFO]  执行成功 ，已经写入  dws_profileid_all_index
2025-10-22 15:56:43 [INFO] 2025-08-25 已执行完成删除 dws_profileid_all_index  的数据
2025-10-22 15:56:43 [INFO]  执行成功 ，已经写入  dws_profileid_all_index
2025-10-22 15:56:44 [INFO] 2025-08-26 已执行完成删除 dws_profileid_all_index  的数据
2025-10-22 15:56:44 [INFO]  执行成功 ，已经写入  dws_profileid_all_index
2025-10-22 15:56:44 [INFO] 2025-08-27 已执行完成删除 dws_profileid_all_index  的数据
2025-10-22 15:56:44 [INFO]  执行成功 ，已经写入  dws_profileid_all_index
2025-10-22 16:12:47 [INFO] 2025-08-25 已执行完成删除 dws_profileid_all_index  的数据
2025-10-22 16:12:47 [INFO]  执行成功 ，已经写入  dws_profileid_all_index
2025-10-22 16:12:47 [INFO] 2025-08-26 已执行完成删除 dws_profileid_all_index  的数据
2025-10-22 16:12:48 [INFO]  执行成功 ，已经写入  dws_profileid_all_index
2025-10-22 16:12:48 [INFO] 2025-08-27 已执行完成删除 dws_profileid_all_index  的数据
2025-10-22 16:12:48 [INFO]  执行成功 ，已经写入  dws_profileid_all_index
2025-10-22 17:50:33 [INFO] 2025-08-25 已执行完成删除 dws_profileid_all_index  的数据
2025-10-22 17:50:33 [INFO]  执行成功 ，已经写入  dws_profileid_all_index
2025-10-22 17:50:33 [INFO] 2025-08-26 已执行完成删除 dws_profileid_all_index  的数据
2025-10-22 17:50:33 [INFO]  执行成功 ，已经写入  dws_profileid_all_index
2025-10-22 17:50:33 [INFO] 2025-08-27 已执行完成删除 dws_profileid_all_index  的数据
2025-10-22 17:50:34 [INFO]  执行成功 ，已经写入  dws_profileid_all_index
2025-10-22 17:52:00 [INFO] 2025-08-25 已执行完成删除 dws_profileid_all_index  的数据
2025-10-22 17:52:00 [INFO]  执行成功 ，已经写入  dws_profileid_all_index
2025-10-22 17:52:00 [INFO] 2025-08-26 已执行完成删除 dws_profileid_all_index  的数据
2025-10-22 17:52:00 [INFO]  执行成功 ，已经写入  dws_profileid_all_index
2025-10-22 17:52:00 [INFO] 2025-08-27 已执行完成删除 dws_profileid_all_index  的数据
2025-10-22 17:52:01 [INFO]  执行成功 ，已经写入  dws_profileid_all_index
2025-10-22 17:57:18 [INFO] 2025-08-25 已执行完成删除 dws_profileid_all_index  的数据
2025-10-22 17:57:18 [INFO]  执行成功 ，已经写入  dws_profileid_all_index
2025-10-22 17:57:18 [INFO] 2025-08-26 已执行完成删除 dws_profileid_all_index  的数据
2025-10-22 17:57:18 [INFO]  执行成功 ，已经写入  dws_profileid_all_index
2025-10-22 17:57:19 [INFO] 2025-08-27 已执行完成删除 dws_profileid_all_index  的数据
2025-10-22 17:57:19 [INFO]  执行成功 ，已经写入  dws_profileid_all_index
2025-10-23 11:24:40 [INFO] 2025-08-25 已执行完成删除 dws_profileid_all_index  的数据
2025-10-23 11:24:40 [INFO]  执行成功 ，已经写入  dws_profileid_all_index
2025-10-23 11:24:41 [INFO] 2025-08-26 已执行完成删除 dws_profileid_all_index  的数据
2025-10-23 11:24:41 [INFO]  执行成功 ，已经写入  dws_profileid_all_index
2025-10-23 11:24:41 [INFO] 2025-08-27 已执行完成删除 dws_profileid_all_index  的数据
2025-10-23 11:24:41 [INFO]  执行成功 ，已经写入  dws_profileid_all_index
2025-10-30 14:48:33 [INFO] 2025-08-25 已执行完成删除 dws_profileid_all_index  的数据
2025-10-30 14:48:33 [INFO]  执行成功 ，已经写入  dws_profileid_all_index
2025-10-30 14:48:34 [INFO] 2025-08-26 已执行完成删除 dws_profileid_all_index  的数据
2025-10-30 14:48:34 [INFO]  执行成功 ，已经写入  dws_profileid_all_index
2025-10-30 14:48:34 [INFO] 2025-08-27 已执行完成删除 dws_profileid_all_index  的数据
2025-10-30 14:48:34 [INFO]  执行成功 ，已经写入  dws_profileid_all_index
2025-10-30 14:51:44 [INFO] 2025-08-25 已执行完成删除 dws_profileid_all_index  的数据
2025-10-30 14:51:45 [INFO]  执行成功 ，已经写入  dws_profileid_all_index
2025-10-30 14:51:45 [INFO] 2025-08-26 已执行完成删除 dws_profileid_all_index  的数据
2025-10-30 14:51:45 [INFO]  执行成功 ，已经写入  dws_profileid_all_index
2025-10-30 14:51:45 [INFO] 2025-08-27 已执行完成删除 dws_profileid_all_index  的数据
2025-10-30 14:51:45 [INFO]  执行成功 ，已经写入  dws_profileid_all_index
2025-10-30 15:14:59 [INFO] 2025-08-25 已执行完成删除 dws_profileid_all_index  的数据
2025-10-30 15:15:00 [INFO]  执行成功 ，已经写入  dws_profileid_all_index
2025-10-30 15:15:00 [INFO] 2025-08-26 已执行完成删除 dws_profileid_all_index  的数据
2025-10-30 15:15:00 [INFO]  执行成功 ，已经写入  dws_profileid_all_index
2025-10-30 15:15:00 [INFO] 2025-08-27 已执行完成删除 dws_profileid_all_index  的数据
2025-10-30 15:15:00 [INFO]  执行成功 ，已经写入  dws_profileid_all_index
2025-10-30 15:17:53 [INFO] 2025-08-25 已执行完成删除 dws_profileid_all_index  的数据
2025-10-30 15:17:53 [INFO]  执行成功 ，已经写入  dws_profileid_all_index
2025-10-30 15:17:53 [INFO] 2025-08-26 已执行完成删除 dws_profileid_all_index  的数据
2025-10-30 15:17:53 [INFO]  执行成功 ，已经写入  dws_profileid_all_index
2025-10-30 15:17:53 [INFO] 2025-08-27 已执行完成删除 dws_profileid_all_index  的数据
2025-10-30 15:17:54 [INFO]  执行成功 ，已经写入  dws_profileid_all_index
