2026-04-08 16:04:28 [INFO] ITTF Men’s and Women’s World Cup Macao 2025 presented by Galaxy Entertainment Group - World Cup Second Classroom 已执行完成删除 dws_arena_preAndpost_analysis 的数据
2026-04-08 16:04:29 [INFO] 执行成功，已经写入 dws_arena_preAndpost_analysis
2026-04-08 16:04:29 [INFO] SHOW LO 30 World Tour Concert in Macau 已执行完成删除 dws_arena_preAndpost_analysis 的数据
2026-04-08 16:04:29 [INFO] 执行成功，已经写入 dws_arena_preAndpost_analysis
2026-04-08 16:04:29 [INFO] Korean Pop Show: G Dragon 已执行完成删除 dws_arena_preAndpost_analysis 的数据
2026-04-08 16:04:30 [INFO] 执行成功，已经写入 dws_arena_preAndpost_analysis
2026-04-08 16:04:30 [INFO] Galaxy Macau™ Presents FWD Insurance Title Sponsor - Jacky Cheung 60+ Concert Tour Macao 已执行完成删除 dws_arena_preAndpost_analysis 的数据
2026-04-08 16:04:30 [INFO] 执行成功，已经写入 dws_arena_preAndpost_analysis
2026-04-08 16:04:30 [INFO] TF Family Summer Games 已执行完成删除 dws_arena_preAndpost_analysis 的数据
2026-04-08 16:04:30 [INFO] 执行成功，已经写入 dws_arena_preAndpost_analysis
2026-04-08 16:04:30 [INFO] IAN CHAN "TEARS" IN MY SIGHT SOLO CONCERT TOUR 2025 – MACAU 已执行完成删除 dws_arena_preAndpost_analysis 的数据
2026-04-08 16:04:31 [INFO] 执行成功，已经写入 dws_arena_preAndpost_analysis
2026-04-08 16:04:31 [INFO] EASON CHAN FEAR and DREAMS WORLD TOUR IN MACAU (FINALE) 已执行完成删除 dws_arena_preAndpost_analysis 的数据
2026-04-08 16:04:31 [INFO] 执行成功，已经写入 dws_arena_preAndpost_analysis
2026-04-08 16:04:31 [INFO] Eason Chan?FEAR and DREAMS: NOW is the only reality?Documentary Premiere and Sharing Event 已执行完成删除 dws_arena_preAndpost_analysis 的数据
2026-04-08 16:04:32 [INFO] 执行成功，已经写入 dws_arena_preAndpost_analysis
2026-04-08 16:04:32 [INFO] Treasure Dinner 已执行完成删除 dws_arena_preAndpost_analysis 的数据
2026-04-08 16:04:32 [INFO] 执行成功，已经写入 dws_arena_preAndpost_analysis
2026-04-08 16:04:32 [INFO] TMEA 已执行完成删除 dws_arena_preAndpost_analysis 的数据
2026-04-08 16:04:32 [INFO] 执行成功，已经写入 dws_arena_preAndpost_analysis
2026-04-08 16:04:32 [INFO] BAEKHYUN WORLD TO UR<Reverie>in Macau 已执行完成删除 dws_arena_preAndpost_analysis 的数据
2026-04-08 16:04:33 [INFO] 执行成功，已经写入 dws_arena_preAndpost_analysis
2026-04-08 16:04:33 [INFO] Ultra Global Conference 已执行完成删除 dws_arena_preAndpost_analysis 的数据
2026-04-08 16:04:33 [INFO] 执行成功，已经写入 dws_arena_preAndpost_analysis
2026-04-08 16:04:33 [INFO] Dear Jane 已执行完成删除 dws_arena_preAndpost_analysis 的数据
2026-04-08 16:04:34 [INFO] 执行成功，已经写入 dws_arena_preAndpost_analysis
2026-04-08 16:04:34 [INFO] IP concert 已执行完成删除 dws_arena_preAndpost_analysis 的数据
2026-04-08 16:04:34 [INFO] 执行成功，已经写入 dws_arena_preAndpost_analysis
2026-04-08 16:04:34 [INFO] 2025 LUHAN SEASON4 ASIA TOUR IN MACAU 已执行完成删除 dws_arena_preAndpost_analysis 的数据
2026-04-08 16:04:34 [INFO] 执行成功，已经写入 dws_arena_preAndpost_analysis
2026-04-08 16:04:34 [INFO] MAGICMAN 2 WORLD TOUR 2025-2026 in Macau Presented by Galaxy Macau™(Jackson Wang) 已执行完成删除 dws_arena_preAndpost_analysis 的数据
2026-04-08 16:04:35 [INFO] 执行成功，已经写入 dws_arena_preAndpost_analysis
2026-04-08 16:04:35 [INFO] Doterra Convention 已执行完成删除 dws_arena_preAndpost_analysis 的数据
2026-04-08 16:04:35 [INFO] 执行成功，已经写入 dws_arena_preAndpost_analysis
2026-04-08 16:04:35 [INFO] National Games 已执行完成删除 dws_arena_preAndpost_analysis 的数据
2026-04-08 16:04:36 [INFO] 执行成功，已经写入 dws_arena_preAndpost_analysis
2026-04-08 16:04:36 [INFO] MC Cheung Tin Fu #Project 1201 Live in Macau 已执行完成删除 dws_arena_preAndpost_analysis 的数据
2026-04-08 16:04:36 [INFO] 执行成功，已经写入 dws_arena_preAndpost_analysis
2026-04-08 16:04:36 [INFO] iQIYI screaming night 已执行完成删除 dws_arena_preAndpost_analysis 的数据
2026-04-08 16:04:36 [INFO] 执行成功，已经写入 dws_arena_preAndpost_analysis
2026-04-08 16:04:36 [INFO] JSTV countdown show 已执行完成删除 dws_arena_preAndpost_analysis 的数据
2026-04-08 16:04:37 [INFO] 执行成功，已经写入 dws_arena_preAndpost_analysis
2026-04-08 16:04:37 [INFO] JSTV "Crush of Music" Music Festival 已执行完成删除 dws_arena_preAndpost_analysis 的数据
2026-04-08 16:04:37 [INFO] 执行成功，已经写入 dws_arena_preAndpost_analysis
2026-04-08 16:04:37 [INFO] SUPER JUNIOR 20th Anniversary Tour <SUPER SHOW 10> in MACAU 已执行完成删除 dws_arena_preAndpost_analysis 的数据
2026-04-08 16:04:38 [INFO] 执行成功，已经写入 dws_arena_preAndpost_analysis
2026-04-08 16:04:38 [INFO] SUPER JUNIOR 20th Anniversary TOUR <SUPER SHOW 10> In Macau 已执行完成删除 dws_arena_preAndpost_analysis 的数据
2026-04-08 16:04:38 [INFO] 执行成功，已经写入 dws_arena_preAndpost_analysis
2026-04-08 16:04:38 [INFO] Dylan Wang 已执行完成删除 dws_arena_preAndpost_analysis 的数据
2026-04-08 16:04:39 [INFO] 执行成功，已经写入 dws_arena_preAndpost_analysis
2026-04-08 16:04:39 [INFO] Jordan Chan's “Five Faces In Life” Live Tour 2025-2026 in Macau 已执行完成删除 dws_arena_preAndpost_analysis 的数据
2026-04-08 16:04:39 [INFO] 执行成功，已经写入 dws_arena_preAndpost_analysis
2026-04-08 16:04:39 [INFO] Chinese Boy Band Concert 已执行完成删除 dws_arena_preAndpost_analysis 的数据
2026-04-08 16:04:40 [INFO] 执行成功，已经写入 dws_arena_preAndpost_analysis
2026-04-08 16:04:40 [INFO] RIIZE CONCERT TOUR 已执行完成删除 dws_arena_preAndpost_analysis 的数据
2026-04-08 16:04:41 [INFO] 执行成功，已经写入 dws_arena_preAndpost_analysis
2026-04-08 16:04:41 [INFO] 田震 Tian Zhen 已执行完成删除 dws_arena_preAndpost_analysis 的数据
2026-04-08 16:04:41 [INFO] 执行成功，已经写入 dws_arena_preAndpost_analysis
2026-04-08 16:04:41 [INFO] Jimmy O Yang new year show 已执行完成删除 dws_arena_preAndpost_analysis 的数据
2026-04-08 16:04:42 [INFO] 执行成功，已经写入 dws_arena_preAndpost_analysis
2026-04-08 16:04:42 [INFO] Jimmy O Yang new year Show (TBC) 已执行完成删除 dws_arena_preAndpost_analysis 的数据
2026-04-08 16:04:42 [INFO] 执行成功，已经写入 dws_arena_preAndpost_analysis
2026-04-08 16:04:42 [INFO] Silence Wang 2026 “Rise of Romance” World Tour – Macau 已执行完成删除 dws_arena_preAndpost_analysis 的数据
2026-04-08 16:04:43 [INFO] 执行成功，已经写入 dws_arena_preAndpost_analysis
2026-04-08 16:04:43 [INFO] Silence Wang Concert 已执行完成删除 dws_arena_preAndpost_analysis 的数据
2026-04-08 16:04:43 [INFO] 执行成功，已经写入 dws_arena_preAndpost_analysis
2026-04-08 16:04:44 [INFO] 2025–26 aespa LIVE TOUR – SYNK: aeXIS LINE – in MACAU 已执行完成删除 dws_arena_preAndpost_analysis 的数据
2026-04-08 16:04:44 [INFO] 执行成功，已经写入 dws_arena_preAndpost_analysis
2026-04-08 16:04:44 [INFO] Kpop 已执行完成删除 dws_arena_preAndpost_analysis 的数据
2026-04-08 16:04:44 [INFO] 执行成功，已经写入 dws_arena_preAndpost_analysis
2026-04-08 16:04:45 [INFO] HK Female Singer 已执行完成删除 dws_arena_preAndpost_analysis 的数据
2026-04-08 16:04:45 [INFO] 执行成功，已经写入 dws_arena_preAndpost_analysis
2026-04-08 16:04:45 [INFO] ITTF 2026 已执行完成删除 dws_arena_preAndpost_analysis 的数据
2026-04-08 16:04:45 [INFO] 执行成功，已经写入 dws_arena_preAndpost_analysis
2026-04-08 16:06:27 [INFO] ITTF Men’s and Women’s World Cup Macao 2025 presented by Galaxy Entertainment Group - World Cup Second Classroom 已执行完成删除 dws_arena_preAndpost_analysis 的数据
2026-04-08 16:06:27 [INFO] 执行成功，已经写入 dws_arena_preAndpost_analysis
2026-04-08 16:06:27 [INFO] SHOW LO 30 World Tour Concert in Macau 已执行完成删除 dws_arena_preAndpost_analysis 的数据
2026-04-08 16:06:27 [INFO] 执行成功，已经写入 dws_arena_preAndpost_analysis
2026-04-08 16:06:27 [INFO] Korean Pop Show: G Dragon 已执行完成删除 dws_arena_preAndpost_analysis 的数据
2026-04-08 16:06:28 [INFO] 执行成功，已经写入 dws_arena_preAndpost_analysis
2026-04-08 16:06:28 [INFO] Galaxy Macau™ Presents FWD Insurance Title Sponsor - Jacky Cheung 60+ Concert Tour Macao 已执行完成删除 dws_arena_preAndpost_analysis 的数据
2026-04-08 16:06:28 [INFO] 执行成功，已经写入 dws_arena_preAndpost_analysis
2026-04-08 16:06:28 [INFO] TF Family Summer Games 已执行完成删除 dws_arena_preAndpost_analysis 的数据
2026-04-08 16:06:28 [INFO] 执行成功，已经写入 dws_arena_preAndpost_analysis
2026-04-08 16:06:28 [INFO] IAN CHAN "TEARS" IN MY SIGHT SOLO CONCERT TOUR 2025 – MACAU 已执行完成删除 dws_arena_preAndpost_analysis 的数据
2026-04-08 16:06:29 [INFO] 执行成功，已经写入 dws_arena_preAndpost_analysis
2026-04-08 16:06:29 [INFO] EASON CHAN FEAR and DREAMS WORLD TOUR IN MACAU (FINALE) 已执行完成删除 dws_arena_preAndpost_analysis 的数据
2026-04-08 16:06:29 [INFO] 执行成功，已经写入 dws_arena_preAndpost_analysis
2026-04-08 16:06:29 [INFO] Eason Chan?FEAR and DREAMS: NOW is the only reality?Documentary Premiere and Sharing Event 已执行完成删除 dws_arena_preAndpost_analysis 的数据
2026-04-08 16:06:30 [INFO] 执行成功，已经写入 dws_arena_preAndpost_analysis
2026-04-08 16:06:30 [INFO] Treasure Dinner 已执行完成删除 dws_arena_preAndpost_analysis 的数据
2026-04-08 16:06:30 [INFO] 执行成功，已经写入 dws_arena_preAndpost_analysis
2026-04-08 16:06:30 [INFO] TMEA 已执行完成删除 dws_arena_preAndpost_analysis 的数据
2026-04-08 16:06:30 [INFO] 执行成功，已经写入 dws_arena_preAndpost_analysis
2026-04-08 16:06:30 [INFO] BAEKHYUN WORLD TO UR<Reverie>in Macau 已执行完成删除 dws_arena_preAndpost_analysis 的数据
2026-04-08 16:06:31 [INFO] 执行成功，已经写入 dws_arena_preAndpost_analysis
2026-04-08 16:06:31 [INFO] Ultra Global Conference 已执行完成删除 dws_arena_preAndpost_analysis 的数据
2026-04-08 16:06:31 [INFO] 执行成功，已经写入 dws_arena_preAndpost_analysis
2026-04-08 16:06:31 [INFO] Dear Jane 已执行完成删除 dws_arena_preAndpost_analysis 的数据
2026-04-08 16:06:32 [INFO] 执行成功，已经写入 dws_arena_preAndpost_analysis
2026-04-08 16:06:32 [INFO] IP concert 已执行完成删除 dws_arena_preAndpost_analysis 的数据
2026-04-08 16:06:32 [INFO] 执行成功，已经写入 dws_arena_preAndpost_analysis
2026-04-08 16:06:32 [INFO] 2025 LUHAN SEASON4 ASIA TOUR IN MACAU 已执行完成删除 dws_arena_preAndpost_analysis 的数据
2026-04-08 16:06:32 [INFO] 执行成功，已经写入 dws_arena_preAndpost_analysis
2026-04-08 16:06:32 [INFO] MAGICMAN 2 WORLD TOUR 2025-2026 in Macau Presented by Galaxy Macau™(Jackson Wang) 已执行完成删除 dws_arena_preAndpost_analysis 的数据
2026-04-08 16:06:33 [INFO] 执行成功，已经写入 dws_arena_preAndpost_analysis
2026-04-08 16:06:33 [INFO] Doterra Convention 已执行完成删除 dws_arena_preAndpost_analysis 的数据
2026-04-08 16:06:33 [INFO] 执行成功，已经写入 dws_arena_preAndpost_analysis
2026-04-08 16:06:33 [INFO] National Games 已执行完成删除 dws_arena_preAndpost_analysis 的数据
2026-04-08 16:06:33 [INFO] 执行成功，已经写入 dws_arena_preAndpost_analysis
2026-04-08 16:06:33 [INFO] MC Cheung Tin Fu #Project 1201 Live in Macau 已执行完成删除 dws_arena_preAndpost_analysis 的数据
2026-04-08 16:06:34 [INFO] 执行成功，已经写入 dws_arena_preAndpost_analysis
2026-04-08 16:06:34 [INFO] iQIYI screaming night 已执行完成删除 dws_arena_preAndpost_analysis 的数据
2026-04-08 16:06:34 [INFO] 执行成功，已经写入 dws_arena_preAndpost_analysis
2026-04-08 16:06:34 [INFO] JSTV countdown show 已执行完成删除 dws_arena_preAndpost_analysis 的数据
2026-04-08 16:06:35 [INFO] 执行成功，已经写入 dws_arena_preAndpost_analysis
2026-04-08 16:06:35 [INFO] JSTV "Crush of Music" Music Festival 已执行完成删除 dws_arena_preAndpost_analysis 的数据
2026-04-08 16:06:35 [INFO] 执行成功，已经写入 dws_arena_preAndpost_analysis
2026-04-08 16:06:35 [INFO] SUPER JUNIOR 20th Anniversary Tour <SUPER SHOW 10> in MACAU 已执行完成删除 dws_arena_preAndpost_analysis 的数据
2026-04-08 16:06:35 [INFO] 执行成功，已经写入 dws_arena_preAndpost_analysis
2026-04-08 16:06:35 [INFO] SUPER JUNIOR 20th Anniversary TOUR <SUPER SHOW 10> In Macau 已执行完成删除 dws_arena_preAndpost_analysis 的数据
2026-04-08 16:06:36 [INFO] 执行成功，已经写入 dws_arena_preAndpost_analysis
2026-04-08 16:06:36 [INFO] Dylan Wang 已执行完成删除 dws_arena_preAndpost_analysis 的数据
2026-04-08 16:06:36 [INFO] 执行成功，已经写入 dws_arena_preAndpost_analysis
2026-04-08 16:06:36 [INFO] Jordan Chan's “Five Faces In Life” Live Tour 2025-2026 in Macau 已执行完成删除 dws_arena_preAndpost_analysis 的数据
2026-04-08 16:06:37 [INFO] 执行成功，已经写入 dws_arena_preAndpost_analysis
2026-04-08 16:06:37 [INFO] Chinese Boy Band Concert 已执行完成删除 dws_arena_preAndpost_analysis 的数据
2026-04-08 16:06:37 [INFO] 执行成功，已经写入 dws_arena_preAndpost_analysis
2026-04-08 16:06:37 [INFO] RIIZE CONCERT TOUR 已执行完成删除 dws_arena_preAndpost_analysis 的数据
2026-04-08 16:06:38 [INFO] 执行成功，已经写入 dws_arena_preAndpost_analysis
2026-04-08 16:06:38 [INFO] 田震 Tian Zhen 已执行完成删除 dws_arena_preAndpost_analysis 的数据
2026-04-08 16:06:38 [INFO] 执行成功，已经写入 dws_arena_preAndpost_analysis
2026-04-08 16:06:38 [INFO] Jimmy O Yang new year show 已执行完成删除 dws_arena_preAndpost_analysis 的数据
2026-04-08 16:06:39 [INFO] 执行成功，已经写入 dws_arena_preAndpost_analysis
2026-04-08 16:06:39 [INFO] Jimmy O Yang new year Show (TBC) 已执行完成删除 dws_arena_preAndpost_analysis 的数据
2026-04-08 16:06:39 [INFO] 执行成功，已经写入 dws_arena_preAndpost_analysis
2026-04-08 16:06:39 [INFO] Silence Wang 2026 “Rise of Romance” World Tour – Macau 已执行完成删除 dws_arena_preAndpost_analysis 的数据
2026-04-08 16:06:39 [INFO] 执行成功，已经写入 dws_arena_preAndpost_analysis
2026-04-08 16:06:39 [INFO] Silence Wang Concert 已执行完成删除 dws_arena_preAndpost_analysis 的数据
2026-04-08 16:06:40 [INFO] 执行成功，已经写入 dws_arena_preAndpost_analysis
2026-04-08 16:06:40 [INFO] 2025–26 aespa LIVE TOUR – SYNK: aeXIS LINE – in MACAU 已执行完成删除 dws_arena_preAndpost_analysis 的数据
2026-04-08 16:06:40 [INFO] 执行成功，已经写入 dws_arena_preAndpost_analysis
2026-04-08 16:06:40 [INFO] Kpop 已执行完成删除 dws_arena_preAndpost_analysis 的数据
2026-04-08 16:06:41 [INFO] 执行成功，已经写入 dws_arena_preAndpost_analysis
2026-04-08 16:06:41 [INFO] HK Female Singer 已执行完成删除 dws_arena_preAndpost_analysis 的数据
2026-04-08 16:06:41 [INFO] 执行成功，已经写入 dws_arena_preAndpost_analysis
2026-04-08 16:06:41 [INFO] ITTF 2026 已执行完成删除 dws_arena_preAndpost_analysis 的数据
2026-04-08 16:06:42 [INFO] 执行成功，已经写入 dws_arena_preAndpost_analysis
2026-04-08 17:31:26 [INFO] ITTF Men’s and Women’s World Cup Macao 2025 presented by Galaxy Entertainment Group - World Cup Second Classroom 已执行完成删除 dws_arena_preAndpost_analysis 的数据
2026-04-08 17:31:27 [INFO] 执行成功，已经写入 dws_arena_preAndpost_analysis
2026-04-08 17:31:27 [INFO] SHOW LO 30 World Tour Concert in Macau 已执行完成删除 dws_arena_preAndpost_analysis 的数据
2026-04-08 17:31:27 [INFO] 执行成功，已经写入 dws_arena_preAndpost_analysis
2026-04-08 17:31:27 [INFO] Korean Pop Show: G Dragon 已执行完成删除 dws_arena_preAndpost_analysis 的数据
2026-04-08 17:31:27 [INFO] 执行成功，已经写入 dws_arena_preAndpost_analysis
2026-04-08 17:31:27 [INFO] Galaxy Macau™ Presents FWD Insurance Title Sponsor - Jacky Cheung 60+ Concert Tour Macao 已执行完成删除 dws_arena_preAndpost_analysis 的数据
2026-04-08 17:31:27 [INFO] 执行成功，已经写入 dws_arena_preAndpost_analysis
2026-04-08 17:31:28 [INFO] TF Family Summer Games 已执行完成删除 dws_arena_preAndpost_analysis 的数据
2026-04-08 17:31:28 [INFO] 执行成功，已经写入 dws_arena_preAndpost_analysis
2026-04-08 17:31:28 [INFO] IAN CHAN "TEARS" IN MY SIGHT SOLO CONCERT TOUR 2025 – MACAU 已执行完成删除 dws_arena_preAndpost_analysis 的数据
2026-04-08 17:31:28 [INFO] 执行成功，已经写入 dws_arena_preAndpost_analysis
2026-04-08 17:31:28 [INFO] EASON CHAN FEAR and DREAMS WORLD TOUR IN MACAU (FINALE) 已执行完成删除 dws_arena_preAndpost_analysis 的数据
2026-04-08 17:31:28 [INFO] 执行成功，已经写入 dws_arena_preAndpost_analysis
2026-04-08 17:31:28 [INFO] Eason Chan?FEAR and DREAMS: NOW is the only reality?Documentary Premiere and Sharing Event 已执行完成删除 dws_arena_preAndpost_analysis 的数据
2026-04-08 17:31:29 [INFO] 执行成功，已经写入 dws_arena_preAndpost_analysis
2026-04-08 17:31:29 [INFO] Treasure Dinner 已执行完成删除 dws_arena_preAndpost_analysis 的数据
2026-04-08 17:31:29 [INFO] 执行成功，已经写入 dws_arena_preAndpost_analysis
2026-04-08 17:31:29 [INFO] TMEA 已执行完成删除 dws_arena_preAndpost_analysis 的数据
2026-04-08 17:31:29 [INFO] 执行成功，已经写入 dws_arena_preAndpost_analysis
2026-04-08 17:31:29 [INFO] BAEKHYUN WORLD TO UR<Reverie>in Macau 已执行完成删除 dws_arena_preAndpost_analysis 的数据
2026-04-08 17:31:30 [INFO] 执行成功，已经写入 dws_arena_preAndpost_analysis
2026-04-08 17:31:30 [INFO] Ultra Global Conference 已执行完成删除 dws_arena_preAndpost_analysis 的数据
2026-04-08 17:31:30 [INFO] 执行成功，已经写入 dws_arena_preAndpost_analysis
2026-04-08 17:31:30 [INFO] Dear Jane 已执行完成删除 dws_arena_preAndpost_analysis 的数据
2026-04-08 17:31:30 [INFO] 执行成功，已经写入 dws_arena_preAndpost_analysis
2026-04-08 17:31:30 [INFO] IP concert 已执行完成删除 dws_arena_preAndpost_analysis 的数据
2026-04-08 17:31:30 [INFO] 执行成功，已经写入 dws_arena_preAndpost_analysis
2026-04-08 17:31:31 [INFO] 2025 LUHAN SEASON4 ASIA TOUR IN MACAU 已执行完成删除 dws_arena_preAndpost_analysis 的数据
2026-04-08 17:31:31 [INFO] 执行成功，已经写入 dws_arena_preAndpost_analysis
2026-04-08 17:31:31 [INFO] MAGICMAN 2 WORLD TOUR 2025-2026 in Macau Presented by Galaxy Macau™(Jackson Wang) 已执行完成删除 dws_arena_preAndpost_analysis 的数据
2026-04-08 17:31:31 [INFO] 执行成功，已经写入 dws_arena_preAndpost_analysis
2026-04-08 17:31:31 [INFO] Doterra Convention 已执行完成删除 dws_arena_preAndpost_analysis 的数据
2026-04-08 17:31:31 [INFO] 执行成功，已经写入 dws_arena_preAndpost_analysis
2026-04-08 17:31:31 [INFO] National Games 已执行完成删除 dws_arena_preAndpost_analysis 的数据
2026-04-08 17:31:32 [INFO] 执行成功，已经写入 dws_arena_preAndpost_analysis
2026-04-08 17:31:32 [INFO] MC Cheung Tin Fu #Project 1201 Live in Macau 已执行完成删除 dws_arena_preAndpost_analysis 的数据
2026-04-08 17:31:32 [INFO] 执行成功，已经写入 dws_arena_preAndpost_analysis
2026-04-08 17:31:32 [INFO] iQIYI screaming night 已执行完成删除 dws_arena_preAndpost_analysis 的数据
2026-04-08 17:31:32 [INFO] 执行成功，已经写入 dws_arena_preAndpost_analysis
2026-04-08 17:31:32 [INFO] JSTV countdown show 已执行完成删除 dws_arena_preAndpost_analysis 的数据
2026-04-08 17:31:33 [INFO] 执行成功，已经写入 dws_arena_preAndpost_analysis
2026-04-08 17:31:33 [INFO] JSTV "Crush of Music" Music Festival 已执行完成删除 dws_arena_preAndpost_analysis 的数据
2026-04-08 17:31:33 [INFO] 执行成功，已经写入 dws_arena_preAndpost_analysis
2026-04-08 17:31:33 [INFO] SUPER JUNIOR 20th Anniversary Tour <SUPER SHOW 10> in MACAU 已执行完成删除 dws_arena_preAndpost_analysis 的数据
2026-04-08 17:31:33 [INFO] 执行成功，已经写入 dws_arena_preAndpost_analysis
2026-04-08 17:31:33 [INFO] SUPER JUNIOR 20th Anniversary TOUR <SUPER SHOW 10> In Macau 已执行完成删除 dws_arena_preAndpost_analysis 的数据
2026-04-08 17:31:34 [INFO] 执行成功，已经写入 dws_arena_preAndpost_analysis
2026-04-08 17:31:34 [INFO] Dylan Wang 已执行完成删除 dws_arena_preAndpost_analysis 的数据
2026-04-08 17:31:34 [INFO] 执行成功，已经写入 dws_arena_preAndpost_analysis
2026-04-08 17:31:34 [INFO] Jordan Chan's “Five Faces In Life” Live Tour 2025-2026 in Macau 已执行完成删除 dws_arena_preAndpost_analysis 的数据
2026-04-08 17:31:35 [INFO] 执行成功，已经写入 dws_arena_preAndpost_analysis
2026-04-08 17:31:35 [INFO] Chinese Boy Band Concert 已执行完成删除 dws_arena_preAndpost_analysis 的数据
2026-04-08 17:31:35 [INFO] 执行成功，已经写入 dws_arena_preAndpost_analysis
2026-04-08 17:31:35 [INFO] RIIZE CONCERT TOUR 已执行完成删除 dws_arena_preAndpost_analysis 的数据
2026-04-08 17:31:36 [INFO] 执行成功，已经写入 dws_arena_preAndpost_analysis
2026-04-08 17:31:36 [INFO] 田震 Tian Zhen 已执行完成删除 dws_arena_preAndpost_analysis 的数据
2026-04-08 17:31:36 [INFO] 执行成功，已经写入 dws_arena_preAndpost_analysis
2026-04-08 17:31:36 [INFO] Jimmy O Yang new year show 已执行完成删除 dws_arena_preAndpost_analysis 的数据
2026-04-08 17:31:36 [INFO] 执行成功，已经写入 dws_arena_preAndpost_analysis
2026-04-08 17:31:36 [INFO] Jimmy O Yang new year Show (TBC) 已执行完成删除 dws_arena_preAndpost_analysis 的数据
2026-04-08 17:31:37 [INFO] 执行成功，已经写入 dws_arena_preAndpost_analysis
2026-04-08 17:31:37 [INFO] Silence Wang 2026 “Rise of Romance” World Tour – Macau 已执行完成删除 dws_arena_preAndpost_analysis 的数据
2026-04-08 17:31:37 [INFO] 执行成功，已经写入 dws_arena_preAndpost_analysis
2026-04-08 17:31:37 [INFO] Silence Wang Concert 已执行完成删除 dws_arena_preAndpost_analysis 的数据
2026-04-08 17:31:38 [INFO] 执行成功，已经写入 dws_arena_preAndpost_analysis
2026-04-08 17:31:38 [INFO] 2025–26 aespa LIVE TOUR – SYNK: aeXIS LINE – in MACAU 已执行完成删除 dws_arena_preAndpost_analysis 的数据
2026-04-08 17:31:38 [INFO] 执行成功，已经写入 dws_arena_preAndpost_analysis
2026-04-08 17:31:38 [INFO] Kpop 已执行完成删除 dws_arena_preAndpost_analysis 的数据
2026-04-08 17:31:38 [INFO] 执行成功，已经写入 dws_arena_preAndpost_analysis
2026-04-08 17:31:39 [INFO] HK Female Singer 已执行完成删除 dws_arena_preAndpost_analysis 的数据
2026-04-08 17:31:39 [INFO] 执行成功，已经写入 dws_arena_preAndpost_analysis
2026-04-08 17:31:39 [INFO] ITTF 2026 已执行完成删除 dws_arena_preAndpost_analysis 的数据
2026-04-08 17:31:39 [INFO] 执行成功，已经写入 dws_arena_preAndpost_analysis
2026-04-10 10:07:20 [INFO] ITTF Men’s and Women’s World Cup Macao 2025 presented by Galaxy Entertainment Group - World Cup Second Classroom 已执行完成删除 dws_arena_preAndpost_analysis 的数据
2026-04-10 10:07:20 [INFO] 执行成功，已经写入 dws_arena_preAndpost_analysis
2026-04-10 10:07:20 [INFO] SHOW LO 30 World Tour Concert in Macau 已执行完成删除 dws_arena_preAndpost_analysis 的数据
2026-04-10 10:07:20 [INFO] 执行成功，已经写入 dws_arena_preAndpost_analysis
2026-04-10 10:07:20 [INFO] Korean Pop Show: G Dragon 已执行完成删除 dws_arena_preAndpost_analysis 的数据
2026-04-10 10:07:21 [INFO] 执行成功，已经写入 dws_arena_preAndpost_analysis
2026-04-10 10:07:21 [INFO] Galaxy Macau™ Presents FWD Insurance Title Sponsor - Jacky Cheung 60+ Concert Tour Macao 已执行完成删除 dws_arena_preAndpost_analysis 的数据
2026-04-10 10:07:21 [INFO] 执行成功，已经写入 dws_arena_preAndpost_analysis
2026-04-10 10:07:21 [INFO] TF Family Summer Games 已执行完成删除 dws_arena_preAndpost_analysis 的数据
2026-04-10 10:07:21 [INFO] 执行成功，已经写入 dws_arena_preAndpost_analysis
2026-04-10 10:07:21 [INFO] IAN CHAN "TEARS" IN MY SIGHT SOLO CONCERT TOUR 2025 – MACAU 已执行完成删除 dws_arena_preAndpost_analysis 的数据
2026-04-10 10:07:22 [INFO] 执行成功，已经写入 dws_arena_preAndpost_analysis
2026-04-10 10:07:22 [INFO] EASON CHAN FEAR and DREAMS WORLD TOUR IN MACAU (FINALE) 已执行完成删除 dws_arena_preAndpost_analysis 的数据
2026-04-10 10:07:22 [INFO] 执行成功，已经写入 dws_arena_preAndpost_analysis
2026-04-10 10:07:22 [INFO] Eason Chan?FEAR and DREAMS: NOW is the only reality?Documentary Premiere and Sharing Event 已执行完成删除 dws_arena_preAndpost_analysis 的数据
2026-04-10 10:07:22 [INFO] 执行成功，已经写入 dws_arena_preAndpost_analysis
2026-04-10 10:07:22 [INFO] Treasure Dinner 已执行完成删除 dws_arena_preAndpost_analysis 的数据
2026-04-10 10:07:22 [INFO] 执行成功，已经写入 dws_arena_preAndpost_analysis
2026-04-10 10:07:23 [INFO] TMEA 已执行完成删除 dws_arena_preAndpost_analysis 的数据
2026-04-10 10:07:23 [INFO] 执行成功，已经写入 dws_arena_preAndpost_analysis
2026-04-10 10:07:23 [INFO] BAEKHYUN WORLD TO UR<Reverie>in Macau 已执行完成删除 dws_arena_preAndpost_analysis 的数据
2026-04-10 10:07:23 [INFO] 执行成功，已经写入 dws_arena_preAndpost_analysis
2026-04-10 10:07:23 [INFO] Ultra Global Conference 已执行完成删除 dws_arena_preAndpost_analysis 的数据
2026-04-10 10:07:23 [INFO] 执行成功，已经写入 dws_arena_preAndpost_analysis
2026-04-10 10:07:23 [INFO] Dear Jane 已执行完成删除 dws_arena_preAndpost_analysis 的数据
2026-04-10 10:07:24 [INFO] 执行成功，已经写入 dws_arena_preAndpost_analysis
2026-04-10 10:07:24 [INFO] IP concert 已执行完成删除 dws_arena_preAndpost_analysis 的数据
2026-04-10 10:07:24 [INFO] 执行成功，已经写入 dws_arena_preAndpost_analysis
2026-04-10 10:07:24 [INFO] 2025 LUHAN SEASON4 ASIA TOUR IN MACAU 已执行完成删除 dws_arena_preAndpost_analysis 的数据
2026-04-10 10:07:24 [INFO] 执行成功，已经写入 dws_arena_preAndpost_analysis
2026-04-10 10:07:24 [INFO] MAGICMAN 2 WORLD TOUR 2025-2026 in Macau Presented by Galaxy Macau™(Jackson Wang) 已执行完成删除 dws_arena_preAndpost_analysis 的数据
2026-04-10 10:07:25 [INFO] 执行成功，已经写入 dws_arena_preAndpost_analysis
2026-04-10 10:07:25 [INFO] Doterra Convention 已执行完成删除 dws_arena_preAndpost_analysis 的数据
2026-04-10 10:07:25 [INFO] 执行成功，已经写入 dws_arena_preAndpost_analysis
2026-04-10 10:07:25 [INFO] National Games 已执行完成删除 dws_arena_preAndpost_analysis 的数据
2026-04-10 10:07:25 [INFO] 执行成功，已经写入 dws_arena_preAndpost_analysis
2026-04-10 10:07:25 [INFO] MC Cheung Tin Fu #Project 1201 Live in Macau 已执行完成删除 dws_arena_preAndpost_analysis 的数据
2026-04-10 10:07:25 [INFO] 执行成功，已经写入 dws_arena_preAndpost_analysis
2026-04-10 10:07:26 [INFO] iQIYI screaming night 已执行完成删除 dws_arena_preAndpost_analysis 的数据
2026-04-10 10:07:26 [INFO] 执行成功，已经写入 dws_arena_preAndpost_analysis
2026-04-10 10:07:26 [INFO] JSTV countdown show 已执行完成删除 dws_arena_preAndpost_analysis 的数据
2026-04-10 10:07:26 [INFO] 执行成功，已经写入 dws_arena_preAndpost_analysis
2026-04-10 10:07:26 [INFO] JSTV "Crush of Music" Music Festival 已执行完成删除 dws_arena_preAndpost_analysis 的数据
2026-04-10 10:07:26 [INFO] 执行成功，已经写入 dws_arena_preAndpost_analysis
2026-04-10 10:07:26 [INFO] SUPER JUNIOR 20th Anniversary Tour <SUPER SHOW 10> in MACAU 已执行完成删除 dws_arena_preAndpost_analysis 的数据
2026-04-10 10:07:27 [INFO] 执行成功，已经写入 dws_arena_preAndpost_analysis
2026-04-10 10:07:27 [INFO] SUPER JUNIOR 20th Anniversary TOUR <SUPER SHOW 10> In Macau 已执行完成删除 dws_arena_preAndpost_analysis 的数据
2026-04-10 10:07:27 [INFO] 执行成功，已经写入 dws_arena_preAndpost_analysis
2026-04-10 10:07:27 [INFO] Dylan Wang 已执行完成删除 dws_arena_preAndpost_analysis 的数据
2026-04-10 10:07:27 [INFO] 执行成功，已经写入 dws_arena_preAndpost_analysis
2026-04-10 10:07:27 [INFO] Jordan Chan's “Five Faces In Life” Live Tour 2025-2026 in Macau 已执行完成删除 dws_arena_preAndpost_analysis 的数据
2026-04-10 10:07:28 [INFO] 执行成功，已经写入 dws_arena_preAndpost_analysis
2026-04-10 10:07:28 [INFO] Chinese Boy Band Concert 已执行完成删除 dws_arena_preAndpost_analysis 的数据
2026-04-10 10:07:28 [INFO] 执行成功，已经写入 dws_arena_preAndpost_analysis
2026-04-10 10:07:28 [INFO] RIIZE CONCERT TOUR 已执行完成删除 dws_arena_preAndpost_analysis 的数据
2026-04-10 10:07:28 [INFO] 执行成功，已经写入 dws_arena_preAndpost_analysis
2026-04-10 10:07:28 [INFO] 田震 Tian Zhen 已执行完成删除 dws_arena_preAndpost_analysis 的数据
2026-04-10 10:07:29 [INFO] 执行成功，已经写入 dws_arena_preAndpost_analysis
2026-04-10 10:07:29 [INFO] Jimmy O Yang new year show 已执行完成删除 dws_arena_preAndpost_analysis 的数据
2026-04-10 10:07:29 [INFO] 执行成功，已经写入 dws_arena_preAndpost_analysis
2026-04-10 10:07:29 [INFO] Jimmy O Yang new year Show (TBC) 已执行完成删除 dws_arena_preAndpost_analysis 的数据
2026-04-10 10:07:29 [INFO] 执行成功，已经写入 dws_arena_preAndpost_analysis
2026-04-10 10:07:29 [INFO] Silence Wang 2026 “Rise of Romance” World Tour – Macau 已执行完成删除 dws_arena_preAndpost_analysis 的数据
2026-04-10 10:07:30 [INFO] 执行成功，已经写入 dws_arena_preAndpost_analysis
2026-04-10 10:07:30 [INFO] Silence Wang Concert 已执行完成删除 dws_arena_preAndpost_analysis 的数据
2026-04-10 10:07:30 [INFO] 执行成功，已经写入 dws_arena_preAndpost_analysis
2026-04-10 10:07:30 [INFO] 2025–26 aespa LIVE TOUR – SYNK: aeXIS LINE – in MACAU 已执行完成删除 dws_arena_preAndpost_analysis 的数据
2026-04-10 10:07:30 [INFO] 执行成功，已经写入 dws_arena_preAndpost_analysis
2026-04-10 10:07:30 [INFO] Kpop 已执行完成删除 dws_arena_preAndpost_analysis 的数据
2026-04-10 10:07:31 [INFO] 执行成功，已经写入 dws_arena_preAndpost_analysis
2026-04-10 10:07:31 [INFO] HK Female Singer 已执行完成删除 dws_arena_preAndpost_analysis 的数据
2026-04-10 10:07:31 [INFO] 执行成功，已经写入 dws_arena_preAndpost_analysis
2026-04-10 10:07:31 [INFO] ITTF 2026 已执行完成删除 dws_arena_preAndpost_analysis 的数据
2026-04-10 10:07:31 [INFO] 执行成功，已经写入 dws_arena_preAndpost_analysis
2026-04-10 10:15:40 [INFO] ITTF Men’s and Women’s World Cup Macao 2025 presented by Galaxy Entertainment Group - World Cup Second Classroom_2025-04-16 已执行完成删除 dws_arena_preAndpost_analysis 的数据
2026-04-10 10:15:40 [INFO] 执行成功，已经写入 dws_arena_preAndpost_analysis
2026-04-10 10:15:40 [INFO] SHOW LO 30 World Tour Concert in Macau_2025-05-31 已执行完成删除 dws_arena_preAndpost_analysis 的数据
2026-04-10 10:15:40 [INFO] 执行成功，已经写入 dws_arena_preAndpost_analysis
2026-04-10 10:15:40 [INFO] Korean Pop Show: G Dragon_2025-06-06 已执行完成删除 dws_arena_preAndpost_analysis 的数据
2026-04-10 10:15:41 [INFO] 执行成功，已经写入 dws_arena_preAndpost_analysis
2026-04-10 10:15:41 [INFO] Korean Pop Show: G Dragon_2025-06-07 已执行完成删除 dws_arena_preAndpost_analysis 的数据
2026-04-10 10:15:41 [INFO] 执行成功，已经写入 dws_arena_preAndpost_analysis
2026-04-10 10:15:41 [INFO] Korean Pop Show: G Dragon_2025-06-08 已执行完成删除 dws_arena_preAndpost_analysis 的数据
2026-04-10 10:15:41 [INFO] 执行成功，已经写入 dws_arena_preAndpost_analysis
2026-04-10 10:15:41 [INFO] Galaxy Macau™ Presents FWD Insurance Title Sponsor - Jacky Cheung 60+ Concert Tour Macao_2025-06-20 已执行完成删除 dws_arena_preAndpost_analysis 的数据
2026-04-10 10:15:42 [INFO] 执行成功，已经写入 dws_arena_preAndpost_analysis
2026-04-10 10:15:42 [INFO] Galaxy Macau™ Presents FWD Insurance Title Sponsor - Jacky Cheung 60+ Concert Tour Macao_2025-06-21 已执行完成删除 dws_arena_preAndpost_analysis 的数据
2026-04-10 10:15:42 [INFO] 执行成功，已经写入 dws_arena_preAndpost_analysis
2026-04-10 10:15:42 [INFO] Galaxy Macau™ Presents FWD Insurance Title Sponsor - Jacky Cheung 60+ Concert Tour Macao_2025-06-22 已执行完成删除 dws_arena_preAndpost_analysis 的数据
2026-04-10 10:15:42 [INFO] 执行成功，已经写入 dws_arena_preAndpost_analysis
2026-04-10 10:15:42 [INFO] Galaxy Macau™ Presents FWD Insurance Title Sponsor - Jacky Cheung 60+ Concert Tour Macao_2025-06-27 已执行完成删除 dws_arena_preAndpost_analysis 的数据
2026-04-10 10:15:43 [INFO] 执行成功，已经写入 dws_arena_preAndpost_analysis
2026-04-10 10:15:43 [INFO] Galaxy Macau™ Presents FWD Insurance Title Sponsor - Jacky Cheung 60+ Concert Tour Macao_2025-06-28 已执行完成删除 dws_arena_preAndpost_analysis 的数据
2026-04-10 10:15:43 [INFO] 执行成功，已经写入 dws_arena_preAndpost_analysis
2026-04-10 10:15:43 [INFO] Galaxy Macau™ Presents FWD Insurance Title Sponsor - Jacky Cheung 60+ Concert Tour Macao_2025-06-29 已执行完成删除 dws_arena_preAndpost_analysis 的数据
2026-04-10 10:15:43 [INFO] 执行成功，已经写入 dws_arena_preAndpost_analysis
2026-04-10 10:15:43 [INFO] Galaxy Macau™ Presents FWD Insurance Title Sponsor - Jacky Cheung 60+ Concert Tour Macao_2025-07-04 已执行完成删除 dws_arena_preAndpost_analysis 的数据
2026-04-10 10:15:43 [INFO] 执行成功，已经写入 dws_arena_preAndpost_analysis
2026-04-10 10:15:44 [INFO] Galaxy Macau™ Presents FWD Insurance Title Sponsor - Jacky Cheung 60+ Concert Tour Macao_2025-07-05 已执行完成删除 dws_arena_preAndpost_analysis 的数据
2026-04-10 10:15:44 [INFO] 执行成功，已经写入 dws_arena_preAndpost_analysis
2026-04-10 10:15:44 [INFO] TF Family Summer Games_2025-07-12 已执行完成删除 dws_arena_preAndpost_analysis 的数据
2026-04-10 10:15:44 [INFO] 执行成功，已经写入 dws_arena_preAndpost_analysis
2026-04-10 10:15:44 [INFO] TF Family Summer Games_2025-07-13 已执行完成删除 dws_arena_preAndpost_analysis 的数据
2026-04-10 10:15:44 [INFO] 执行成功，已经写入 dws_arena_preAndpost_analysis
2026-04-10 10:15:44 [INFO] IAN CHAN "TEARS" IN MY SIGHT SOLO CONCERT TOUR 2025 – MACAU_2025-07-18 已执行完成删除 dws_arena_preAndpost_analysis 的数据
2026-04-10 10:15:45 [INFO] 执行成功，已经写入 dws_arena_preAndpost_analysis
2026-04-10 10:15:45 [INFO] EASON CHAN FEAR and DREAMS WORLD TOUR IN MACAU (FINALE)_2025-08-01 已执行完成删除 dws_arena_preAndpost_analysis 的数据
2026-04-10 10:15:45 [INFO] 执行成功，已经写入 dws_arena_preAndpost_analysis
2026-04-10 10:15:45 [INFO] EASON CHAN FEAR and DREAMS WORLD TOUR IN MACAU (FINALE)_2025-08-02 已执行完成删除 dws_arena_preAndpost_analysis 的数据
2026-04-10 10:15:45 [INFO] 执行成功，已经写入 dws_arena_preAndpost_analysis
2026-04-10 10:15:45 [INFO] EASON CHAN FEAR and DREAMS WORLD TOUR IN MACAU (FINALE)_2025-08-03 已执行完成删除 dws_arena_preAndpost_analysis 的数据
2026-04-10 10:15:46 [INFO] 执行成功，已经写入 dws_arena_preAndpost_analysis
2026-04-10 10:15:46 [INFO] Eason Chan?FEAR and DREAMS: NOW is the only reality?Documentary Premiere and Sharing Event_2025-08-05 已执行完成删除 dws_arena_preAndpost_analysis 的数据
2026-04-10 10:15:46 [INFO] 执行成功，已经写入 dws_arena_preAndpost_analysis
2026-04-10 10:15:46 [INFO] Eason Chan?FEAR and DREAMS: NOW is the only reality?Documentary Premiere and Sharing Event_2025-08-06 已执行完成删除 dws_arena_preAndpost_analysis 的数据
2026-04-10 10:15:46 [INFO] 执行成功，已经写入 dws_arena_preAndpost_analysis
2026-04-10 10:15:46 [INFO] EASON CHAN FEAR and DREAMS WORLD TOUR IN MACAU (FINALE)_2025-08-08 已执行完成删除 dws_arena_preAndpost_analysis 的数据
2026-04-10 10:15:46 [INFO] 执行成功，已经写入 dws_arena_preAndpost_analysis
2026-04-10 10:15:47 [INFO] Treasure Dinner_2025-08-08 已执行完成删除 dws_arena_preAndpost_analysis 的数据
2026-04-10 10:15:47 [INFO] 执行成功，已经写入 dws_arena_preAndpost_analysis
2026-04-10 10:15:47 [INFO] Treasure Dinner_2025-08-09 已执行完成删除 dws_arena_preAndpost_analysis 的数据
2026-04-10 10:15:47 [INFO] 执行成功，已经写入 dws_arena_preAndpost_analysis
2026-04-10 10:15:47 [INFO] EASON CHAN FEAR and DREAMS WORLD TOUR IN MACAU (FINALE)_2025-08-09 已执行完成删除 dws_arena_preAndpost_analysis 的数据
2026-04-10 10:15:47 [INFO] 执行成功，已经写入 dws_arena_preAndpost_analysis
2026-04-10 10:15:47 [INFO] EASON CHAN FEAR and DREAMS WORLD TOUR IN MACAU (FINALE)_2025-08-10 已执行完成删除 dws_arena_preAndpost_analysis 的数据
2026-04-10 10:15:48 [INFO] 执行成功，已经写入 dws_arena_preAndpost_analysis
2026-04-10 10:15:48 [INFO] TMEA_2025-08-22 已执行完成删除 dws_arena_preAndpost_analysis 的数据
2026-04-10 10:15:48 [INFO] 执行成功，已经写入 dws_arena_preAndpost_analysis
2026-04-10 10:15:48 [INFO] TMEA_2025-08-23 已执行完成删除 dws_arena_preAndpost_analysis 的数据
2026-04-10 10:15:48 [INFO] 执行成功，已经写入 dws_arena_preAndpost_analysis
2026-04-10 10:15:48 [INFO] TMEA_2025-08-24 已执行完成删除 dws_arena_preAndpost_analysis 的数据
2026-04-10 10:15:49 [INFO] 执行成功，已经写入 dws_arena_preAndpost_analysis
2026-04-10 10:15:49 [INFO] BAEKHYUN WORLD TO UR<Reverie>in Macau_2025-08-30 已执行完成删除 dws_arena_preAndpost_analysis 的数据
2026-04-10 10:15:49 [INFO] 执行成功，已经写入 dws_arena_preAndpost_analysis
2026-04-10 10:15:49 [INFO] BAEKHYUN WORLD TO UR<Reverie>in Macau_2025-08-31 已执行完成删除 dws_arena_preAndpost_analysis 的数据
2026-04-10 10:15:49 [INFO] 执行成功，已经写入 dws_arena_preAndpost_analysis
2026-04-10 10:15:49 [INFO] Ultra Global Conference_2025-09-03 已执行完成删除 dws_arena_preAndpost_analysis 的数据
2026-04-10 10:15:50 [INFO] 执行成功，已经写入 dws_arena_preAndpost_analysis
2026-04-10 10:15:50 [INFO] Ultra Global Conference_2025-09-04 已执行完成删除 dws_arena_preAndpost_analysis 的数据
2026-04-10 10:15:50 [INFO] 执行成功，已经写入 dws_arena_preAndpost_analysis
2026-04-10 10:15:50 [INFO] Ultra Global Conference_2025-09-05 已执行完成删除 dws_arena_preAndpost_analysis 的数据
2026-04-10 10:15:50 [INFO] 执行成功，已经写入 dws_arena_preAndpost_analysis
2026-04-10 10:15:50 [INFO] Ultra Global Conference_2025-09-06 已执行完成删除 dws_arena_preAndpost_analysis 的数据
2026-04-10 10:15:50 [INFO] 执行成功，已经写入 dws_arena_preAndpost_analysis
2026-04-10 10:15:50 [INFO] Dear Jane_2025-09-13 已执行完成删除 dws_arena_preAndpost_analysis 的数据
2026-04-10 10:15:51 [INFO] 执行成功，已经写入 dws_arena_preAndpost_analysis
2026-04-10 10:15:51 [INFO] IP concert_2025-09-28 已执行完成删除 dws_arena_preAndpost_analysis 的数据
2026-04-10 10:15:51 [INFO] 执行成功，已经写入 dws_arena_preAndpost_analysis
2026-04-10 10:15:51 [INFO] 2025 LUHAN SEASON4 ASIA TOUR IN MACAU_2025-10-04 已执行完成删除 dws_arena_preAndpost_analysis 的数据
2026-04-10 10:15:51 [INFO] 执行成功，已经写入 dws_arena_preAndpost_analysis
2026-04-10 10:15:51 [INFO] MAGICMAN 2 WORLD TOUR 2025-2026 in Macau Presented by Galaxy Macau™(Jackson Wang)_2025-10-11 已执行完成删除 dws_arena_preAndpost_analysis 的数据
2026-04-10 10:15:52 [INFO] 执行成功，已经写入 dws_arena_preAndpost_analysis
2026-04-10 10:15:52 [INFO] MAGICMAN 2 WORLD TOUR 2025-2026 in Macau Presented by Galaxy Macau™(Jackson Wang)_2025-10-12 已执行完成删除 dws_arena_preAndpost_analysis 的数据
2026-04-10 10:15:52 [INFO] 执行成功，已经写入 dws_arena_preAndpost_analysis
2026-04-10 10:15:52 [INFO] Doterra Convention_2025-10-15 已执行完成删除 dws_arena_preAndpost_analysis 的数据
2026-04-10 10:15:52 [INFO] 执行成功，已经写入 dws_arena_preAndpost_analysis
2026-04-10 10:15:52 [INFO] Doterra Convention_2025-10-16 已执行完成删除 dws_arena_preAndpost_analysis 的数据
2026-04-10 10:15:52 [INFO] 执行成功，已经写入 dws_arena_preAndpost_analysis
2026-04-10 10:15:52 [INFO] Doterra Convention_2025-10-17 已执行完成删除 dws_arena_preAndpost_analysis 的数据
2026-04-10 10:15:53 [INFO] 执行成功，已经写入 dws_arena_preAndpost_analysis
2026-04-10 10:15:53 [INFO] National Games_2025-11-09 已执行完成删除 dws_arena_preAndpost_analysis 的数据
2026-04-10 10:15:53 [INFO] 执行成功，已经写入 dws_arena_preAndpost_analysis
2026-04-10 10:15:53 [INFO] National Games_2025-11-10 已执行完成删除 dws_arena_preAndpost_analysis 的数据
2026-04-10 10:15:53 [INFO] 执行成功，已经写入 dws_arena_preAndpost_analysis
2026-04-10 10:15:53 [INFO] National Games_2025-11-11 已执行完成删除 dws_arena_preAndpost_analysis 的数据
2026-04-10 10:15:54 [INFO] 执行成功，已经写入 dws_arena_preAndpost_analysis
2026-04-10 10:15:54 [INFO] National Games_2025-11-12 已执行完成删除 dws_arena_preAndpost_analysis 的数据
2026-04-10 10:15:54 [INFO] 执行成功，已经写入 dws_arena_preAndpost_analysis
2026-04-10 10:15:54 [INFO] National Games_2025-11-13 已执行完成删除 dws_arena_preAndpost_analysis 的数据
2026-04-10 10:15:54 [INFO] 执行成功，已经写入 dws_arena_preAndpost_analysis
2026-04-10 10:15:54 [INFO] National Games_2025-11-14 已执行完成删除 dws_arena_preAndpost_analysis 的数据
2026-04-10 10:15:54 [INFO] 执行成功，已经写入 dws_arena_preAndpost_analysis
2026-04-10 10:15:55 [INFO] National Games_2025-11-15 已执行完成删除 dws_arena_preAndpost_analysis 的数据
2026-04-10 10:15:55 [INFO] 执行成功，已经写入 dws_arena_preAndpost_analysis
2026-04-10 10:15:55 [INFO] National Games_2025-11-16 已执行完成删除 dws_arena_preAndpost_analysis 的数据
2026-04-10 10:15:55 [INFO] 执行成功，已经写入 dws_arena_preAndpost_analysis
2026-04-10 10:15:55 [INFO] National Games_2025-11-17 已执行完成删除 dws_arena_preAndpost_analysis 的数据
2026-04-10 10:15:55 [INFO] 执行成功，已经写入 dws_arena_preAndpost_analysis
2026-04-10 10:15:55 [INFO] National Games_2025-11-18 已执行完成删除 dws_arena_preAndpost_analysis 的数据
2026-04-10 10:15:56 [INFO] 执行成功，已经写入 dws_arena_preAndpost_analysis
2026-04-10 10:15:56 [INFO] National Games_2025-11-19 已执行完成删除 dws_arena_preAndpost_analysis 的数据
2026-04-10 10:15:56 [INFO] 执行成功，已经写入 dws_arena_preAndpost_analysis
2026-04-10 10:15:56 [INFO] National Games_2025-11-20 已执行完成删除 dws_arena_preAndpost_analysis 的数据
2026-04-10 10:15:56 [INFO] 执行成功，已经写入 dws_arena_preAndpost_analysis
2026-04-10 10:15:56 [INFO] National Games_2025-11-21 已执行完成删除 dws_arena_preAndpost_analysis 的数据
2026-04-10 10:15:57 [INFO] 执行成功，已经写入 dws_arena_preAndpost_analysis
2026-04-10 10:15:57 [INFO] MC Cheung Tin Fu #Project 1201 Live in Macau_2025-11-29 已执行完成删除 dws_arena_preAndpost_analysis 的数据
2026-04-10 10:15:57 [INFO] 执行成功，已经写入 dws_arena_preAndpost_analysis
2026-04-10 10:15:57 [INFO] iQIYI screaming night_2025-12-06 已执行完成删除 dws_arena_preAndpost_analysis 的数据
2026-04-10 10:15:57 [INFO] 执行成功，已经写入 dws_arena_preAndpost_analysis
2026-04-10 10:15:57 [INFO] JSTV countdown show_2025-12-31 已执行完成删除 dws_arena_preAndpost_analysis 的数据
2026-04-10 10:15:58 [INFO] 执行成功，已经写入 dws_arena_preAndpost_analysis
2026-04-10 10:15:58 [INFO] JSTV "Crush of Music" Music Festival_2026-01-02 已执行完成删除 dws_arena_preAndpost_analysis 的数据
2026-04-10 10:15:58 [INFO] 执行成功，已经写入 dws_arena_preAndpost_analysis
2026-04-10 10:15:58 [INFO] SUPER JUNIOR 20th Anniversary Tour <SUPER SHOW 10> in MACAU_2026-01-09 已执行完成删除 dws_arena_preAndpost_analysis 的数据
2026-04-10 10:15:58 [INFO] 执行成功，已经写入 dws_arena_preAndpost_analysis
2026-04-10 10:15:58 [INFO] SUPER JUNIOR 20th Anniversary TOUR <SUPER SHOW 10> In Macau_2026-01-10 已执行完成删除 dws_arena_preAndpost_analysis 的数据
2026-04-10 10:15:59 [INFO] 执行成功，已经写入 dws_arena_preAndpost_analysis
2026-04-10 10:15:59 [INFO] SUPER JUNIOR 20th Anniversary Tour <SUPER SHOW 10> in MACAU_2026-01-11 已执行完成删除 dws_arena_preAndpost_analysis 的数据
2026-04-10 10:15:59 [INFO] 执行成功，已经写入 dws_arena_preAndpost_analysis
2026-04-10 10:15:59 [INFO] Dylan Wang_2026-01-17 已执行完成删除 dws_arena_preAndpost_analysis 的数据
2026-04-10 10:15:59 [INFO] 执行成功，已经写入 dws_arena_preAndpost_analysis
2026-04-10 10:16:00 [INFO] Jordan Chan's “Five Faces In Life” Live Tour 2025-2026 in Macau_2026-01-24 已执行完成删除 dws_arena_preAndpost_analysis 的数据
2026-04-10 10:16:00 [INFO] 执行成功，已经写入 dws_arena_preAndpost_analysis
2026-04-10 10:16:00 [INFO] Chinese Boy Band Concert_2026-01-31 已执行完成删除 dws_arena_preAndpost_analysis 的数据
2026-04-10 10:16:00 [INFO] 执行成功，已经写入 dws_arena_preAndpost_analysis
2026-04-10 10:16:00 [INFO] Chinese Boy Band Concert_2026-02-01 已执行完成删除 dws_arena_preAndpost_analysis 的数据
2026-04-10 10:16:01 [INFO] 执行成功，已经写入 dws_arena_preAndpost_analysis
2026-04-10 10:16:01 [INFO] RIIZE CONCERT TOUR_2026-02-07 已执行完成删除 dws_arena_preAndpost_analysis 的数据
2026-04-10 10:16:01 [INFO] 执行成功，已经写入 dws_arena_preAndpost_analysis
2026-04-10 10:16:01 [INFO] RIIZE CONCERT TOUR_2026-02-08 已执行完成删除 dws_arena_preAndpost_analysis 的数据
2026-04-10 10:16:01 [INFO] 执行成功，已经写入 dws_arena_preAndpost_analysis
2026-04-10 10:16:01 [INFO] 田震 Tian Zhen_2026-02-19 已执行完成删除 dws_arena_preAndpost_analysis 的数据
2026-04-10 10:16:02 [INFO] 执行成功，已经写入 dws_arena_preAndpost_analysis
2026-04-10 10:16:02 [INFO] Jimmy O Yang new year show_2026-02-21 已执行完成删除 dws_arena_preAndpost_analysis 的数据
2026-04-10 10:16:02 [INFO] 执行成功，已经写入 dws_arena_preAndpost_analysis
2026-04-10 10:16:02 [INFO] Jimmy O Yang new year Show (TBC)_2026-02-22 已执行完成删除 dws_arena_preAndpost_analysis 的数据
2026-04-10 10:16:02 [INFO] 执行成功，已经写入 dws_arena_preAndpost_analysis
2026-04-10 10:16:02 [INFO] Silence Wang 2026 “Rise of Romance” World Tour – Macau_2026-02-27 已执行完成删除 dws_arena_preAndpost_analysis 的数据
2026-04-10 10:16:03 [INFO] 执行成功，已经写入 dws_arena_preAndpost_analysis
2026-04-10 10:16:03 [INFO] Silence Wang Concert_2026-02-28 已执行完成删除 dws_arena_preAndpost_analysis 的数据
2026-04-10 10:16:03 [INFO] 执行成功，已经写入 dws_arena_preAndpost_analysis
2026-04-10 10:16:03 [INFO] Silence Wang Concert_2026-03-01 已执行完成删除 dws_arena_preAndpost_analysis 的数据
2026-04-10 10:16:04 [INFO] 执行成功，已经写入 dws_arena_preAndpost_analysis
2026-04-10 10:16:04 [INFO] 2025–26 aespa LIVE TOUR – SYNK: aeXIS LINE – in MACAU_2026-03-07 已执行完成删除 dws_arena_preAndpost_analysis 的数据
2026-04-10 10:16:04 [INFO] 执行成功，已经写入 dws_arena_preAndpost_analysis
2026-04-10 10:16:04 [INFO] 2025–26 aespa LIVE TOUR – SYNK: aeXIS LINE – in MACAU_2026-03-08 已执行完成删除 dws_arena_preAndpost_analysis 的数据
2026-04-10 10:16:05 [INFO] 执行成功，已经写入 dws_arena_preAndpost_analysis
2026-04-10 10:16:05 [INFO] Kpop_2026-03-14 已执行完成删除 dws_arena_preAndpost_analysis 的数据
2026-04-10 10:16:05 [INFO] 执行成功，已经写入 dws_arena_preAndpost_analysis
2026-04-10 10:16:05 [INFO] HK Female Singer_2026-03-21 已执行完成删除 dws_arena_preAndpost_analysis 的数据
2026-04-10 10:16:05 [INFO] 执行成功，已经写入 dws_arena_preAndpost_analysis
2026-04-10 10:16:05 [INFO] ITTF 2026_2026-03-30 已执行完成删除 dws_arena_preAndpost_analysis 的数据
2026-04-10 10:16:06 [INFO] 执行成功，已经写入 dws_arena_preAndpost_analysis
2026-04-10 10:16:06 [INFO] ITTF 2026_2026-03-31 已执行完成删除 dws_arena_preAndpost_analysis 的数据
2026-04-10 10:16:06 [INFO] 执行成功，已经写入 dws_arena_preAndpost_analysis
2026-04-10 10:16:06 [INFO] ITTF 2026_2026-04-01 已执行完成删除 dws_arena_preAndpost_analysis 的数据
2026-04-10 10:16:06 [INFO] 执行成功，已经写入 dws_arena_preAndpost_analysis
2026-04-10 10:16:06 [INFO] ITTF 2026_2026-04-02 已执行完成删除 dws_arena_preAndpost_analysis 的数据
2026-04-10 10:16:07 [INFO] 执行成功，已经写入 dws_arena_preAndpost_analysis
2026-04-10 10:16:07 [INFO] ITTF 2026_2026-04-03 已执行完成删除 dws_arena_preAndpost_analysis 的数据
2026-04-10 10:16:07 [INFO] 执行成功，已经写入 dws_arena_preAndpost_analysis
2026-04-10 10:16:07 [INFO] ITTF 2026_2026-04-04 已执行完成删除 dws_arena_preAndpost_analysis 的数据
2026-04-10 10:16:07 [INFO] 执行成功，已经写入 dws_arena_preAndpost_analysis
2026-04-10 10:16:07 [INFO] ITTF 2026_2026-04-05 已执行完成删除 dws_arena_preAndpost_analysis 的数据
2026-04-10 10:16:08 [INFO] 执行成功，已经写入 dws_arena_preAndpost_analysis
2026-04-14 15:44:05 [INFO] ITTF Men’s and Women’s World Cup Macao 2025 presented by Galaxy Entertainment Group - World Cup Second Classroom_2025-04-16 已执行完成删除 dws_arena_preAndpost_analysis 的数据
2026-04-14 15:44:06 [INFO] 执行成功，已经写入 dws_arena_preAndpost_analysis
2026-04-14 15:44:06 [INFO] SHOW LO 30 World Tour Concert in Macau_2025-05-31 已执行完成删除 dws_arena_preAndpost_analysis 的数据
2026-04-14 15:44:06 [INFO] 执行成功，已经写入 dws_arena_preAndpost_analysis
2026-04-14 15:44:06 [INFO] Korean Pop Show: G Dragon_2025-06-06 已执行完成删除 dws_arena_preAndpost_analysis 的数据
2026-04-14 15:44:06 [INFO] 执行成功，已经写入 dws_arena_preAndpost_analysis
2026-04-14 15:44:07 [INFO] Korean Pop Show: G Dragon_2025-06-07 已执行完成删除 dws_arena_preAndpost_analysis 的数据
2026-04-14 15:44:07 [INFO] 执行成功，已经写入 dws_arena_preAndpost_analysis
2026-04-14 15:44:07 [INFO] Korean Pop Show: G Dragon_2025-06-08 已执行完成删除 dws_arena_preAndpost_analysis 的数据
2026-04-14 15:44:07 [INFO] 执行成功，已经写入 dws_arena_preAndpost_analysis
2026-04-14 15:44:07 [INFO] Galaxy Macau™ Presents FWD Insurance Title Sponsor - Jacky Cheung 60+ Concert Tour Macao_2025-06-20 已执行完成删除 dws_arena_preAndpost_analysis 的数据
2026-04-14 15:44:07 [INFO] 执行成功，已经写入 dws_arena_preAndpost_analysis
2026-04-14 15:44:07 [INFO] Galaxy Macau™ Presents FWD Insurance Title Sponsor - Jacky Cheung 60+ Concert Tour Macao_2025-06-21 已执行完成删除 dws_arena_preAndpost_analysis 的数据
2026-04-14 15:44:08 [INFO] 执行成功，已经写入 dws_arena_preAndpost_analysis
2026-04-14 15:44:08 [INFO] Galaxy Macau™ Presents FWD Insurance Title Sponsor - Jacky Cheung 60+ Concert Tour Macao_2025-06-22 已执行完成删除 dws_arena_preAndpost_analysis 的数据
2026-04-14 15:44:08 [INFO] 执行成功，已经写入 dws_arena_preAndpost_analysis
2026-04-14 15:44:08 [INFO] Galaxy Macau™ Presents FWD Insurance Title Sponsor - Jacky Cheung 60+ Concert Tour Macao_2025-06-27 已执行完成删除 dws_arena_preAndpost_analysis 的数据
2026-04-14 15:44:08 [INFO] 执行成功，已经写入 dws_arena_preAndpost_analysis
2026-04-14 15:44:08 [INFO] Galaxy Macau™ Presents FWD Insurance Title Sponsor - Jacky Cheung 60+ Concert Tour Macao_2025-06-28 已执行完成删除 dws_arena_preAndpost_analysis 的数据
2026-04-14 15:44:09 [INFO] 执行成功，已经写入 dws_arena_preAndpost_analysis
2026-04-14 15:44:09 [INFO] Galaxy Macau™ Presents FWD Insurance Title Sponsor - Jacky Cheung 60+ Concert Tour Macao_2025-06-29 已执行完成删除 dws_arena_preAndpost_analysis 的数据
2026-04-14 15:44:09 [INFO] 执行成功，已经写入 dws_arena_preAndpost_analysis
2026-04-14 15:44:09 [INFO] Galaxy Macau™ Presents FWD Insurance Title Sponsor - Jacky Cheung 60+ Concert Tour Macao_2025-07-04 已执行完成删除 dws_arena_preAndpost_analysis 的数据
2026-04-14 15:44:09 [INFO] 执行成功，已经写入 dws_arena_preAndpost_analysis
2026-04-14 15:44:09 [INFO] Galaxy Macau™ Presents FWD Insurance Title Sponsor - Jacky Cheung 60+ Concert Tour Macao_2025-07-05 已执行完成删除 dws_arena_preAndpost_analysis 的数据
2026-04-14 15:44:10 [INFO] 执行成功，已经写入 dws_arena_preAndpost_analysis
2026-04-14 15:44:10 [INFO] TF Family Summer Games_2025-07-12 已执行完成删除 dws_arena_preAndpost_analysis 的数据
2026-04-14 15:44:10 [INFO] 执行成功，已经写入 dws_arena_preAndpost_analysis
2026-04-14 15:44:10 [INFO] TF Family Summer Games_2025-07-13 已执行完成删除 dws_arena_preAndpost_analysis 的数据
2026-04-14 15:44:10 [INFO] 执行成功，已经写入 dws_arena_preAndpost_analysis
2026-04-14 15:44:10 [INFO] IAN CHAN "TEARS" IN MY SIGHT SOLO CONCERT TOUR 2025 – MACAU_2025-07-18 已执行完成删除 dws_arena_preAndpost_analysis 的数据
2026-04-14 15:44:11 [INFO] 执行成功，已经写入 dws_arena_preAndpost_analysis
2026-04-14 15:44:11 [INFO] EASON CHAN FEAR and DREAMS WORLD TOUR IN MACAU (FINALE)_2025-08-01 已执行完成删除 dws_arena_preAndpost_analysis 的数据
2026-04-14 15:44:11 [INFO] 执行成功，已经写入 dws_arena_preAndpost_analysis
2026-04-14 15:44:11 [INFO] EASON CHAN FEAR and DREAMS WORLD TOUR IN MACAU (FINALE)_2025-08-02 已执行完成删除 dws_arena_preAndpost_analysis 的数据
2026-04-14 15:44:11 [INFO] 执行成功，已经写入 dws_arena_preAndpost_analysis
2026-04-14 15:44:11 [INFO] EASON CHAN FEAR and DREAMS WORLD TOUR IN MACAU (FINALE)_2025-08-03 已执行完成删除 dws_arena_preAndpost_analysis 的数据
2026-04-14 15:44:12 [INFO] 执行成功，已经写入 dws_arena_preAndpost_analysis
2026-04-14 15:44:12 [INFO] Eason Chan?FEAR and DREAMS: NOW is the only reality?Documentary Premiere and Sharing Event_2025-08-05 已执行完成删除 dws_arena_preAndpost_analysis 的数据
2026-04-14 15:44:12 [INFO] 执行成功，已经写入 dws_arena_preAndpost_analysis
2026-04-14 15:44:12 [INFO] Eason Chan?FEAR and DREAMS: NOW is the only reality?Documentary Premiere and Sharing Event_2025-08-06 已执行完成删除 dws_arena_preAndpost_analysis 的数据
2026-04-14 15:44:12 [INFO] 执行成功，已经写入 dws_arena_preAndpost_analysis
2026-04-14 15:44:12 [INFO] EASON CHAN FEAR and DREAMS WORLD TOUR IN MACAU (FINALE)_2025-08-08 已执行完成删除 dws_arena_preAndpost_analysis 的数据
2026-04-14 15:44:13 [INFO] 执行成功，已经写入 dws_arena_preAndpost_analysis
2026-04-14 15:44:13 [INFO] Treasure Dinner_2025-08-08 已执行完成删除 dws_arena_preAndpost_analysis 的数据
2026-04-14 15:44:13 [INFO] 执行成功，已经写入 dws_arena_preAndpost_analysis
2026-04-14 15:44:13 [INFO] Treasure Dinner_2025-08-09 已执行完成删除 dws_arena_preAndpost_analysis 的数据
2026-04-14 15:44:13 [INFO] 执行成功，已经写入 dws_arena_preAndpost_analysis
2026-04-14 15:44:13 [INFO] EASON CHAN FEAR and DREAMS WORLD TOUR IN MACAU (FINALE)_2025-08-09 已执行完成删除 dws_arena_preAndpost_analysis 的数据
2026-04-14 15:44:13 [INFO] 执行成功，已经写入 dws_arena_preAndpost_analysis
2026-04-14 15:44:13 [INFO] EASON CHAN FEAR and DREAMS WORLD TOUR IN MACAU (FINALE)_2025-08-10 已执行完成删除 dws_arena_preAndpost_analysis 的数据
2026-04-14 15:44:14 [INFO] 执行成功，已经写入 dws_arena_preAndpost_analysis
2026-04-14 15:44:14 [INFO] TMEA_2025-08-22 已执行完成删除 dws_arena_preAndpost_analysis 的数据
2026-04-14 15:44:14 [INFO] 执行成功，已经写入 dws_arena_preAndpost_analysis
2026-04-14 15:44:14 [INFO] TMEA_2025-08-23 已执行完成删除 dws_arena_preAndpost_analysis 的数据
2026-04-14 15:44:14 [INFO] 执行成功，已经写入 dws_arena_preAndpost_analysis
2026-04-14 15:44:14 [INFO] TMEA_2025-08-24 已执行完成删除 dws_arena_preAndpost_analysis 的数据
2026-04-14 15:44:15 [INFO] 执行成功，已经写入 dws_arena_preAndpost_analysis
2026-04-14 15:44:15 [INFO] BAEKHYUN WORLD TO UR<Reverie>in Macau_2025-08-30 已执行完成删除 dws_arena_preAndpost_analysis 的数据
2026-04-14 15:44:15 [INFO] 执行成功，已经写入 dws_arena_preAndpost_analysis
2026-04-14 15:44:15 [INFO] BAEKHYUN WORLD TO UR<Reverie>in Macau_2025-08-31 已执行完成删除 dws_arena_preAndpost_analysis 的数据
2026-04-14 15:44:15 [INFO] 执行成功，已经写入 dws_arena_preAndpost_analysis
2026-04-14 15:44:16 [INFO] Ultra Global Conference_2025-09-03 已执行完成删除 dws_arena_preAndpost_analysis 的数据
2026-04-14 15:44:16 [INFO] 执行成功，已经写入 dws_arena_preAndpost_analysis
2026-04-14 15:44:16 [INFO] Ultra Global Conference_2025-09-04 已执行完成删除 dws_arena_preAndpost_analysis 的数据
2026-04-14 15:44:16 [INFO] 执行成功，已经写入 dws_arena_preAndpost_analysis
2026-04-14 15:44:16 [INFO] Ultra Global Conference_2025-09-05 已执行完成删除 dws_arena_preAndpost_analysis 的数据
2026-04-14 15:44:16 [INFO] 执行成功，已经写入 dws_arena_preAndpost_analysis
2026-04-14 15:44:16 [INFO] Ultra Global Conference_2025-09-06 已执行完成删除 dws_arena_preAndpost_analysis 的数据
2026-04-14 15:44:17 [INFO] 执行成功，已经写入 dws_arena_preAndpost_analysis
2026-04-14 15:44:17 [INFO] Dear Jane_2025-09-13 已执行完成删除 dws_arena_preAndpost_analysis 的数据
2026-04-14 15:44:17 [INFO] 执行成功，已经写入 dws_arena_preAndpost_analysis
2026-04-14 15:44:17 [INFO] IP concert_2025-09-28 已执行完成删除 dws_arena_preAndpost_analysis 的数据
2026-04-14 15:44:17 [INFO] 执行成功，已经写入 dws_arena_preAndpost_analysis
2026-04-14 15:44:17 [INFO] 2025 LUHAN SEASON4 ASIA TOUR IN MACAU_2025-10-04 已执行完成删除 dws_arena_preAndpost_analysis 的数据
2026-04-14 15:44:18 [INFO] 执行成功，已经写入 dws_arena_preAndpost_analysis
2026-04-14 15:44:18 [INFO] MAGICMAN 2 WORLD TOUR 2025-2026 in Macau Presented by Galaxy Macau™(Jackson Wang)_2025-10-11 已执行完成删除 dws_arena_preAndpost_analysis 的数据
2026-04-14 15:44:18 [INFO] 执行成功，已经写入 dws_arena_preAndpost_analysis
2026-04-14 15:44:18 [INFO] MAGICMAN 2 WORLD TOUR 2025-2026 in Macau Presented by Galaxy Macau™(Jackson Wang)_2025-10-12 已执行完成删除 dws_arena_preAndpost_analysis 的数据
2026-04-14 15:44:18 [INFO] 执行成功，已经写入 dws_arena_preAndpost_analysis
2026-04-14 15:44:18 [INFO] Doterra Convention_2025-10-15 已执行完成删除 dws_arena_preAndpost_analysis 的数据
2026-04-14 15:44:19 [INFO] 执行成功，已经写入 dws_arena_preAndpost_analysis
2026-04-14 15:44:19 [INFO] Doterra Convention_2025-10-16 已执行完成删除 dws_arena_preAndpost_analysis 的数据
2026-04-14 15:44:19 [INFO] 执行成功，已经写入 dws_arena_preAndpost_analysis
2026-04-14 15:44:19 [INFO] Doterra Convention_2025-10-17 已执行完成删除 dws_arena_preAndpost_analysis 的数据
2026-04-14 15:44:19 [INFO] 执行成功，已经写入 dws_arena_preAndpost_analysis
2026-04-14 15:44:19 [INFO] National Games_2025-11-09 已执行完成删除 dws_arena_preAndpost_analysis 的数据
2026-04-14 15:44:20 [INFO] 执行成功，已经写入 dws_arena_preAndpost_analysis
2026-04-14 15:44:20 [INFO] National Games_2025-11-10 已执行完成删除 dws_arena_preAndpost_analysis 的数据
2026-04-14 15:44:20 [INFO] 执行成功，已经写入 dws_arena_preAndpost_analysis
2026-04-14 15:44:20 [INFO] National Games_2025-11-11 已执行完成删除 dws_arena_preAndpost_analysis 的数据
2026-04-14 15:44:20 [INFO] 执行成功，已经写入 dws_arena_preAndpost_analysis
2026-04-14 15:44:20 [INFO] National Games_2025-11-12 已执行完成删除 dws_arena_preAndpost_analysis 的数据
2026-04-14 15:44:20 [INFO] 执行成功，已经写入 dws_arena_preAndpost_analysis
2026-04-14 15:44:21 [INFO] National Games_2025-11-13 已执行完成删除 dws_arena_preAndpost_analysis 的数据
2026-04-14 15:44:21 [INFO] 执行成功，已经写入 dws_arena_preAndpost_analysis
2026-04-14 15:44:21 [INFO] National Games_2025-11-14 已执行完成删除 dws_arena_preAndpost_analysis 的数据
2026-04-14 15:44:21 [INFO] 执行成功，已经写入 dws_arena_preAndpost_analysis
2026-04-14 15:44:21 [INFO] National Games_2025-11-15 已执行完成删除 dws_arena_preAndpost_analysis 的数据
2026-04-14 15:44:21 [INFO] 执行成功，已经写入 dws_arena_preAndpost_analysis
2026-04-14 15:44:21 [INFO] National Games_2025-11-16 已执行完成删除 dws_arena_preAndpost_analysis 的数据
2026-04-14 15:44:22 [INFO] 执行成功，已经写入 dws_arena_preAndpost_analysis
2026-04-14 15:44:22 [INFO] National Games_2025-11-17 已执行完成删除 dws_arena_preAndpost_analysis 的数据
2026-04-14 15:44:22 [INFO] 执行成功，已经写入 dws_arena_preAndpost_analysis
2026-04-14 15:44:22 [INFO] National Games_2025-11-18 已执行完成删除 dws_arena_preAndpost_analysis 的数据
2026-04-14 15:44:22 [INFO] 执行成功，已经写入 dws_arena_preAndpost_analysis
2026-04-14 15:44:22 [INFO] National Games_2025-11-19 已执行完成删除 dws_arena_preAndpost_analysis 的数据
2026-04-14 15:44:23 [INFO] 执行成功，已经写入 dws_arena_preAndpost_analysis
2026-04-14 15:44:23 [INFO] National Games_2025-11-20 已执行完成删除 dws_arena_preAndpost_analysis 的数据
2026-04-14 15:44:23 [INFO] 执行成功，已经写入 dws_arena_preAndpost_analysis
2026-04-14 15:44:23 [INFO] National Games_2025-11-21 已执行完成删除 dws_arena_preAndpost_analysis 的数据
2026-04-14 15:44:23 [INFO] 执行成功，已经写入 dws_arena_preAndpost_analysis
2026-04-14 15:44:23 [INFO] MC Cheung Tin Fu #Project 1201 Live in Macau_2025-11-29 已执行完成删除 dws_arena_preAndpost_analysis 的数据
2026-04-14 15:44:24 [INFO] 执行成功，已经写入 dws_arena_preAndpost_analysis
2026-04-14 15:44:24 [INFO] iQIYI screaming night_2025-12-06 已执行完成删除 dws_arena_preAndpost_analysis 的数据
2026-04-14 15:44:24 [INFO] 执行成功，已经写入 dws_arena_preAndpost_analysis
2026-04-14 15:44:24 [INFO] JSTV countdown show_2025-12-31 已执行完成删除 dws_arena_preAndpost_analysis 的数据
2026-04-14 15:44:24 [INFO] 执行成功，已经写入 dws_arena_preAndpost_analysis
2026-04-14 15:44:24 [INFO] JSTV "Crush of Music" Music Festival_2026-01-02 已执行完成删除 dws_arena_preAndpost_analysis 的数据
2026-04-14 15:44:25 [INFO] 执行成功，已经写入 dws_arena_preAndpost_analysis
2026-04-14 15:44:25 [INFO] SUPER JUNIOR 20th Anniversary Tour <SUPER SHOW 10> in MACAU_2026-01-09 已执行完成删除 dws_arena_preAndpost_analysis 的数据
2026-04-14 15:44:25 [INFO] 执行成功，已经写入 dws_arena_preAndpost_analysis
2026-04-14 15:44:25 [INFO] SUPER JUNIOR 20th Anniversary TOUR <SUPER SHOW 10> In Macau_2026-01-10 已执行完成删除 dws_arena_preAndpost_analysis 的数据
2026-04-14 15:44:25 [INFO] 执行成功，已经写入 dws_arena_preAndpost_analysis
2026-04-14 15:44:25 [INFO] SUPER JUNIOR 20th Anniversary Tour <SUPER SHOW 10> in MACAU_2026-01-11 已执行完成删除 dws_arena_preAndpost_analysis 的数据
2026-04-14 15:44:26 [INFO] 执行成功，已经写入 dws_arena_preAndpost_analysis
2026-04-14 15:44:26 [INFO] Dylan Wang_2026-01-17 已执行完成删除 dws_arena_preAndpost_analysis 的数据
2026-04-14 15:44:26 [INFO] 执行成功，已经写入 dws_arena_preAndpost_analysis
2026-04-14 15:44:26 [INFO] Jordan Chan's “Five Faces In Life” Live Tour 2025-2026 in Macau_2026-01-24 已执行完成删除 dws_arena_preAndpost_analysis 的数据
2026-04-14 15:44:27 [INFO] 执行成功，已经写入 dws_arena_preAndpost_analysis
2026-04-14 15:44:27 [INFO] Chinese Boy Band Concert_2026-01-31 已执行完成删除 dws_arena_preAndpost_analysis 的数据
2026-04-14 15:44:27 [INFO] 执行成功，已经写入 dws_arena_preAndpost_analysis
2026-04-14 15:44:27 [INFO] Chinese Boy Band Concert_2026-02-01 已执行完成删除 dws_arena_preAndpost_analysis 的数据
2026-04-14 15:44:27 [INFO] 执行成功，已经写入 dws_arena_preAndpost_analysis
2026-04-14 15:44:27 [INFO] RIIZE CONCERT TOUR_2026-02-07 已执行完成删除 dws_arena_preAndpost_analysis 的数据
2026-04-14 15:44:28 [INFO] 执行成功，已经写入 dws_arena_preAndpost_analysis
2026-04-14 15:44:28 [INFO] RIIZE CONCERT TOUR_2026-02-08 已执行完成删除 dws_arena_preAndpost_analysis 的数据
2026-04-14 15:44:28 [INFO] 执行成功，已经写入 dws_arena_preAndpost_analysis
2026-04-14 15:44:28 [INFO] 田震 Tian Zhen_2026-02-19 已执行完成删除 dws_arena_preAndpost_analysis 的数据
2026-04-14 15:44:29 [INFO] 执行成功，已经写入 dws_arena_preAndpost_analysis
2026-04-14 15:44:29 [INFO] Jimmy O Yang new year show_2026-02-21 已执行完成删除 dws_arena_preAndpost_analysis 的数据
2026-04-14 15:44:29 [INFO] 执行成功，已经写入 dws_arena_preAndpost_analysis
2026-04-14 15:44:29 [INFO] Jimmy O Yang new year Show (TBC)_2026-02-22 已执行完成删除 dws_arena_preAndpost_analysis 的数据
2026-04-14 15:44:29 [INFO] 执行成功，已经写入 dws_arena_preAndpost_analysis
2026-04-14 15:44:29 [INFO] Silence Wang 2026 “Rise of Romance” World Tour – Macau_2026-02-27 已执行完成删除 dws_arena_preAndpost_analysis 的数据
2026-04-14 15:44:30 [INFO] 执行成功，已经写入 dws_arena_preAndpost_analysis
2026-04-14 15:44:30 [INFO] Silence Wang Concert_2026-02-28 已执行完成删除 dws_arena_preAndpost_analysis 的数据
2026-04-14 15:44:30 [INFO] 执行成功，已经写入 dws_arena_preAndpost_analysis
2026-04-14 15:44:30 [INFO] Silence Wang Concert_2026-03-01 已执行完成删除 dws_arena_preAndpost_analysis 的数据
2026-04-14 15:44:31 [INFO] 执行成功，已经写入 dws_arena_preAndpost_analysis
2026-04-14 15:44:31 [INFO] 2025–26 aespa LIVE TOUR – SYNK: aeXIS LINE – in MACAU_2026-03-07 已执行完成删除 dws_arena_preAndpost_analysis 的数据
2026-04-14 15:44:31 [INFO] 执行成功，已经写入 dws_arena_preAndpost_analysis
2026-04-14 15:44:31 [INFO] 2025–26 aespa LIVE TOUR – SYNK: aeXIS LINE – in MACAU_2026-03-08 已执行完成删除 dws_arena_preAndpost_analysis 的数据
2026-04-14 15:44:31 [INFO] 执行成功，已经写入 dws_arena_preAndpost_analysis
2026-04-14 15:44:31 [INFO] Kpop_2026-03-14 已执行完成删除 dws_arena_preAndpost_analysis 的数据
2026-04-14 15:44:32 [INFO] 执行成功，已经写入 dws_arena_preAndpost_analysis
2026-04-14 15:44:32 [INFO] HK Female Singer_2026-03-21 已执行完成删除 dws_arena_preAndpost_analysis 的数据
2026-04-14 15:44:32 [INFO] 执行成功，已经写入 dws_arena_preAndpost_analysis
2026-04-14 15:44:32 [INFO] ITTF 2026_2026-03-30 已执行完成删除 dws_arena_preAndpost_analysis 的数据
2026-04-14 15:44:32 [INFO] 执行成功，已经写入 dws_arena_preAndpost_analysis
2026-04-14 15:44:33 [INFO] ITTF 2026_2026-03-31 已执行完成删除 dws_arena_preAndpost_analysis 的数据
2026-04-14 15:44:33 [INFO] 执行成功，已经写入 dws_arena_preAndpost_analysis
2026-04-14 15:44:33 [INFO] ITTF 2026_2026-04-01 已执行完成删除 dws_arena_preAndpost_analysis 的数据
2026-04-14 15:44:33 [INFO] 执行成功，已经写入 dws_arena_preAndpost_analysis
2026-04-14 15:44:33 [INFO] ITTF 2026_2026-04-02 已执行完成删除 dws_arena_preAndpost_analysis 的数据
2026-04-14 15:44:33 [INFO] 执行成功，已经写入 dws_arena_preAndpost_analysis
2026-04-14 15:44:33 [INFO] ITTF 2026_2026-04-03 已执行完成删除 dws_arena_preAndpost_analysis 的数据
2026-04-14 15:44:34 [INFO] 执行成功，已经写入 dws_arena_preAndpost_analysis
2026-04-14 15:44:34 [INFO] ITTF 2026_2026-04-04 已执行完成删除 dws_arena_preAndpost_analysis 的数据
2026-04-14 15:44:34 [INFO] 执行成功，已经写入 dws_arena_preAndpost_analysis
2026-04-14 15:44:34 [INFO] ITTF 2026_2026-04-05 已执行完成删除 dws_arena_preAndpost_analysis 的数据
2026-04-14 15:44:34 [INFO] 执行成功，已经写入 dws_arena_preAndpost_analysis
2026-04-14 15:44:53 [INFO] ITTF Men’s and Women’s World Cup Macao 2025 presented by Galaxy Entertainment Group - World Cup Second Classroom_2025-04-16 已执行完成删除 dws_arena_preAndpost_analysis 的数据
2026-04-14 15:44:53 [INFO] 执行成功，已经写入 dws_arena_preAndpost_analysis
2026-04-14 15:44:54 [INFO] SHOW LO 30 World Tour Concert in Macau_2025-05-31 已执行完成删除 dws_arena_preAndpost_analysis 的数据
2026-04-14 15:44:54 [INFO] 执行成功，已经写入 dws_arena_preAndpost_analysis
2026-04-14 15:44:54 [INFO] Korean Pop Show: G Dragon_2025-06-06 已执行完成删除 dws_arena_preAndpost_analysis 的数据
2026-04-14 15:44:54 [INFO] 执行成功，已经写入 dws_arena_preAndpost_analysis
2026-04-14 15:44:54 [INFO] Korean Pop Show: G Dragon_2025-06-07 已执行完成删除 dws_arena_preAndpost_analysis 的数据
2026-04-14 15:44:54 [INFO] 执行成功，已经写入 dws_arena_preAndpost_analysis
2026-04-14 15:44:55 [INFO] Korean Pop Show: G Dragon_2025-06-08 已执行完成删除 dws_arena_preAndpost_analysis 的数据
2026-04-14 15:44:55 [INFO] 执行成功，已经写入 dws_arena_preAndpost_analysis
2026-04-14 15:44:55 [INFO] Galaxy Macau™ Presents FWD Insurance Title Sponsor - Jacky Cheung 60+ Concert Tour Macao_2025-06-20 已执行完成删除 dws_arena_preAndpost_analysis 的数据
2026-04-14 15:44:55 [INFO] 执行成功，已经写入 dws_arena_preAndpost_analysis
2026-04-14 15:44:55 [INFO] Galaxy Macau™ Presents FWD Insurance Title Sponsor - Jacky Cheung 60+ Concert Tour Macao_2025-06-21 已执行完成删除 dws_arena_preAndpost_analysis 的数据
2026-04-14 15:44:55 [INFO] 执行成功，已经写入 dws_arena_preAndpost_analysis
2026-04-14 15:44:55 [INFO] Galaxy Macau™ Presents FWD Insurance Title Sponsor - Jacky Cheung 60+ Concert Tour Macao_2025-06-22 已执行完成删除 dws_arena_preAndpost_analysis 的数据
2026-04-14 15:44:56 [INFO] 执行成功，已经写入 dws_arena_preAndpost_analysis
2026-04-14 15:44:56 [INFO] Galaxy Macau™ Presents FWD Insurance Title Sponsor - Jacky Cheung 60+ Concert Tour Macao_2025-06-27 已执行完成删除 dws_arena_preAndpost_analysis 的数据
2026-04-14 15:44:56 [INFO] 执行成功，已经写入 dws_arena_preAndpost_analysis
2026-04-14 15:44:56 [INFO] Galaxy Macau™ Presents FWD Insurance Title Sponsor - Jacky Cheung 60+ Concert Tour Macao_2025-06-28 已执行完成删除 dws_arena_preAndpost_analysis 的数据
2026-04-14 15:44:56 [INFO] 执行成功，已经写入 dws_arena_preAndpost_analysis
2026-04-14 15:44:56 [INFO] Galaxy Macau™ Presents FWD Insurance Title Sponsor - Jacky Cheung 60+ Concert Tour Macao_2025-06-29 已执行完成删除 dws_arena_preAndpost_analysis 的数据
2026-04-14 15:44:57 [INFO] 执行成功，已经写入 dws_arena_preAndpost_analysis
2026-04-14 15:44:57 [INFO] Galaxy Macau™ Presents FWD Insurance Title Sponsor - Jacky Cheung 60+ Concert Tour Macao_2025-07-04 已执行完成删除 dws_arena_preAndpost_analysis 的数据
2026-04-14 15:44:57 [INFO] 执行成功，已经写入 dws_arena_preAndpost_analysis
2026-04-14 15:44:57 [INFO] Galaxy Macau™ Presents FWD Insurance Title Sponsor - Jacky Cheung 60+ Concert Tour Macao_2025-07-05 已执行完成删除 dws_arena_preAndpost_analysis 的数据
2026-04-14 15:44:57 [INFO] 执行成功，已经写入 dws_arena_preAndpost_analysis
2026-04-14 15:44:57 [INFO] TF Family Summer Games_2025-07-12 已执行完成删除 dws_arena_preAndpost_analysis 的数据
2026-04-14 15:44:58 [INFO] 执行成功，已经写入 dws_arena_preAndpost_analysis
2026-04-14 15:44:58 [INFO] TF Family Summer Games_2025-07-13 已执行完成删除 dws_arena_preAndpost_analysis 的数据
2026-04-14 15:44:58 [INFO] 执行成功，已经写入 dws_arena_preAndpost_analysis
2026-04-14 15:44:58 [INFO] IAN CHAN "TEARS" IN MY SIGHT SOLO CONCERT TOUR 2025 – MACAU_2025-07-18 已执行完成删除 dws_arena_preAndpost_analysis 的数据
2026-04-14 15:44:58 [INFO] 执行成功，已经写入 dws_arena_preAndpost_analysis
2026-04-14 15:44:58 [INFO] EASON CHAN FEAR and DREAMS WORLD TOUR IN MACAU (FINALE)_2025-08-01 已执行完成删除 dws_arena_preAndpost_analysis 的数据
2026-04-14 15:44:58 [INFO] 执行成功，已经写入 dws_arena_preAndpost_analysis
2026-04-14 15:44:59 [INFO] EASON CHAN FEAR and DREAMS WORLD TOUR IN MACAU (FINALE)_2025-08-02 已执行完成删除 dws_arena_preAndpost_analysis 的数据
2026-04-14 15:44:59 [INFO] 执行成功，已经写入 dws_arena_preAndpost_analysis
2026-04-14 15:44:59 [INFO] EASON CHAN FEAR and DREAMS WORLD TOUR IN MACAU (FINALE)_2025-08-03 已执行完成删除 dws_arena_preAndpost_analysis 的数据
2026-04-14 15:44:59 [INFO] 执行成功，已经写入 dws_arena_preAndpost_analysis
2026-04-14 15:44:59 [INFO] Eason Chan?FEAR and DREAMS: NOW is the only reality?Documentary Premiere and Sharing Event_2025-08-05 已执行完成删除 dws_arena_preAndpost_analysis 的数据
2026-04-14 15:44:59 [INFO] 执行成功，已经写入 dws_arena_preAndpost_analysis
2026-04-14 15:44:59 [INFO] Eason Chan?FEAR and DREAMS: NOW is the only reality?Documentary Premiere and Sharing Event_2025-08-06 已执行完成删除 dws_arena_preAndpost_analysis 的数据
2026-04-14 15:45:00 [INFO] 执行成功，已经写入 dws_arena_preAndpost_analysis
2026-04-14 15:45:00 [INFO] EASON CHAN FEAR and DREAMS WORLD TOUR IN MACAU (FINALE)_2025-08-08 已执行完成删除 dws_arena_preAndpost_analysis 的数据
2026-04-14 15:45:00 [INFO] 执行成功，已经写入 dws_arena_preAndpost_analysis
2026-04-14 15:45:00 [INFO] Treasure Dinner_2025-08-08 已执行完成删除 dws_arena_preAndpost_analysis 的数据
2026-04-14 15:45:00 [INFO] 执行成功，已经写入 dws_arena_preAndpost_analysis
2026-04-14 15:45:00 [INFO] Treasure Dinner_2025-08-09 已执行完成删除 dws_arena_preAndpost_analysis 的数据
2026-04-14 15:45:01 [INFO] 执行成功，已经写入 dws_arena_preAndpost_analysis
2026-04-14 15:45:01 [INFO] EASON CHAN FEAR and DREAMS WORLD TOUR IN MACAU (FINALE)_2025-08-09 已执行完成删除 dws_arena_preAndpost_analysis 的数据
2026-04-14 15:45:01 [INFO] 执行成功，已经写入 dws_arena_preAndpost_analysis
2026-04-14 15:45:01 [INFO] EASON CHAN FEAR and DREAMS WORLD TOUR IN MACAU (FINALE)_2025-08-10 已执行完成删除 dws_arena_preAndpost_analysis 的数据
2026-04-14 15:45:01 [INFO] 执行成功，已经写入 dws_arena_preAndpost_analysis
2026-04-14 15:45:01 [INFO] TMEA_2025-08-22 已执行完成删除 dws_arena_preAndpost_analysis 的数据
2026-04-14 15:45:02 [INFO] 执行成功，已经写入 dws_arena_preAndpost_analysis
2026-04-14 15:45:02 [INFO] TMEA_2025-08-23 已执行完成删除 dws_arena_preAndpost_analysis 的数据
2026-04-14 15:45:02 [INFO] 执行成功，已经写入 dws_arena_preAndpost_analysis
2026-04-14 15:45:02 [INFO] TMEA_2025-08-24 已执行完成删除 dws_arena_preAndpost_analysis 的数据
2026-04-14 15:45:02 [INFO] 执行成功，已经写入 dws_arena_preAndpost_analysis
2026-04-14 15:45:02 [INFO] BAEKHYUN WORLD TO UR<Reverie>in Macau_2025-08-30 已执行完成删除 dws_arena_preAndpost_analysis 的数据
2026-04-14 15:45:02 [INFO] 执行成功，已经写入 dws_arena_preAndpost_analysis
2026-04-14 15:45:03 [INFO] BAEKHYUN WORLD TO UR<Reverie>in Macau_2025-08-31 已执行完成删除 dws_arena_preAndpost_analysis 的数据
2026-04-14 15:45:03 [INFO] 执行成功，已经写入 dws_arena_preAndpost_analysis
2026-04-14 15:45:03 [INFO] Ultra Global Conference_2025-09-03 已执行完成删除 dws_arena_preAndpost_analysis 的数据
2026-04-14 15:45:03 [INFO] 执行成功，已经写入 dws_arena_preAndpost_analysis
2026-04-14 15:45:03 [INFO] Ultra Global Conference_2025-09-04 已执行完成删除 dws_arena_preAndpost_analysis 的数据
2026-04-14 15:45:03 [INFO] 执行成功，已经写入 dws_arena_preAndpost_analysis
2026-04-14 15:45:03 [INFO] Ultra Global Conference_2025-09-05 已执行完成删除 dws_arena_preAndpost_analysis 的数据
2026-04-14 15:45:04 [INFO] 执行成功，已经写入 dws_arena_preAndpost_analysis
2026-04-14 15:45:04 [INFO] Ultra Global Conference_2025-09-06 已执行完成删除 dws_arena_preAndpost_analysis 的数据
2026-04-14 15:45:04 [INFO] 执行成功，已经写入 dws_arena_preAndpost_analysis
2026-04-14 15:45:04 [INFO] Dear Jane_2025-09-13 已执行完成删除 dws_arena_preAndpost_analysis 的数据
2026-04-14 15:45:04 [INFO] 执行成功，已经写入 dws_arena_preAndpost_analysis
2026-04-14 15:45:04 [INFO] IP concert_2025-09-28 已执行完成删除 dws_arena_preAndpost_analysis 的数据
2026-04-14 15:45:05 [INFO] 执行成功，已经写入 dws_arena_preAndpost_analysis
2026-04-14 15:45:05 [INFO] 2025 LUHAN SEASON4 ASIA TOUR IN MACAU_2025-10-04 已执行完成删除 dws_arena_preAndpost_analysis 的数据
2026-04-14 15:45:05 [INFO] 执行成功，已经写入 dws_arena_preAndpost_analysis
2026-04-14 15:45:05 [INFO] MAGICMAN 2 WORLD TOUR 2025-2026 in Macau Presented by Galaxy Macau™(Jackson Wang)_2025-10-11 已执行完成删除 dws_arena_preAndpost_analysis 的数据
2026-04-14 15:45:05 [INFO] 执行成功，已经写入 dws_arena_preAndpost_analysis
2026-04-14 15:45:05 [INFO] MAGICMAN 2 WORLD TOUR 2025-2026 in Macau Presented by Galaxy Macau™(Jackson Wang)_2025-10-12 已执行完成删除 dws_arena_preAndpost_analysis 的数据
2026-04-14 15:45:05 [INFO] 执行成功，已经写入 dws_arena_preAndpost_analysis
2026-04-14 15:45:06 [INFO] Doterra Convention_2025-10-15 已执行完成删除 dws_arena_preAndpost_analysis 的数据
2026-04-14 15:45:06 [INFO] 执行成功，已经写入 dws_arena_preAndpost_analysis
2026-04-14 15:45:06 [INFO] Doterra Convention_2025-10-16 已执行完成删除 dws_arena_preAndpost_analysis 的数据
2026-04-14 15:45:06 [INFO] 执行成功，已经写入 dws_arena_preAndpost_analysis
2026-04-14 15:45:06 [INFO] Doterra Convention_2025-10-17 已执行完成删除 dws_arena_preAndpost_analysis 的数据
2026-04-14 15:45:06 [INFO] 执行成功，已经写入 dws_arena_preAndpost_analysis
2026-04-14 15:45:06 [INFO] National Games_2025-11-09 已执行完成删除 dws_arena_preAndpost_analysis 的数据
2026-04-14 15:45:07 [INFO] 执行成功，已经写入 dws_arena_preAndpost_analysis
2026-04-14 15:45:07 [INFO] National Games_2025-11-10 已执行完成删除 dws_arena_preAndpost_analysis 的数据
2026-04-14 15:45:07 [INFO] 执行成功，已经写入 dws_arena_preAndpost_analysis
2026-04-14 15:45:07 [INFO] National Games_2025-11-11 已执行完成删除 dws_arena_preAndpost_analysis 的数据
2026-04-14 15:45:07 [INFO] 执行成功，已经写入 dws_arena_preAndpost_analysis
2026-04-14 15:45:07 [INFO] National Games_2025-11-12 已执行完成删除 dws_arena_preAndpost_analysis 的数据
2026-04-14 15:45:08 [INFO] 执行成功，已经写入 dws_arena_preAndpost_analysis
2026-04-14 15:45:08 [INFO] National Games_2025-11-13 已执行完成删除 dws_arena_preAndpost_analysis 的数据
2026-04-14 15:45:08 [INFO] 执行成功，已经写入 dws_arena_preAndpost_analysis
2026-04-14 15:45:08 [INFO] National Games_2025-11-14 已执行完成删除 dws_arena_preAndpost_analysis 的数据
2026-04-14 15:45:08 [INFO] 执行成功，已经写入 dws_arena_preAndpost_analysis
2026-04-14 15:45:08 [INFO] National Games_2025-11-15 已执行完成删除 dws_arena_preAndpost_analysis 的数据
2026-04-14 15:45:09 [INFO] 执行成功，已经写入 dws_arena_preAndpost_analysis
2026-04-14 15:45:09 [INFO] National Games_2025-11-16 已执行完成删除 dws_arena_preAndpost_analysis 的数据
2026-04-14 15:45:09 [INFO] 执行成功，已经写入 dws_arena_preAndpost_analysis
2026-04-14 15:45:09 [INFO] National Games_2025-11-17 已执行完成删除 dws_arena_preAndpost_analysis 的数据
2026-04-14 15:45:09 [INFO] 执行成功，已经写入 dws_arena_preAndpost_analysis
2026-04-14 15:45:09 [INFO] National Games_2025-11-18 已执行完成删除 dws_arena_preAndpost_analysis 的数据
2026-04-14 15:45:09 [INFO] 执行成功，已经写入 dws_arena_preAndpost_analysis
2026-04-14 15:45:09 [INFO] National Games_2025-11-19 已执行完成删除 dws_arena_preAndpost_analysis 的数据
2026-04-14 15:45:10 [INFO] 执行成功，已经写入 dws_arena_preAndpost_analysis
2026-04-14 15:45:10 [INFO] National Games_2025-11-20 已执行完成删除 dws_arena_preAndpost_analysis 的数据
2026-04-14 15:45:10 [INFO] 执行成功，已经写入 dws_arena_preAndpost_analysis
2026-04-14 15:45:10 [INFO] National Games_2025-11-21 已执行完成删除 dws_arena_preAndpost_analysis 的数据
2026-04-14 15:45:10 [INFO] 执行成功，已经写入 dws_arena_preAndpost_analysis
2026-04-14 15:45:10 [INFO] MC Cheung Tin Fu #Project 1201 Live in Macau_2025-11-29 已执行完成删除 dws_arena_preAndpost_analysis 的数据
2026-04-14 15:45:11 [INFO] 执行成功，已经写入 dws_arena_preAndpost_analysis
2026-04-14 15:45:11 [INFO] iQIYI screaming night_2025-12-06 已执行完成删除 dws_arena_preAndpost_analysis 的数据
2026-04-14 15:45:11 [INFO] 执行成功，已经写入 dws_arena_preAndpost_analysis
2026-04-14 15:45:11 [INFO] JSTV countdown show_2025-12-31 已执行完成删除 dws_arena_preAndpost_analysis 的数据
2026-04-14 15:45:11 [INFO] 执行成功，已经写入 dws_arena_preAndpost_analysis
2026-04-14 15:45:11 [INFO] JSTV "Crush of Music" Music Festival_2026-01-02 已执行完成删除 dws_arena_preAndpost_analysis 的数据
2026-04-14 15:45:12 [INFO] 执行成功，已经写入 dws_arena_preAndpost_analysis
2026-04-14 15:45:12 [INFO] SUPER JUNIOR 20th Anniversary Tour <SUPER SHOW 10> in MACAU_2026-01-09 已执行完成删除 dws_arena_preAndpost_analysis 的数据
2026-04-14 15:45:12 [INFO] 执行成功，已经写入 dws_arena_preAndpost_analysis
2026-04-14 15:45:12 [INFO] SUPER JUNIOR 20th Anniversary TOUR <SUPER SHOW 10> In Macau_2026-01-10 已执行完成删除 dws_arena_preAndpost_analysis 的数据
2026-04-14 15:45:12 [INFO] 执行成功，已经写入 dws_arena_preAndpost_analysis
2026-04-14 15:45:12 [INFO] SUPER JUNIOR 20th Anniversary Tour <SUPER SHOW 10> in MACAU_2026-01-11 已执行完成删除 dws_arena_preAndpost_analysis 的数据
2026-04-14 15:45:13 [INFO] 执行成功，已经写入 dws_arena_preAndpost_analysis
2026-04-14 15:45:13 [INFO] Dylan Wang_2026-01-17 已执行完成删除 dws_arena_preAndpost_analysis 的数据
2026-04-14 15:45:13 [INFO] 执行成功，已经写入 dws_arena_preAndpost_analysis
2026-04-14 15:45:13 [INFO] Jordan Chan's “Five Faces In Life” Live Tour 2025-2026 in Macau_2026-01-24 已执行完成删除 dws_arena_preAndpost_analysis 的数据
2026-04-14 15:45:13 [INFO] 执行成功，已经写入 dws_arena_preAndpost_analysis
2026-04-14 15:45:13 [INFO] Chinese Boy Band Concert_2026-01-31 已执行完成删除 dws_arena_preAndpost_analysis 的数据
2026-04-14 15:45:14 [INFO] 执行成功，已经写入 dws_arena_preAndpost_analysis
2026-04-14 15:45:14 [INFO] Chinese Boy Band Concert_2026-02-01 已执行完成删除 dws_arena_preAndpost_analysis 的数据
2026-04-14 15:45:14 [INFO] 执行成功，已经写入 dws_arena_preAndpost_analysis
2026-04-14 15:45:14 [INFO] RIIZE CONCERT TOUR_2026-02-07 已执行完成删除 dws_arena_preAndpost_analysis 的数据
2026-04-14 15:45:14 [INFO] 执行成功，已经写入 dws_arena_preAndpost_analysis
2026-04-14 15:45:15 [INFO] RIIZE CONCERT TOUR_2026-02-08 已执行完成删除 dws_arena_preAndpost_analysis 的数据
2026-04-14 15:45:15 [INFO] 执行成功，已经写入 dws_arena_preAndpost_analysis
2026-04-14 15:45:15 [INFO] 田震 Tian Zhen_2026-02-19 已执行完成删除 dws_arena_preAndpost_analysis 的数据
2026-04-14 15:45:15 [INFO] 执行成功，已经写入 dws_arena_preAndpost_analysis
2026-04-14 15:45:15 [INFO] Jimmy O Yang new year show_2026-02-21 已执行完成删除 dws_arena_preAndpost_analysis 的数据
2026-04-14 15:45:16 [INFO] 执行成功，已经写入 dws_arena_preAndpost_analysis
2026-04-14 15:45:16 [INFO] Jimmy O Yang new year Show (TBC)_2026-02-22 已执行完成删除 dws_arena_preAndpost_analysis 的数据
2026-04-14 15:45:16 [INFO] 执行成功，已经写入 dws_arena_preAndpost_analysis
2026-04-14 15:45:16 [INFO] Silence Wang 2026 “Rise of Romance” World Tour – Macau_2026-02-27 已执行完成删除 dws_arena_preAndpost_analysis 的数据
2026-04-14 15:45:16 [INFO] 执行成功，已经写入 dws_arena_preAndpost_analysis
2026-04-14 15:45:16 [INFO] Silence Wang Concert_2026-02-28 已执行完成删除 dws_arena_preAndpost_analysis 的数据
2026-04-14 15:45:17 [INFO] 执行成功，已经写入 dws_arena_preAndpost_analysis
2026-04-14 15:45:17 [INFO] Silence Wang Concert_2026-03-01 已执行完成删除 dws_arena_preAndpost_analysis 的数据
2026-04-14 15:45:17 [INFO] 执行成功，已经写入 dws_arena_preAndpost_analysis
2026-04-14 15:45:17 [INFO] 2025–26 aespa LIVE TOUR – SYNK: aeXIS LINE – in MACAU_2026-03-07 已执行完成删除 dws_arena_preAndpost_analysis 的数据
2026-04-14 15:45:18 [INFO] 执行成功，已经写入 dws_arena_preAndpost_analysis
2026-04-14 15:45:18 [INFO] 2025–26 aespa LIVE TOUR – SYNK: aeXIS LINE – in MACAU_2026-03-08 已执行完成删除 dws_arena_preAndpost_analysis 的数据
2026-04-14 15:45:18 [INFO] 执行成功，已经写入 dws_arena_preAndpost_analysis
2026-04-14 15:45:18 [INFO] Kpop_2026-03-14 已执行完成删除 dws_arena_preAndpost_analysis 的数据
2026-04-14 15:45:18 [INFO] 执行成功，已经写入 dws_arena_preAndpost_analysis
2026-04-14 15:45:18 [INFO] HK Female Singer_2026-03-21 已执行完成删除 dws_arena_preAndpost_analysis 的数据
2026-04-14 15:45:19 [INFO] 执行成功，已经写入 dws_arena_preAndpost_analysis
2026-04-14 15:45:19 [INFO] ITTF 2026_2026-03-30 已执行完成删除 dws_arena_preAndpost_analysis 的数据
2026-04-14 15:45:19 [INFO] 执行成功，已经写入 dws_arena_preAndpost_analysis
2026-04-14 15:45:19 [INFO] ITTF 2026_2026-03-31 已执行完成删除 dws_arena_preAndpost_analysis 的数据
2026-04-14 15:45:19 [INFO] 执行成功，已经写入 dws_arena_preAndpost_analysis
2026-04-14 15:45:19 [INFO] ITTF 2026_2026-04-01 已执行完成删除 dws_arena_preAndpost_analysis 的数据
2026-04-14 15:45:20 [INFO] 执行成功，已经写入 dws_arena_preAndpost_analysis
2026-04-14 15:45:20 [INFO] ITTF 2026_2026-04-02 已执行完成删除 dws_arena_preAndpost_analysis 的数据
2026-04-14 15:45:20 [INFO] 执行成功，已经写入 dws_arena_preAndpost_analysis
2026-04-14 15:45:20 [INFO] ITTF 2026_2026-04-03 已执行完成删除 dws_arena_preAndpost_analysis 的数据
2026-04-14 15:45:20 [INFO] 执行成功，已经写入 dws_arena_preAndpost_analysis
2026-04-14 15:45:20 [INFO] ITTF 2026_2026-04-04 已执行完成删除 dws_arena_preAndpost_analysis 的数据
2026-04-14 15:45:21 [INFO] 执行成功，已经写入 dws_arena_preAndpost_analysis
2026-04-14 15:45:21 [INFO] ITTF 2026_2026-04-05 已执行完成删除 dws_arena_preAndpost_analysis 的数据
2026-04-14 15:45:21 [INFO] 执行成功，已经写入 dws_arena_preAndpost_analysis
