2026-04-08 17:30:56 [INFO] ITTF Men’s and Women’s World Cup Macao 2025 presented by Galaxy Entertainment Group - World Cup Second Classroom 已执行完成删除 dws_arena_preAndpost_analysis_v2 的数据
2026-04-08 17:30:56 [INFO] 执行成功，已经写入 dws_arena_preAndpost_analysis_v2
2026-04-08 17:30:56 [INFO] SHOW LO 30 World Tour Concert in Macau 已执行完成删除 dws_arena_preAndpost_analysis_v2 的数据
2026-04-08 17:30:57 [INFO] 执行成功，已经写入 dws_arena_preAndpost_analysis_v2
2026-04-08 17:30:57 [INFO] Korean Pop Show: G Dragon 已执行完成删除 dws_arena_preAndpost_analysis_v2 的数据
2026-04-08 17:30:57 [INFO] 执行成功，已经写入 dws_arena_preAndpost_analysis_v2
2026-04-08 17:30:57 [INFO] Galaxy Macau™ Presents FWD Insurance Title Sponsor - Jacky Cheung 60+ Concert Tour Macao 已执行完成删除 dws_arena_preAndpost_analysis_v2 的数据
2026-04-08 17:30:58 [INFO] 执行成功，已经写入 dws_arena_preAndpost_analysis_v2
2026-04-08 17:30:58 [INFO] TF Family Summer Games 已执行完成删除 dws_arena_preAndpost_analysis_v2 的数据
2026-04-08 17:30:58 [INFO] 执行成功，已经写入 dws_arena_preAndpost_analysis_v2
2026-04-08 17:30:58 [INFO] IAN CHAN "TEARS" IN MY SIGHT SOLO CONCERT TOUR 2025 – MACAU 已执行完成删除 dws_arena_preAndpost_analysis_v2 的数据
2026-04-08 17:30:58 [INFO] 执行成功，已经写入 dws_arena_preAndpost_analysis_v2
2026-04-08 17:30:58 [INFO] EASON CHAN FEAR and DREAMS WORLD TOUR IN MACAU (FINALE) 已执行完成删除 dws_arena_preAndpost_analysis_v2 的数据
2026-04-08 17:30:59 [INFO] 执行成功，已经写入 dws_arena_preAndpost_analysis_v2
2026-04-08 17:30:59 [INFO] Eason Chan?FEAR and DREAMS: NOW is the only reality?Documentary Premiere and Sharing Event 已执行完成删除 dws_arena_preAndpost_analysis_v2 的数据
2026-04-08 17:30:59 [INFO] 执行成功，已经写入 dws_arena_preAndpost_analysis_v2
2026-04-08 17:30:59 [INFO] Treasure Dinner 已执行完成删除 dws_arena_preAndpost_analysis_v2 的数据
2026-04-08 17:30:59 [INFO] 执行成功，已经写入 dws_arena_preAndpost_analysis_v2
2026-04-08 17:30:59 [INFO] TMEA 已执行完成删除 dws_arena_preAndpost_analysis_v2 的数据
2026-04-08 17:31:00 [INFO] 执行成功，已经写入 dws_arena_preAndpost_analysis_v2
2026-04-08 17:31:00 [INFO] BAEKHYUN WORLD TO UR<Reverie>in Macau 已执行完成删除 dws_arena_preAndpost_analysis_v2 的数据
2026-04-08 17:31:00 [INFO] 执行成功，已经写入 dws_arena_preAndpost_analysis_v2
2026-04-08 17:31:00 [INFO] Ultra Global Conference 已执行完成删除 dws_arena_preAndpost_analysis_v2 的数据
2026-04-08 17:31:01 [INFO] 执行成功，已经写入 dws_arena_preAndpost_analysis_v2
2026-04-08 17:31:01 [INFO] Dear Jane 已执行完成删除 dws_arena_preAndpost_analysis_v2 的数据
2026-04-08 17:31:01 [INFO] 执行成功，已经写入 dws_arena_preAndpost_analysis_v2
2026-04-08 17:31:01 [INFO] IP concert 已执行完成删除 dws_arena_preAndpost_analysis_v2 的数据
2026-04-08 17:31:02 [INFO] 执行成功，已经写入 dws_arena_preAndpost_analysis_v2
2026-04-08 17:31:02 [INFO] 2025 LUHAN SEASON4 ASIA TOUR IN MACAU 已执行完成删除 dws_arena_preAndpost_analysis_v2 的数据
2026-04-08 17:31:02 [INFO] 执行成功，已经写入 dws_arena_preAndpost_analysis_v2
2026-04-08 17:31:02 [INFO] MAGICMAN 2 WORLD TOUR 2025-2026 in Macau Presented by Galaxy Macau™(Jackson Wang) 已执行完成删除 dws_arena_preAndpost_analysis_v2 的数据
2026-04-08 17:31:02 [INFO] 执行成功，已经写入 dws_arena_preAndpost_analysis_v2
2026-04-08 17:31:02 [INFO] Doterra Convention 已执行完成删除 dws_arena_preAndpost_analysis_v2 的数据
2026-04-08 17:31:03 [INFO] 执行成功，已经写入 dws_arena_preAndpost_analysis_v2
2026-04-08 17:31:03 [INFO] National Games 已执行完成删除 dws_arena_preAndpost_analysis_v2 的数据
2026-04-08 17:31:03 [INFO] 执行成功，已经写入 dws_arena_preAndpost_analysis_v2
2026-04-08 17:31:03 [INFO] MC Cheung Tin Fu #Project 1201 Live in Macau 已执行完成删除 dws_arena_preAndpost_analysis_v2 的数据
2026-04-08 17:31:03 [INFO] 执行成功，已经写入 dws_arena_preAndpost_analysis_v2
2026-04-08 17:31:03 [INFO] iQIYI screaming night 已执行完成删除 dws_arena_preAndpost_analysis_v2 的数据
2026-04-08 17:31:04 [INFO] 执行成功，已经写入 dws_arena_preAndpost_analysis_v2
2026-04-08 17:31:04 [INFO] JSTV countdown show 已执行完成删除 dws_arena_preAndpost_analysis_v2 的数据
2026-04-08 17:31:04 [INFO] 执行成功，已经写入 dws_arena_preAndpost_analysis_v2
2026-04-08 17:31:04 [INFO] JSTV "Crush of Music" Music Festival 已执行完成删除 dws_arena_preAndpost_analysis_v2 的数据
2026-04-08 17:31:04 [INFO] 执行成功，已经写入 dws_arena_preAndpost_analysis_v2
2026-04-08 17:31:04 [INFO] SUPER JUNIOR 20th Anniversary Tour <SUPER SHOW 10> in MACAU 已执行完成删除 dws_arena_preAndpost_analysis_v2 的数据
2026-04-08 17:31:05 [INFO] 执行成功，已经写入 dws_arena_preAndpost_analysis_v2
2026-04-08 17:31:05 [INFO] SUPER JUNIOR 20th Anniversary TOUR <SUPER SHOW 10> In Macau 已执行完成删除 dws_arena_preAndpost_analysis_v2 的数据
2026-04-08 17:31:05 [INFO] 执行成功，已经写入 dws_arena_preAndpost_analysis_v2
2026-04-08 17:31:05 [INFO] Dylan Wang 已执行完成删除 dws_arena_preAndpost_analysis_v2 的数据
2026-04-08 17:31:06 [INFO] 执行成功，已经写入 dws_arena_preAndpost_analysis_v2
2026-04-08 17:31:06 [INFO] Jordan Chan's “Five Faces In Life” Live Tour 2025-2026 in Macau 已执行完成删除 dws_arena_preAndpost_analysis_v2 的数据
2026-04-08 17:31:06 [INFO] 执行成功，已经写入 dws_arena_preAndpost_analysis_v2
2026-04-08 17:31:06 [INFO] Chinese Boy Band Concert 已执行完成删除 dws_arena_preAndpost_analysis_v2 的数据
2026-04-08 17:31:07 [INFO] 执行成功，已经写入 dws_arena_preAndpost_analysis_v2
2026-04-08 17:31:07 [INFO] RIIZE CONCERT TOUR 已执行完成删除 dws_arena_preAndpost_analysis_v2 的数据
2026-04-08 17:31:07 [INFO] 执行成功，已经写入 dws_arena_preAndpost_analysis_v2
2026-04-08 17:31:07 [INFO] 田震 Tian Zhen 已执行完成删除 dws_arena_preAndpost_analysis_v2 的数据
2026-04-08 17:31:08 [INFO] 执行成功，已经写入 dws_arena_preAndpost_analysis_v2
2026-04-08 17:31:08 [INFO] Jimmy O Yang new year show 已执行完成删除 dws_arena_preAndpost_analysis_v2 的数据
2026-04-08 17:31:08 [INFO] 执行成功，已经写入 dws_arena_preAndpost_analysis_v2
2026-04-08 17:31:08 [INFO] Jimmy O Yang new year Show (TBC) 已执行完成删除 dws_arena_preAndpost_analysis_v2 的数据
2026-04-08 17:31:08 [INFO] 执行成功，已经写入 dws_arena_preAndpost_analysis_v2
2026-04-08 17:31:08 [INFO] Silence Wang 2026 “Rise of Romance” World Tour – Macau 已执行完成删除 dws_arena_preAndpost_analysis_v2 的数据
2026-04-08 17:31:09 [INFO] 执行成功，已经写入 dws_arena_preAndpost_analysis_v2
2026-04-08 17:31:09 [INFO] Silence Wang Concert 已执行完成删除 dws_arena_preAndpost_analysis_v2 的数据
2026-04-08 17:31:09 [INFO] 执行成功，已经写入 dws_arena_preAndpost_analysis_v2
2026-04-08 17:31:09 [INFO] 2025–26 aespa LIVE TOUR – SYNK: aeXIS LINE – in MACAU 已执行完成删除 dws_arena_preAndpost_analysis_v2 的数据
2026-04-08 17:31:10 [INFO] 执行成功，已经写入 dws_arena_preAndpost_analysis_v2
2026-04-08 17:31:10 [INFO] Kpop 已执行完成删除 dws_arena_preAndpost_analysis_v2 的数据
2026-04-08 17:31:10 [INFO] 执行成功，已经写入 dws_arena_preAndpost_analysis_v2
2026-04-08 17:31:10 [INFO] HK Female Singer 已执行完成删除 dws_arena_preAndpost_analysis_v2 的数据
2026-04-08 17:31:11 [INFO] 执行成功，已经写入 dws_arena_preAndpost_analysis_v2
2026-04-08 17:31:11 [INFO] ITTF 2026 已执行完成删除 dws_arena_preAndpost_analysis_v2 的数据
2026-04-08 17:31:11 [INFO] 执行成功，已经写入 dws_arena_preAndpost_analysis_v2
