2026-03-31 15:10:01 [INFO] ITTF Men’s and Women’s World Cup Macao 2025 presented by Galaxy Entertainment Group - World Cup Second Classroom 已执行完成删除 dws_arena_preAndpost_analysis 的数据
2026-03-31 15:10:01 [INFO] 执行成功，已经写入 dws_arena_preAndpost_analysis
2026-03-31 15:10:01 [INFO] SHOW LO 30 World Tour Concert in Macau 已执行完成删除 dws_arena_preAndpost_analysis 的数据
2026-03-31 15:10:01 [INFO] 执行成功，已经写入 dws_arena_preAndpost_analysis
2026-03-31 15:10:01 [INFO] Korean Pop Show: G Dragon 已执行完成删除 dws_arena_preAndpost_analysis 的数据
2026-03-31 15:10:02 [INFO] 执行成功，已经写入 dws_arena_preAndpost_analysis
2026-03-31 15:10:02 [INFO] Galaxy Macau™ Presents FWD Insurance Title Sponsor - Jacky Cheung 60+ Concert Tour Macao 已执行完成删除 dws_arena_preAndpost_analysis 的数据
2026-03-31 15:10:02 [INFO] 执行成功，已经写入 dws_arena_preAndpost_analysis
2026-03-31 15:10:02 [INFO] TF Family Summer Games 已执行完成删除 dws_arena_preAndpost_analysis 的数据
2026-03-31 15:10:02 [INFO] 执行成功，已经写入 dws_arena_preAndpost_analysis
2026-03-31 15:10:02 [INFO] IAN CHAN "TEARS" IN MY SIGHT SOLO CONCERT TOUR 2025 – MACAU 已执行完成删除 dws_arena_preAndpost_analysis 的数据
2026-03-31 15:10:02 [INFO] 执行成功，已经写入 dws_arena_preAndpost_analysis
2026-03-31 15:10:02 [INFO] EASON CHAN FEAR and DREAMS WORLD TOUR IN MACAU (FINALE) 已执行完成删除 dws_arena_preAndpost_analysis 的数据
2026-03-31 15:10:03 [INFO] 执行成功，已经写入 dws_arena_preAndpost_analysis
2026-03-31 15:10:03 [INFO] Eason Chan?FEAR and DREAMS: NOW is the only reality?Documentary Premiere and Sharing Event 已执行完成删除 dws_arena_preAndpost_analysis 的数据
2026-03-31 15:10:03 [INFO] 执行成功，已经写入 dws_arena_preAndpost_analysis
2026-03-31 15:10:03 [INFO] Treasure Dinner 已执行完成删除 dws_arena_preAndpost_analysis 的数据
2026-03-31 15:10:03 [INFO] 执行成功，已经写入 dws_arena_preAndpost_analysis
2026-03-31 15:10:03 [INFO] TMEA 已执行完成删除 dws_arena_preAndpost_analysis 的数据
2026-03-31 15:10:03 [INFO] 执行成功，已经写入 dws_arena_preAndpost_analysis
2026-03-31 15:10:03 [INFO] BAEKHYUN WORLD TO UR<Reverie>in Macau 已执行完成删除 dws_arena_preAndpost_analysis 的数据
2026-03-31 15:10:04 [INFO] 执行成功，已经写入 dws_arena_preAndpost_analysis
2026-03-31 15:10:04 [INFO] Ultra Global Conference 已执行完成删除 dws_arena_preAndpost_analysis 的数据
2026-03-31 15:10:04 [INFO] 执行成功，已经写入 dws_arena_preAndpost_analysis
2026-03-31 15:10:04 [INFO] Dear Jane 已执行完成删除 dws_arena_preAndpost_analysis 的数据
2026-03-31 15:10:04 [INFO] 执行成功，已经写入 dws_arena_preAndpost_analysis
2026-03-31 15:10:04 [INFO] IP concert 已执行完成删除 dws_arena_preAndpost_analysis 的数据
2026-03-31 15:10:04 [INFO] 执行成功，已经写入 dws_arena_preAndpost_analysis
2026-03-31 15:10:04 [INFO] 2025 LUHAN SEASON4 ASIA TOUR IN MACAU 已执行完成删除 dws_arena_preAndpost_analysis 的数据
2026-03-31 15:10:04 [INFO] 执行成功，已经写入 dws_arena_preAndpost_analysis
2026-03-31 15:10:05 [INFO] MAGICMAN 2 WORLD TOUR 2025-2026 in Macau Presented by Galaxy Macau™(Jackson Wang) 已执行完成删除 dws_arena_preAndpost_analysis 的数据
2026-03-31 15:10:05 [INFO] 执行成功，已经写入 dws_arena_preAndpost_analysis
2026-03-31 15:10:05 [INFO] Doterra Convention 已执行完成删除 dws_arena_preAndpost_analysis 的数据
2026-03-31 15:10:05 [INFO] 执行成功，已经写入 dws_arena_preAndpost_analysis
2026-03-31 15:10:05 [INFO] National Games 已执行完成删除 dws_arena_preAndpost_analysis 的数据
2026-03-31 15:10:05 [INFO] 执行成功，已经写入 dws_arena_preAndpost_analysis
2026-03-31 15:10:05 [INFO] MC Cheung Tin Fu #Project 1201 Live in Macau 已执行完成删除 dws_arena_preAndpost_analysis 的数据
2026-03-31 15:10:05 [INFO] 执行成功，已经写入 dws_arena_preAndpost_analysis
2026-03-31 15:10:05 [INFO] iQIYI screaming night 已执行完成删除 dws_arena_preAndpost_analysis 的数据
2026-03-31 15:10:06 [INFO] 执行成功，已经写入 dws_arena_preAndpost_analysis
2026-03-31 15:10:06 [INFO] JSTV countdown show 已执行完成删除 dws_arena_preAndpost_analysis 的数据
2026-03-31 15:10:06 [INFO] 执行成功，已经写入 dws_arena_preAndpost_analysis
2026-03-31 15:10:06 [INFO] JSTV "Crush of Music" Music Festival 已执行完成删除 dws_arena_preAndpost_analysis 的数据
2026-03-31 15:10:06 [INFO] 执行成功，已经写入 dws_arena_preAndpost_analysis
2026-03-31 15:10:06 [INFO] SUPER JUNIOR 20th Anniversary Tour <SUPER SHOW 10> in MACAU 已执行完成删除 dws_arena_preAndpost_analysis 的数据
2026-03-31 15:10:06 [INFO] 执行成功，已经写入 dws_arena_preAndpost_analysis
2026-03-31 15:10:06 [INFO] SUPER JUNIOR 20th Anniversary TOUR <SUPER SHOW 10> In Macau 已执行完成删除 dws_arena_preAndpost_analysis 的数据
2026-03-31 15:10:07 [INFO] 执行成功，已经写入 dws_arena_preAndpost_analysis
2026-03-31 15:10:07 [INFO] Dylan Wang 已执行完成删除 dws_arena_preAndpost_analysis 的数据
2026-03-31 15:10:07 [INFO] 执行成功，已经写入 dws_arena_preAndpost_analysis
2026-03-31 15:10:07 [INFO] Jordan Chan's “Five Faces In Life” Live Tour 2025-2026 in Macau 已执行完成删除 dws_arena_preAndpost_analysis 的数据
2026-03-31 15:10:07 [INFO] 执行成功，已经写入 dws_arena_preAndpost_analysis
2026-03-31 15:10:07 [INFO] Chinese Boy Band Concert 已执行完成删除 dws_arena_preAndpost_analysis 的数据
2026-03-31 15:10:07 [INFO] 执行成功，已经写入 dws_arena_preAndpost_analysis
2026-03-31 15:10:07 [INFO] RIIZE CONCERT TOUR 已执行完成删除 dws_arena_preAndpost_analysis 的数据
2026-03-31 15:10:08 [INFO] 执行成功，已经写入 dws_arena_preAndpost_analysis
2026-03-31 15:10:08 [INFO] 田震 Tian Zhen 已执行完成删除 dws_arena_preAndpost_analysis 的数据
2026-03-31 15:10:08 [INFO] 执行成功，已经写入 dws_arena_preAndpost_analysis
2026-03-31 15:10:08 [INFO] Jimmy O Yang new year show 已执行完成删除 dws_arena_preAndpost_analysis 的数据
2026-03-31 15:10:08 [INFO] 执行成功，已经写入 dws_arena_preAndpost_analysis
2026-03-31 15:10:08 [INFO] Jimmy O Yang new year Show (TBC) 已执行完成删除 dws_arena_preAndpost_analysis 的数据
2026-03-31 15:10:08 [INFO] 执行成功，已经写入 dws_arena_preAndpost_analysis
2026-03-31 15:10:09 [INFO] Silence Wang 2026 “Rise of Romance” World Tour – Macau 已执行完成删除 dws_arena_preAndpost_analysis 的数据
2026-03-31 15:10:09 [INFO] 执行成功，已经写入 dws_arena_preAndpost_analysis
2026-03-31 15:10:09 [INFO] Silence Wang Concert 已执行完成删除 dws_arena_preAndpost_analysis 的数据
2026-03-31 15:10:09 [INFO] 执行成功，已经写入 dws_arena_preAndpost_analysis
2026-03-31 15:10:09 [INFO] 2025–26 aespa LIVE TOUR – SYNK: aeXIS LINE – in MACAU 已执行完成删除 dws_arena_preAndpost_analysis 的数据
2026-03-31 15:10:09 [INFO] 执行成功，已经写入 dws_arena_preAndpost_analysis
2026-03-31 15:10:09 [INFO] Kpop 已执行完成删除 dws_arena_preAndpost_analysis 的数据
2026-03-31 15:10:10 [INFO] 执行成功，已经写入 dws_arena_preAndpost_analysis
2026-03-31 15:10:10 [INFO] HK Female Singer 已执行完成删除 dws_arena_preAndpost_analysis 的数据
2026-03-31 15:10:10 [INFO] 执行成功，已经写入 dws_arena_preAndpost_analysis
2026-03-31 15:10:10 [INFO] ITTF 2026 已执行完成删除 dws_arena_preAndpost_analysis 的数据
2026-03-31 15:10:10 [INFO] 执行成功，已经写入 dws_arena_preAndpost_analysis
2026-03-31 16:56:54 [INFO] ITTF Men’s and Women’s World Cup Macao 2025 presented by Galaxy Entertainment Group - World Cup Second Classroom 已执行完成删除 dws_arena_preAndpost_analysis 的数据
2026-03-31 16:56:54 [INFO] 执行成功，已经写入 dws_arena_preAndpost_analysis
2026-03-31 16:56:54 [INFO] SHOW LO 30 World Tour Concert in Macau 已执行完成删除 dws_arena_preAndpost_analysis 的数据
2026-03-31 16:56:55 [INFO] 执行成功，已经写入 dws_arena_preAndpost_analysis
2026-03-31 16:56:55 [INFO] Korean Pop Show: G Dragon 已执行完成删除 dws_arena_preAndpost_analysis 的数据
2026-03-31 16:56:55 [INFO] 执行成功，已经写入 dws_arena_preAndpost_analysis
2026-03-31 16:56:55 [INFO] Galaxy Macau™ Presents FWD Insurance Title Sponsor - Jacky Cheung 60+ Concert Tour Macao 已执行完成删除 dws_arena_preAndpost_analysis 的数据
2026-03-31 16:56:55 [INFO] 执行成功，已经写入 dws_arena_preAndpost_analysis
2026-03-31 16:56:55 [INFO] TF Family Summer Games 已执行完成删除 dws_arena_preAndpost_analysis 的数据
2026-03-31 16:56:55 [INFO] 执行成功，已经写入 dws_arena_preAndpost_analysis
2026-03-31 16:56:55 [INFO] IAN CHAN "TEARS" IN MY SIGHT SOLO CONCERT TOUR 2025 – MACAU 已执行完成删除 dws_arena_preAndpost_analysis 的数据
2026-03-31 16:56:56 [INFO] 执行成功，已经写入 dws_arena_preAndpost_analysis
2026-03-31 16:56:56 [INFO] EASON CHAN FEAR and DREAMS WORLD TOUR IN MACAU (FINALE) 已执行完成删除 dws_arena_preAndpost_analysis 的数据
2026-03-31 16:56:56 [INFO] 执行成功，已经写入 dws_arena_preAndpost_analysis
2026-03-31 16:56:56 [INFO] Eason Chan?FEAR and DREAMS: NOW is the only reality?Documentary Premiere and Sharing Event 已执行完成删除 dws_arena_preAndpost_analysis 的数据
2026-03-31 16:56:56 [INFO] 执行成功，已经写入 dws_arena_preAndpost_analysis
2026-03-31 16:56:56 [INFO] Treasure Dinner 已执行完成删除 dws_arena_preAndpost_analysis 的数据
2026-03-31 16:56:56 [INFO] 执行成功，已经写入 dws_arena_preAndpost_analysis
2026-03-31 16:56:56 [INFO] TMEA 已执行完成删除 dws_arena_preAndpost_analysis 的数据
2026-03-31 16:56:57 [INFO] 执行成功，已经写入 dws_arena_preAndpost_analysis
2026-03-31 16:56:57 [INFO] BAEKHYUN WORLD TO UR<Reverie>in Macau 已执行完成删除 dws_arena_preAndpost_analysis 的数据
2026-03-31 16:56:57 [INFO] 执行成功，已经写入 dws_arena_preAndpost_analysis
2026-03-31 16:56:57 [INFO] Ultra Global Conference 已执行完成删除 dws_arena_preAndpost_analysis 的数据
2026-03-31 16:56:57 [INFO] 执行成功，已经写入 dws_arena_preAndpost_analysis
2026-03-31 16:56:57 [INFO] Dear Jane 已执行完成删除 dws_arena_preAndpost_analysis 的数据
2026-03-31 16:56:57 [INFO] 执行成功，已经写入 dws_arena_preAndpost_analysis
2026-03-31 16:56:57 [INFO] IP concert 已执行完成删除 dws_arena_preAndpost_analysis 的数据
2026-03-31 16:56:58 [INFO] 执行成功，已经写入 dws_arena_preAndpost_analysis
2026-03-31 16:56:58 [INFO] 2025 LUHAN SEASON4 ASIA TOUR IN MACAU 已执行完成删除 dws_arena_preAndpost_analysis 的数据
2026-03-31 16:56:58 [INFO] 执行成功，已经写入 dws_arena_preAndpost_analysis
2026-03-31 16:56:58 [INFO] MAGICMAN 2 WORLD TOUR 2025-2026 in Macau Presented by Galaxy Macau™(Jackson Wang) 已执行完成删除 dws_arena_preAndpost_analysis 的数据
2026-03-31 16:56:58 [INFO] 执行成功，已经写入 dws_arena_preAndpost_analysis
2026-03-31 16:56:58 [INFO] Doterra Convention 已执行完成删除 dws_arena_preAndpost_analysis 的数据
2026-03-31 16:56:58 [INFO] 执行成功，已经写入 dws_arena_preAndpost_analysis
2026-03-31 16:56:59 [INFO] National Games 已执行完成删除 dws_arena_preAndpost_analysis 的数据
2026-03-31 16:56:59 [INFO] 执行成功，已经写入 dws_arena_preAndpost_analysis
2026-03-31 16:56:59 [INFO] MC Cheung Tin Fu #Project 1201 Live in Macau 已执行完成删除 dws_arena_preAndpost_analysis 的数据
2026-03-31 16:56:59 [INFO] 执行成功，已经写入 dws_arena_preAndpost_analysis
2026-03-31 16:56:59 [INFO] iQIYI screaming night 已执行完成删除 dws_arena_preAndpost_analysis 的数据
2026-03-31 16:56:59 [INFO] 执行成功，已经写入 dws_arena_preAndpost_analysis
2026-03-31 16:56:59 [INFO] JSTV countdown show 已执行完成删除 dws_arena_preAndpost_analysis 的数据
2026-03-31 16:56:59 [INFO] 执行成功，已经写入 dws_arena_preAndpost_analysis
2026-03-31 16:57:00 [INFO] JSTV "Crush of Music" Music Festival 已执行完成删除 dws_arena_preAndpost_analysis 的数据
2026-03-31 16:57:00 [INFO] 执行成功，已经写入 dws_arena_preAndpost_analysis
2026-03-31 16:57:00 [INFO] SUPER JUNIOR 20th Anniversary Tour <SUPER SHOW 10> in MACAU 已执行完成删除 dws_arena_preAndpost_analysis 的数据
2026-03-31 16:57:00 [INFO] 执行成功，已经写入 dws_arena_preAndpost_analysis
2026-03-31 16:57:00 [INFO] SUPER JUNIOR 20th Anniversary TOUR <SUPER SHOW 10> In Macau 已执行完成删除 dws_arena_preAndpost_analysis 的数据
2026-03-31 16:57:00 [INFO] 执行成功，已经写入 dws_arena_preAndpost_analysis
2026-03-31 16:57:00 [INFO] Dylan Wang 已执行完成删除 dws_arena_preAndpost_analysis 的数据
2026-03-31 16:57:01 [INFO] 执行成功，已经写入 dws_arena_preAndpost_analysis
2026-03-31 16:57:01 [INFO] Jordan Chan's “Five Faces In Life” Live Tour 2025-2026 in Macau 已执行完成删除 dws_arena_preAndpost_analysis 的数据
2026-03-31 16:57:01 [INFO] 执行成功，已经写入 dws_arena_preAndpost_analysis
2026-03-31 16:57:01 [INFO] Chinese Boy Band Concert 已执行完成删除 dws_arena_preAndpost_analysis 的数据
2026-03-31 16:57:01 [INFO] 执行成功，已经写入 dws_arena_preAndpost_analysis
2026-03-31 16:57:01 [INFO] RIIZE CONCERT TOUR 已执行完成删除 dws_arena_preAndpost_analysis 的数据
2026-03-31 16:57:01 [INFO] 执行成功，已经写入 dws_arena_preAndpost_analysis
2026-03-31 16:57:02 [INFO] 田震 Tian Zhen 已执行完成删除 dws_arena_preAndpost_analysis 的数据
2026-03-31 16:57:02 [INFO] 执行成功，已经写入 dws_arena_preAndpost_analysis
2026-03-31 16:57:02 [INFO] Jimmy O Yang new year show 已执行完成删除 dws_arena_preAndpost_analysis 的数据
2026-03-31 16:57:02 [INFO] 执行成功，已经写入 dws_arena_preAndpost_analysis
2026-03-31 16:57:02 [INFO] Jimmy O Yang new year Show (TBC) 已执行完成删除 dws_arena_preAndpost_analysis 的数据
2026-03-31 16:57:02 [INFO] 执行成功，已经写入 dws_arena_preAndpost_analysis
2026-03-31 16:57:02 [INFO] Silence Wang 2026 “Rise of Romance” World Tour – Macau 已执行完成删除 dws_arena_preAndpost_analysis 的数据
2026-03-31 16:57:02 [INFO] 执行成功，已经写入 dws_arena_preAndpost_analysis
2026-03-31 16:57:03 [INFO] Silence Wang Concert 已执行完成删除 dws_arena_preAndpost_analysis 的数据
2026-03-31 16:57:03 [INFO] 执行成功，已经写入 dws_arena_preAndpost_analysis
2026-03-31 16:57:03 [INFO] 2025–26 aespa LIVE TOUR – SYNK: aeXIS LINE – in MACAU 已执行完成删除 dws_arena_preAndpost_analysis 的数据
2026-03-31 16:57:03 [INFO] 执行成功，已经写入 dws_arena_preAndpost_analysis
2026-03-31 16:57:03 [INFO] Kpop 已执行完成删除 dws_arena_preAndpost_analysis 的数据
2026-03-31 16:57:03 [INFO] 执行成功，已经写入 dws_arena_preAndpost_analysis
2026-03-31 16:57:03 [INFO] HK Female Singer 已执行完成删除 dws_arena_preAndpost_analysis 的数据
2026-03-31 16:57:04 [INFO] 执行成功，已经写入 dws_arena_preAndpost_analysis
2026-03-31 16:57:04 [INFO] ITTF 2026 已执行完成删除 dws_arena_preAndpost_analysis 的数据
2026-03-31 16:57:04 [INFO] 执行成功，已经写入 dws_arena_preAndpost_analysis
2026-03-31 18:07:31 [INFO] ITTF Men’s and Women’s World Cup Macao 2025 presented by Galaxy Entertainment Group - World Cup Second Classroom 已执行完成删除 dws_arena_preAndpost_analysis 的数据
2026-03-31 18:07:31 [INFO] 执行成功，已经写入 dws_arena_preAndpost_analysis
2026-03-31 18:07:31 [INFO] SHOW LO 30 World Tour Concert in Macau 已执行完成删除 dws_arena_preAndpost_analysis 的数据
2026-03-31 18:07:31 [INFO] 执行成功，已经写入 dws_arena_preAndpost_analysis
2026-03-31 18:07:31 [INFO] Korean Pop Show: G Dragon 已执行完成删除 dws_arena_preAndpost_analysis 的数据
2026-03-31 18:07:31 [INFO] 执行成功，已经写入 dws_arena_preAndpost_analysis
2026-03-31 18:07:31 [INFO] Galaxy Macau™ Presents FWD Insurance Title Sponsor - Jacky Cheung 60+ Concert Tour Macao 已执行完成删除 dws_arena_preAndpost_analysis 的数据
2026-03-31 18:07:32 [INFO] 执行成功，已经写入 dws_arena_preAndpost_analysis
2026-03-31 18:07:32 [INFO] TF Family Summer Games 已执行完成删除 dws_arena_preAndpost_analysis 的数据
2026-03-31 18:07:32 [INFO] 执行成功，已经写入 dws_arena_preAndpost_analysis
2026-03-31 18:07:32 [INFO] IAN CHAN "TEARS" IN MY SIGHT SOLO CONCERT TOUR 2025 – MACAU 已执行完成删除 dws_arena_preAndpost_analysis 的数据
2026-03-31 18:07:32 [INFO] 执行成功，已经写入 dws_arena_preAndpost_analysis
2026-03-31 18:07:32 [INFO] EASON CHAN FEAR and DREAMS WORLD TOUR IN MACAU (FINALE) 已执行完成删除 dws_arena_preAndpost_analysis 的数据
2026-03-31 18:07:32 [INFO] 执行成功，已经写入 dws_arena_preAndpost_analysis
2026-03-31 18:07:32 [INFO] Eason Chan?FEAR and DREAMS: NOW is the only reality?Documentary Premiere and Sharing Event 已执行完成删除 dws_arena_preAndpost_analysis 的数据
2026-03-31 18:07:33 [INFO] 执行成功，已经写入 dws_arena_preAndpost_analysis
2026-03-31 18:07:33 [INFO] Treasure Dinner 已执行完成删除 dws_arena_preAndpost_analysis 的数据
2026-03-31 18:07:33 [INFO] 执行成功，已经写入 dws_arena_preAndpost_analysis
2026-03-31 18:07:33 [INFO] TMEA 已执行完成删除 dws_arena_preAndpost_analysis 的数据
2026-03-31 18:07:33 [INFO] 执行成功，已经写入 dws_arena_preAndpost_analysis
2026-03-31 18:07:33 [INFO] BAEKHYUN WORLD TO UR<Reverie>in Macau 已执行完成删除 dws_arena_preAndpost_analysis 的数据
2026-03-31 18:07:33 [INFO] 执行成功，已经写入 dws_arena_preAndpost_analysis
2026-03-31 18:07:33 [INFO] Ultra Global Conference 已执行完成删除 dws_arena_preAndpost_analysis 的数据
2026-03-31 18:07:34 [INFO] 执行成功，已经写入 dws_arena_preAndpost_analysis
2026-03-31 18:07:34 [INFO] Dear Jane 已执行完成删除 dws_arena_preAndpost_analysis 的数据
2026-03-31 18:07:34 [INFO] 执行成功，已经写入 dws_arena_preAndpost_analysis
2026-03-31 18:07:34 [INFO] IP concert 已执行完成删除 dws_arena_preAndpost_analysis 的数据
2026-03-31 18:07:34 [INFO] 执行成功，已经写入 dws_arena_preAndpost_analysis
2026-03-31 18:07:34 [INFO] 2025 LUHAN SEASON4 ASIA TOUR IN MACAU 已执行完成删除 dws_arena_preAndpost_analysis 的数据
2026-03-31 18:07:34 [INFO] 执行成功，已经写入 dws_arena_preAndpost_analysis
2026-03-31 18:07:35 [INFO] MAGICMAN 2 WORLD TOUR 2025-2026 in Macau Presented by Galaxy Macau™(Jackson Wang) 已执行完成删除 dws_arena_preAndpost_analysis 的数据
2026-03-31 18:07:35 [INFO] 执行成功，已经写入 dws_arena_preAndpost_analysis
2026-03-31 18:07:35 [INFO] Doterra Convention 已执行完成删除 dws_arena_preAndpost_analysis 的数据
2026-03-31 18:07:35 [INFO] 执行成功，已经写入 dws_arena_preAndpost_analysis
2026-03-31 18:07:35 [INFO] National Games 已执行完成删除 dws_arena_preAndpost_analysis 的数据
2026-03-31 18:07:35 [INFO] 执行成功，已经写入 dws_arena_preAndpost_analysis
2026-03-31 18:07:35 [INFO] MC Cheung Tin Fu #Project 1201 Live in Macau 已执行完成删除 dws_arena_preAndpost_analysis 的数据
2026-03-31 18:07:35 [INFO] 执行成功，已经写入 dws_arena_preAndpost_analysis
2026-03-31 18:07:35 [INFO] iQIYI screaming night 已执行完成删除 dws_arena_preAndpost_analysis 的数据
2026-03-31 18:07:36 [INFO] 执行成功，已经写入 dws_arena_preAndpost_analysis
2026-03-31 18:07:36 [INFO] JSTV countdown show 已执行完成删除 dws_arena_preAndpost_analysis 的数据
2026-03-31 18:07:36 [INFO] 执行成功，已经写入 dws_arena_preAndpost_analysis
2026-03-31 18:07:36 [INFO] JSTV "Crush of Music" Music Festival 已执行完成删除 dws_arena_preAndpost_analysis 的数据
2026-03-31 18:07:36 [INFO] 执行成功，已经写入 dws_arena_preAndpost_analysis
2026-03-31 18:07:36 [INFO] SUPER JUNIOR 20th Anniversary Tour <SUPER SHOW 10> in MACAU 已执行完成删除 dws_arena_preAndpost_analysis 的数据
2026-03-31 18:07:36 [INFO] 执行成功，已经写入 dws_arena_preAndpost_analysis
2026-03-31 18:07:36 [INFO] SUPER JUNIOR 20th Anniversary TOUR <SUPER SHOW 10> In Macau 已执行完成删除 dws_arena_preAndpost_analysis 的数据
2026-03-31 18:07:37 [INFO] 执行成功，已经写入 dws_arena_preAndpost_analysis
2026-03-31 18:07:37 [INFO] Dylan Wang 已执行完成删除 dws_arena_preAndpost_analysis 的数据
2026-03-31 18:07:37 [INFO] 执行成功，已经写入 dws_arena_preAndpost_analysis
2026-03-31 18:07:37 [INFO] Jordan Chan's “Five Faces In Life” Live Tour 2025-2026 in Macau 已执行完成删除 dws_arena_preAndpost_analysis 的数据
2026-03-31 18:07:37 [INFO] 执行成功，已经写入 dws_arena_preAndpost_analysis
2026-03-31 18:07:37 [INFO] Chinese Boy Band Concert 已执行完成删除 dws_arena_preAndpost_analysis 的数据
2026-03-31 18:07:37 [INFO] 执行成功，已经写入 dws_arena_preAndpost_analysis
2026-03-31 18:07:37 [INFO] RIIZE CONCERT TOUR 已执行完成删除 dws_arena_preAndpost_analysis 的数据
2026-03-31 18:07:38 [INFO] 执行成功，已经写入 dws_arena_preAndpost_analysis
2026-03-31 18:07:38 [INFO] 田震 Tian Zhen 已执行完成删除 dws_arena_preAndpost_analysis 的数据
2026-03-31 18:07:38 [INFO] 执行成功，已经写入 dws_arena_preAndpost_analysis
2026-03-31 18:07:38 [INFO] Jimmy O Yang new year show 已执行完成删除 dws_arena_preAndpost_analysis 的数据
2026-03-31 18:07:38 [INFO] 执行成功，已经写入 dws_arena_preAndpost_analysis
2026-03-31 18:07:38 [INFO] Jimmy O Yang new year Show (TBC) 已执行完成删除 dws_arena_preAndpost_analysis 的数据
2026-03-31 18:07:38 [INFO] 执行成功，已经写入 dws_arena_preAndpost_analysis
2026-03-31 18:07:39 [INFO] Silence Wang 2026 “Rise of Romance” World Tour – Macau 已执行完成删除 dws_arena_preAndpost_analysis 的数据
2026-03-31 18:07:39 [INFO] 执行成功，已经写入 dws_arena_preAndpost_analysis
2026-03-31 18:07:39 [INFO] Silence Wang Concert 已执行完成删除 dws_arena_preAndpost_analysis 的数据
2026-03-31 18:07:39 [INFO] 执行成功，已经写入 dws_arena_preAndpost_analysis
2026-03-31 18:07:39 [INFO] 2025–26 aespa LIVE TOUR – SYNK: aeXIS LINE – in MACAU 已执行完成删除 dws_arena_preAndpost_analysis 的数据
2026-03-31 18:07:39 [INFO] 执行成功，已经写入 dws_arena_preAndpost_analysis
2026-03-31 18:07:39 [INFO] Kpop 已执行完成删除 dws_arena_preAndpost_analysis 的数据
2026-03-31 18:07:40 [INFO] 执行成功，已经写入 dws_arena_preAndpost_analysis
2026-03-31 18:07:40 [INFO] HK Female Singer 已执行完成删除 dws_arena_preAndpost_analysis 的数据
2026-03-31 18:07:40 [INFO] 执行成功，已经写入 dws_arena_preAndpost_analysis
2026-03-31 18:07:40 [INFO] ITTF 2026 已执行完成删除 dws_arena_preAndpost_analysis 的数据
2026-03-31 18:07:40 [INFO] 执行成功，已经写入 dws_arena_preAndpost_analysis
